[0.232s] DEBUG:colcon:Command line arguments: ['/usr/bin/colcon', 'build']
[0.232s] DEBUG:colcon:Parsed command line arguments: Namespace(log_base=None, log_level=None, verb_name='build', build_base='build', install_base='install', merge_install=False, symlink_install=False, test_result_base=None, continue_on_error=False, executor='parallel', parallel_workers=8, event_handlers=None, ignore_user_meta=False, metas=['./colcon.meta'], base_paths=['.'], packages_ignore=None, packages_ignore_regex=None, paths=None, packages_up_to=None, packages_up_to_regex=None, packages_above=None, packages_above_and_dependencies=None, packages_above_depth=None, packages_select_by_dep=None, packages_skip_by_dep=None, packages_skip_up_to=None, packages_select_build_failed=False, packages_skip_build_finished=False, packages_select_test_failures=False, packages_skip_test_passed=False, packages_select=None, packages_skip=None, packages_select_regex=None, packages_skip_regex=None, packages_start=None, packages_end=None, allow_overriding=[], cmake_args=None, cmake_target=None, cmake_target_skip_unavailable=False, cmake_clean_cache=False, cmake_clean_first=False, cmake_force_configure=False, ament_cmake_args=None, catkin_cmake_args=None, catkin_skip_building_tests=False, verb_parser=<colcon_defaults.argument_parser.defaults.DefaultArgumentsDecorator object at 0x78cc7d24b340>, verb_extension=<colcon_core.verb.build.BuildVerb object at 0x78cc7d24ae60>, main=<bound method BuildVerb.main of <colcon_core.verb.build.BuildVerb object at 0x78cc7d24ae60>>)
[0.491s] Level 1:colcon.colcon_core.package_discovery:discover_packages(colcon_meta) check parameters
[0.491s] Level 1:colcon.colcon_core.package_discovery:discover_packages(recursive) check parameters
[0.491s] Level 1:colcon.colcon_core.package_discovery:discover_packages(ignore) check parameters
[0.491s] Level 1:colcon.colcon_core.package_discovery:discover_packages(path) check parameters
[0.491s] Level 1:colcon.colcon_core.package_discovery:discover_packages(colcon_meta) discover
[0.491s] Level 1:colcon.colcon_core.package_discovery:discover_packages(recursive) discover
[0.491s] INFO:colcon.colcon_core.package_discovery:Crawling recursively for packages in '/home/jarvis/magic/ROS/magbot_ws'
[0.491s] Level 1:colcon.colcon_core.package_identification:_identify(.) by extensions ['ignore', 'ignore_ament_install']
[0.491s] Level 1:colcon.colcon_core.package_identification:_identify(.) by extension 'ignore'
[0.491s] Level 1:colcon.colcon_core.package_identification:_identify(.) by extension 'ignore_ament_install'
[0.491s] Level 1:colcon.colcon_core.package_identification:_identify(.) by extensions ['colcon_pkg']
[0.492s] Level 1:colcon.colcon_core.package_identification:_identify(.) by extension 'colcon_pkg'
[0.492s] Level 1:colcon.colcon_core.package_identification:_identify(.) by extensions ['colcon_meta']
[0.492s] Level 1:colcon.colcon_core.package_identification:_identify(.) by extension 'colcon_meta'
[0.492s] Level 1:colcon.colcon_core.package_identification:_identify(.) by extensions ['ros']
[0.492s] Level 1:colcon.colcon_core.package_identification:_identify(.) by extension 'ros'
[0.506s] Level 1:colcon.colcon_core.package_identification:_identify(.) by extensions ['cmake', 'python']
[0.506s] Level 1:colcon.colcon_core.package_identification:_identify(.) by extension 'cmake'
[0.506s] Level 1:colcon.colcon_core.package_identification:_identify(.) by extension 'python'
[0.506s] Level 1:colcon.colcon_core.package_identification:_identify(.) by extensions ['python_setup_py']
[0.506s] Level 1:colcon.colcon_core.package_identification:_identify(.) by extension 'python_setup_py'
[0.506s] Level 1:colcon.colcon_core.package_identification:_identify(build) by extensions ['ignore', 'ignore_ament_install']
[0.507s] Level 1:colcon.colcon_core.package_identification:_identify(build) by extension 'ignore'
[0.507s] Level 1:colcon.colcon_core.package_identification:_identify(build) ignored
[0.507s] Level 1:colcon.colcon_core.package_identification:_identify(install) by extensions ['ignore', 'ignore_ament_install']
[0.507s] Level 1:colcon.colcon_core.package_identification:_identify(install) by extension 'ignore'
[0.507s] Level 1:colcon.colcon_core.package_identification:_identify(install) ignored
[0.507s] Level 1:colcon.colcon_core.package_identification:_identify(log) by extensions ['ignore', 'ignore_ament_install']
[0.507s] Level 1:colcon.colcon_core.package_identification:_identify(log) by extension 'ignore'
[0.507s] Level 1:colcon.colcon_core.package_identification:_identify(log) ignored
[0.507s] Level 1:colcon.colcon_core.package_identification:_identify(src) by extensions ['ignore', 'ignore_ament_install']
[0.508s] Level 1:colcon.colcon_core.package_identification:_identify(src) by extension 'ignore'
[0.508s] Level 1:colcon.colcon_core.package_identification:_identify(src) by extension 'ignore_ament_install'
[0.508s] Level 1:colcon.colcon_core.package_identification:_identify(src) by extensions ['colcon_pkg']
[0.508s] Level 1:colcon.colcon_core.package_identification:_identify(src) by extension 'colcon_pkg'
[0.508s] Level 1:colcon.colcon_core.package_identification:_identify(src) by extensions ['colcon_meta']
[0.508s] Level 1:colcon.colcon_core.package_identification:_identify(src) by extension 'colcon_meta'
[0.508s] Level 1:colcon.colcon_core.package_identification:_identify(src) by extensions ['ros']
[0.508s] Level 1:colcon.colcon_core.package_identification:_identify(src) by extension 'ros'
[0.508s] Level 1:colcon.colcon_core.package_identification:_identify(src) by extensions ['cmake', 'python']
[0.508s] Level 1:colcon.colcon_core.package_identification:_identify(src) by extension 'cmake'
[0.508s] Level 1:colcon.colcon_core.package_identification:_identify(src) by extension 'python'
[0.508s] Level 1:colcon.colcon_core.package_identification:_identify(src) by extensions ['python_setup_py']
[0.508s] Level 1:colcon.colcon_core.package_identification:_identify(src) by extension 'python_setup_py'
[0.509s] Level 1:colcon.colcon_core.package_identification:_identify(src/magbot) by extensions ['ignore', 'ignore_ament_install']
[0.509s] Level 1:colcon.colcon_core.package_identification:_identify(src/magbot) by extension 'ignore'
[0.509s] Level 1:colcon.colcon_core.package_identification:_identify(src/magbot) by extension 'ignore_ament_install'
[0.509s] Level 1:colcon.colcon_core.package_identification:_identify(src/magbot) by extensions ['colcon_pkg']
[0.509s] Level 1:colcon.colcon_core.package_identification:_identify(src/magbot) by extension 'colcon_pkg'
[0.509s] Level 1:colcon.colcon_core.package_identification:_identify(src/magbot) by extensions ['colcon_meta']
[0.509s] Level 1:colcon.colcon_core.package_identification:_identify(src/magbot) by extension 'colcon_meta'
[0.509s] Level 1:colcon.colcon_core.package_identification:_identify(src/magbot) by extensions ['ros']
[0.509s] Level 1:colcon.colcon_core.package_identification:_identify(src/magbot) by extension 'ros'
[0.512s] DEBUG:colcon.colcon_core.package_identification:Package 'src/magbot' with type 'ros.ament_python' and name 'magbot'
[0.513s] Level 1:colcon.colcon_core.package_identification:_identify(src/magbot_control) by extensions ['ignore', 'ignore_ament_install']
[0.513s] Level 1:colcon.colcon_core.package_identification:_identify(src/magbot_control) by extension 'ignore'
[0.513s] Level 1:colcon.colcon_core.package_identification:_identify(src/magbot_control) by extension 'ignore_ament_install'
[0.513s] Level 1:colcon.colcon_core.package_identification:_identify(src/magbot_control) by extensions ['colcon_pkg']
[0.513s] Level 1:colcon.colcon_core.package_identification:_identify(src/magbot_control) by extension 'colcon_pkg'
[0.513s] Level 1:colcon.colcon_core.package_identification:_identify(src/magbot_control) by extensions ['colcon_meta']
[0.513s] Level 1:colcon.colcon_core.package_identification:_identify(src/magbot_control) by extension 'colcon_meta'
[0.513s] Level 1:colcon.colcon_core.package_identification:_identify(src/magbot_control) by extensions ['ros']
[0.513s] Level 1:colcon.colcon_core.package_identification:_identify(src/magbot_control) by extension 'ros'
[0.514s] DEBUG:colcon.colcon_core.package_identification:Package 'src/magbot_control' with type 'ros.ament_python' and name 'magbot_control'
[0.514s] Level 1:colcon.colcon_core.package_identification:_identify(src/magbot_description) by extensions ['ignore', 'ignore_ament_install']
[0.514s] Level 1:colcon.colcon_core.package_identification:_identify(src/magbot_description) by extension 'ignore'
[0.514s] Level 1:colcon.colcon_core.package_identification:_identify(src/magbot_description) by extension 'ignore_ament_install'
[0.514s] Level 1:colcon.colcon_core.package_identification:_identify(src/magbot_description) by extensions ['colcon_pkg']
[0.514s] Level 1:colcon.colcon_core.package_identification:_identify(src/magbot_description) by extension 'colcon_pkg'
[0.514s] Level 1:colcon.colcon_core.package_identification:_identify(src/magbot_description) by extensions ['colcon_meta']
[0.514s] Level 1:colcon.colcon_core.package_identification:_identify(src/magbot_description) by extension 'colcon_meta'
[0.515s] Level 1:colcon.colcon_core.package_identification:_identify(src/magbot_description) by extensions ['ros']
[0.515s] Level 1:colcon.colcon_core.package_identification:_identify(src/magbot_description) by extension 'ros'
[0.515s] DEBUG:colcon.colcon_core.package_identification:Package 'src/magbot_description' with type 'ros.ament_python' and name 'magbot_description'
[0.515s] Level 1:colcon.colcon_core.package_identification:_identify(src/magbot_gazebo) by extensions ['ignore', 'ignore_ament_install']
[0.515s] Level 1:colcon.colcon_core.package_identification:_identify(src/magbot_gazebo) by extension 'ignore'
[0.515s] Level 1:colcon.colcon_core.package_identification:_identify(src/magbot_gazebo) by extension 'ignore_ament_install'
[0.516s] Level 1:colcon.colcon_core.package_identification:_identify(src/magbot_gazebo) by extensions ['colcon_pkg']
[0.516s] Level 1:colcon.colcon_core.package_identification:_identify(src/magbot_gazebo) by extension 'colcon_pkg'
[0.516s] Level 1:colcon.colcon_core.package_identification:_identify(src/magbot_gazebo) by extensions ['colcon_meta']
[0.516s] Level 1:colcon.colcon_core.package_identification:_identify(src/magbot_gazebo) by extension 'colcon_meta'
[0.516s] Level 1:colcon.colcon_core.package_identification:_identify(src/magbot_gazebo) by extensions ['ros']
[0.516s] Level 1:colcon.colcon_core.package_identification:_identify(src/magbot_gazebo) by extension 'ros'
[0.516s] DEBUG:colcon.colcon_core.package_identification:Package 'src/magbot_gazebo' with type 'ros.ament_python' and name 'magbot_gazebo'
[0.517s] Level 1:colcon.colcon_core.package_identification:_identify(src/magbot_hardware_interfacing) by extensions ['ignore', 'ignore_ament_install']
[0.517s] Level 1:colcon.colcon_core.package_identification:_identify(src/magbot_hardware_interfacing) by extension 'ignore'
[0.517s] Level 1:colcon.colcon_core.package_identification:_identify(src/magbot_hardware_interfacing) by extension 'ignore_ament_install'
[0.517s] Level 1:colcon.colcon_core.package_identification:_identify(src/magbot_hardware_interfacing) by extensions ['colcon_pkg']
[0.517s] Level 1:colcon.colcon_core.package_identification:_identify(src/magbot_hardware_interfacing) by extension 'colcon_pkg'
[0.517s] Level 1:colcon.colcon_core.package_identification:_identify(src/magbot_hardware_interfacing) by extensions ['colcon_meta']
[0.517s] Level 1:colcon.colcon_core.package_identification:_identify(src/magbot_hardware_interfacing) by extension 'colcon_meta'
[0.517s] Level 1:colcon.colcon_core.package_identification:_identify(src/magbot_hardware_interfacing) by extensions ['ros']
[0.517s] Level 1:colcon.colcon_core.package_identification:_identify(src/magbot_hardware_interfacing) by extension 'ros'
[0.517s] Level 1:colcon.colcon_core.package_identification:_identify(src/magbot_hardware_interfacing) by extensions ['cmake', 'python']
[0.517s] Level 1:colcon.colcon_core.package_identification:_identify(src/magbot_hardware_interfacing) by extension 'cmake'
[0.517s] Level 1:colcon.colcon_core.package_identification:_identify(src/magbot_hardware_interfacing) by extension 'python'
[0.517s] Level 1:colcon.colcon_core.package_identification:_identify(src/magbot_hardware_interfacing) by extensions ['python_setup_py']
[0.518s] Level 1:colcon.colcon_core.package_identification:_identify(src/magbot_hardware_interfacing) by extension 'python_setup_py'
[0.518s] Level 1:colcon.colcon_core.package_identification:_identify(src/magbot_hardware_interfacing/magbot_input_interfacing) by extensions ['ignore', 'ignore_ament_install']
[0.518s] Level 1:colcon.colcon_core.package_identification:_identify(src/magbot_hardware_interfacing/magbot_input_interfacing) by extension 'ignore'
[0.518s] Level 1:colcon.colcon_core.package_identification:_identify(src/magbot_hardware_interfacing/magbot_input_interfacing) by extension 'ignore_ament_install'
[0.518s] Level 1:colcon.colcon_core.package_identification:_identify(src/magbot_hardware_interfacing/magbot_input_interfacing) by extensions ['colcon_pkg']
[0.518s] Level 1:colcon.colcon_core.package_identification:_identify(src/magbot_hardware_interfacing/magbot_input_interfacing) by extension 'colcon_pkg'
[0.518s] Level 1:colcon.colcon_core.package_identification:_identify(src/magbot_hardware_interfacing/magbot_input_interfacing) by extensions ['colcon_meta']
[0.518s] Level 1:colcon.colcon_core.package_identification:_identify(src/magbot_hardware_interfacing/magbot_input_interfacing) by extension 'colcon_meta'
[0.518s] Level 1:colcon.colcon_core.package_identification:_identify(src/magbot_hardware_interfacing/magbot_input_interfacing) by extensions ['ros']
[0.518s] Level 1:colcon.colcon_core.package_identification:_identify(src/magbot_hardware_interfacing/magbot_input_interfacing) by extension 'ros'
[0.519s] DEBUG:colcon.colcon_core.package_identification:Package 'src/magbot_hardware_interfacing/magbot_input_interfacing' with type 'ros.ament_python' and name 'magbot_input_interfacing'
[0.519s] Level 1:colcon.colcon_core.package_identification:_identify(src/magbot_hardware_interfacing/magbot_peripheral_interfacing) by extensions ['ignore', 'ignore_ament_install']
[0.519s] Level 1:colcon.colcon_core.package_identification:_identify(src/magbot_hardware_interfacing/magbot_peripheral_interfacing) by extension 'ignore'
[0.519s] Level 1:colcon.colcon_core.package_identification:_identify(src/magbot_hardware_interfacing/magbot_peripheral_interfacing) by extension 'ignore_ament_install'
[0.520s] Level 1:colcon.colcon_core.package_identification:_identify(src/magbot_hardware_interfacing/magbot_peripheral_interfacing) by extensions ['colcon_pkg']
[0.520s] Level 1:colcon.colcon_core.package_identification:_identify(src/magbot_hardware_interfacing/magbot_peripheral_interfacing) by extension 'colcon_pkg'
[0.520s] Level 1:colcon.colcon_core.package_identification:_identify(src/magbot_hardware_interfacing/magbot_peripheral_interfacing) by extensions ['colcon_meta']
[0.520s] Level 1:colcon.colcon_core.package_identification:_identify(src/magbot_hardware_interfacing/magbot_peripheral_interfacing) by extension 'colcon_meta'
[0.520s] Level 1:colcon.colcon_core.package_identification:_identify(src/magbot_hardware_interfacing/magbot_peripheral_interfacing) by extensions ['ros']
[0.520s] Level 1:colcon.colcon_core.package_identification:_identify(src/magbot_hardware_interfacing/magbot_peripheral_interfacing) by extension 'ros'
[0.521s] DEBUG:colcon.colcon_core.package_identification:Package 'src/magbot_hardware_interfacing/magbot_peripheral_interfacing' with type 'ros.ament_python' and name 'magbot_peripheral_interfacing'
[0.521s] Level 1:colcon.colcon_core.package_identification:_identify(src/magbot_hardware_interfacing/magbot_servo_interfacing) by extensions ['ignore', 'ignore_ament_install']
[0.521s] Level 1:colcon.colcon_core.package_identification:_identify(src/magbot_hardware_interfacing/magbot_servo_interfacing) by extension 'ignore'
[0.521s] Level 1:colcon.colcon_core.package_identification:_identify(src/magbot_hardware_interfacing/magbot_servo_interfacing) by extension 'ignore_ament_install'
[0.521s] Level 1:colcon.colcon_core.package_identification:_identify(src/magbot_hardware_interfacing/magbot_servo_interfacing) by extensions ['colcon_pkg']
[0.521s] Level 1:colcon.colcon_core.package_identification:_identify(src/magbot_hardware_interfacing/magbot_servo_interfacing) by extension 'colcon_pkg'
[0.521s] Level 1:colcon.colcon_core.package_identification:_identify(src/magbot_hardware_interfacing/magbot_servo_interfacing) by extensions ['colcon_meta']
[0.522s] Level 1:colcon.colcon_core.package_identification:_identify(src/magbot_hardware_interfacing/magbot_servo_interfacing) by extension 'colcon_meta'
[0.522s] Level 1:colcon.colcon_core.package_identification:_identify(src/magbot_hardware_interfacing/magbot_servo_interfacing) by extensions ['ros']
[0.522s] Level 1:colcon.colcon_core.package_identification:_identify(src/magbot_hardware_interfacing/magbot_servo_interfacing) by extension 'ros'
[0.523s] DEBUG:colcon.colcon_core.package_identification:Package 'src/magbot_hardware_interfacing/magbot_servo_interfacing' with type 'ros.ament_python' and name 'magbot_servo_interfacing'
[0.523s] Level 1:colcon.colcon_core.package_identification:_identify(src/magbot_utilities) by extensions ['ignore', 'ignore_ament_install']
[0.523s] Level 1:colcon.colcon_core.package_identification:_identify(src/magbot_utilities) by extension 'ignore'
[0.523s] Level 1:colcon.colcon_core.package_identification:_identify(src/magbot_utilities) by extension 'ignore_ament_install'
[0.523s] Level 1:colcon.colcon_core.package_identification:_identify(src/magbot_utilities) by extensions ['colcon_pkg']
[0.523s] Level 1:colcon.colcon_core.package_identification:_identify(src/magbot_utilities) by extension 'colcon_pkg'
[0.523s] Level 1:colcon.colcon_core.package_identification:_identify(src/magbot_utilities) by extensions ['colcon_meta']
[0.523s] Level 1:colcon.colcon_core.package_identification:_identify(src/magbot_utilities) by extension 'colcon_meta'
[0.523s] Level 1:colcon.colcon_core.package_identification:_identify(src/magbot_utilities) by extensions ['ros']
[0.523s] Level 1:colcon.colcon_core.package_identification:_identify(src/magbot_utilities) by extension 'ros'
[0.524s] DEBUG:colcon.colcon_core.package_identification:Package 'src/magbot_utilities' with type 'ros.ament_python' and name 'magbot_utilities'
[0.524s] Level 1:colcon.colcon_core.package_discovery:discover_packages(recursive) using defaults
[0.524s] Level 1:colcon.colcon_core.package_discovery:discover_packages(ignore) discover
[0.524s] Level 1:colcon.colcon_core.package_discovery:discover_packages(ignore) using defaults
[0.524s] Level 1:colcon.colcon_core.package_discovery:discover_packages(path) discover
[0.524s] Level 1:colcon.colcon_core.package_discovery:discover_packages(path) using defaults
[0.562s] Level 1:colcon.colcon_core.package_discovery:discover_packages(prefix_path) check parameters
[0.562s] Level 1:colcon.colcon_core.package_discovery:discover_packages(prefix_path) discover
[0.566s] DEBUG:colcon.colcon_installed_package_information.package_discovery:Found 8 installed packages in /home/jarvis/magic/ROS/magbot_ws/install
[0.566s] DEBUG:colcon.colcon_installed_package_information.package_discovery:Found 1 installed packages in /home/jarvis/magic/ROS/ros2_ws/install
[0.568s] DEBUG:colcon.colcon_installed_package_information.package_discovery:Found 270 installed packages in /opt/ros/humble
[0.569s] Level 1:colcon.colcon_core.package_discovery:discover_packages(prefix_path) using defaults
[0.610s] Level 5:colcon.colcon_core.verb:set package 'magbot' build argument 'cmake_args' from command line to 'None'
[0.610s] Level 5:colcon.colcon_core.verb:set package 'magbot' build argument 'cmake_target' from command line to 'None'
[0.610s] Level 5:colcon.colcon_core.verb:set package 'magbot' build argument 'cmake_target_skip_unavailable' from command line to 'False'
[0.610s] Level 5:colcon.colcon_core.verb:set package 'magbot' build argument 'cmake_clean_cache' from command line to 'False'
[0.610s] Level 5:colcon.colcon_core.verb:set package 'magbot' build argument 'cmake_clean_first' from command line to 'False'
[0.610s] Level 5:colcon.colcon_core.verb:set package 'magbot' build argument 'cmake_force_configure' from command line to 'False'
[0.610s] Level 5:colcon.colcon_core.verb:set package 'magbot' build argument 'ament_cmake_args' from command line to 'None'
[0.610s] Level 5:colcon.colcon_core.verb:set package 'magbot' build argument 'catkin_cmake_args' from command line to 'None'
[0.610s] Level 5:colcon.colcon_core.verb:set package 'magbot' build argument 'catkin_skip_building_tests' from command line to 'False'
[0.610s] DEBUG:colcon.colcon_core.verb:Building package 'magbot' with the following arguments: {'ament_cmake_args': None, 'build_base': '/home/jarvis/magic/ROS/magbot_ws/build/magbot', 'catkin_cmake_args': None, 'catkin_skip_building_tests': False, 'cmake_args': None, 'cmake_clean_cache': False, 'cmake_clean_first': False, 'cmake_force_configure': False, 'cmake_target': None, 'cmake_target_skip_unavailable': False, 'install_base': '/home/jarvis/magic/ROS/magbot_ws/install/magbot', 'merge_install': False, 'path': '/home/jarvis/magic/ROS/magbot_ws/src/magbot', 'symlink_install': False, 'test_result_base': None}
[0.611s] Level 5:colcon.colcon_core.verb:set package 'magbot_control' build argument 'cmake_args' from command line to 'None'
[0.611s] Level 5:colcon.colcon_core.verb:set package 'magbot_control' build argument 'cmake_target' from command line to 'None'
[0.611s] Level 5:colcon.colcon_core.verb:set package 'magbot_control' build argument 'cmake_target_skip_unavailable' from command line to 'False'
[0.611s] Level 5:colcon.colcon_core.verb:set package 'magbot_control' build argument 'cmake_clean_cache' from command line to 'False'
[0.611s] Level 5:colcon.colcon_core.verb:set package 'magbot_control' build argument 'cmake_clean_first' from command line to 'False'
[0.611s] Level 5:colcon.colcon_core.verb:set package 'magbot_control' build argument 'cmake_force_configure' from command line to 'False'
[0.611s] Level 5:colcon.colcon_core.verb:set package 'magbot_control' build argument 'ament_cmake_args' from command line to 'None'
[0.611s] Level 5:colcon.colcon_core.verb:set package 'magbot_control' build argument 'catkin_cmake_args' from command line to 'None'
[0.611s] Level 5:colcon.colcon_core.verb:set package 'magbot_control' build argument 'catkin_skip_building_tests' from command line to 'False'
[0.611s] DEBUG:colcon.colcon_core.verb:Building package 'magbot_control' with the following arguments: {'ament_cmake_args': None, 'build_base': '/home/jarvis/magic/ROS/magbot_ws/build/magbot_control', 'catkin_cmake_args': None, 'catkin_skip_building_tests': False, 'cmake_args': None, 'cmake_clean_cache': False, 'cmake_clean_first': False, 'cmake_force_configure': False, 'cmake_target': None, 'cmake_target_skip_unavailable': False, 'install_base': '/home/jarvis/magic/ROS/magbot_ws/install/magbot_control', 'merge_install': False, 'path': '/home/jarvis/magic/ROS/magbot_ws/src/magbot_control', 'symlink_install': False, 'test_result_base': None}
[0.612s] Level 5:colcon.colcon_core.verb:set package 'magbot_description' build argument 'cmake_args' from command line to 'None'
[0.612s] Level 5:colcon.colcon_core.verb:set package 'magbot_description' build argument 'cmake_target' from command line to 'None'
[0.612s] Level 5:colcon.colcon_core.verb:set package 'magbot_description' build argument 'cmake_target_skip_unavailable' from command line to 'False'
[0.612s] Level 5:colcon.colcon_core.verb:set package 'magbot_description' build argument 'cmake_clean_cache' from command line to 'False'
[0.612s] Level 5:colcon.colcon_core.verb:set package 'magbot_description' build argument 'cmake_clean_first' from command line to 'False'
[0.612s] Level 5:colcon.colcon_core.verb:set package 'magbot_description' build argument 'cmake_force_configure' from command line to 'False'
[0.612s] Level 5:colcon.colcon_core.verb:set package 'magbot_description' build argument 'ament_cmake_args' from command line to 'None'
[0.612s] Level 5:colcon.colcon_core.verb:set package 'magbot_description' build argument 'catkin_cmake_args' from command line to 'None'
[0.612s] Level 5:colcon.colcon_core.verb:set package 'magbot_description' build argument 'catkin_skip_building_tests' from command line to 'False'
[0.612s] DEBUG:colcon.colcon_core.verb:Building package 'magbot_description' with the following arguments: {'ament_cmake_args': None, 'build_base': '/home/jarvis/magic/ROS/magbot_ws/build/magbot_description', 'catkin_cmake_args': None, 'catkin_skip_building_tests': False, 'cmake_args': None, 'cmake_clean_cache': False, 'cmake_clean_first': False, 'cmake_force_configure': False, 'cmake_target': None, 'cmake_target_skip_unavailable': False, 'install_base': '/home/jarvis/magic/ROS/magbot_ws/install/magbot_description', 'merge_install': False, 'path': '/home/jarvis/magic/ROS/magbot_ws/src/magbot_description', 'symlink_install': False, 'test_result_base': None}
[0.612s] Level 5:colcon.colcon_core.verb:set package 'magbot_gazebo' build argument 'cmake_args' from command line to 'None'
[0.613s] Level 5:colcon.colcon_core.verb:set package 'magbot_gazebo' build argument 'cmake_target' from command line to 'None'
[0.613s] Level 5:colcon.colcon_core.verb:set package 'magbot_gazebo' build argument 'cmake_target_skip_unavailable' from command line to 'False'
[0.613s] Level 5:colcon.colcon_core.verb:set package 'magbot_gazebo' build argument 'cmake_clean_cache' from command line to 'False'
[0.613s] Level 5:colcon.colcon_core.verb:set package 'magbot_gazebo' build argument 'cmake_clean_first' from command line to 'False'
[0.613s] Level 5:colcon.colcon_core.verb:set package 'magbot_gazebo' build argument 'cmake_force_configure' from command line to 'False'
[0.613s] Level 5:colcon.colcon_core.verb:set package 'magbot_gazebo' build argument 'ament_cmake_args' from command line to 'None'
[0.613s] Level 5:colcon.colcon_core.verb:set package 'magbot_gazebo' build argument 'catkin_cmake_args' from command line to 'None'
[0.613s] Level 5:colcon.colcon_core.verb:set package 'magbot_gazebo' build argument 'catkin_skip_building_tests' from command line to 'False'
[0.613s] DEBUG:colcon.colcon_core.verb:Building package 'magbot_gazebo' with the following arguments: {'ament_cmake_args': None, 'build_base': '/home/jarvis/magic/ROS/magbot_ws/build/magbot_gazebo', 'catkin_cmake_args': None, 'catkin_skip_building_tests': False, 'cmake_args': None, 'cmake_clean_cache': False, 'cmake_clean_first': False, 'cmake_force_configure': False, 'cmake_target': None, 'cmake_target_skip_unavailable': False, 'install_base': '/home/jarvis/magic/ROS/magbot_ws/install/magbot_gazebo', 'merge_install': False, 'path': '/home/jarvis/magic/ROS/magbot_ws/src/magbot_gazebo', 'symlink_install': False, 'test_result_base': None}
[0.613s] Level 5:colcon.colcon_core.verb:set package 'magbot_input_interfacing' build argument 'cmake_args' from command line to 'None'
[0.613s] Level 5:colcon.colcon_core.verb:set package 'magbot_input_interfacing' build argument 'cmake_target' from command line to 'None'
[0.613s] Level 5:colcon.colcon_core.verb:set package 'magbot_input_interfacing' build argument 'cmake_target_skip_unavailable' from command line to 'False'
[0.613s] Level 5:colcon.colcon_core.verb:set package 'magbot_input_interfacing' build argument 'cmake_clean_cache' from command line to 'False'
[0.613s] Level 5:colcon.colcon_core.verb:set package 'magbot_input_interfacing' build argument 'cmake_clean_first' from command line to 'False'
[0.613s] Level 5:colcon.colcon_core.verb:set package 'magbot_input_interfacing' build argument 'cmake_force_configure' from command line to 'False'
[0.614s] Level 5:colcon.colcon_core.verb:set package 'magbot_input_interfacing' build argument 'ament_cmake_args' from command line to 'None'
[0.614s] Level 5:colcon.colcon_core.verb:set package 'magbot_input_interfacing' build argument 'catkin_cmake_args' from command line to 'None'
[0.614s] Level 5:colcon.colcon_core.verb:set package 'magbot_input_interfacing' build argument 'catkin_skip_building_tests' from command line to 'False'
[0.614s] DEBUG:colcon.colcon_core.verb:Building package 'magbot_input_interfacing' with the following arguments: {'ament_cmake_args': None, 'build_base': '/home/jarvis/magic/ROS/magbot_ws/build/magbot_input_interfacing', 'catkin_cmake_args': None, 'catkin_skip_building_tests': False, 'cmake_args': None, 'cmake_clean_cache': False, 'cmake_clean_first': False, 'cmake_force_configure': False, 'cmake_target': None, 'cmake_target_skip_unavailable': False, 'install_base': '/home/jarvis/magic/ROS/magbot_ws/install/magbot_input_interfacing', 'merge_install': False, 'path': '/home/jarvis/magic/ROS/magbot_ws/src/magbot_hardware_interfacing/magbot_input_interfacing', 'symlink_install': False, 'test_result_base': None}
[0.614s] Level 5:colcon.colcon_core.verb:set package 'magbot_peripheral_interfacing' build argument 'cmake_args' from command line to 'None'
[0.614s] Level 5:colcon.colcon_core.verb:set package 'magbot_peripheral_interfacing' build argument 'cmake_target' from command line to 'None'
[0.614s] Level 5:colcon.colcon_core.verb:set package 'magbot_peripheral_interfacing' build argument 'cmake_target_skip_unavailable' from command line to 'False'
[0.614s] Level 5:colcon.colcon_core.verb:set package 'magbot_peripheral_interfacing' build argument 'cmake_clean_cache' from command line to 'False'
[0.614s] Level 5:colcon.colcon_core.verb:set package 'magbot_peripheral_interfacing' build argument 'cmake_clean_first' from command line to 'False'
[0.614s] Level 5:colcon.colcon_core.verb:set package 'magbot_peripheral_interfacing' build argument 'cmake_force_configure' from command line to 'False'
[0.614s] Level 5:colcon.colcon_core.verb:set package 'magbot_peripheral_interfacing' build argument 'ament_cmake_args' from command line to 'None'
[0.614s] Level 5:colcon.colcon_core.verb:set package 'magbot_peripheral_interfacing' build argument 'catkin_cmake_args' from command line to 'None'
[0.614s] Level 5:colcon.colcon_core.verb:set package 'magbot_peripheral_interfacing' build argument 'catkin_skip_building_tests' from command line to 'False'
[0.614s] DEBUG:colcon.colcon_core.verb:Building package 'magbot_peripheral_interfacing' with the following arguments: {'ament_cmake_args': None, 'build_base': '/home/jarvis/magic/ROS/magbot_ws/build/magbot_peripheral_interfacing', 'catkin_cmake_args': None, 'catkin_skip_building_tests': False, 'cmake_args': None, 'cmake_clean_cache': False, 'cmake_clean_first': False, 'cmake_force_configure': False, 'cmake_target': None, 'cmake_target_skip_unavailable': False, 'install_base': '/home/jarvis/magic/ROS/magbot_ws/install/magbot_peripheral_interfacing', 'merge_install': False, 'path': '/home/jarvis/magic/ROS/magbot_ws/src/magbot_hardware_interfacing/magbot_peripheral_interfacing', 'symlink_install': False, 'test_result_base': None}
[0.615s] Level 5:colcon.colcon_core.verb:set package 'magbot_servo_interfacing' build argument 'cmake_args' from command line to 'None'
[0.615s] Level 5:colcon.colcon_core.verb:set package 'magbot_servo_interfacing' build argument 'cmake_target' from command line to 'None'
[0.615s] Level 5:colcon.colcon_core.verb:set package 'magbot_servo_interfacing' build argument 'cmake_target_skip_unavailable' from command line to 'False'
[0.615s] Level 5:colcon.colcon_core.verb:set package 'magbot_servo_interfacing' build argument 'cmake_clean_cache' from command line to 'False'
[0.615s] Level 5:colcon.colcon_core.verb:set package 'magbot_servo_interfacing' build argument 'cmake_clean_first' from command line to 'False'
[0.615s] Level 5:colcon.colcon_core.verb:set package 'magbot_servo_interfacing' build argument 'cmake_force_configure' from command line to 'False'
[0.615s] Level 5:colcon.colcon_core.verb:set package 'magbot_servo_interfacing' build argument 'ament_cmake_args' from command line to 'None'
[0.615s] Level 5:colcon.colcon_core.verb:set package 'magbot_servo_interfacing' build argument 'catkin_cmake_args' from command line to 'None'
[0.615s] Level 5:colcon.colcon_core.verb:set package 'magbot_servo_interfacing' build argument 'catkin_skip_building_tests' from command line to 'False'
[0.615s] DEBUG:colcon.colcon_core.verb:Building package 'magbot_servo_interfacing' with the following arguments: {'ament_cmake_args': None, 'build_base': '/home/jarvis/magic/ROS/magbot_ws/build/magbot_servo_interfacing', 'catkin_cmake_args': None, 'catkin_skip_building_tests': False, 'cmake_args': None, 'cmake_clean_cache': False, 'cmake_clean_first': False, 'cmake_force_configure': False, 'cmake_target': None, 'cmake_target_skip_unavailable': False, 'install_base': '/home/jarvis/magic/ROS/magbot_ws/install/magbot_servo_interfacing', 'merge_install': False, 'path': '/home/jarvis/magic/ROS/magbot_ws/src/magbot_hardware_interfacing/magbot_servo_interfacing', 'symlink_install': False, 'test_result_base': None}
[0.616s] Level 5:colcon.colcon_core.verb:set package 'magbot_utilities' build argument 'cmake_args' from command line to 'None'
[0.616s] Level 5:colcon.colcon_core.verb:set package 'magbot_utilities' build argument 'cmake_target' from command line to 'None'
[0.616s] Level 5:colcon.colcon_core.verb:set package 'magbot_utilities' build argument 'cmake_target_skip_unavailable' from command line to 'False'
[0.616s] Level 5:colcon.colcon_core.verb:set package 'magbot_utilities' build argument 'cmake_clean_cache' from command line to 'False'
[0.616s] Level 5:colcon.colcon_core.verb:set package 'magbot_utilities' build argument 'cmake_clean_first' from command line to 'False'
[0.616s] Level 5:colcon.colcon_core.verb:set package 'magbot_utilities' build argument 'cmake_force_configure' from command line to 'False'
[0.616s] Level 5:colcon.colcon_core.verb:set package 'magbot_utilities' build argument 'ament_cmake_args' from command line to 'None'
[0.616s] Level 5:colcon.colcon_core.verb:set package 'magbot_utilities' build argument 'catkin_cmake_args' from command line to 'None'
[0.616s] Level 5:colcon.colcon_core.verb:set package 'magbot_utilities' build argument 'catkin_skip_building_tests' from command line to 'False'
[0.616s] DEBUG:colcon.colcon_core.verb:Building package 'magbot_utilities' with the following arguments: {'ament_cmake_args': None, 'build_base': '/home/jarvis/magic/ROS/magbot_ws/build/magbot_utilities', 'catkin_cmake_args': None, 'catkin_skip_building_tests': False, 'cmake_args': None, 'cmake_clean_cache': False, 'cmake_clean_first': False, 'cmake_force_configure': False, 'cmake_target': None, 'cmake_target_skip_unavailable': False, 'install_base': '/home/jarvis/magic/ROS/magbot_ws/install/magbot_utilities', 'merge_install': False, 'path': '/home/jarvis/magic/ROS/magbot_ws/src/magbot_utilities', 'symlink_install': False, 'test_result_base': None}
[0.616s] INFO:colcon.colcon_core.executor:Executing jobs using 'parallel' executor
[0.617s] DEBUG:colcon.colcon_parallel_executor.executor.parallel:run_until_complete
[0.617s] INFO:colcon.colcon_ros.task.ament_python.build:Building ROS package in '/home/jarvis/magic/ROS/magbot_ws/src/magbot' with build type 'ament_python'
[0.618s] Level 1:colcon.colcon_core.shell:create_environment_hook('magbot', 'ament_prefix_path')
[0.622s] INFO:colcon.colcon_core.plugin_system:Skipping extension 'colcon_core.shell.bat': Not used on non-Windows systems
[0.622s] INFO:colcon.colcon_core.shell:Creating environment hook '/home/jarvis/magic/ROS/magbot_ws/install/magbot/share/magbot/hook/ament_prefix_path.ps1'
[0.623s] INFO:colcon.colcon_core.shell:Creating environment descriptor '/home/jarvis/magic/ROS/magbot_ws/install/magbot/share/magbot/hook/ament_prefix_path.dsv'
[0.623s] INFO:colcon.colcon_core.shell:Creating environment hook '/home/jarvis/magic/ROS/magbot_ws/install/magbot/share/magbot/hook/ament_prefix_path.sh'
[0.624s] INFO:colcon.colcon_core.shell:Skip shell extension 'powershell' for command environment: Not usable outside of PowerShell
[0.624s] DEBUG:colcon.colcon_core.shell:Skip shell extension 'dsv' for command environment
[0.630s] INFO:colcon.colcon_ros.task.ament_python.build:Building ROS package in '/home/jarvis/magic/ROS/magbot_ws/src/magbot_control' with build type 'ament_python'
[0.631s] Level 1:colcon.colcon_core.shell:create_environment_hook('magbot_control', 'ament_prefix_path')
[0.632s] INFO:colcon.colcon_core.shell:Creating environment hook '/home/jarvis/magic/ROS/magbot_ws/install/magbot_control/share/magbot_control/hook/ament_prefix_path.ps1'
[0.634s] INFO:colcon.colcon_core.shell:Creating environment descriptor '/home/jarvis/magic/ROS/magbot_ws/install/magbot_control/share/magbot_control/hook/ament_prefix_path.dsv'
[0.636s] INFO:colcon.colcon_core.shell:Creating environment hook '/home/jarvis/magic/ROS/magbot_ws/install/magbot_control/share/magbot_control/hook/ament_prefix_path.sh'
[0.638s] INFO:colcon.colcon_core.shell:Skip shell extension 'powershell' for command environment: Not usable outside of PowerShell
[0.638s] DEBUG:colcon.colcon_core.shell:Skip shell extension 'dsv' for command environment
[0.643s] INFO:colcon.colcon_ros.task.ament_python.build:Building ROS package in '/home/jarvis/magic/ROS/magbot_ws/src/magbot_description' with build type 'ament_python'
[0.644s] Level 1:colcon.colcon_core.shell:create_environment_hook('magbot_description', 'ament_prefix_path')
[0.644s] INFO:colcon.colcon_core.shell:Creating environment hook '/home/jarvis/magic/ROS/magbot_ws/install/magbot_description/share/magbot_description/hook/ament_prefix_path.ps1'
[0.645s] INFO:colcon.colcon_core.shell:Creating environment descriptor '/home/jarvis/magic/ROS/magbot_ws/install/magbot_description/share/magbot_description/hook/ament_prefix_path.dsv'
[0.645s] INFO:colcon.colcon_core.shell:Creating environment hook '/home/jarvis/magic/ROS/magbot_ws/install/magbot_description/share/magbot_description/hook/ament_prefix_path.sh'
[0.646s] INFO:colcon.colcon_core.shell:Skip shell extension 'powershell' for command environment: Not usable outside of PowerShell
[0.646s] DEBUG:colcon.colcon_core.shell:Skip shell extension 'dsv' for command environment
[0.651s] INFO:colcon.colcon_ros.task.ament_python.build:Building ROS package in '/home/jarvis/magic/ROS/magbot_ws/src/magbot_gazebo' with build type 'ament_python'
[0.651s] Level 1:colcon.colcon_core.shell:create_environment_hook('magbot_gazebo', 'ament_prefix_path')
[0.652s] INFO:colcon.colcon_core.shell:Creating environment hook '/home/jarvis/magic/ROS/magbot_ws/install/magbot_gazebo/share/magbot_gazebo/hook/ament_prefix_path.ps1'
[0.653s] INFO:colcon.colcon_core.shell:Creating environment descriptor '/home/jarvis/magic/ROS/magbot_ws/install/magbot_gazebo/share/magbot_gazebo/hook/ament_prefix_path.dsv'
[0.654s] INFO:colcon.colcon_core.shell:Creating environment hook '/home/jarvis/magic/ROS/magbot_ws/install/magbot_gazebo/share/magbot_gazebo/hook/ament_prefix_path.sh'
[0.655s] INFO:colcon.colcon_core.shell:Skip shell extension 'powershell' for command environment: Not usable outside of PowerShell
[0.655s] DEBUG:colcon.colcon_core.shell:Skip shell extension 'dsv' for command environment
[0.663s] INFO:colcon.colcon_ros.task.ament_python.build:Building ROS package in '/home/jarvis/magic/ROS/magbot_ws/src/magbot_hardware_interfacing/magbot_input_interfacing' with build type 'ament_python'
[0.663s] Level 1:colcon.colcon_core.shell:create_environment_hook('magbot_input_interfacing', 'ament_prefix_path')
[0.663s] INFO:colcon.colcon_core.shell:Creating environment hook '/home/jarvis/magic/ROS/magbot_ws/install/magbot_input_interfacing/share/magbot_input_interfacing/hook/ament_prefix_path.ps1'
[0.664s] INFO:colcon.colcon_core.shell:Creating environment descriptor '/home/jarvis/magic/ROS/magbot_ws/install/magbot_input_interfacing/share/magbot_input_interfacing/hook/ament_prefix_path.dsv'
[0.664s] INFO:colcon.colcon_core.shell:Creating environment hook '/home/jarvis/magic/ROS/magbot_ws/install/magbot_input_interfacing/share/magbot_input_interfacing/hook/ament_prefix_path.sh'
[0.665s] INFO:colcon.colcon_core.shell:Skip shell extension 'powershell' for command environment: Not usable outside of PowerShell
[0.665s] DEBUG:colcon.colcon_core.shell:Skip shell extension 'dsv' for command environment
[0.671s] INFO:colcon.colcon_ros.task.ament_python.build:Building ROS package in '/home/jarvis/magic/ROS/magbot_ws/src/magbot_hardware_interfacing/magbot_peripheral_interfacing' with build type 'ament_python'
[0.671s] Level 1:colcon.colcon_core.shell:create_environment_hook('magbot_peripheral_interfacing', 'ament_prefix_path')
[0.672s] INFO:colcon.colcon_core.shell:Creating environment hook '/home/jarvis/magic/ROS/magbot_ws/install/magbot_peripheral_interfacing/share/magbot_peripheral_interfacing/hook/ament_prefix_path.ps1'
[0.674s] INFO:colcon.colcon_core.shell:Creating environment descriptor '/home/jarvis/magic/ROS/magbot_ws/install/magbot_peripheral_interfacing/share/magbot_peripheral_interfacing/hook/ament_prefix_path.dsv'
[0.675s] INFO:colcon.colcon_core.shell:Creating environment hook '/home/jarvis/magic/ROS/magbot_ws/install/magbot_peripheral_interfacing/share/magbot_peripheral_interfacing/hook/ament_prefix_path.sh'
[0.676s] INFO:colcon.colcon_core.shell:Skip shell extension 'powershell' for command environment: Not usable outside of PowerShell
[0.676s] DEBUG:colcon.colcon_core.shell:Skip shell extension 'dsv' for command environment
[0.680s] INFO:colcon.colcon_ros.task.ament_python.build:Building ROS package in '/home/jarvis/magic/ROS/magbot_ws/src/magbot_hardware_interfacing/magbot_servo_interfacing' with build type 'ament_python'
[0.681s] Level 1:colcon.colcon_core.shell:create_environment_hook('magbot_servo_interfacing', 'ament_prefix_path')
[0.681s] INFO:colcon.colcon_core.shell:Creating environment hook '/home/jarvis/magic/ROS/magbot_ws/install/magbot_servo_interfacing/share/magbot_servo_interfacing/hook/ament_prefix_path.ps1'
[0.682s] INFO:colcon.colcon_core.shell:Creating environment descriptor '/home/jarvis/magic/ROS/magbot_ws/install/magbot_servo_interfacing/share/magbot_servo_interfacing/hook/ament_prefix_path.dsv'
[0.682s] INFO:colcon.colcon_core.shell:Creating environment hook '/home/jarvis/magic/ROS/magbot_ws/install/magbot_servo_interfacing/share/magbot_servo_interfacing/hook/ament_prefix_path.sh'
[0.683s] INFO:colcon.colcon_core.shell:Skip shell extension 'powershell' for command environment: Not usable outside of PowerShell
[0.683s] DEBUG:colcon.colcon_core.shell:Skip shell extension 'dsv' for command environment
[0.687s] INFO:colcon.colcon_ros.task.ament_python.build:Building ROS package in '/home/jarvis/magic/ROS/magbot_ws/src/magbot_utilities' with build type 'ament_python'
[0.687s] Level 1:colcon.colcon_core.shell:create_environment_hook('magbot_utilities', 'ament_prefix_path')
[0.688s] INFO:colcon.colcon_core.shell:Creating environment hook '/home/jarvis/magic/ROS/magbot_ws/install/magbot_utilities/share/magbot_utilities/hook/ament_prefix_path.ps1'
[0.689s] INFO:colcon.colcon_core.shell:Creating environment descriptor '/home/jarvis/magic/ROS/magbot_ws/install/magbot_utilities/share/magbot_utilities/hook/ament_prefix_path.dsv'
[0.690s] INFO:colcon.colcon_core.shell:Creating environment hook '/home/jarvis/magic/ROS/magbot_ws/install/magbot_utilities/share/magbot_utilities/hook/ament_prefix_path.sh'
[0.692s] INFO:colcon.colcon_core.shell:Skip shell extension 'powershell' for command environment: Not usable outside of PowerShell
[0.692s] DEBUG:colcon.colcon_core.shell:Skip shell extension 'dsv' for command environment
[1.076s] INFO:colcon.colcon_core.task.python.build:Building Python package in '/home/jarvis/magic/ROS/magbot_ws/src/magbot'
[1.076s] INFO:colcon.colcon_core.shell:Skip shell extension 'powershell' for command environment: Not usable outside of PowerShell
[1.076s] DEBUG:colcon.colcon_core.shell:Skip shell extension 'dsv' for command environment
[1.384s] INFO:colcon.colcon_core.task.python.build:Building Python package in '/home/jarvis/magic/ROS/magbot_ws/src/magbot_control'
[1.385s] INFO:colcon.colcon_core.shell:Skip shell extension 'powershell' for command environment: Not usable outside of PowerShell
[1.385s] DEBUG:colcon.colcon_core.shell:Skip shell extension 'dsv' for command environment
[1.709s] INFO:colcon.colcon_core.task.python.build:Building Python package in '/home/jarvis/magic/ROS/magbot_ws/src/magbot_description'
[1.710s] INFO:colcon.colcon_core.shell:Skip shell extension 'powershell' for command environment: Not usable outside of PowerShell
[1.710s] DEBUG:colcon.colcon_core.shell:Skip shell extension 'dsv' for command environment
[2.016s] INFO:colcon.colcon_core.task.python.build:Building Python package in '/home/jarvis/magic/ROS/magbot_ws/src/magbot_gazebo'
[2.016s] INFO:colcon.colcon_core.shell:Skip shell extension 'powershell' for command environment: Not usable outside of PowerShell
[2.016s] DEBUG:colcon.colcon_core.shell:Skip shell extension 'dsv' for command environment
[2.358s] INFO:colcon.colcon_core.task.python.build:Building Python package in '/home/jarvis/magic/ROS/magbot_ws/src/magbot_hardware_interfacing/magbot_input_interfacing'
[2.359s] INFO:colcon.colcon_core.shell:Skip shell extension 'powershell' for command environment: Not usable outside of PowerShell
[2.359s] DEBUG:colcon.colcon_core.shell:Skip shell extension 'dsv' for command environment
[3.011s] INFO:colcon.colcon_core.task.python.build:Building Python package in '/home/jarvis/magic/ROS/magbot_ws/src/magbot_hardware_interfacing/magbot_servo_interfacing'
[3.012s] INFO:colcon.colcon_core.shell:Skip shell extension 'powershell' for command environment: Not usable outside of PowerShell
[3.012s] DEBUG:colcon.colcon_core.shell:Skip shell extension 'dsv' for command environment
[3.028s] DEBUG:colcon.colcon_parallel_executor.executor.parallel:closing loop
[3.028s] DEBUG:colcon.colcon_parallel_executor.executor.parallel:loop closed
[3.028s] DEBUG:colcon.colcon_parallel_executor.executor.parallel:run_until_complete finished with 'Command '['/usr/bin/python3', '-c', 'import sys;from contextlib import suppress;exec("with suppress(ImportError):    from setuptools.extern.packaging.specifiers    import SpecifierSet");exec("with suppress(ImportError):    from packaging.specifiers import SpecifierSet");from distutils.core import run_setup;dist = run_setup(    \'setup.py\', script_args=(\'--dry-run\',), stop_after=\'config\');skip_keys = (\'cmdclass\', \'distclass\', \'ext_modules\', \'metadata\');data = {    key: value for key, value in dist.__dict__.items()     if (        not key.startswith(\'_\') and         not callable(value) and         key not in skip_keys and         key not in dist.display_option_names    )};data[\'metadata\'] = {    k: v for k, v in dist.metadata.__dict__.items()     if k not in (\'license_files\', \'provides_extras\')};sys.stdout.buffer.write(repr(data).encode(\'utf-8\'))']' returned non-zero exit status 1.'
[3.028s] DEBUG:colcon.colcon_core.event_reactor:joining thread
[3.043s] INFO:colcon.colcon_core.plugin_system:Skipping extension 'colcon_notification.desktop_notification.terminal_notifier': Not used on non-Darwin systems
[3.043s] INFO:colcon.colcon_core.plugin_system:Skipping extension 'colcon_notification.desktop_notification.win32': Not used on non-Windows systems
[3.043s] INFO:colcon.colcon_notification.desktop_notification:Sending desktop notification using 'notify2'
[3.096s] DEBUG:colcon.colcon_core.event_reactor:joined thread
[3.097s] INFO:colcon.colcon_core.shell:Creating prefix script '/home/jarvis/magic/ROS/magbot_ws/install/local_setup.ps1'
[3.098s] INFO:colcon.colcon_core.shell:Creating prefix util module '/home/jarvis/magic/ROS/magbot_ws/install/_local_setup_util_ps1.py'
[3.099s] INFO:colcon.colcon_core.shell:Creating prefix chain script '/home/jarvis/magic/ROS/magbot_ws/install/setup.ps1'
[3.100s] INFO:colcon.colcon_core.shell:Creating prefix script '/home/jarvis/magic/ROS/magbot_ws/install/local_setup.sh'
[3.101s] INFO:colcon.colcon_core.shell:Creating prefix util module '/home/jarvis/magic/ROS/magbot_ws/install/_local_setup_util_sh.py'
[3.101s] INFO:colcon.colcon_core.shell:Creating prefix chain script '/home/jarvis/magic/ROS/magbot_ws/install/setup.sh'
[3.103s] INFO:colcon.colcon_core.shell:Creating prefix script '/home/jarvis/magic/ROS/magbot_ws/install/local_setup.bash'
[3.103s] INFO:colcon.colcon_core.shell:Creating prefix chain script '/home/jarvis/magic/ROS/magbot_ws/install/setup.bash'
[3.105s] INFO:colcon.colcon_core.shell:Creating prefix script '/home/jarvis/magic/ROS/magbot_ws/install/local_setup.zsh'
[3.105s] INFO:colcon.colcon_core.shell:Creating prefix chain script '/home/jarvis/magic/ROS/magbot_ws/install/setup.zsh'
