[5.267s] Invoking command in '/home/jarvis/magic/ROS/magbot_ws/src/magbot_hardware_interfacing/magbot_peripheral_interfacing': PYTHONPATH=/home/jarvis/magic/ROS/magbot_ws/build/magbot_peripheral_interfacing/prefix_override:/home/jarvis/magic/ROS/magbot_ws/install/magbot_peripheral_interfacing/lib/python3.10/site-packages:${PYTHONPATH} /usr/bin/python3 -W ignore:setup.py install is deprecated setup.py egg_info --egg-base ../../../build/magbot_peripheral_interfacing build --build-base /home/jarvis/magic/ROS/magbot_ws/build/magbot_peripheral_interfacing/build install --record /home/jarvis/magic/ROS/magbot_ws/build/magbot_peripheral_interfacing/install.log --single-version-externally-managed install_data
[6.674s] running egg_info
[6.676s] creating ../../../build/magbot_peripheral_interfacing/magbot_peripheral_interfacing.egg-info
[6.678s] writing ../../../build/magbot_peripheral_interfacing/magbot_peripheral_interfacing.egg-info/PKG-INFO
[6.678s] writing dependency_links to ../../../build/magbot_peripheral_interfacing/magbot_peripheral_interfacing.egg-info/dependency_links.txt
[6.678s] writing entry points to ../../../build/magbot_peripheral_interfacing/magbot_peripheral_interfacing.egg-info/entry_points.txt
[6.679s] writing requirements to ../../../build/magbot_peripheral_interfacing/magbot_peripheral_interfacing.egg-info/requires.txt
[6.679s] writing top-level names to ../../../build/magbot_peripheral_interfacing/magbot_peripheral_interfacing.egg-info/top_level.txt
[6.679s] writing manifest file '../../../build/magbot_peripheral_interfacing/magbot_peripheral_interfacing.egg-info/SOURCES.txt'
[6.686s] reading manifest file '../../../build/magbot_peripheral_interfacing/magbot_peripheral_interfacing.egg-info/SOURCES.txt'
[6.687s] writing manifest file '../../../build/magbot_peripheral_interfacing/magbot_peripheral_interfacing.egg-info/SOURCES.txt'
[6.687s] running build
[6.695s] running build_py
[6.695s] creating /home/jarvis/magic/ROS/magbot_ws/build/magbot_peripheral_interfacing/build
[6.695s] creating /home/jarvis/magic/ROS/magbot_ws/build/magbot_peripheral_interfacing/build/lib
[6.696s] creating /home/jarvis/magic/ROS/magbot_ws/build/magbot_peripheral_interfacing/build/lib/magbot_peripheral_interfacing
[6.696s] copying magbot_peripheral_interfacing/__init__.py -> /home/jarvis/magic/ROS/magbot_ws/build/magbot_peripheral_interfacing/build/lib/magbot_peripheral_interfacing
[6.696s] copying magbot_peripheral_interfacing/IMU.py -> /home/jarvis/magic/ROS/magbot_ws/build/magbot_peripheral_interfacing/build/lib/magbot_peripheral_interfacing
[6.696s] copying magbot_peripheral_interfacing/magbot_lcd_interfacing.py -> /home/jarvis/magic/ROS/magbot_ws/build/magbot_peripheral_interfacing/build/lib/magbot_peripheral_interfacing
[6.696s] copying magbot_peripheral_interfacing/battery_voltage_checking.py -> /home/jarvis/magic/ROS/magbot_ws/build/magbot_peripheral_interfacing/build/lib/magbot_peripheral_interfacing
[6.696s] creating /home/jarvis/magic/ROS/magbot_ws/build/magbot_peripheral_interfacing/build/lib/magbot_peripheral_interfacing/scripts
[6.697s] copying magbot_peripheral_interfacing/scripts/lcdconfig.py -> /home/jarvis/magic/ROS/magbot_ws/build/magbot_peripheral_interfacing/build/lib/magbot_peripheral_interfacing/scripts
[6.697s] copying magbot_peripheral_interfacing/scripts/__init__.py -> /home/jarvis/magic/ROS/magbot_ws/build/magbot_peripheral_interfacing/build/lib/magbot_peripheral_interfacing/scripts
[6.697s] copying magbot_peripheral_interfacing/scripts/LCD_1inch47.py -> /home/jarvis/magic/ROS/magbot_ws/build/magbot_peripheral_interfacing/build/lib/magbot_peripheral_interfacing/scripts
[6.699s] running install
[6.699s] running install_lib
[6.699s] creating /home/jarvis/magic/ROS/magbot_ws/install/magbot_peripheral_interfacing/lib/python3.10/site-packages/magbot_peripheral_interfacing
[6.699s] copying /home/jarvis/magic/ROS/magbot_ws/build/magbot_peripheral_interfacing/build/lib/magbot_peripheral_interfacing/__init__.py -> /home/jarvis/magic/ROS/magbot_ws/install/magbot_peripheral_interfacing/lib/python3.10/site-packages/magbot_peripheral_interfacing
[6.699s] creating /home/jarvis/magic/ROS/magbot_ws/install/magbot_peripheral_interfacing/lib/python3.10/site-packages/magbot_peripheral_interfacing/scripts
[6.700s] copying /home/jarvis/magic/ROS/magbot_ws/build/magbot_peripheral_interfacing/build/lib/magbot_peripheral_interfacing/scripts/lcdconfig.py -> /home/jarvis/magic/ROS/magbot_ws/install/magbot_peripheral_interfacing/lib/python3.10/site-packages/magbot_peripheral_interfacing/scripts
[6.700s] copying /home/jarvis/magic/ROS/magbot_ws/build/magbot_peripheral_interfacing/build/lib/magbot_peripheral_interfacing/scripts/__init__.py -> /home/jarvis/magic/ROS/magbot_ws/install/magbot_peripheral_interfacing/lib/python3.10/site-packages/magbot_peripheral_interfacing/scripts
[6.700s] copying /home/jarvis/magic/ROS/magbot_ws/build/magbot_peripheral_interfacing/build/lib/magbot_peripheral_interfacing/scripts/LCD_1inch47.py -> /home/jarvis/magic/ROS/magbot_ws/install/magbot_peripheral_interfacing/lib/python3.10/site-packages/magbot_peripheral_interfacing/scripts
[6.700s] copying /home/jarvis/magic/ROS/magbot_ws/build/magbot_peripheral_interfacing/build/lib/magbot_peripheral_interfacing/IMU.py -> /home/jarvis/magic/ROS/magbot_ws/install/magbot_peripheral_interfacing/lib/python3.10/site-packages/magbot_peripheral_interfacing
[6.700s] copying /home/jarvis/magic/ROS/magbot_ws/build/magbot_peripheral_interfacing/build/lib/magbot_peripheral_interfacing/magbot_lcd_interfacing.py -> /home/jarvis/magic/ROS/magbot_ws/install/magbot_peripheral_interfacing/lib/python3.10/site-packages/magbot_peripheral_interfacing
[6.700s] copying /home/jarvis/magic/ROS/magbot_ws/build/magbot_peripheral_interfacing/build/lib/magbot_peripheral_interfacing/battery_voltage_checking.py -> /home/jarvis/magic/ROS/magbot_ws/install/magbot_peripheral_interfacing/lib/python3.10/site-packages/magbot_peripheral_interfacing
[6.700s] byte-compiling /home/jarvis/magic/ROS/magbot_ws/install/magbot_peripheral_interfacing/lib/python3.10/site-packages/magbot_peripheral_interfacing/__init__.py to __init__.cpython-310.pyc
[6.701s] byte-compiling /home/jarvis/magic/ROS/magbot_ws/install/magbot_peripheral_interfacing/lib/python3.10/site-packages/magbot_peripheral_interfacing/scripts/lcdconfig.py to lcdconfig.cpython-310.pyc
[6.717s] byte-compiling /home/jarvis/magic/ROS/magbot_ws/install/magbot_peripheral_interfacing/lib/python3.10/site-packages/magbot_peripheral_interfacing/scripts/__init__.py to __init__.cpython-310.pyc
[6.718s] byte-compiling /home/jarvis/magic/ROS/magbot_ws/install/magbot_peripheral_interfacing/lib/python3.10/site-packages/magbot_peripheral_interfacing/scripts/LCD_1inch47.py to LCD_1inch47.cpython-310.pyc
[6.721s] byte-compiling /home/jarvis/magic/ROS/magbot_ws/install/magbot_peripheral_interfacing/lib/python3.10/site-packages/magbot_peripheral_interfacing/IMU.py to IMU.cpython-310.pyc
[6.723s] byte-compiling /home/jarvis/magic/ROS/magbot_ws/install/magbot_peripheral_interfacing/lib/python3.10/site-packages/magbot_peripheral_interfacing/magbot_lcd_interfacing.py to magbot_lcd_interfacing.cpython-310.pyc
[6.726s] byte-compiling /home/jarvis/magic/ROS/magbot_ws/install/magbot_peripheral_interfacing/lib/python3.10/site-packages/magbot_peripheral_interfacing/battery_voltage_checking.py to battery_voltage_checking.cpython-310.pyc
[6.735s] running install_data
[6.736s] creating /home/jarvis/magic/ROS/magbot_ws/install/magbot_peripheral_interfacing/share/ament_index
[6.736s] creating /home/jarvis/magic/ROS/magbot_ws/install/magbot_peripheral_interfacing/share/ament_index/resource_index
[6.737s] creating /home/jarvis/magic/ROS/magbot_ws/install/magbot_peripheral_interfacing/share/ament_index/resource_index/packages
[6.737s] copying resource/magbot_peripheral_interfacing -> /home/jarvis/magic/ROS/magbot_ws/install/magbot_peripheral_interfacing/share/ament_index/resource_index/packages
[6.738s] copying package.xml -> /home/jarvis/magic/ROS/magbot_ws/install/magbot_peripheral_interfacing/share/magbot_peripheral_interfacing
[6.739s] creating /home/jarvis/magic/ROS/magbot_ws/install/magbot_peripheral_interfacing/share/magbot_peripheral_interfacing/launch
[6.743s] copying launch/magbot_lcd_service.launch.py -> /home/jarvis/magic/ROS/magbot_ws/install/magbot_peripheral_interfacing/share/magbot_peripheral_interfacing/launch
[6.744s] creating /home/jarvis/magic/ROS/magbot_ws/install/magbot_peripheral_interfacing/share/magbot_peripheral_interfacing/lib
[6.745s] copying lib/emptybatterystatus_white.png -> /home/jarvis/magic/ROS/magbot_ws/install/magbot_peripheral_interfacing/share/magbot_peripheral_interfacing/lib
[6.748s] running install_egg_info
[6.752s] Copying ../../../build/magbot_peripheral_interfacing/magbot_peripheral_interfacing.egg-info to /home/jarvis/magic/ROS/magbot_ws/install/magbot_peripheral_interfacing/lib/python3.10/site-packages/magbot_peripheral_interfacing-0.0.0-py3.10.egg-info
[6.755s] running install_scripts
[6.823s] Installing imu script to /home/jarvis/magic/ROS/magbot_ws/install/magbot_peripheral_interfacing/lib/magbot_peripheral_interfacing
[6.826s] Installing magbot_lcd_interfacing script to /home/jarvis/magic/ROS/magbot_ws/install/magbot_peripheral_interfacing/lib/magbot_peripheral_interfacing
[6.826s] writing list of installed files to '/home/jarvis/magic/ROS/magbot_ws/build/magbot_peripheral_interfacing/install.log'
[7.842s] Invoked command in '/home/jarvis/magic/ROS/magbot_ws/src/magbot_hardware_interfacing/magbot_peripheral_interfacing' returned '0': PYTHONPATH=/home/jarvis/magic/ROS/magbot_ws/build/magbot_peripheral_interfacing/prefix_override:/home/jarvis/magic/ROS/magbot_ws/install/magbot_peripheral_interfacing/lib/python3.10/site-packages:${PYTHONPATH} /usr/bin/python3 -W ignore:setup.py install is deprecated setup.py egg_info --egg-base ../../../build/magbot_peripheral_interfacing build --build-base /home/jarvis/magic/ROS/magbot_ws/build/magbot_peripheral_interfacing/build install --record /home/jarvis/magic/ROS/magbot_ws/build/magbot_peripheral_interfacing/install.log --single-version-externally-managed install_data
