[4.716s] Invoking command in '/home/jarvis/magic/ROS/magbot_ws/src/magbot_utilities': PYTHONPATH=/home/jarvis/magic/ROS/magbot_ws/build/magbot_utilities/prefix_override:/home/jarvis/magic/ROS/magbot_ws/install/magbot_utilities/lib/python3.10/site-packages:${PYTHONPATH} /usr/bin/python3 -W ignore:setup.py install is deprecated setup.py egg_info --egg-base ../../build/magbot_utilities build --build-base /home/jarvis/magic/ROS/magbot_ws/build/magbot_utilities/build install --record /home/jarvis/magic/ROS/magbot_ws/build/magbot_utilities/install.log --single-version-externally-managed install_data
[5.598s] running egg_info
[5.600s] writing ../../build/magbot_utilities/magbot_utilities.egg-info/PKG-INFO
[5.601s] writing dependency_links to ../../build/magbot_utilities/magbot_utilities.egg-info/dependency_links.txt
[5.601s] writing entry points to ../../build/magbot_utilities/magbot_utilities.egg-info/entry_points.txt
[5.602s] writing requirements to ../../build/magbot_utilities/magbot_utilities.egg-info/requires.txt
[5.602s] writing top-level names to ../../build/magbot_utilities/magbot_utilities.egg-info/top_level.txt
[5.606s] reading manifest file '../../build/magbot_utilities/magbot_utilities.egg-info/SOURCES.txt'
[5.612s] writing manifest file '../../build/magbot_utilities/magbot_utilities.egg-info/SOURCES.txt'
[5.617s] running build
[5.617s] running build_py
[5.618s] running install
[5.618s] running install_lib
[5.622s] running install_data
[5.622s] running install_egg_info
[5.629s] removing '/home/jarvis/magic/ROS/magbot_ws/install/magbot_utilities/lib/python3.10/site-packages/magbot_utilities-0.0.0-py3.10.egg-info' (and everything under it)
[5.634s] Copying ../../build/magbot_utilities/magbot_utilities.egg-info to /home/jarvis/magic/ROS/magbot_ws/install/magbot_utilities/lib/python3.10/site-packages/magbot_utilities-0.0.0-py3.10.egg-info
[5.637s] running install_scripts
[5.700s] writing list of installed files to '/home/jarvis/magic/ROS/magbot_ws/build/magbot_utilities/install.log'
[5.879s] Invoked command in '/home/jarvis/magic/ROS/magbot_ws/src/magbot_utilities' returned '0': PYTHONPATH=/home/jarvis/magic/ROS/magbot_ws/build/magbot_utilities/prefix_override:/home/jarvis/magic/ROS/magbot_ws/install/magbot_utilities/lib/python3.10/site-packages:${PYTHONPATH} /usr/bin/python3 -W ignore:setup.py install is deprecated setup.py egg_info --egg-base ../../build/magbot_utilities build --build-base /home/jarvis/magic/ROS/magbot_ws/build/magbot_utilities/build install --record /home/jarvis/magic/ROS/magbot_ws/build/magbot_utilities/install.log --single-version-externally-managed install_data
