[3.948s] Invoking command in '/home/jarvis/magic/ROS/magbot_ws/src/magbot_description': PYTHONPATH=/home/jarvis/magic/ROS/magbot_ws/build/magbot_description/prefix_override:/home/jarvis/magic/ROS/magbot_ws/install/magbot_description/lib/python3.10/site-packages:${PYTHONPATH} /usr/bin/python3 -W ignore:setup.py install is deprecated setup.py egg_info --egg-base ../../build/magbot_description build --build-base /home/jarvis/magic/ROS/magbot_ws/build/magbot_description/build install --record /home/jarvis/magic/ROS/magbot_ws/build/magbot_description/install.log --single-version-externally-managed install_data
[4.698s] running egg_info
[4.700s] writing ../../build/magbot_description/magbot_description.egg-info/PKG-INFO
[4.701s] writing dependency_links to ../../build/magbot_description/magbot_description.egg-info/dependency_links.txt
[4.702s] writing entry points to ../../build/magbot_description/magbot_description.egg-info/entry_points.txt
[4.702s] writing requirements to ../../build/magbot_description/magbot_description.egg-info/requires.txt
[4.703s] writing top-level names to ../../build/magbot_description/magbot_description.egg-info/top_level.txt
[4.708s] reading manifest file '../../build/magbot_description/magbot_description.egg-info/SOURCES.txt'
[4.717s] writing manifest file '../../build/magbot_description/magbot_description.egg-info/SOURCES.txt'
[4.718s] running build
[4.718s] running build_py
[4.724s] running install
[4.726s] running install_lib
[4.735s] running install_data
[4.736s] running install_egg_info
[4.747s] removing '/home/jarvis/magic/ROS/magbot_ws/install/magbot_description/lib/python3.10/site-packages/magbot_description-0.0.0-py3.10.egg-info' (and everything under it)
[4.752s] Copying ../../build/magbot_description/magbot_description.egg-info to /home/jarvis/magic/ROS/magbot_ws/install/magbot_description/lib/python3.10/site-packages/magbot_description-0.0.0-py3.10.egg-info
[4.757s] running install_scripts
[4.804s] writing list of installed files to '/home/jarvis/magic/ROS/magbot_ws/build/magbot_description/install.log'
[4.965s] Invoked command in '/home/jarvis/magic/ROS/magbot_ws/src/magbot_description' returned '0': PYTHONPATH=/home/jarvis/magic/ROS/magbot_ws/build/magbot_description/prefix_override:/home/jarvis/magic/ROS/magbot_ws/install/magbot_description/lib/python3.10/site-packages:${PYTHONPATH} /usr/bin/python3 -W ignore:setup.py install is deprecated setup.py egg_info --egg-base ../../build/magbot_description build --build-base /home/jarvis/magic/ROS/magbot_ws/build/magbot_description/build install --record /home/jarvis/magic/ROS/magbot_ws/build/magbot_description/install.log --single-version-externally-managed install_data
