[3.912s] Invoking command in '/home/jarvis/magic/ROS/magbot_ws/src/magbot_gazebo': PYTHONPATH=/home/jarvis/magic/ROS/magbot_ws/build/magbot_gazebo/prefix_override:/home/jarvis/magic/ROS/magbot_ws/install/magbot_gazebo/lib/python3.10/site-packages:${PYTHONPATH} /usr/bin/python3 -W ignore:setup.py install is deprecated setup.py egg_info --egg-base ../../build/magbot_gazebo build --build-base /home/jarvis/magic/ROS/magbot_ws/build/magbot_gazebo/build install --record /home/jarvis/magic/ROS/magbot_ws/build/magbot_gazebo/install.log --single-version-externally-managed install_data
[4.563s] running egg_info
[4.565s] writing ../../build/magbot_gazebo/magbot_gazebo.egg-info/PKG-INFO
[4.567s] writing dependency_links to ../../build/magbot_gazebo/magbot_gazebo.egg-info/dependency_links.txt
[4.568s] writing entry points to ../../build/magbot_gazebo/magbot_gazebo.egg-info/entry_points.txt
[4.569s] writing requirements to ../../build/magbot_gazebo/magbot_gazebo.egg-info/requires.txt
[4.570s] writing top-level names to ../../build/magbot_gazebo/magbot_gazebo.egg-info/top_level.txt
[4.574s] reading manifest file '../../build/magbot_gazebo/magbot_gazebo.egg-info/SOURCES.txt'
[4.577s] writing manifest file '../../build/magbot_gazebo/magbot_gazebo.egg-info/SOURCES.txt'
[4.577s] running build
[4.577s] running build_py
[4.582s] running install
[4.582s] running install_lib
[4.585s] running install_data
[4.585s] running install_egg_info
[4.590s] removing '/home/jarvis/magic/ROS/magbot_ws/install/magbot_gazebo/lib/python3.10/site-packages/magbot_gazebo-0.0.0-py3.10.egg-info' (and everything under it)
[4.594s] Copying ../../build/magbot_gazebo/magbot_gazebo.egg-info to /home/jarvis/magic/ROS/magbot_ws/install/magbot_gazebo/lib/python3.10/site-packages/magbot_gazebo-0.0.0-py3.10.egg-info
[4.596s] running install_scripts
[4.664s] writing list of installed files to '/home/jarvis/magic/ROS/magbot_ws/build/magbot_gazebo/install.log'
[4.801s] Invoked command in '/home/jarvis/magic/ROS/magbot_ws/src/magbot_gazebo' returned '0': PYTHONPATH=/home/jarvis/magic/ROS/magbot_ws/build/magbot_gazebo/prefix_override:/home/jarvis/magic/ROS/magbot_ws/install/magbot_gazebo/lib/python3.10/site-packages:${PYTHONPATH} /usr/bin/python3 -W ignore:setup.py install is deprecated setup.py egg_info --egg-base ../../build/magbot_gazebo build --build-base /home/jarvis/magic/ROS/magbot_ws/build/magbot_gazebo/build install --record /home/jarvis/magic/ROS/magbot_ws/build/magbot_gazebo/install.log --single-version-externally-managed install_data
