[3.917s] Invoking command in '/home/jarvis/magic/ROS/magbot_ws/src/magbot': PYTHONPATH=/home/jarvis/magic/ROS/magbot_ws/build/magbot/prefix_override:/home/jarvis/magic/ROS/magbot_ws/install/magbot/lib/python3.10/site-packages:${PYTHONPATH} /usr/bin/python3 -W ignore:setup.py install is deprecated setup.py egg_info --egg-base ../../build/magbot build --build-base /home/jarvis/magic/ROS/magbot_ws/build/magbot/build install --record /home/jarvis/magic/ROS/magbot_ws/build/magbot/install.log --single-version-externally-managed install_data
[4.517s] running egg_info
[4.519s] writing ../../build/magbot/magbot.egg-info/PKG-INFO
[4.521s] writing dependency_links to ../../build/magbot/magbot.egg-info/dependency_links.txt
[4.522s] writing entry points to ../../build/magbot/magbot.egg-info/entry_points.txt
[4.523s] writing requirements to ../../build/magbot/magbot.egg-info/requires.txt
[4.524s] writing top-level names to ../../build/magbot/magbot.egg-info/top_level.txt
[4.530s] reading manifest file '../../build/magbot/magbot.egg-info/SOURCES.txt'
[4.539s] writing manifest file '../../build/magbot/magbot.egg-info/SOURCES.txt'
[4.540s] running build
[4.540s] running build_py
[4.551s] running install
[4.552s] running install_lib
[4.559s] running install_data
[4.559s] running install_egg_info
[4.574s] removing '/home/jarvis/magic/ROS/magbot_ws/install/magbot/lib/python3.10/site-packages/magbot-0.0.0-py3.10.egg-info' (and everything under it)
[4.581s] Copying ../../build/magbot/magbot.egg-info to /home/jarvis/magic/ROS/magbot_ws/install/magbot/lib/python3.10/site-packages/magbot-0.0.0-py3.10.egg-info
[4.584s] running install_scripts
[4.637s] writing list of installed files to '/home/jarvis/magic/ROS/magbot_ws/build/magbot/install.log'
[4.814s] Invoked command in '/home/jarvis/magic/ROS/magbot_ws/src/magbot' returned '0': PYTHONPATH=/home/jarvis/magic/ROS/magbot_ws/build/magbot/prefix_override:/home/jarvis/magic/ROS/magbot_ws/install/magbot/lib/python3.10/site-packages:${PYTHONPATH} /usr/bin/python3 -W ignore:setup.py install is deprecated setup.py egg_info --egg-base ../../build/magbot build --build-base /home/jarvis/magic/ROS/magbot_ws/build/magbot/build install --record /home/jarvis/magic/ROS/magbot_ws/build/magbot/install.log --single-version-externally-managed install_data
