running egg_info
writing ../../../build/magbot_peripheral_interfacing/magbot_peripheral_interfacing.egg-info/PKG-INFO
writing dependency_links to ../../../build/magbot_peripheral_interfacing/magbot_peripheral_interfacing.egg-info/dependency_links.txt
writing entry points to ../../../build/magbot_peripheral_interfacing/magbot_peripheral_interfacing.egg-info/entry_points.txt
writing requirements to ../../../build/magbot_peripheral_interfacing/magbot_peripheral_interfacing.egg-info/requires.txt
writing top-level names to ../../../build/magbot_peripheral_interfacing/magbot_peripheral_interfacing.egg-info/top_level.txt
reading manifest file '../../../build/magbot_peripheral_interfacing/magbot_peripheral_interfacing.egg-info/SOURCES.txt'
writing manifest file '../../../build/magbot_peripheral_interfacing/magbot_peripheral_interfacing.egg-info/SOURCES.txt'
running build
running build_py
copying magbot_peripheral_interfacing/IMU.py -> /home/jarvis/magic/ROS/magbot_ws/build/magbot_peripheral_interfacing/build/lib/magbot_peripheral_interfacing
copying magbot_peripheral_interfacing/magbot_lcd_interfacing.py -> /home/jarvis/magic/ROS/magbot_ws/build/magbot_peripheral_interfacing/build/lib/magbot_peripheral_interfacing
copying magbot_peripheral_interfacing/battery_voltage_checking.py -> /home/jarvis/magic/ROS/magbot_ws/build/magbot_peripheral_interfacing/build/lib/magbot_peripheral_interfacing
running install
running install_lib
copying /home/jarvis/magic/ROS/magbot_ws/build/magbot_peripheral_interfacing/build/lib/magbot_peripheral_interfacing/IMU.py -> /home/jarvis/magic/ROS/magbot_ws/install/magbot_peripheral_interfacing/lib/python3.10/site-packages/magbot_peripheral_interfacing
copying /home/jarvis/magic/ROS/magbot_ws/build/magbot_peripheral_interfacing/build/lib/magbot_peripheral_interfacing/magbot_lcd_interfacing.py -> /home/jarvis/magic/ROS/magbot_ws/install/magbot_peripheral_interfacing/lib/python3.10/site-packages/magbot_peripheral_interfacing
copying /home/jarvis/magic/ROS/magbot_ws/build/magbot_peripheral_interfacing/build/lib/magbot_peripheral_interfacing/battery_voltage_checking.py -> /home/jarvis/magic/ROS/magbot_ws/install/magbot_peripheral_interfacing/lib/python3.10/site-packages/magbot_peripheral_interfacing
byte-compiling /home/jarvis/magic/ROS/magbot_ws/install/magbot_peripheral_interfacing/lib/python3.10/site-packages/magbot_peripheral_interfacing/IMU.py to IMU.cpython-310.pyc
byte-compiling /home/jarvis/magic/ROS/magbot_ws/install/magbot_peripheral_interfacing/lib/python3.10/site-packages/magbot_peripheral_interfacing/magbot_lcd_interfacing.py to magbot_lcd_interfacing.cpython-310.pyc
byte-compiling /home/jarvis/magic/ROS/magbot_ws/install/magbot_peripheral_interfacing/lib/python3.10/site-packages/magbot_peripheral_interfacing/battery_voltage_checking.py to battery_voltage_checking.cpython-310.pyc
running install_data
copying package.xml -> /home/jarvis/magic/ROS/magbot_ws/install/magbot_peripheral_interfacing/share/magbot_peripheral_interfacing
running install_egg_info
removing '/home/jarvis/magic/ROS/magbot_ws/install/magbot_peripheral_interfacing/lib/python3.10/site-packages/magbot_peripheral_interfacing-0.0.0-py3.10.egg-info' (and everything under it)
Copying ../../../build/magbot_peripheral_interfacing/magbot_peripheral_interfacing.egg-info to /home/jarvis/magic/ROS/magbot_ws/install/magbot_peripheral_interfacing/lib/python3.10/site-packages/magbot_peripheral_interfacing-0.0.0-py3.10.egg-info
running install_scripts
writing list of installed files to '/home/jarvis/magic/ROS/magbot_ws/build/magbot_peripheral_interfacing/install.log'
