[5.192s] Invoking command in '/home/jarvis/magic/ROS/magbot_ws/src/magbot_gazebo': PYTHONPATH=/home/jarvis/magic/ROS/magbot_ws/build/magbot_gazebo/prefix_override:/home/jarvis/magic/ROS/magbot_ws/install/magbot_gazebo/lib/python3.10/site-packages:${PYTHONPATH} /usr/bin/python3 -W ignore:setup.py install is deprecated setup.py egg_info --egg-base ../../build/magbot_gazebo build --build-base /home/jarvis/magic/ROS/magbot_ws/build/magbot_gazebo/build install --record /home/jarvis/magic/ROS/magbot_ws/build/magbot_gazebo/install.log --single-version-externally-managed install_data
[6.541s] running egg_info
[6.542s] creating ../../build/magbot_gazebo/magbot_gazebo.egg-info
[6.573s] writing ../../build/magbot_gazebo/magbot_gazebo.egg-info/PKG-INFO
[6.573s] writing dependency_links to ../../build/magbot_gazebo/magbot_gazebo.egg-info/dependency_links.txt
[6.573s] writing entry points to ../../build/magbot_gazebo/magbot_gazebo.egg-info/entry_points.txt
[6.573s] writing requirements to ../../build/magbot_gazebo/magbot_gazebo.egg-info/requires.txt
[6.573s] writing top-level names to ../../build/magbot_gazebo/magbot_gazebo.egg-info/top_level.txt
[6.573s] writing manifest file '../../build/magbot_gazebo/magbot_gazebo.egg-info/SOURCES.txt'
[6.574s] reading manifest file '../../build/magbot_gazebo/magbot_gazebo.egg-info/SOURCES.txt'
[6.576s] writing manifest file '../../build/magbot_gazebo/magbot_gazebo.egg-info/SOURCES.txt'
[6.576s] running build
[6.577s] running build_py
[6.577s] creating /home/jarvis/magic/ROS/magbot_ws/build/magbot_gazebo/build
[6.577s] creating /home/jarvis/magic/ROS/magbot_ws/build/magbot_gazebo/build/lib
[6.584s] creating /home/jarvis/magic/ROS/magbot_ws/build/magbot_gazebo/build/lib/magbot_gazebo
[6.584s] copying magbot_gazebo/__init__.py -> /home/jarvis/magic/ROS/magbot_ws/build/magbot_gazebo/build/lib/magbot_gazebo
[6.585s] running install
[6.589s] running install_lib
[6.597s] creating /home/jarvis/magic/ROS/magbot_ws/install/magbot_gazebo/lib/python3.10/site-packages/magbot_gazebo
[6.597s] copying /home/jarvis/magic/ROS/magbot_ws/build/magbot_gazebo/build/lib/magbot_gazebo/__init__.py -> /home/jarvis/magic/ROS/magbot_ws/install/magbot_gazebo/lib/python3.10/site-packages/magbot_gazebo
[6.599s] byte-compiling /home/jarvis/magic/ROS/magbot_ws/install/magbot_gazebo/lib/python3.10/site-packages/magbot_gazebo/__init__.py to __init__.cpython-310.pyc
[6.601s] running install_data
[6.602s] creating /home/jarvis/magic/ROS/magbot_ws/install/magbot_gazebo/share/ament_index
[6.602s] creating /home/jarvis/magic/ROS/magbot_ws/install/magbot_gazebo/share/ament_index/resource_index
[6.602s] creating /home/jarvis/magic/ROS/magbot_ws/install/magbot_gazebo/share/ament_index/resource_index/packages
[6.603s] copying resource/magbot_gazebo -> /home/jarvis/magic/ROS/magbot_ws/install/magbot_gazebo/share/ament_index/resource_index/packages
[6.613s] copying package.xml -> /home/jarvis/magic/ROS/magbot_ws/install/magbot_gazebo/share/magbot_gazebo
[6.614s] running install_egg_info
[6.622s] Copying ../../build/magbot_gazebo/magbot_gazebo.egg-info to /home/jarvis/magic/ROS/magbot_ws/install/magbot_gazebo/lib/python3.10/site-packages/magbot_gazebo-0.0.0-py3.10.egg-info
[6.624s] running install_scripts
[6.808s] writing list of installed files to '/home/jarvis/magic/ROS/magbot_ws/build/magbot_gazebo/install.log'
[7.871s] Invoked command in '/home/jarvis/magic/ROS/magbot_ws/src/magbot_gazebo' returned '0': PYTHONPATH=/home/jarvis/magic/ROS/magbot_ws/build/magbot_gazebo/prefix_override:/home/jarvis/magic/ROS/magbot_ws/install/magbot_gazebo/lib/python3.10/site-packages:${PYTHONPATH} /usr/bin/python3 -W ignore:setup.py install is deprecated setup.py egg_info --egg-base ../../build/magbot_gazebo build --build-base /home/jarvis/magic/ROS/magbot_ws/build/magbot_gazebo/build install --record /home/jarvis/magic/ROS/magbot_ws/build/magbot_gazebo/install.log --single-version-externally-managed install_data
