[5.242s] Invoking command in '/home/jarvis/magic/ROS/magbot_ws/src/magbot_description': PYTHONPATH=/home/jarvis/magic/ROS/magbot_ws/build/magbot_description/prefix_override:/home/jarvis/magic/ROS/magbot_ws/install/magbot_description/lib/python3.10/site-packages:${PYTHONPATH} /usr/bin/python3 -W ignore:setup.py install is deprecated setup.py egg_info --egg-base ../../build/magbot_description build --build-base /home/jarvis/magic/ROS/magbot_ws/build/magbot_description/build install --record /home/jarvis/magic/ROS/magbot_ws/build/magbot_description/install.log --single-version-externally-managed install_data
[6.684s] running egg_info
[6.685s] creating ../../build/magbot_description/magbot_description.egg-info
[6.694s] writing ../../build/magbot_description/magbot_description.egg-info/PKG-INFO
[6.697s] writing dependency_links to ../../build/magbot_description/magbot_description.egg-info/dependency_links.txt
[6.698s] writing entry points to ../../build/magbot_description/magbot_description.egg-info/entry_points.txt
[6.700s] writing requirements to ../../build/magbot_description/magbot_description.egg-info/requires.txt
[6.701s] writing top-level names to ../../build/magbot_description/magbot_description.egg-info/top_level.txt
[6.702s] writing manifest file '../../build/magbot_description/magbot_description.egg-info/SOURCES.txt'
[6.733s] reading manifest file '../../build/magbot_description/magbot_description.egg-info/SOURCES.txt'
[6.740s] writing manifest file '../../build/magbot_description/magbot_description.egg-info/SOURCES.txt'
[6.740s] running build
[6.740s] running build_py
[6.740s] creating /home/jarvis/magic/ROS/magbot_ws/build/magbot_description/build
[6.741s] creating /home/jarvis/magic/ROS/magbot_ws/build/magbot_description/build/lib
[6.741s] creating /home/jarvis/magic/ROS/magbot_ws/build/magbot_description/build/lib/magbot_description
[6.741s] copying magbot_description/__init__.py -> /home/jarvis/magic/ROS/magbot_ws/build/magbot_description/build/lib/magbot_description
[6.741s] running install
[6.741s] running install_lib
[6.741s] creating /home/jarvis/magic/ROS/magbot_ws/install/magbot_description/lib/python3.10/site-packages/magbot_description
[6.741s] copying /home/jarvis/magic/ROS/magbot_ws/build/magbot_description/build/lib/magbot_description/__init__.py -> /home/jarvis/magic/ROS/magbot_ws/install/magbot_description/lib/python3.10/site-packages/magbot_description
[6.742s] byte-compiling /home/jarvis/magic/ROS/magbot_ws/install/magbot_description/lib/python3.10/site-packages/magbot_description/__init__.py to __init__.cpython-310.pyc
[6.742s] running install_data
[6.743s] creating /home/jarvis/magic/ROS/magbot_ws/install/magbot_description/share/ament_index
[6.743s] creating /home/jarvis/magic/ROS/magbot_ws/install/magbot_description/share/ament_index/resource_index
[6.743s] creating /home/jarvis/magic/ROS/magbot_ws/install/magbot_description/share/ament_index/resource_index/packages
[6.743s] copying resource/magbot_description -> /home/jarvis/magic/ROS/magbot_ws/install/magbot_description/share/ament_index/resource_index/packages
[6.743s] copying package.xml -> /home/jarvis/magic/ROS/magbot_ws/install/magbot_description/share/magbot_description
[6.744s] running install_egg_info
[6.751s] Copying ../../build/magbot_description/magbot_description.egg-info to /home/jarvis/magic/ROS/magbot_ws/install/magbot_description/lib/python3.10/site-packages/magbot_description-0.0.0-py3.10.egg-info
[6.753s] running install_scripts
[6.866s] writing list of installed files to '/home/jarvis/magic/ROS/magbot_ws/build/magbot_description/install.log'
[7.903s] Invoked command in '/home/jarvis/magic/ROS/magbot_ws/src/magbot_description' returned '0': PYTHONPATH=/home/jarvis/magic/ROS/magbot_ws/build/magbot_description/prefix_override:/home/jarvis/magic/ROS/magbot_ws/install/magbot_description/lib/python3.10/site-packages:${PYTHONPATH} /usr/bin/python3 -W ignore:setup.py install is deprecated setup.py egg_info --egg-base ../../build/magbot_description build --build-base /home/jarvis/magic/ROS/magbot_ws/build/magbot_description/build install --record /home/jarvis/magic/ROS/magbot_ws/build/magbot_description/install.log --single-version-externally-managed install_data
