running egg_info
creating ../../build/magbot_control/magbot_control.egg-info
writing ../../build/magbot_control/magbot_control.egg-info/PKG-INFO
writing dependency_links to ../../build/magbot_control/magbot_control.egg-info/dependency_links.txt
writing entry points to ../../build/magbot_control/magbot_control.egg-info/entry_points.txt
writing requirements to ../../build/magbot_control/magbot_control.egg-info/requires.txt
writing top-level names to ../../build/magbot_control/magbot_control.egg-info/top_level.txt
writing manifest file '../../build/magbot_control/magbot_control.egg-info/SOURCES.txt'
reading manifest file '../../build/magbot_control/magbot_control.egg-info/SOURCES.txt'
writing manifest file '../../build/magbot_control/magbot_control.egg-info/SOURCES.txt'
running build
running build_py
creating /home/jarvis/magic/ROS/magbot_ws/build/magbot_control/build
creating /home/jarvis/magic/ROS/magbot_ws/build/magbot_control/build/lib
creating /home/jarvis/magic/ROS/magbot_ws/build/magbot_control/build/lib/magbot_control
copying magbot_control/__init__.py -> /home/jarvis/magic/ROS/magbot_ws/build/magbot_control/build/lib/magbot_control
running install
running install_lib
creating /home/jarvis/magic/ROS/magbot_ws/install/magbot_control/lib/python3.10/site-packages/magbot_control
copying /home/jarvis/magic/ROS/magbot_ws/build/magbot_control/build/lib/magbot_control/__init__.py -> /home/jarvis/magic/ROS/magbot_ws/install/magbot_control/lib/python3.10/site-packages/magbot_control
byte-compiling /home/jarvis/magic/ROS/magbot_ws/install/magbot_control/lib/python3.10/site-packages/magbot_control/__init__.py to __init__.cpython-310.pyc
running install_data
creating /home/jarvis/magic/ROS/magbot_ws/install/magbot_control/share/ament_index
creating /home/jarvis/magic/ROS/magbot_ws/install/magbot_control/share/ament_index/resource_index
creating /home/jarvis/magic/ROS/magbot_ws/install/magbot_control/share/ament_index/resource_index/packages
copying resource/magbot_control -> /home/jarvis/magic/ROS/magbot_ws/install/magbot_control/share/ament_index/resource_index/packages
copying package.xml -> /home/jarvis/magic/ROS/magbot_ws/install/magbot_control/share/magbot_control
running install_egg_info
Copying ../../build/magbot_control/magbot_control.egg-info to /home/jarvis/magic/ROS/magbot_ws/install/magbot_control/lib/python3.10/site-packages/magbot_control-0.0.0-py3.10.egg-info
running install_scripts
writing list of installed files to '/home/jarvis/magic/ROS/magbot_ws/build/magbot_control/install.log'
