[3.701s] Invoking command in '/home/jarvis/magic/ROS/magbot_ws/src/magbot_hardware_interfacing/magbot_peripheral_interfacing': PYTHONPATH=/home/jarvis/magic/ROS/magbot_ws/build/magbot_peripheral_interfacing/prefix_override:/home/jarvis/magic/ROS/magbot_ws/install/magbot_peripheral_interfacing/lib/python3.10/site-packages:${PYTHONPATH} /usr/bin/python3 -W ignore:setup.py install is deprecated setup.py egg_info --egg-base ../../../build/magbot_peripheral_interfacing build --build-base /home/jarvis/magic/ROS/magbot_ws/build/magbot_peripheral_interfacing/build install --record /home/jarvis/magic/ROS/magbot_ws/build/magbot_peripheral_interfacing/install.log --single-version-externally-managed install_data
[4.415s] running egg_info
[4.416s] creating ../../../build/magbot_peripheral_interfacing/magbot_peripheral_interfacing.egg-info
[4.416s] writing ../../../build/magbot_peripheral_interfacing/magbot_peripheral_interfacing.egg-info/PKG-INFO
[4.417s] writing dependency_links to ../../../build/magbot_peripheral_interfacing/magbot_peripheral_interfacing.egg-info/dependency_links.txt
[4.437s] writing entry points to ../../../build/magbot_peripheral_interfacing/magbot_peripheral_interfacing.egg-info/entry_points.txt
[4.438s] writing requirements to ../../../build/magbot_peripheral_interfacing/magbot_peripheral_interfacing.egg-info/requires.txt
[4.438s] writing top-level names to ../../../build/magbot_peripheral_interfacing/magbot_peripheral_interfacing.egg-info/top_level.txt
[4.438s] writing manifest file '../../../build/magbot_peripheral_interfacing/magbot_peripheral_interfacing.egg-info/SOURCES.txt'
[4.442s] reading manifest file '../../../build/magbot_peripheral_interfacing/magbot_peripheral_interfacing.egg-info/SOURCES.txt'
[4.444s] writing manifest file '../../../build/magbot_peripheral_interfacing/magbot_peripheral_interfacing.egg-info/SOURCES.txt'
[4.444s] running build
[4.444s] running build_py
[4.444s] creating /home/jarvis/magic/ROS/magbot_ws/build/magbot_peripheral_interfacing/build
[4.445s] creating /home/jarvis/magic/ROS/magbot_ws/build/magbot_peripheral_interfacing/build/lib
[4.445s] creating /home/jarvis/magic/ROS/magbot_ws/build/magbot_peripheral_interfacing/build/lib/magbot_peripheral_interfacing
[4.445s] copying magbot_peripheral_interfacing/__init__.py -> /home/jarvis/magic/ROS/magbot_ws/build/magbot_peripheral_interfacing/build/lib/magbot_peripheral_interfacing
[4.446s] running install
[4.447s] running install_lib
[4.449s] creating /home/jarvis/magic/ROS/magbot_ws/install/magbot_peripheral_interfacing/lib/python3.10/site-packages/magbot_peripheral_interfacing
[4.449s] copying /home/jarvis/magic/ROS/magbot_ws/build/magbot_peripheral_interfacing/build/lib/magbot_peripheral_interfacing/__init__.py -> /home/jarvis/magic/ROS/magbot_ws/install/magbot_peripheral_interfacing/lib/python3.10/site-packages/magbot_peripheral_interfacing
[4.450s] byte-compiling /home/jarvis/magic/ROS/magbot_ws/install/magbot_peripheral_interfacing/lib/python3.10/site-packages/magbot_peripheral_interfacing/__init__.py to __init__.cpython-310.pyc
[4.451s] running install_data
[4.451s] creating /home/jarvis/magic/ROS/magbot_ws/install/magbot_peripheral_interfacing/share/ament_index
[4.451s] creating /home/jarvis/magic/ROS/magbot_ws/install/magbot_peripheral_interfacing/share/ament_index/resource_index
[4.451s] creating /home/jarvis/magic/ROS/magbot_ws/install/magbot_peripheral_interfacing/share/ament_index/resource_index/packages
[4.451s] copying resource/magbot_peripheral_interfacing -> /home/jarvis/magic/ROS/magbot_ws/install/magbot_peripheral_interfacing/share/ament_index/resource_index/packages
[4.452s] copying package.xml -> /home/jarvis/magic/ROS/magbot_ws/install/magbot_peripheral_interfacing/share/magbot_peripheral_interfacing
[4.452s] running install_egg_info
[4.457s] Copying ../../../build/magbot_peripheral_interfacing/magbot_peripheral_interfacing.egg-info to /home/jarvis/magic/ROS/magbot_ws/install/magbot_peripheral_interfacing/lib/python3.10/site-packages/magbot_peripheral_interfacing-0.0.0-py3.10.egg-info
[4.459s] running install_scripts
[4.510s] writing list of installed files to '/home/jarvis/magic/ROS/magbot_ws/build/magbot_peripheral_interfacing/install.log'
[4.596s] Invoked command in '/home/jarvis/magic/ROS/magbot_ws/src/magbot_hardware_interfacing/magbot_peripheral_interfacing' returned '0': PYTHONPATH=/home/jarvis/magic/ROS/magbot_ws/build/magbot_peripheral_interfacing/prefix_override:/home/jarvis/magic/ROS/magbot_ws/install/magbot_peripheral_interfacing/lib/python3.10/site-packages:${PYTHONPATH} /usr/bin/python3 -W ignore:setup.py install is deprecated setup.py egg_info --egg-base ../../../build/magbot_peripheral_interfacing build --build-base /home/jarvis/magic/ROS/magbot_ws/build/magbot_peripheral_interfacing/build install --record /home/jarvis/magic/ROS/magbot_ws/build/magbot_peripheral_interfacing/install.log --single-version-externally-managed install_data
