running egg_info
creating ../../build/magbot_gazebo/magbot_gazebo.egg-info
writing ../../build/magbot_gazebo/magbot_gazebo.egg-info/PKG-INFO
writing dependency_links to ../../build/magbot_gazebo/magbot_gazebo.egg-info/dependency_links.txt
writing entry points to ../../build/magbot_gazebo/magbot_gazebo.egg-info/entry_points.txt
writing requirements to ../../build/magbot_gazebo/magbot_gazebo.egg-info/requires.txt
writing top-level names to ../../build/magbot_gazebo/magbot_gazebo.egg-info/top_level.txt
writing manifest file '../../build/magbot_gazebo/magbot_gazebo.egg-info/SOURCES.txt'
reading manifest file '../../build/magbot_gazebo/magbot_gazebo.egg-info/SOURCES.txt'
writing manifest file '../../build/magbot_gazebo/magbot_gazebo.egg-info/SOURCES.txt'
running build
running build_py
creating /home/jarvis/magic/ROS/magbot_ws/build/magbot_gazebo/build
creating /home/jarvis/magic/ROS/magbot_ws/build/magbot_gazebo/build/lib
creating /home/jarvis/magic/ROS/magbot_ws/build/magbot_gazebo/build/lib/magbot_gazebo
copying magbot_gazebo/__init__.py -> /home/jarvis/magic/ROS/magbot_ws/build/magbot_gazebo/build/lib/magbot_gazebo
running install
running install_lib
creating /home/jarvis/magic/ROS/magbot_ws/install/magbot_gazebo/lib/python3.10/site-packages/magbot_gazebo
copying /home/jarvis/magic/ROS/magbot_ws/build/magbot_gazebo/build/lib/magbot_gazebo/__init__.py -> /home/jarvis/magic/ROS/magbot_ws/install/magbot_gazebo/lib/python3.10/site-packages/magbot_gazebo
byte-compiling /home/jarvis/magic/ROS/magbot_ws/install/magbot_gazebo/lib/python3.10/site-packages/magbot_gazebo/__init__.py to __init__.cpython-310.pyc
running install_data
creating /home/jarvis/magic/ROS/magbot_ws/install/magbot_gazebo/share/ament_index
creating /home/jarvis/magic/ROS/magbot_ws/install/magbot_gazebo/share/ament_index/resource_index
creating /home/jarvis/magic/ROS/magbot_ws/install/magbot_gazebo/share/ament_index/resource_index/packages
copying resource/magbot_gazebo -> /home/jarvis/magic/ROS/magbot_ws/install/magbot_gazebo/share/ament_index/resource_index/packages
copying package.xml -> /home/jarvis/magic/ROS/magbot_ws/install/magbot_gazebo/share/magbot_gazebo
running install_egg_info
Copying ../../build/magbot_gazebo/magbot_gazebo.egg-info to /home/jarvis/magic/ROS/magbot_ws/install/magbot_gazebo/lib/python3.10/site-packages/magbot_gazebo-0.0.0-py3.10.egg-info
running install_scripts
writing list of installed files to '/home/jarvis/magic/ROS/magbot_ws/build/magbot_gazebo/install.log'
