[3.934s] Invoking command in '/home/jarvis/magic/ROS/magbot_ws/src/magbot_hardware_interfacing/magbot_input_interfacing': PYTHONPATH=/home/jarvis/magic/ROS/magbot_ws/build/magbot_input_interfacing/prefix_override:/home/jarvis/magic/ROS/magbot_ws/install/magbot_input_interfacing/lib/python3.10/site-packages:${PYTHONPATH} /usr/bin/python3 -W ignore:setup.py install is deprecated setup.py egg_info --egg-base ../../../build/magbot_input_interfacing build --build-base /home/jarvis/magic/ROS/magbot_ws/build/magbot_input_interfacing/build install --record /home/jarvis/magic/ROS/magbot_ws/build/magbot_input_interfacing/install.log --single-version-externally-managed install_data
[4.545s] running egg_info
[4.546s] creating ../../../build/magbot_input_interfacing/magbot_input_interfacing.egg-info
[4.546s] writing ../../../build/magbot_input_interfacing/magbot_input_interfacing.egg-info/PKG-INFO
[4.547s] writing dependency_links to ../../../build/magbot_input_interfacing/magbot_input_interfacing.egg-info/dependency_links.txt
[4.547s] writing entry points to ../../../build/magbot_input_interfacing/magbot_input_interfacing.egg-info/entry_points.txt
[4.548s] writing requirements to ../../../build/magbot_input_interfacing/magbot_input_interfacing.egg-info/requires.txt
[4.548s] writing top-level names to ../../../build/magbot_input_interfacing/magbot_input_interfacing.egg-info/top_level.txt
[4.548s] writing manifest file '../../../build/magbot_input_interfacing/magbot_input_interfacing.egg-info/SOURCES.txt'
[4.548s] reading manifest file '../../../build/magbot_input_interfacing/magbot_input_interfacing.egg-info/SOURCES.txt'
[4.549s] writing manifest file '../../../build/magbot_input_interfacing/magbot_input_interfacing.egg-info/SOURCES.txt'
[4.549s] running build
[4.549s] running build_py
[4.550s] creating /home/jarvis/magic/ROS/magbot_ws/build/magbot_input_interfacing/build
[4.550s] creating /home/jarvis/magic/ROS/magbot_ws/build/magbot_input_interfacing/build/lib
[4.550s] creating /home/jarvis/magic/ROS/magbot_ws/build/magbot_input_interfacing/build/lib/magbot_input_interfacing
[4.551s] copying magbot_input_interfacing/__init__.py -> /home/jarvis/magic/ROS/magbot_ws/build/magbot_input_interfacing/build/lib/magbot_input_interfacing
[4.551s] running install
[4.552s] running install_lib
[4.552s] creating /home/jarvis/magic/ROS/magbot_ws/install/magbot_input_interfacing/lib/python3.10/site-packages/magbot_input_interfacing
[4.552s] copying /home/jarvis/magic/ROS/magbot_ws/build/magbot_input_interfacing/build/lib/magbot_input_interfacing/__init__.py -> /home/jarvis/magic/ROS/magbot_ws/install/magbot_input_interfacing/lib/python3.10/site-packages/magbot_input_interfacing
[4.552s] byte-compiling /home/jarvis/magic/ROS/magbot_ws/install/magbot_input_interfacing/lib/python3.10/site-packages/magbot_input_interfacing/__init__.py to __init__.cpython-310.pyc
[4.553s] running install_data
[4.553s] creating /home/jarvis/magic/ROS/magbot_ws/install/magbot_input_interfacing/share/ament_index
[4.553s] creating /home/jarvis/magic/ROS/magbot_ws/install/magbot_input_interfacing/share/ament_index/resource_index
[4.554s] creating /home/jarvis/magic/ROS/magbot_ws/install/magbot_input_interfacing/share/ament_index/resource_index/packages
[4.554s] copying resource/magbot_input_interfacing -> /home/jarvis/magic/ROS/magbot_ws/install/magbot_input_interfacing/share/ament_index/resource_index/packages
[4.555s] copying package.xml -> /home/jarvis/magic/ROS/magbot_ws/install/magbot_input_interfacing/share/magbot_input_interfacing
[4.555s] running install_egg_info
[4.555s] Copying ../../../build/magbot_input_interfacing/magbot_input_interfacing.egg-info to /home/jarvis/magic/ROS/magbot_ws/install/magbot_input_interfacing/lib/python3.10/site-packages/magbot_input_interfacing-0.0.0-py3.10.egg-info
[4.555s] running install_scripts
[4.571s] writing list of installed files to '/home/jarvis/magic/ROS/magbot_ws/build/magbot_input_interfacing/install.log'
[4.665s] Invoked command in '/home/jarvis/magic/ROS/magbot_ws/src/magbot_hardware_interfacing/magbot_input_interfacing' returned '0': PYTHONPATH=/home/jarvis/magic/ROS/magbot_ws/build/magbot_input_interfacing/prefix_override:/home/jarvis/magic/ROS/magbot_ws/install/magbot_input_interfacing/lib/python3.10/site-packages:${PYTHONPATH} /usr/bin/python3 -W ignore:setup.py install is deprecated setup.py egg_info --egg-base ../../../build/magbot_input_interfacing build --build-base /home/jarvis/magic/ROS/magbot_ws/build/magbot_input_interfacing/build install --record /home/jarvis/magic/ROS/magbot_ws/build/magbot_input_interfacing/install.log --single-version-externally-managed install_data
