running egg_info
creating ../../build/magbot_utilities/magbot_utilities.egg-info
writing ../../build/magbot_utilities/magbot_utilities.egg-info/PKG-INFO
writing dependency_links to ../../build/magbot_utilities/magbot_utilities.egg-info/dependency_links.txt
writing entry points to ../../build/magbot_utilities/magbot_utilities.egg-info/entry_points.txt
writing requirements to ../../build/magbot_utilities/magbot_utilities.egg-info/requires.txt
writing top-level names to ../../build/magbot_utilities/magbot_utilities.egg-info/top_level.txt
writing manifest file '../../build/magbot_utilities/magbot_utilities.egg-info/SOURCES.txt'
reading manifest file '../../build/magbot_utilities/magbot_utilities.egg-info/SOURCES.txt'
writing manifest file '../../build/magbot_utilities/magbot_utilities.egg-info/SOURCES.txt'
running build
running build_py
creating /home/jarvis/magic/ROS/magbot_ws/build/magbot_utilities/build
creating /home/jarvis/magic/ROS/magbot_ws/build/magbot_utilities/build/lib
creating /home/jarvis/magic/ROS/magbot_ws/build/magbot_utilities/build/lib/magbot_utilities
copying magbot_utilities/__init__.py -> /home/jarvis/magic/ROS/magbot_ws/build/magbot_utilities/build/lib/magbot_utilities
running install
running install_lib
creating /home/jarvis/magic/ROS/magbot_ws/install/magbot_utilities/lib/python3.10/site-packages/magbot_utilities
copying /home/jarvis/magic/ROS/magbot_ws/build/magbot_utilities/build/lib/magbot_utilities/__init__.py -> /home/jarvis/magic/ROS/magbot_ws/install/magbot_utilities/lib/python3.10/site-packages/magbot_utilities
byte-compiling /home/jarvis/magic/ROS/magbot_ws/install/magbot_utilities/lib/python3.10/site-packages/magbot_utilities/__init__.py to __init__.cpython-310.pyc
running install_data
creating /home/jarvis/magic/ROS/magbot_ws/install/magbot_utilities/share/ament_index
creating /home/jarvis/magic/ROS/magbot_ws/install/magbot_utilities/share/ament_index/resource_index
creating /home/jarvis/magic/ROS/magbot_ws/install/magbot_utilities/share/ament_index/resource_index/packages
copying resource/magbot_utilities -> /home/jarvis/magic/ROS/magbot_ws/install/magbot_utilities/share/ament_index/resource_index/packages
copying package.xml -> /home/jarvis/magic/ROS/magbot_ws/install/magbot_utilities/share/magbot_utilities
running install_egg_info
Copying ../../build/magbot_utilities/magbot_utilities.egg-info to /home/jarvis/magic/ROS/magbot_ws/install/magbot_utilities/lib/python3.10/site-packages/magbot_utilities-0.0.0-py3.10.egg-info
running install_scripts
writing list of installed files to '/home/jarvis/magic/ROS/magbot_ws/build/magbot_utilities/install.log'
