[2.687s] Invoking command in '/home/jarvis/magic/ROS/magbot_ws/src/magbot_utilities': PYTHONPATH=/home/jarvis/magic/ROS/magbot_ws/build/magbot_utilities/prefix_override:/home/jarvis/magic/ROS/magbot_ws/install/magbot_utilities/lib/python3.10/site-packages:${PYTHONPATH} /usr/bin/python3 -W ignore:setup.py install is deprecated setup.py egg_info --egg-base ../../build/magbot_utilities build --build-base /home/jarvis/magic/ROS/magbot_ws/build/magbot_utilities/build install --record /home/jarvis/magic/ROS/magbot_ws/build/magbot_utilities/install.log --single-version-externally-managed install_data
[3.283s] running egg_info
[3.285s] creating ../../build/magbot_utilities/magbot_utilities.egg-info
[3.287s] writing ../../build/magbot_utilities/magbot_utilities.egg-info/PKG-INFO
[3.289s] writing dependency_links to ../../build/magbot_utilities/magbot_utilities.egg-info/dependency_links.txt
[3.291s] writing entry points to ../../build/magbot_utilities/magbot_utilities.egg-info/entry_points.txt
[3.292s] writing requirements to ../../build/magbot_utilities/magbot_utilities.egg-info/requires.txt
[3.292s] writing top-level names to ../../build/magbot_utilities/magbot_utilities.egg-info/top_level.txt
[3.292s] writing manifest file '../../build/magbot_utilities/magbot_utilities.egg-info/SOURCES.txt'
[3.296s] reading manifest file '../../build/magbot_utilities/magbot_utilities.egg-info/SOURCES.txt'
[3.299s] writing manifest file '../../build/magbot_utilities/magbot_utilities.egg-info/SOURCES.txt'
[3.300s] running build
[3.301s] running build_py
[3.301s] creating /home/jarvis/magic/ROS/magbot_ws/build/magbot_utilities/build
[3.301s] creating /home/jarvis/magic/ROS/magbot_ws/build/magbot_utilities/build/lib
[3.301s] creating /home/jarvis/magic/ROS/magbot_ws/build/magbot_utilities/build/lib/magbot_utilities
[3.301s] copying magbot_utilities/__init__.py -> /home/jarvis/magic/ROS/magbot_ws/build/magbot_utilities/build/lib/magbot_utilities
[3.302s] running install
[3.302s] running install_lib
[3.304s] creating /home/jarvis/magic/ROS/magbot_ws/install/magbot_utilities/lib/python3.10/site-packages/magbot_utilities
[3.304s] copying /home/jarvis/magic/ROS/magbot_ws/build/magbot_utilities/build/lib/magbot_utilities/__init__.py -> /home/jarvis/magic/ROS/magbot_ws/install/magbot_utilities/lib/python3.10/site-packages/magbot_utilities
[3.307s] byte-compiling /home/jarvis/magic/ROS/magbot_ws/install/magbot_utilities/lib/python3.10/site-packages/magbot_utilities/__init__.py to __init__.cpython-310.pyc
[3.307s] running install_data
[3.312s] creating /home/jarvis/magic/ROS/magbot_ws/install/magbot_utilities/share/ament_index
[3.312s] creating /home/jarvis/magic/ROS/magbot_ws/install/magbot_utilities/share/ament_index/resource_index
[3.313s] creating /home/jarvis/magic/ROS/magbot_ws/install/magbot_utilities/share/ament_index/resource_index/packages
[3.313s] copying resource/magbot_utilities -> /home/jarvis/magic/ROS/magbot_ws/install/magbot_utilities/share/ament_index/resource_index/packages
[3.313s] copying package.xml -> /home/jarvis/magic/ROS/magbot_ws/install/magbot_utilities/share/magbot_utilities
[3.313s] running install_egg_info
[3.317s] Copying ../../build/magbot_utilities/magbot_utilities.egg-info to /home/jarvis/magic/ROS/magbot_ws/install/magbot_utilities/lib/python3.10/site-packages/magbot_utilities-0.0.0-py3.10.egg-info
[3.319s] running install_scripts
[3.381s] writing list of installed files to '/home/jarvis/magic/ROS/magbot_ws/build/magbot_utilities/install.log'
[3.472s] Invoked command in '/home/jarvis/magic/ROS/magbot_ws/src/magbot_utilities' returned '0': PYTHONPATH=/home/jarvis/magic/ROS/magbot_ws/build/magbot_utilities/prefix_override:/home/jarvis/magic/ROS/magbot_ws/install/magbot_utilities/lib/python3.10/site-packages:${PYTHONPATH} /usr/bin/python3 -W ignore:setup.py install is deprecated setup.py egg_info --egg-base ../../build/magbot_utilities build --build-base /home/jarvis/magic/ROS/magbot_ws/build/magbot_utilities/build install --record /home/jarvis/magic/ROS/magbot_ws/build/magbot_utilities/install.log --single-version-externally-managed install_data
