[4.775s] Invoking command in '/home/jarvis/magic/ROS/magbot_ws/src/magbot': PYTHONPATH=/home/jarvis/magic/ROS/magbot_ws/build/magbot/prefix_override:/home/jarvis/magic/ROS/magbot_ws/install/magbot/lib/python3.10/site-packages:${PYTHONPATH} /usr/bin/python3 -W ignore:setup.py install is deprecated setup.py egg_info --egg-base ../../build/magbot build --build-base /home/jarvis/magic/ROS/magbot_ws/build/magbot/build install --record /home/jarvis/magic/ROS/magbot_ws/build/magbot/install.log --single-version-externally-managed install_data
[5.655s] running egg_info
[5.657s] writing ../../build/magbot/magbot.egg-info/PKG-INFO
[5.658s] writing dependency_links to ../../build/magbot/magbot.egg-info/dependency_links.txt
[5.665s] writing entry points to ../../build/magbot/magbot.egg-info/entry_points.txt
[5.665s] writing requirements to ../../build/magbot/magbot.egg-info/requires.txt
[5.666s] writing top-level names to ../../build/magbot/magbot.egg-info/top_level.txt
[5.668s] reading manifest file '../../build/magbot/magbot.egg-info/SOURCES.txt'
[5.678s] writing manifest file '../../build/magbot/magbot.egg-info/SOURCES.txt'
[5.679s] running build
[5.679s] running build_py
[5.680s] running install
[5.680s] running install_lib
[5.683s] running install_data
[5.684s] running install_egg_info
[5.691s] removing '/home/jarvis/magic/ROS/magbot_ws/install/magbot/lib/python3.10/site-packages/magbot-0.0.0-py3.10.egg-info' (and everything under it)
[5.694s] Copying ../../build/magbot/magbot.egg-info to /home/jarvis/magic/ROS/magbot_ws/install/magbot/lib/python3.10/site-packages/magbot-0.0.0-py3.10.egg-info
[5.697s] running install_scripts
[5.768s] writing list of installed files to '/home/jarvis/magic/ROS/magbot_ws/build/magbot/install.log'
[5.939s] Invoked command in '/home/jarvis/magic/ROS/magbot_ws/src/magbot' returned '0': PYTHONPATH=/home/jarvis/magic/ROS/magbot_ws/build/magbot/prefix_override:/home/jarvis/magic/ROS/magbot_ws/install/magbot/lib/python3.10/site-packages:${PYTHONPATH} /usr/bin/python3 -W ignore:setup.py install is deprecated setup.py egg_info --egg-base ../../build/magbot build --build-base /home/jarvis/magic/ROS/magbot_ws/build/magbot/build install --record /home/jarvis/magic/ROS/magbot_ws/build/magbot/install.log --single-version-externally-managed install_data
