[5.145s] Invoking command in '/home/jarvis/magic/ROS/magbot_ws/src/magbot_hardware_interfacing/magbot_input_interfacing': PYTHONPATH=/home/jarvis/magic/ROS/magbot_ws/build/magbot_input_interfacing/prefix_override:/home/jarvis/magic/ROS/magbot_ws/install/magbot_input_interfacing/lib/python3.10/site-packages:${PYTHONPATH} /usr/bin/python3 -W ignore:setup.py install is deprecated setup.py egg_info --egg-base ../../../build/magbot_input_interfacing build --build-base /home/jarvis/magic/ROS/magbot_ws/build/magbot_input_interfacing/build install --record /home/jarvis/magic/ROS/magbot_ws/build/magbot_input_interfacing/install.log --single-version-externally-managed install_data
[6.814s] running egg_info
[6.826s] creating ../../../build/magbot_input_interfacing/magbot_input_interfacing.egg-info
[6.828s] writing ../../../build/magbot_input_interfacing/magbot_input_interfacing.egg-info/PKG-INFO
[6.844s] writing dependency_links to ../../../build/magbot_input_interfacing/magbot_input_interfacing.egg-info/dependency_links.txt
[6.846s] writing entry points to ../../../build/magbot_input_interfacing/magbot_input_interfacing.egg-info/entry_points.txt
[6.848s] writing requirements to ../../../build/magbot_input_interfacing/magbot_input_interfacing.egg-info/requires.txt
[6.856s] writing top-level names to ../../../build/magbot_input_interfacing/magbot_input_interfacing.egg-info/top_level.txt
[6.858s] writing manifest file '../../../build/magbot_input_interfacing/magbot_input_interfacing.egg-info/SOURCES.txt'
[6.863s] reading manifest file '../../../build/magbot_input_interfacing/magbot_input_interfacing.egg-info/SOURCES.txt'
[6.876s] writing manifest file '../../../build/magbot_input_interfacing/magbot_input_interfacing.egg-info/SOURCES.txt'
[6.877s] running build
[6.879s] running build_py
[6.879s] creating /home/jarvis/magic/ROS/magbot_ws/build/magbot_input_interfacing/build
[6.880s] creating /home/jarvis/magic/ROS/magbot_ws/build/magbot_input_interfacing/build/lib
[6.881s] creating /home/jarvis/magic/ROS/magbot_ws/build/magbot_input_interfacing/build/lib/magbot_input_interfacing
[6.889s] copying magbot_input_interfacing/__init__.py -> /home/jarvis/magic/ROS/magbot_ws/build/magbot_input_interfacing/build/lib/magbot_input_interfacing
[6.891s] running install
[6.892s] running install_lib
[6.894s] creating /home/jarvis/magic/ROS/magbot_ws/install/magbot_input_interfacing/lib/python3.10/site-packages/magbot_input_interfacing
[6.895s] copying /home/jarvis/magic/ROS/magbot_ws/build/magbot_input_interfacing/build/lib/magbot_input_interfacing/__init__.py -> /home/jarvis/magic/ROS/magbot_ws/install/magbot_input_interfacing/lib/python3.10/site-packages/magbot_input_interfacing
[6.896s] byte-compiling /home/jarvis/magic/ROS/magbot_ws/install/magbot_input_interfacing/lib/python3.10/site-packages/magbot_input_interfacing/__init__.py to __init__.cpython-310.pyc
[6.897s] running install_data
[6.898s] creating /home/jarvis/magic/ROS/magbot_ws/install/magbot_input_interfacing/share/ament_index
[6.908s] creating /home/jarvis/magic/ROS/magbot_ws/install/magbot_input_interfacing/share/ament_index/resource_index
[6.909s] creating /home/jarvis/magic/ROS/magbot_ws/install/magbot_input_interfacing/share/ament_index/resource_index/packages
[6.909s] copying resource/magbot_input_interfacing -> /home/jarvis/magic/ROS/magbot_ws/install/magbot_input_interfacing/share/ament_index/resource_index/packages
[6.910s] copying package.xml -> /home/jarvis/magic/ROS/magbot_ws/install/magbot_input_interfacing/share/magbot_input_interfacing
[6.911s] running install_egg_info
[6.947s] Copying ../../../build/magbot_input_interfacing/magbot_input_interfacing.egg-info to /home/jarvis/magic/ROS/magbot_ws/install/magbot_input_interfacing/lib/python3.10/site-packages/magbot_input_interfacing-0.0.0-py3.10.egg-info
[6.949s] running install_scripts
[7.058s] writing list of installed files to '/home/jarvis/magic/ROS/magbot_ws/build/magbot_input_interfacing/install.log'
[7.897s] Invoked command in '/home/jarvis/magic/ROS/magbot_ws/src/magbot_hardware_interfacing/magbot_input_interfacing' returned '0': PYTHONPATH=/home/jarvis/magic/ROS/magbot_ws/build/magbot_input_interfacing/prefix_override:/home/jarvis/magic/ROS/magbot_ws/install/magbot_input_interfacing/lib/python3.10/site-packages:${PYTHONPATH} /usr/bin/python3 -W ignore:setup.py install is deprecated setup.py egg_info --egg-base ../../../build/magbot_input_interfacing build --build-base /home/jarvis/magic/ROS/magbot_ws/build/magbot_input_interfacing/build install --record /home/jarvis/magic/ROS/magbot_ws/build/magbot_input_interfacing/install.log --single-version-externally-managed install_data
