running egg_info
creating ../../build/magbot_description/magbot_description.egg-info
writing ../../build/magbot_description/magbot_description.egg-info/PKG-INFO
writing dependency_links to ../../build/magbot_description/magbot_description.egg-info/dependency_links.txt
writing entry points to ../../build/magbot_description/magbot_description.egg-info/entry_points.txt
writing requirements to ../../build/magbot_description/magbot_description.egg-info/requires.txt
writing top-level names to ../../build/magbot_description/magbot_description.egg-info/top_level.txt
writing manifest file '../../build/magbot_description/magbot_description.egg-info/SOURCES.txt'
reading manifest file '../../build/magbot_description/magbot_description.egg-info/SOURCES.txt'
writing manifest file '../../build/magbot_description/magbot_description.egg-info/SOURCES.txt'
running build
running build_py
creating /home/jarvis/magic/ROS/magbot_ws/build/magbot_description/build
creating /home/jarvis/magic/ROS/magbot_ws/build/magbot_description/build/lib
creating /home/jarvis/magic/ROS/magbot_ws/build/magbot_description/build/lib/magbot_description
copying magbot_description/__init__.py -> /home/jarvis/magic/ROS/magbot_ws/build/magbot_description/build/lib/magbot_description
running install
running install_lib
creating /home/jarvis/magic/ROS/magbot_ws/install/magbot_description/lib/python3.10/site-packages/magbot_description
copying /home/jarvis/magic/ROS/magbot_ws/build/magbot_description/build/lib/magbot_description/__init__.py -> /home/jarvis/magic/ROS/magbot_ws/install/magbot_description/lib/python3.10/site-packages/magbot_description
byte-compiling /home/jarvis/magic/ROS/magbot_ws/install/magbot_description/lib/python3.10/site-packages/magbot_description/__init__.py to __init__.cpython-310.pyc
running install_data
creating /home/jarvis/magic/ROS/magbot_ws/install/magbot_description/share/ament_index
creating /home/jarvis/magic/ROS/magbot_ws/install/magbot_description/share/ament_index/resource_index
creating /home/jarvis/magic/ROS/magbot_ws/install/magbot_description/share/ament_index/resource_index/packages
copying resource/magbot_description -> /home/jarvis/magic/ROS/magbot_ws/install/magbot_description/share/ament_index/resource_index/packages
copying package.xml -> /home/jarvis/magic/ROS/magbot_ws/install/magbot_description/share/magbot_description
running install_egg_info
Copying ../../build/magbot_description/magbot_description.egg-info to /home/jarvis/magic/ROS/magbot_ws/install/magbot_description/lib/python3.10/site-packages/magbot_description-0.0.0-py3.10.egg-info
running install_scripts
writing list of installed files to '/home/jarvis/magic/ROS/magbot_ws/build/magbot_description/install.log'
