[3.779s] Invoking command in '/home/jarvis/magic/ROS/magbot_ws/src/magbot_description': PYTHONPATH=/home/jarvis/magic/ROS/magbot_ws/build/magbot_description/prefix_override:/home/jarvis/magic/ROS/magbot_ws/install/magbot_description/lib/python3.10/site-packages:${PYTHONPATH} /usr/bin/python3 -W ignore:setup.py install is deprecated setup.py egg_info --egg-base ../../build/magbot_description build --build-base /home/jarvis/magic/ROS/magbot_ws/build/magbot_description/build install --record /home/jarvis/magic/ROS/magbot_ws/build/magbot_description/install.log --single-version-externally-managed install_data
[4.577s] running egg_info
[4.577s] creating ../../build/magbot_description/magbot_description.egg-info
[4.578s] writing ../../build/magbot_description/magbot_description.egg-info/PKG-INFO
[4.578s] writing dependency_links to ../../build/magbot_description/magbot_description.egg-info/dependency_links.txt
[4.578s] writing entry points to ../../build/magbot_description/magbot_description.egg-info/entry_points.txt
[4.578s] writing requirements to ../../build/magbot_description/magbot_description.egg-info/requires.txt
[4.579s] writing top-level names to ../../build/magbot_description/magbot_description.egg-info/top_level.txt
[4.579s] writing manifest file '../../build/magbot_description/magbot_description.egg-info/SOURCES.txt'
[4.580s] reading manifest file '../../build/magbot_description/magbot_description.egg-info/SOURCES.txt'
[4.580s] writing manifest file '../../build/magbot_description/magbot_description.egg-info/SOURCES.txt'
[4.580s] running build
[4.580s] running build_py
[4.580s] creating /home/jarvis/magic/ROS/magbot_ws/build/magbot_description/build
[4.581s] creating /home/jarvis/magic/ROS/magbot_ws/build/magbot_description/build/lib
[4.581s] creating /home/jarvis/magic/ROS/magbot_ws/build/magbot_description/build/lib/magbot_description
[4.581s] copying magbot_description/__init__.py -> /home/jarvis/magic/ROS/magbot_ws/build/magbot_description/build/lib/magbot_description
[4.581s] running install
[4.582s] running install_lib
[4.582s] creating /home/jarvis/magic/ROS/magbot_ws/install/magbot_description/lib/python3.10/site-packages/magbot_description
[4.582s] copying /home/jarvis/magic/ROS/magbot_ws/build/magbot_description/build/lib/magbot_description/__init__.py -> /home/jarvis/magic/ROS/magbot_ws/install/magbot_description/lib/python3.10/site-packages/magbot_description
[4.583s] byte-compiling /home/jarvis/magic/ROS/magbot_ws/install/magbot_description/lib/python3.10/site-packages/magbot_description/__init__.py to __init__.cpython-310.pyc
[4.584s] running install_data
[4.584s] creating /home/jarvis/magic/ROS/magbot_ws/install/magbot_description/share/ament_index
[4.585s] creating /home/jarvis/magic/ROS/magbot_ws/install/magbot_description/share/ament_index/resource_index
[4.586s] creating /home/jarvis/magic/ROS/magbot_ws/install/magbot_description/share/ament_index/resource_index/packages
[4.586s] copying resource/magbot_description -> /home/jarvis/magic/ROS/magbot_ws/install/magbot_description/share/ament_index/resource_index/packages
[4.587s] copying package.xml -> /home/jarvis/magic/ROS/magbot_ws/install/magbot_description/share/magbot_description
[4.587s] running install_egg_info
[4.591s] Copying ../../build/magbot_description/magbot_description.egg-info to /home/jarvis/magic/ROS/magbot_ws/install/magbot_description/lib/python3.10/site-packages/magbot_description-0.0.0-py3.10.egg-info
[4.593s] running install_scripts
[4.654s] writing list of installed files to '/home/jarvis/magic/ROS/magbot_ws/build/magbot_description/install.log'
[4.777s] Invoked command in '/home/jarvis/magic/ROS/magbot_ws/src/magbot_description' returned '0': PYTHONPATH=/home/jarvis/magic/ROS/magbot_ws/build/magbot_description/prefix_override:/home/jarvis/magic/ROS/magbot_ws/install/magbot_description/lib/python3.10/site-packages:${PYTHONPATH} /usr/bin/python3 -W ignore:setup.py install is deprecated setup.py egg_info --egg-base ../../build/magbot_description build --build-base /home/jarvis/magic/ROS/magbot_ws/build/magbot_description/build install --record /home/jarvis/magic/ROS/magbot_ws/build/magbot_description/install.log --single-version-externally-managed install_data
