-- The C compiler identification is GNU 11.4.0
-- The CXX compiler identification is GNU 11.4.0
-- Detecting C compiler ABI info
-- Detecting C compiler ABI info - done
-- Check for working C compiler: /usr/bin/cc - skipped
-- Detecting C compile features
-- Detecting C compile features - done
-- Detecting CXX compiler ABI info
-- Detecting CXX compiler ABI info - done
-- Check for working CXX compiler: /usr/bin/c++ - skipped
-- Detecting CXX compile features
-- Detecting CXX compile features - done
-- Found ament_cmake: 1.3.9 (/opt/ros/humble/share/ament_cmake/cmake)
-- Found Python3: /usr/bin/python3 (found version "3.10.12") found components: Interpreter 
-- Found rosidl_default_generators: 1.2.0 (/opt/ros/humble/share/rosidl_default_generators/cmake)
-- Using all available rosidl_typesupport_c: rosidl_typesupport_fastrtps_c;rosidl_typesupport_introspection_c
-- Found rosidl_adapter: 3.1.5 (/opt/ros/humble/share/rosidl_adapter/cmake)
-- Using all available rosidl_typesupport_cpp: rosidl_typesupport_fastrtps_cpp;rosidl_typesupport_introspection_cpp
-- Found ament_cmake_ros: 0.10.0 (/opt/ros/humble/share/ament_cmake_ros/cmake)
-- Using all available rosidl_typesupport_c: rosidl_typesupport_fastrtps_c;rosidl_typesupport_introspection_c
-- Using all available rosidl_typesupport_cpp: rosidl_typesupport_fastrtps_cpp;rosidl_typesupport_introspection_cpp
-- Found PythonInterp: /usr/bin/python3 (found suitable version "3.10.12", minimum required is "3.6") 
-- Found python_cmake_module: 0.10.0 (/opt/ros/humble/share/python_cmake_module/cmake)
-- Found PythonLibs: /usr/lib/x86_64-linux-gnu/libpython3.10.so (found suitable version "3.10.12", minimum required is "3.5") 
-- Using PYTHON_EXECUTABLE: /usr/bin/python3
-- Using PYTHON_INCLUDE_DIRS: /usr/include/python3.10
-- Using PYTHON_LIBRARIES: /usr/lib/x86_64-linux-gnu/libpython3.10.so
-- Found PythonExtra: .so  
-- Configuring done
-- Generating done
-- Build files have been written to: /home/jarvis/magic/ROS/magbot_ws/build/interfaces_pkg
[  3%] [34m[1mGenerating C code for ROS interfaces[0m
[  6%] [34m[1mGenerating C++ code for ROS interfaces[0m
[  6%] Built target ament_cmake_python_copy_interfaces_pkg
[  6%] Built target interfaces_pkg__cpp
[  9%] [34m[1mGenerating C++ introspection for ROS interfaces[0m
[ 12%] [34m[1mGenerating C++ type support for eProsima Fast-RTPS[0m
[ 16%] [34m[1mGenerating C++ type support dispatch for ROS interfaces[0m
[ 19%] [32mBuilding C object CMakeFiles/interfaces_pkg__rosidl_generator_c.dir/rosidl_generator_c/interfaces_pkg/msg/detail/electrical_measurements__functions.c.o[0m
running egg_info
creating interfaces_pkg.egg-info
writing interfaces_pkg.egg-info/PKG-INFO
writing dependency_links to interfaces_pkg.egg-info/dependency_links.txt
writing top-level names to interfaces_pkg.egg-info/top_level.txt
writing manifest file 'interfaces_pkg.egg-info/SOURCES.txt'
reading manifest file 'interfaces_pkg.egg-info/SOURCES.txt'
writing manifest file 'interfaces_pkg.egg-info/SOURCES.txt'
[ 22%] [32m[1mLinking C shared library libinterfaces_pkg__rosidl_generator_c.so[0m
[ 22%] Built target ament_cmake_python_build_interfaces_pkg_egg
[ 22%] Built target interfaces_pkg__rosidl_generator_c
[ 29%] [34m[1mGenerating C introspection for ROS interfaces[0m
[ 32%] [34m[1mGenerating C type support dispatch for ROS interfaces[0m
[ 32%] [34m[1mGenerating C type support for eProsima Fast-RTPS[0m
[ 35%] [32mBuilding CXX object CMakeFiles/interfaces_pkg__rosidl_typesupport_introspection_cpp.dir/rosidl_typesupport_introspection_cpp/interfaces_pkg/msg/detail/electrical_measurements__type_support.cpp.o[0m
[ 38%] [32mBuilding CXX object CMakeFiles/interfaces_pkg__rosidl_typesupport_cpp.dir/rosidl_typesupport_cpp/interfaces_pkg/msg/electrical_measurements__type_support.cpp.o[0m
[ 41%] [32mBuilding CXX object CMakeFiles/interfaces_pkg__rosidl_typesupport_fastrtps_cpp.dir/rosidl_typesupport_fastrtps_cpp/interfaces_pkg/msg/detail/dds_fastrtps/electrical_measurements__type_support.cpp.o[0m
[ 45%] [32mBuilding CXX object CMakeFiles/interfaces_pkg__rosidl_typesupport_c.dir/rosidl_typesupport_c/interfaces_pkg/msg/electrical_measurements__type_support.cpp.o[0m
[ 48%] [32m[1mLinking CXX shared library libinterfaces_pkg__rosidl_typesupport_c.so[0m
[ 51%] [32mBuilding C object CMakeFiles/interfaces_pkg__rosidl_typesupport_introspection_c.dir/rosidl_typesupport_introspection_c/interfaces_pkg/msg/detail/electrical_measurements__type_support.c.o[0m
[ 54%] [32mBuilding CXX object CMakeFiles/interfaces_pkg__rosidl_typesupport_fastrtps_c.dir/rosidl_typesupport_fastrtps_c/interfaces_pkg/msg/detail/electrical_measurements__type_support_c.cpp.o[0m
[ 54%] Built target interfaces_pkg__rosidl_typesupport_c
[ 58%] [32m[1mLinking C shared library libinterfaces_pkg__rosidl_typesupport_introspection_c.so[0m
[ 58%] Built target interfaces_pkg__rosidl_typesupport_introspection_c
[ 61%] [32m[1mLinking CXX shared library libinterfaces_pkg__rosidl_typesupport_cpp.so[0m
[ 64%] [32m[1mLinking CXX shared library libinterfaces_pkg__rosidl_typesupport_introspection_cpp.so[0m
[ 64%] Built target interfaces_pkg__rosidl_typesupport_cpp
[ 64%] Built target interfaces_pkg__rosidl_typesupport_introspection_cpp
[ 67%] [32m[1mLinking CXX shared library libinterfaces_pkg__rosidl_typesupport_fastrtps_c.so[0m
[ 70%] [32m[1mLinking CXX shared library libinterfaces_pkg__rosidl_typesupport_fastrtps_cpp.so[0m
[ 70%] Built target interfaces_pkg__rosidl_typesupport_fastrtps_c
[ 70%] Built target interfaces_pkg__rosidl_typesupport_fastrtps_cpp
[ 70%] Built target interfaces_pkg
[ 74%] [34m[1mGenerating Python code for ROS interfaces[0m
[ 74%] Built target interfaces_pkg__py
[ 77%] [32mBuilding C object CMakeFiles/interfaces_pkg__rosidl_generator_py.dir/rosidl_generator_py/interfaces_pkg/msg/_electrical_measurements_s.c.o[0m
[ 80%] [32m[1mLinking C shared library rosidl_generator_py/interfaces_pkg/libinterfaces_pkg__rosidl_generator_py.so[0m
[ 80%] Built target interfaces_pkg__rosidl_generator_py
[ 83%] [32mBuilding C object CMakeFiles/interfaces_pkg__rosidl_typesupport_introspection_c__pyext.dir/rosidl_generator_py/interfaces_pkg/_interfaces_pkg_s.ep.rosidl_typesupport_introspection_c.c.o[0m
[ 90%] [32mBuilding C object CMakeFiles/interfaces_pkg__rosidl_typesupport_fastrtps_c__pyext.dir/rosidl_generator_py/interfaces_pkg/_interfaces_pkg_s.ep.rosidl_typesupport_fastrtps_c.c.o[0m
[ 90%] [32mBuilding C object CMakeFiles/interfaces_pkg__rosidl_typesupport_c__pyext.dir/rosidl_generator_py/interfaces_pkg/_interfaces_pkg_s.ep.rosidl_typesupport_c.c.o[0m
[ 93%] [32m[1mLinking C shared library rosidl_generator_py/interfaces_pkg/interfaces_pkg_s__rosidl_typesupport_fastrtps_c.cpython-310-x86_64-linux-gnu.so[0m
[ 96%] [32m[1mLinking C shared library rosidl_generator_py/interfaces_pkg/interfaces_pkg_s__rosidl_typesupport_introspection_c.cpython-310-x86_64-linux-gnu.so[0m
[100%] [32m[1mLinking C shared library rosidl_generator_py/interfaces_pkg/interfaces_pkg_s__rosidl_typesupport_c.cpython-310-x86_64-linux-gnu.so[0m
[100%] Built target interfaces_pkg__rosidl_typesupport_fastrtps_c__pyext
[100%] Built target interfaces_pkg__rosidl_typesupport_introspection_c__pyext
[100%] Built target interfaces_pkg__rosidl_typesupport_c__pyext
-- Install configuration: ""
-- Installing: /home/jarvis/magic/ROS/magbot_ws/install/interfaces_pkg/share/ament_index/resource_index/rosidl_interfaces/interfaces_pkg
-- Installing: /home/jarvis/magic/ROS/magbot_ws/install/interfaces_pkg/include/interfaces_pkg/interfaces_pkg
-- Installing: /home/jarvis/magic/ROS/magbot_ws/install/interfaces_pkg/include/interfaces_pkg/interfaces_pkg/msg
-- Installing: /home/jarvis/magic/ROS/magbot_ws/install/interfaces_pkg/include/interfaces_pkg/interfaces_pkg/msg/detail
-- Installing: /home/jarvis/magic/ROS/magbot_ws/install/interfaces_pkg/include/interfaces_pkg/interfaces_pkg/msg/detail/electrical_measurements__struct.h
-- Installing: /home/jarvis/magic/ROS/magbot_ws/install/interfaces_pkg/include/interfaces_pkg/interfaces_pkg/msg/detail/electrical_measurements__type_support.h
-- Installing: /home/jarvis/magic/ROS/magbot_ws/install/interfaces_pkg/include/interfaces_pkg/interfaces_pkg/msg/detail/electrical_measurements__functions.c
-- Installing: /home/jarvis/magic/ROS/magbot_ws/install/interfaces_pkg/include/interfaces_pkg/interfaces_pkg/msg/detail/electrical_measurements__functions.h
-- Installing: /home/jarvis/magic/ROS/magbot_ws/install/interfaces_pkg/include/interfaces_pkg/interfaces_pkg/msg/electrical_measurements.h
-- Installing: /home/jarvis/magic/ROS/magbot_ws/install/interfaces_pkg/include/interfaces_pkg/interfaces_pkg/msg/rosidl_generator_c__visibility_control.h
-- Installing: /home/jarvis/magic/ROS/magbot_ws/install/interfaces_pkg/share/interfaces_pkg/environment/library_path.sh
-- Installing: /home/jarvis/magic/ROS/magbot_ws/install/interfaces_pkg/share/interfaces_pkg/environment/library_path.dsv
-- Installing: /home/jarvis/magic/ROS/magbot_ws/install/interfaces_pkg/lib/libinterfaces_pkg__rosidl_generator_c.so
-- Set runtime path of "/home/jarvis/magic/ROS/magbot_ws/install/interfaces_pkg/lib/libinterfaces_pkg__rosidl_generator_c.so" to ""
-- Up-to-date: /home/jarvis/magic/ROS/magbot_ws/install/interfaces_pkg/include/interfaces_pkg/interfaces_pkg
-- Up-to-date: /home/jarvis/magic/ROS/magbot_ws/install/interfaces_pkg/include/interfaces_pkg/interfaces_pkg/msg
-- Up-to-date: /home/jarvis/magic/ROS/magbot_ws/install/interfaces_pkg/include/interfaces_pkg/interfaces_pkg/msg/detail
-- Installing: /home/jarvis/magic/ROS/magbot_ws/install/interfaces_pkg/include/interfaces_pkg/interfaces_pkg/msg/detail/electrical_measurements__rosidl_typesupport_fastrtps_c.h
-- Installing: /home/jarvis/magic/ROS/magbot_ws/install/interfaces_pkg/include/interfaces_pkg/interfaces_pkg/msg/rosidl_typesupport_fastrtps_c__visibility_control.h
-- Installing: /home/jarvis/magic/ROS/magbot_ws/install/interfaces_pkg/lib/libinterfaces_pkg__rosidl_typesupport_fastrtps_c.so
-- Set runtime path of "/home/jarvis/magic/ROS/magbot_ws/install/interfaces_pkg/lib/libinterfaces_pkg__rosidl_typesupport_fastrtps_c.so" to ""
-- Up-to-date: /home/jarvis/magic/ROS/magbot_ws/install/interfaces_pkg/include/interfaces_pkg/interfaces_pkg
-- Up-to-date: /home/jarvis/magic/ROS/magbot_ws/install/interfaces_pkg/include/interfaces_pkg/interfaces_pkg/msg
-- Up-to-date: /home/jarvis/magic/ROS/magbot_ws/install/interfaces_pkg/include/interfaces_pkg/interfaces_pkg/msg/detail
-- Installing: /home/jarvis/magic/ROS/magbot_ws/install/interfaces_pkg/include/interfaces_pkg/interfaces_pkg/msg/detail/electrical_measurements__type_support.c
-- Installing: /home/jarvis/magic/ROS/magbot_ws/install/interfaces_pkg/include/interfaces_pkg/interfaces_pkg/msg/detail/electrical_measurements__rosidl_typesupport_introspection_c.h
-- Installing: /home/jarvis/magic/ROS/magbot_ws/install/interfaces_pkg/include/interfaces_pkg/interfaces_pkg/msg/rosidl_typesupport_introspection_c__visibility_control.h
-- Installing: /home/jarvis/magic/ROS/magbot_ws/install/interfaces_pkg/lib/libinterfaces_pkg__rosidl_typesupport_introspection_c.so
-- Set runtime path of "/home/jarvis/magic/ROS/magbot_ws/install/interfaces_pkg/lib/libinterfaces_pkg__rosidl_typesupport_introspection_c.so" to ""
-- Installing: /home/jarvis/magic/ROS/magbot_ws/install/interfaces_pkg/lib/libinterfaces_pkg__rosidl_typesupport_c.so
-- Set runtime path of "/home/jarvis/magic/ROS/magbot_ws/install/interfaces_pkg/lib/libinterfaces_pkg__rosidl_typesupport_c.so" to ""
-- Up-to-date: /home/jarvis/magic/ROS/magbot_ws/install/interfaces_pkg/include/interfaces_pkg/interfaces_pkg
-- Up-to-date: /home/jarvis/magic/ROS/magbot_ws/install/interfaces_pkg/include/interfaces_pkg/interfaces_pkg/msg
-- Installing: /home/jarvis/magic/ROS/magbot_ws/install/interfaces_pkg/include/interfaces_pkg/interfaces_pkg/msg/electrical_measurements.hpp
-- Up-to-date: /home/jarvis/magic/ROS/magbot_ws/install/interfaces_pkg/include/interfaces_pkg/interfaces_pkg/msg/detail
-- Installing: /home/jarvis/magic/ROS/magbot_ws/install/interfaces_pkg/include/interfaces_pkg/interfaces_pkg/msg/detail/electrical_measurements__struct.hpp
-- Installing: /home/jarvis/magic/ROS/magbot_ws/install/interfaces_pkg/include/interfaces_pkg/interfaces_pkg/msg/detail/electrical_measurements__traits.hpp
-- Installing: /home/jarvis/magic/ROS/magbot_ws/install/interfaces_pkg/include/interfaces_pkg/interfaces_pkg/msg/detail/electrical_measurements__builder.hpp
-- Up-to-date: /home/jarvis/magic/ROS/magbot_ws/install/interfaces_pkg/include/interfaces_pkg/interfaces_pkg
-- Up-to-date: /home/jarvis/magic/ROS/magbot_ws/install/interfaces_pkg/include/interfaces_pkg/interfaces_pkg/msg
-- Up-to-date: /home/jarvis/magic/ROS/magbot_ws/install/interfaces_pkg/include/interfaces_pkg/interfaces_pkg/msg/detail
-- Installing: /home/jarvis/magic/ROS/magbot_ws/install/interfaces_pkg/include/interfaces_pkg/interfaces_pkg/msg/detail/electrical_measurements__rosidl_typesupport_fastrtps_cpp.hpp
-- Installing: /home/jarvis/magic/ROS/magbot_ws/install/interfaces_pkg/include/interfaces_pkg/interfaces_pkg/msg/detail/dds_fastrtps
-- Installing: /home/jarvis/magic/ROS/magbot_ws/install/interfaces_pkg/include/interfaces_pkg/interfaces_pkg/msg/rosidl_typesupport_fastrtps_cpp__visibility_control.h
-- Installing: /home/jarvis/magic/ROS/magbot_ws/install/interfaces_pkg/lib/libinterfaces_pkg__rosidl_typesupport_fastrtps_cpp.so
-- Set runtime path of "/home/jarvis/magic/ROS/magbot_ws/install/interfaces_pkg/lib/libinterfaces_pkg__rosidl_typesupport_fastrtps_cpp.so" to ""
-- Up-to-date: /home/jarvis/magic/ROS/magbot_ws/install/interfaces_pkg/include/interfaces_pkg/interfaces_pkg
-- Up-to-date: /home/jarvis/magic/ROS/magbot_ws/install/interfaces_pkg/include/interfaces_pkg/interfaces_pkg/msg
-- Up-to-date: /home/jarvis/magic/ROS/magbot_ws/install/interfaces_pkg/include/interfaces_pkg/interfaces_pkg/msg/detail
-- Installing: /home/jarvis/magic/ROS/magbot_ws/install/interfaces_pkg/include/interfaces_pkg/interfaces_pkg/msg/detail/electrical_measurements__rosidl_typesupport_introspection_cpp.hpp
-- Installing: /home/jarvis/magic/ROS/magbot_ws/install/interfaces_pkg/include/interfaces_pkg/interfaces_pkg/msg/detail/electrical_measurements__type_support.cpp
-- Installing: /home/jarvis/magic/ROS/magbot_ws/install/interfaces_pkg/lib/libinterfaces_pkg__rosidl_typesupport_introspection_cpp.so
-- Set runtime path of "/home/jarvis/magic/ROS/magbot_ws/install/interfaces_pkg/lib/libinterfaces_pkg__rosidl_typesupport_introspection_cpp.so" to ""
-- Installing: /home/jarvis/magic/ROS/magbot_ws/install/interfaces_pkg/lib/libinterfaces_pkg__rosidl_typesupport_cpp.so
-- Set runtime path of "/home/jarvis/magic/ROS/magbot_ws/install/interfaces_pkg/lib/libinterfaces_pkg__rosidl_typesupport_cpp.so" to ""
-- Installing: /home/jarvis/magic/ROS/magbot_ws/install/interfaces_pkg/share/interfaces_pkg/environment/pythonpath.sh
-- Installing: /home/jarvis/magic/ROS/magbot_ws/install/interfaces_pkg/share/interfaces_pkg/environment/pythonpath.dsv
-- Installing: /home/jarvis/magic/ROS/magbot_ws/install/interfaces_pkg/local/lib/python3.10/dist-packages/interfaces_pkg-0.0.0-py3.10.egg-info
-- Installing: /home/jarvis/magic/ROS/magbot_ws/install/interfaces_pkg/local/lib/python3.10/dist-packages/interfaces_pkg-0.0.0-py3.10.egg-info/dependency_links.txt
-- Installing: /home/jarvis/magic/ROS/magbot_ws/install/interfaces_pkg/local/lib/python3.10/dist-packages/interfaces_pkg-0.0.0-py3.10.egg-info/top_level.txt
-- Installing: /home/jarvis/magic/ROS/magbot_ws/install/interfaces_pkg/local/lib/python3.10/dist-packages/interfaces_pkg-0.0.0-py3.10.egg-info/SOURCES.txt
-- Installing: /home/jarvis/magic/ROS/magbot_ws/install/interfaces_pkg/local/lib/python3.10/dist-packages/interfaces_pkg-0.0.0-py3.10.egg-info/PKG-INFO
-- Installing: /home/jarvis/magic/ROS/magbot_ws/install/interfaces_pkg/local/lib/python3.10/dist-packages/interfaces_pkg
-- Installing: /home/jarvis/magic/ROS/magbot_ws/install/interfaces_pkg/local/lib/python3.10/dist-packages/interfaces_pkg/interfaces_pkg_s__rosidl_typesupport_fastrtps_c.cpython-310-x86_64-linux-gnu.so
-- Installing: /home/jarvis/magic/ROS/magbot_ws/install/interfaces_pkg/local/lib/python3.10/dist-packages/interfaces_pkg/msg
-- Installing: /home/jarvis/magic/ROS/magbot_ws/install/interfaces_pkg/local/lib/python3.10/dist-packages/interfaces_pkg/msg/_electrical_measurements_s.c
-- Installing: /home/jarvis/magic/ROS/magbot_ws/install/interfaces_pkg/local/lib/python3.10/dist-packages/interfaces_pkg/msg/__init__.py
-- Installing: /home/jarvis/magic/ROS/magbot_ws/install/interfaces_pkg/local/lib/python3.10/dist-packages/interfaces_pkg/msg/_electrical_measurements.py
-- Installing: /home/jarvis/magic/ROS/magbot_ws/install/interfaces_pkg/local/lib/python3.10/dist-packages/interfaces_pkg/__init__.py
-- Installing: /home/jarvis/magic/ROS/magbot_ws/install/interfaces_pkg/local/lib/python3.10/dist-packages/interfaces_pkg/_interfaces_pkg_s.ep.rosidl_typesupport_introspection_c.c
-- Installing: /home/jarvis/magic/ROS/magbot_ws/install/interfaces_pkg/local/lib/python3.10/dist-packages/interfaces_pkg/interfaces_pkg_s__rosidl_typesupport_introspection_c.cpython-310-x86_64-linux-gnu.so
-- Installing: /home/jarvis/magic/ROS/magbot_ws/install/interfaces_pkg/local/lib/python3.10/dist-packages/interfaces_pkg/interfaces_pkg_s__rosidl_typesupport_c.cpython-310-x86_64-linux-gnu.so
-- Installing: /home/jarvis/magic/ROS/magbot_ws/install/interfaces_pkg/local/lib/python3.10/dist-packages/interfaces_pkg/libinterfaces_pkg__rosidl_generator_py.so
-- Installing: /home/jarvis/magic/ROS/magbot_ws/install/interfaces_pkg/local/lib/python3.10/dist-packages/interfaces_pkg/_interfaces_pkg_s.ep.rosidl_typesupport_c.c
-- Installing: /home/jarvis/magic/ROS/magbot_ws/install/interfaces_pkg/local/lib/python3.10/dist-packages/interfaces_pkg/_interfaces_pkg_s.ep.rosidl_typesupport_fastrtps_c.c
Listing '/home/jarvis/magic/ROS/magbot_ws/install/interfaces_pkg/local/lib/python3.10/dist-packages/interfaces_pkg'...
Compiling '/home/jarvis/magic/ROS/magbot_ws/install/interfaces_pkg/local/lib/python3.10/dist-packages/interfaces_pkg/__init__.py'...
Listing '/home/jarvis/magic/ROS/magbot_ws/install/interfaces_pkg/local/lib/python3.10/dist-packages/interfaces_pkg/msg'...
Compiling '/home/jarvis/magic/ROS/magbot_ws/install/interfaces_pkg/local/lib/python3.10/dist-packages/interfaces_pkg/msg/__init__.py'...
Compiling '/home/jarvis/magic/ROS/magbot_ws/install/interfaces_pkg/local/lib/python3.10/dist-packages/interfaces_pkg/msg/_electrical_measurements.py'...
-- Installing: /home/jarvis/magic/ROS/magbot_ws/install/interfaces_pkg/local/lib/python3.10/dist-packages/interfaces_pkg/interfaces_pkg_s__rosidl_typesupport_fastrtps_c.cpython-310-x86_64-linux-gnu.so
-- Set runtime path of "/home/jarvis/magic/ROS/magbot_ws/install/interfaces_pkg/local/lib/python3.10/dist-packages/interfaces_pkg/interfaces_pkg_s__rosidl_typesupport_fastrtps_c.cpython-310-x86_64-linux-gnu.so" to ""
-- Installing: /home/jarvis/magic/ROS/magbot_ws/install/interfaces_pkg/local/lib/python3.10/dist-packages/interfaces_pkg/interfaces_pkg_s__rosidl_typesupport_introspection_c.cpython-310-x86_64-linux-gnu.so
-- Set runtime path of "/home/jarvis/magic/ROS/magbot_ws/install/interfaces_pkg/local/lib/python3.10/dist-packages/interfaces_pkg/interfaces_pkg_s__rosidl_typesupport_introspection_c.cpython-310-x86_64-linux-gnu.so" to ""
-- Installing: /home/jarvis/magic/ROS/magbot_ws/install/interfaces_pkg/local/lib/python3.10/dist-packages/interfaces_pkg/interfaces_pkg_s__rosidl_typesupport_c.cpython-310-x86_64-linux-gnu.so
-- Set runtime path of "/home/jarvis/magic/ROS/magbot_ws/install/interfaces_pkg/local/lib/python3.10/dist-packages/interfaces_pkg/interfaces_pkg_s__rosidl_typesupport_c.cpython-310-x86_64-linux-gnu.so" to ""
-- Installing: /home/jarvis/magic/ROS/magbot_ws/install/interfaces_pkg/lib/libinterfaces_pkg__rosidl_generator_py.so
-- Set runtime path of "/home/jarvis/magic/ROS/magbot_ws/install/interfaces_pkg/lib/libinterfaces_pkg__rosidl_generator_py.so" to ""
-- Installing: /home/jarvis/magic/ROS/magbot_ws/install/interfaces_pkg/share/interfaces_pkg/msg/ElectricalMeasurements.idl
-- Installing: /home/jarvis/magic/ROS/magbot_ws/install/interfaces_pkg/share/interfaces_pkg/msg/ElectricalMeasurements.msg
-- Installing: /home/jarvis/magic/ROS/magbot_ws/install/interfaces_pkg/share/ament_index/resource_index/package_run_dependencies/interfaces_pkg
-- Installing: /home/jarvis/magic/ROS/magbot_ws/install/interfaces_pkg/share/ament_index/resource_index/parent_prefix_path/interfaces_pkg
-- Installing: /home/jarvis/magic/ROS/magbot_ws/install/interfaces_pkg/share/interfaces_pkg/environment/ament_prefix_path.sh
-- Installing: /home/jarvis/magic/ROS/magbot_ws/install/interfaces_pkg/share/interfaces_pkg/environment/ament_prefix_path.dsv
-- Installing: /home/jarvis/magic/ROS/magbot_ws/install/interfaces_pkg/share/interfaces_pkg/environment/path.sh
-- Installing: /home/jarvis/magic/ROS/magbot_ws/install/interfaces_pkg/share/interfaces_pkg/environment/path.dsv
-- Installing: /home/jarvis/magic/ROS/magbot_ws/install/interfaces_pkg/share/interfaces_pkg/local_setup.bash
-- Installing: /home/jarvis/magic/ROS/magbot_ws/install/interfaces_pkg/share/interfaces_pkg/local_setup.sh
-- Installing: /home/jarvis/magic/ROS/magbot_ws/install/interfaces_pkg/share/interfaces_pkg/local_setup.zsh
-- Installing: /home/jarvis/magic/ROS/magbot_ws/install/interfaces_pkg/share/interfaces_pkg/local_setup.dsv
-- Installing: /home/jarvis/magic/ROS/magbot_ws/install/interfaces_pkg/share/interfaces_pkg/package.dsv
-- Installing: /home/jarvis/magic/ROS/magbot_ws/install/interfaces_pkg/share/ament_index/resource_index/packages/interfaces_pkg
-- Installing: /home/jarvis/magic/ROS/magbot_ws/install/interfaces_pkg/share/interfaces_pkg/cmake/export_interfaces_pkg__rosidl_generator_cExport.cmake
-- Installing: /home/jarvis/magic/ROS/magbot_ws/install/interfaces_pkg/share/interfaces_pkg/cmake/export_interfaces_pkg__rosidl_generator_cExport-noconfig.cmake
-- Installing: /home/jarvis/magic/ROS/magbot_ws/install/interfaces_pkg/share/interfaces_pkg/cmake/export_interfaces_pkg__rosidl_typesupport_fastrtps_cExport.cmake
-- Installing: /home/jarvis/magic/ROS/magbot_ws/install/interfaces_pkg/share/interfaces_pkg/cmake/export_interfaces_pkg__rosidl_typesupport_fastrtps_cExport-noconfig.cmake
-- Installing: /home/jarvis/magic/ROS/magbot_ws/install/interfaces_pkg/share/interfaces_pkg/cmake/interfaces_pkg__rosidl_typesupport_introspection_cExport.cmake
-- Installing: /home/jarvis/magic/ROS/magbot_ws/install/interfaces_pkg/share/interfaces_pkg/cmake/interfaces_pkg__rosidl_typesupport_introspection_cExport-noconfig.cmake
-- Installing: /home/jarvis/magic/ROS/magbot_ws/install/interfaces_pkg/share/interfaces_pkg/cmake/interfaces_pkg__rosidl_typesupport_cExport.cmake
-- Installing: /home/jarvis/magic/ROS/magbot_ws/install/interfaces_pkg/share/interfaces_pkg/cmake/interfaces_pkg__rosidl_typesupport_cExport-noconfig.cmake
-- Installing: /home/jarvis/magic/ROS/magbot_ws/install/interfaces_pkg/share/interfaces_pkg/cmake/export_interfaces_pkg__rosidl_generator_cppExport.cmake
-- Installing: /home/jarvis/magic/ROS/magbot_ws/install/interfaces_pkg/share/interfaces_pkg/cmake/export_interfaces_pkg__rosidl_typesupport_fastrtps_cppExport.cmake
-- Installing: /home/jarvis/magic/ROS/magbot_ws/install/interfaces_pkg/share/interfaces_pkg/cmake/export_interfaces_pkg__rosidl_typesupport_fastrtps_cppExport-noconfig.cmake
-- Installing: /home/jarvis/magic/ROS/magbot_ws/install/interfaces_pkg/share/interfaces_pkg/cmake/interfaces_pkg__rosidl_typesupport_introspection_cppExport.cmake
-- Installing: /home/jarvis/magic/ROS/magbot_ws/install/interfaces_pkg/share/interfaces_pkg/cmake/interfaces_pkg__rosidl_typesupport_introspection_cppExport-noconfig.cmake
-- Installing: /home/jarvis/magic/ROS/magbot_ws/install/interfaces_pkg/share/interfaces_pkg/cmake/interfaces_pkg__rosidl_typesupport_cppExport.cmake
-- Installing: /home/jarvis/magic/ROS/magbot_ws/install/interfaces_pkg/share/interfaces_pkg/cmake/interfaces_pkg__rosidl_typesupport_cppExport-noconfig.cmake
-- Installing: /home/jarvis/magic/ROS/magbot_ws/install/interfaces_pkg/share/interfaces_pkg/cmake/export_interfaces_pkg__rosidl_generator_pyExport.cmake
-- Installing: /home/jarvis/magic/ROS/magbot_ws/install/interfaces_pkg/share/interfaces_pkg/cmake/export_interfaces_pkg__rosidl_generator_pyExport-noconfig.cmake
-- Installing: /home/jarvis/magic/ROS/magbot_ws/install/interfaces_pkg/share/interfaces_pkg/cmake/rosidl_cmake-extras.cmake
-- Installing: /home/jarvis/magic/ROS/magbot_ws/install/interfaces_pkg/share/interfaces_pkg/cmake/ament_cmake_export_include_directories-extras.cmake
-- Installing: /home/jarvis/magic/ROS/magbot_ws/install/interfaces_pkg/share/interfaces_pkg/cmake/ament_cmake_export_libraries-extras.cmake
-- Installing: /home/jarvis/magic/ROS/magbot_ws/install/interfaces_pkg/share/interfaces_pkg/cmake/ament_cmake_export_targets-extras.cmake
-- Installing: /home/jarvis/magic/ROS/magbot_ws/install/interfaces_pkg/share/interfaces_pkg/cmake/rosidl_cmake_export_typesupport_targets-extras.cmake
-- Installing: /home/jarvis/magic/ROS/magbot_ws/install/interfaces_pkg/share/interfaces_pkg/cmake/ament_cmake_export_dependencies-extras.cmake
-- Installing: /home/jarvis/magic/ROS/magbot_ws/install/interfaces_pkg/share/interfaces_pkg/cmake/rosidl_cmake_export_typesupport_libraries-extras.cmake
-- Installing: /home/jarvis/magic/ROS/magbot_ws/install/interfaces_pkg/share/interfaces_pkg/cmake/interfaces_pkgConfig.cmake
-- Installing: /home/jarvis/magic/ROS/magbot_ws/install/interfaces_pkg/share/interfaces_pkg/cmake/interfaces_pkgConfig-version.cmake
-- Installing: /home/jarvis/magic/ROS/magbot_ws/install/interfaces_pkg/share/interfaces_pkg/package.xml
