running egg_info
creating ../../build/magbot/magbot.egg-info
writing ../../build/magbot/magbot.egg-info/PKG-INFO
writing dependency_links to ../../build/magbot/magbot.egg-info/dependency_links.txt
writing entry points to ../../build/magbot/magbot.egg-info/entry_points.txt
writing requirements to ../../build/magbot/magbot.egg-info/requires.txt
writing top-level names to ../../build/magbot/magbot.egg-info/top_level.txt
writing manifest file '../../build/magbot/magbot.egg-info/SOURCES.txt'
reading manifest file '../../build/magbot/magbot.egg-info/SOURCES.txt'
writing manifest file '../../build/magbot/magbot.egg-info/SOURCES.txt'
running build
running build_py
creating /home/jarvis/magic/ROS/magbot_ws/build/magbot/build
creating /home/jarvis/magic/ROS/magbot_ws/build/magbot/build/lib
creating /home/jarvis/magic/ROS/magbot_ws/build/magbot/build/lib/magbot
copying magbot/__init__.py -> /home/jarvis/magic/ROS/magbot_ws/build/magbot/build/lib/magbot
running install
running install_lib
creating /home/jarvis/magic/ROS/magbot_ws/install/magbot/lib/python3.10/site-packages/magbot
copying /home/jarvis/magic/ROS/magbot_ws/build/magbot/build/lib/magbot/__init__.py -> /home/jarvis/magic/ROS/magbot_ws/install/magbot/lib/python3.10/site-packages/magbot
byte-compiling /home/jarvis/magic/ROS/magbot_ws/install/magbot/lib/python3.10/site-packages/magbot/__init__.py to __init__.cpython-310.pyc
running install_data
creating /home/jarvis/magic/ROS/magbot_ws/install/magbot/share/ament_index
creating /home/jarvis/magic/ROS/magbot_ws/install/magbot/share/ament_index/resource_index
creating /home/jarvis/magic/ROS/magbot_ws/install/magbot/share/ament_index/resource_index/packages
copying resource/magbot -> /home/jarvis/magic/ROS/magbot_ws/install/magbot/share/ament_index/resource_index/packages
copying package.xml -> /home/jarvis/magic/ROS/magbot_ws/install/magbot/share/magbot
running install_egg_info
Copying ../../build/magbot/magbot.egg-info to /home/jarvis/magic/ROS/magbot_ws/install/magbot/lib/python3.10/site-packages/magbot-0.0.0-py3.10.egg-info
running install_scripts
writing list of installed files to '/home/jarvis/magic/ROS/magbot_ws/build/magbot/install.log'
