[5.575s] Invoking command in '/home/jarvis/magic/ROS/magbot_ws/src/magbot': PYTHONPATH=/home/jarvis/magic/ROS/magbot_ws/build/magbot/prefix_override:/home/jarvis/magic/ROS/magbot_ws/install/magbot/lib/python3.10/site-packages:${PYTHONPATH} /usr/bin/python3 -W ignore:setup.py install is deprecated setup.py egg_info --egg-base ../../build/magbot build --build-base /home/jarvis/magic/ROS/magbot_ws/build/magbot/build install --record /home/jarvis/magic/ROS/magbot_ws/build/magbot/install.log --single-version-externally-managed install_data
[6.257s] running egg_info
[6.259s] creating ../../build/magbot/magbot.egg-info
[6.259s] writing ../../build/magbot/magbot.egg-info/PKG-INFO
[6.260s] writing dependency_links to ../../build/magbot/magbot.egg-info/dependency_links.txt
[6.260s] writing entry points to ../../build/magbot/magbot.egg-info/entry_points.txt
[6.261s] writing requirements to ../../build/magbot/magbot.egg-info/requires.txt
[6.261s] writing top-level names to ../../build/magbot/magbot.egg-info/top_level.txt
[6.261s] writing manifest file '../../build/magbot/magbot.egg-info/SOURCES.txt'
[6.265s] reading manifest file '../../build/magbot/magbot.egg-info/SOURCES.txt'
[6.267s] writing manifest file '../../build/magbot/magbot.egg-info/SOURCES.txt'
[6.267s] running build
[6.268s] running build_py
[6.268s] creating /home/jarvis/magic/ROS/magbot_ws/build/magbot/build
[6.268s] creating /home/jarvis/magic/ROS/magbot_ws/build/magbot/build/lib
[6.268s] creating /home/jarvis/magic/ROS/magbot_ws/build/magbot/build/lib/magbot
[6.268s] copying magbot/__init__.py -> /home/jarvis/magic/ROS/magbot_ws/build/magbot/build/lib/magbot
[6.268s] running install
[6.269s] running install_lib
[6.282s] creating /home/jarvis/magic/ROS/magbot_ws/install/magbot/lib/python3.10/site-packages/magbot
[6.282s] copying /home/jarvis/magic/ROS/magbot_ws/build/magbot/build/lib/magbot/__init__.py -> /home/jarvis/magic/ROS/magbot_ws/install/magbot/lib/python3.10/site-packages/magbot
[6.283s] byte-compiling /home/jarvis/magic/ROS/magbot_ws/install/magbot/lib/python3.10/site-packages/magbot/__init__.py to __init__.cpython-310.pyc
[6.284s] running install_data
[6.284s] creating /home/jarvis/magic/ROS/magbot_ws/install/magbot/share/ament_index
[6.284s] creating /home/jarvis/magic/ROS/magbot_ws/install/magbot/share/ament_index/resource_index
[6.284s] creating /home/jarvis/magic/ROS/magbot_ws/install/magbot/share/ament_index/resource_index/packages
[6.284s] copying resource/magbot -> /home/jarvis/magic/ROS/magbot_ws/install/magbot/share/ament_index/resource_index/packages
[6.285s] copying package.xml -> /home/jarvis/magic/ROS/magbot_ws/install/magbot/share/magbot
[6.285s] running install_egg_info
[6.298s] Copying ../../build/magbot/magbot.egg-info to /home/jarvis/magic/ROS/magbot_ws/install/magbot/lib/python3.10/site-packages/magbot-0.0.0-py3.10.egg-info
[6.301s] running install_scripts
[6.373s] writing list of installed files to '/home/jarvis/magic/ROS/magbot_ws/build/magbot/install.log'
[6.461s] Invoked command in '/home/jarvis/magic/ROS/magbot_ws/src/magbot' returned '0': PYTHONPATH=/home/jarvis/magic/ROS/magbot_ws/build/magbot/prefix_override:/home/jarvis/magic/ROS/magbot_ws/install/magbot/lib/python3.10/site-packages:${PYTHONPATH} /usr/bin/python3 -W ignore:setup.py install is deprecated setup.py egg_info --egg-base ../../build/magbot build --build-base /home/jarvis/magic/ROS/magbot_ws/build/magbot/build install --record /home/jarvis/magic/ROS/magbot_ws/build/magbot/install.log --single-version-externally-managed install_data
