[4.805s] Invoking command in '/home/jarvis/magic/ROS/magbot_ws/src/magbot_control': PYTHONPATH=/home/jarvis/magic/ROS/magbot_ws/build/magbot_control/prefix_override:/home/jarvis/magic/ROS/magbot_ws/install/magbot_control/lib/python3.10/site-packages:${PYTHONPATH} /usr/bin/python3 -W ignore:setup.py install is deprecated setup.py egg_info --egg-base ../../build/magbot_control build --build-base /home/jarvis/magic/ROS/magbot_ws/build/magbot_control/build install --record /home/jarvis/magic/ROS/magbot_ws/build/magbot_control/install.log --single-version-externally-managed install_data
[5.624s] running egg_info
[5.626s] writing ../../build/magbot_control/magbot_control.egg-info/PKG-INFO
[5.626s] writing dependency_links to ../../build/magbot_control/magbot_control.egg-info/dependency_links.txt
[5.627s] writing entry points to ../../build/magbot_control/magbot_control.egg-info/entry_points.txt
[5.627s] writing requirements to ../../build/magbot_control/magbot_control.egg-info/requires.txt
[5.628s] writing top-level names to ../../build/magbot_control/magbot_control.egg-info/top_level.txt
[5.633s] reading manifest file '../../build/magbot_control/magbot_control.egg-info/SOURCES.txt'
[5.644s] writing manifest file '../../build/magbot_control/magbot_control.egg-info/SOURCES.txt'
[5.644s] running build
[5.645s] running build_py
[5.645s] running install
[5.646s] running install_lib
[5.647s] running install_data
[5.647s] running install_egg_info
[5.655s] removing '/home/jarvis/magic/ROS/magbot_ws/install/magbot_control/lib/python3.10/site-packages/magbot_control-0.0.0-py3.10.egg-info' (and everything under it)
[5.656s] Copying ../../build/magbot_control/magbot_control.egg-info to /home/jarvis/magic/ROS/magbot_ws/install/magbot_control/lib/python3.10/site-packages/magbot_control-0.0.0-py3.10.egg-info
[5.661s] running install_scripts
[5.718s] writing list of installed files to '/home/jarvis/magic/ROS/magbot_ws/build/magbot_control/install.log'
[5.870s] Invoked command in '/home/jarvis/magic/ROS/magbot_ws/src/magbot_control' returned '0': PYTHONPATH=/home/jarvis/magic/ROS/magbot_ws/build/magbot_control/prefix_override:/home/jarvis/magic/ROS/magbot_ws/install/magbot_control/lib/python3.10/site-packages:${PYTHONPATH} /usr/bin/python3 -W ignore:setup.py install is deprecated setup.py egg_info --egg-base ../../build/magbot_control build --build-base /home/jarvis/magic/ROS/magbot_ws/build/magbot_control/build install --record /home/jarvis/magic/ROS/magbot_ws/build/magbot_control/install.log --single-version-externally-managed install_data
