[0.159s] DEBUG:colcon:Command line arguments: ['/usr/bin/colcon', 'build']
[0.159s] DEBUG:colcon:Parsed command line arguments: Namespace(log_base=None, log_level=None, verb_name='build', build_base='build', install_base='install', merge_install=False, symlink_install=False, test_result_base=None, continue_on_error=False, executor='parallel', parallel_workers=8, event_handlers=None, ignore_user_meta=False, metas=['./colcon.meta'], base_paths=['.'], packages_ignore=None, packages_ignore_regex=None, paths=None, packages_up_to=None, packages_up_to_regex=None, packages_above=None, packages_above_and_dependencies=None, packages_above_depth=None, packages_select_by_dep=None, packages_skip_by_dep=None, packages_skip_up_to=None, packages_select_build_failed=False, packages_skip_build_finished=False, packages_select_test_failures=False, packages_skip_test_passed=False, packages_select=None, packages_skip=None, packages_select_regex=None, packages_skip_regex=None, packages_start=None, packages_end=None, allow_overriding=[], cmake_args=None, cmake_target=None, cmake_target_skip_unavailable=False, cmake_clean_cache=False, cmake_clean_first=False, cmake_force_configure=False, ament_cmake_args=None, catkin_cmake_args=None, catkin_skip_building_tests=False, verb_parser=<colcon_defaults.argument_parser.defaults.DefaultArgumentsDecorator object at 0x720ea7d33c70>, verb_extension=<colcon_core.verb.build.BuildVerb object at 0x720ea7d33790>, main=<bound method BuildVerb.main of <colcon_core.verb.build.BuildVerb object at 0x720ea7d33790>>)
[0.395s] Level 1:colcon.colcon_core.package_discovery:discover_packages(colcon_meta) check parameters
[0.395s] Level 1:colcon.colcon_core.package_discovery:discover_packages(recursive) check parameters
[0.395s] Level 1:colcon.colcon_core.package_discovery:discover_packages(ignore) check parameters
[0.395s] Level 1:colcon.colcon_core.package_discovery:discover_packages(path) check parameters
[0.395s] Level 1:colcon.colcon_core.package_discovery:discover_packages(colcon_meta) discover
[0.395s] Level 1:colcon.colcon_core.package_discovery:discover_packages(recursive) discover
[0.395s] INFO:colcon.colcon_core.package_discovery:Crawling recursively for packages in '/home/jarvis/magic/ROS/magbot_ws'
[0.396s] Level 1:colcon.colcon_core.package_identification:_identify(.) by extensions ['ignore', 'ignore_ament_install']
[0.396s] Level 1:colcon.colcon_core.package_identification:_identify(.) by extension 'ignore'
[0.396s] Level 1:colcon.colcon_core.package_identification:_identify(.) by extension 'ignore_ament_install'
[0.396s] Level 1:colcon.colcon_core.package_identification:_identify(.) by extensions ['colcon_pkg']
[0.396s] Level 1:colcon.colcon_core.package_identification:_identify(.) by extension 'colcon_pkg'
[0.396s] Level 1:colcon.colcon_core.package_identification:_identify(.) by extensions ['colcon_meta']
[0.396s] Level 1:colcon.colcon_core.package_identification:_identify(.) by extension 'colcon_meta'
[0.396s] Level 1:colcon.colcon_core.package_identification:_identify(.) by extensions ['ros']
[0.396s] Level 1:colcon.colcon_core.package_identification:_identify(.) by extension 'ros'
[0.408s] Level 1:colcon.colcon_core.package_identification:_identify(.) by extensions ['cmake', 'python']
[0.409s] Level 1:colcon.colcon_core.package_identification:_identify(.) by extension 'cmake'
[0.409s] Level 1:colcon.colcon_core.package_identification:_identify(.) by extension 'python'
[0.409s] Level 1:colcon.colcon_core.package_identification:_identify(.) by extensions ['python_setup_py']
[0.409s] Level 1:colcon.colcon_core.package_identification:_identify(.) by extension 'python_setup_py'
[0.409s] Level 1:colcon.colcon_core.package_identification:_identify(build) by extensions ['ignore', 'ignore_ament_install']
[0.410s] Level 1:colcon.colcon_core.package_identification:_identify(build) by extension 'ignore'
[0.410s] Level 1:colcon.colcon_core.package_identification:_identify(build) ignored
[0.410s] Level 1:colcon.colcon_core.package_identification:_identify(install) by extensions ['ignore', 'ignore_ament_install']
[0.410s] Level 1:colcon.colcon_core.package_identification:_identify(install) by extension 'ignore'
[0.410s] Level 1:colcon.colcon_core.package_identification:_identify(install) ignored
[0.410s] Level 1:colcon.colcon_core.package_identification:_identify(log) by extensions ['ignore', 'ignore_ament_install']
[0.410s] Level 1:colcon.colcon_core.package_identification:_identify(log) by extension 'ignore'
[0.410s] Level 1:colcon.colcon_core.package_identification:_identify(log) ignored
[0.411s] Level 1:colcon.colcon_core.package_identification:_identify(src) by extensions ['ignore', 'ignore_ament_install']
[0.411s] Level 1:colcon.colcon_core.package_identification:_identify(src) by extension 'ignore'
[0.411s] Level 1:colcon.colcon_core.package_identification:_identify(src) by extension 'ignore_ament_install'
[0.411s] Level 1:colcon.colcon_core.package_identification:_identify(src) by extensions ['colcon_pkg']
[0.411s] Level 1:colcon.colcon_core.package_identification:_identify(src) by extension 'colcon_pkg'
[0.411s] Level 1:colcon.colcon_core.package_identification:_identify(src) by extensions ['colcon_meta']
[0.411s] Level 1:colcon.colcon_core.package_identification:_identify(src) by extension 'colcon_meta'
[0.411s] Level 1:colcon.colcon_core.package_identification:_identify(src) by extensions ['ros']
[0.411s] Level 1:colcon.colcon_core.package_identification:_identify(src) by extension 'ros'
[0.411s] Level 1:colcon.colcon_core.package_identification:_identify(src) by extensions ['cmake', 'python']
[0.411s] Level 1:colcon.colcon_core.package_identification:_identify(src) by extension 'cmake'
[0.411s] Level 1:colcon.colcon_core.package_identification:_identify(src) by extension 'python'
[0.411s] Level 1:colcon.colcon_core.package_identification:_identify(src) by extensions ['python_setup_py']
[0.411s] Level 1:colcon.colcon_core.package_identification:_identify(src) by extension 'python_setup_py'
[0.411s] Level 1:colcon.colcon_core.package_identification:_identify(src/interfaces_pkg) by extensions ['ignore', 'ignore_ament_install']
[0.411s] Level 1:colcon.colcon_core.package_identification:_identify(src/interfaces_pkg) by extension 'ignore'
[0.412s] Level 1:colcon.colcon_core.package_identification:_identify(src/interfaces_pkg) by extension 'ignore_ament_install'
[0.412s] Level 1:colcon.colcon_core.package_identification:_identify(src/interfaces_pkg) by extensions ['colcon_pkg']
[0.412s] Level 1:colcon.colcon_core.package_identification:_identify(src/interfaces_pkg) by extension 'colcon_pkg'
[0.412s] Level 1:colcon.colcon_core.package_identification:_identify(src/interfaces_pkg) by extensions ['colcon_meta']
[0.412s] Level 1:colcon.colcon_core.package_identification:_identify(src/interfaces_pkg) by extension 'colcon_meta'
[0.412s] Level 1:colcon.colcon_core.package_identification:_identify(src/interfaces_pkg) by extensions ['ros']
[0.412s] Level 1:colcon.colcon_core.package_identification:_identify(src/interfaces_pkg) by extension 'ros'
[0.414s] DEBUG:colcon.colcon_core.package_identification:Package 'src/interfaces_pkg' with type 'ros.ament_cmake' and name 'interfaces_pkg'
[0.415s] Level 1:colcon.colcon_core.package_identification:_identify(src/magbot) by extensions ['ignore', 'ignore_ament_install']
[0.415s] Level 1:colcon.colcon_core.package_identification:_identify(src/magbot) by extension 'ignore'
[0.415s] Level 1:colcon.colcon_core.package_identification:_identify(src/magbot) by extension 'ignore_ament_install'
[0.415s] Level 1:colcon.colcon_core.package_identification:_identify(src/magbot) by extensions ['colcon_pkg']
[0.415s] Level 1:colcon.colcon_core.package_identification:_identify(src/magbot) by extension 'colcon_pkg'
[0.415s] Level 1:colcon.colcon_core.package_identification:_identify(src/magbot) by extensions ['colcon_meta']
[0.415s] Level 1:colcon.colcon_core.package_identification:_identify(src/magbot) by extension 'colcon_meta'
[0.415s] Level 1:colcon.colcon_core.package_identification:_identify(src/magbot) by extensions ['ros']
[0.415s] Level 1:colcon.colcon_core.package_identification:_identify(src/magbot) by extension 'ros'
[0.416s] DEBUG:colcon.colcon_core.package_identification:Package 'src/magbot' with type 'ros.ament_python' and name 'magbot'
[0.416s] Level 1:colcon.colcon_core.package_identification:_identify(src/magbot_control) by extensions ['ignore', 'ignore_ament_install']
[0.416s] Level 1:colcon.colcon_core.package_identification:_identify(src/magbot_control) by extension 'ignore'
[0.416s] Level 1:colcon.colcon_core.package_identification:_identify(src/magbot_control) by extension 'ignore_ament_install'
[0.416s] Level 1:colcon.colcon_core.package_identification:_identify(src/magbot_control) by extensions ['colcon_pkg']
[0.416s] Level 1:colcon.colcon_core.package_identification:_identify(src/magbot_control) by extension 'colcon_pkg'
[0.416s] Level 1:colcon.colcon_core.package_identification:_identify(src/magbot_control) by extensions ['colcon_meta']
[0.416s] Level 1:colcon.colcon_core.package_identification:_identify(src/magbot_control) by extension 'colcon_meta'
[0.417s] Level 1:colcon.colcon_core.package_identification:_identify(src/magbot_control) by extensions ['ros']
[0.417s] Level 1:colcon.colcon_core.package_identification:_identify(src/magbot_control) by extension 'ros'
[0.417s] DEBUG:colcon.colcon_core.package_identification:Package 'src/magbot_control' with type 'ros.ament_python' and name 'magbot_control'
[0.417s] Level 1:colcon.colcon_core.package_identification:_identify(src/magbot_description) by extensions ['ignore', 'ignore_ament_install']
[0.417s] Level 1:colcon.colcon_core.package_identification:_identify(src/magbot_description) by extension 'ignore'
[0.417s] Level 1:colcon.colcon_core.package_identification:_identify(src/magbot_description) by extension 'ignore_ament_install'
[0.417s] Level 1:colcon.colcon_core.package_identification:_identify(src/magbot_description) by extensions ['colcon_pkg']
[0.417s] Level 1:colcon.colcon_core.package_identification:_identify(src/magbot_description) by extension 'colcon_pkg'
[0.417s] Level 1:colcon.colcon_core.package_identification:_identify(src/magbot_description) by extensions ['colcon_meta']
[0.417s] Level 1:colcon.colcon_core.package_identification:_identify(src/magbot_description) by extension 'colcon_meta'
[0.417s] Level 1:colcon.colcon_core.package_identification:_identify(src/magbot_description) by extensions ['ros']
[0.417s] Level 1:colcon.colcon_core.package_identification:_identify(src/magbot_description) by extension 'ros'
[0.418s] DEBUG:colcon.colcon_core.package_identification:Package 'src/magbot_description' with type 'ros.ament_python' and name 'magbot_description'
[0.418s] Level 1:colcon.colcon_core.package_identification:_identify(src/magbot_gazebo) by extensions ['ignore', 'ignore_ament_install']
[0.418s] Level 1:colcon.colcon_core.package_identification:_identify(src/magbot_gazebo) by extension 'ignore'
[0.418s] Level 1:colcon.colcon_core.package_identification:_identify(src/magbot_gazebo) by extension 'ignore_ament_install'
[0.418s] Level 1:colcon.colcon_core.package_identification:_identify(src/magbot_gazebo) by extensions ['colcon_pkg']
[0.418s] Level 1:colcon.colcon_core.package_identification:_identify(src/magbot_gazebo) by extension 'colcon_pkg'
[0.418s] Level 1:colcon.colcon_core.package_identification:_identify(src/magbot_gazebo) by extensions ['colcon_meta']
[0.418s] Level 1:colcon.colcon_core.package_identification:_identify(src/magbot_gazebo) by extension 'colcon_meta'
[0.418s] Level 1:colcon.colcon_core.package_identification:_identify(src/magbot_gazebo) by extensions ['ros']
[0.418s] Level 1:colcon.colcon_core.package_identification:_identify(src/magbot_gazebo) by extension 'ros'
[0.419s] DEBUG:colcon.colcon_core.package_identification:Package 'src/magbot_gazebo' with type 'ros.ament_python' and name 'magbot_gazebo'
[0.419s] Level 1:colcon.colcon_core.package_identification:_identify(src/magbot_hardware_interfacing) by extensions ['ignore', 'ignore_ament_install']
[0.419s] Level 1:colcon.colcon_core.package_identification:_identify(src/magbot_hardware_interfacing) by extension 'ignore'
[0.419s] Level 1:colcon.colcon_core.package_identification:_identify(src/magbot_hardware_interfacing) by extension 'ignore_ament_install'
[0.419s] Level 1:colcon.colcon_core.package_identification:_identify(src/magbot_hardware_interfacing) by extensions ['colcon_pkg']
[0.419s] Level 1:colcon.colcon_core.package_identification:_identify(src/magbot_hardware_interfacing) by extension 'colcon_pkg'
[0.419s] Level 1:colcon.colcon_core.package_identification:_identify(src/magbot_hardware_interfacing) by extensions ['colcon_meta']
[0.419s] Level 1:colcon.colcon_core.package_identification:_identify(src/magbot_hardware_interfacing) by extension 'colcon_meta'
[0.419s] Level 1:colcon.colcon_core.package_identification:_identify(src/magbot_hardware_interfacing) by extensions ['ros']
[0.419s] Level 1:colcon.colcon_core.package_identification:_identify(src/magbot_hardware_interfacing) by extension 'ros'
[0.419s] Level 1:colcon.colcon_core.package_identification:_identify(src/magbot_hardware_interfacing) by extensions ['cmake', 'python']
[0.419s] Level 1:colcon.colcon_core.package_identification:_identify(src/magbot_hardware_interfacing) by extension 'cmake'
[0.420s] Level 1:colcon.colcon_core.package_identification:_identify(src/magbot_hardware_interfacing) by extension 'python'
[0.420s] Level 1:colcon.colcon_core.package_identification:_identify(src/magbot_hardware_interfacing) by extensions ['python_setup_py']
[0.420s] Level 1:colcon.colcon_core.package_identification:_identify(src/magbot_hardware_interfacing) by extension 'python_setup_py'
[0.420s] Level 1:colcon.colcon_core.package_identification:_identify(src/magbot_hardware_interfacing/magbot_input_interfacing) by extensions ['ignore', 'ignore_ament_install']
[0.420s] Level 1:colcon.colcon_core.package_identification:_identify(src/magbot_hardware_interfacing/magbot_input_interfacing) by extension 'ignore'
[0.420s] Level 1:colcon.colcon_core.package_identification:_identify(src/magbot_hardware_interfacing/magbot_input_interfacing) by extension 'ignore_ament_install'
[0.420s] Level 1:colcon.colcon_core.package_identification:_identify(src/magbot_hardware_interfacing/magbot_input_interfacing) by extensions ['colcon_pkg']
[0.420s] Level 1:colcon.colcon_core.package_identification:_identify(src/magbot_hardware_interfacing/magbot_input_interfacing) by extension 'colcon_pkg'
[0.420s] Level 1:colcon.colcon_core.package_identification:_identify(src/magbot_hardware_interfacing/magbot_input_interfacing) by extensions ['colcon_meta']
[0.420s] Level 1:colcon.colcon_core.package_identification:_identify(src/magbot_hardware_interfacing/magbot_input_interfacing) by extension 'colcon_meta'
[0.420s] Level 1:colcon.colcon_core.package_identification:_identify(src/magbot_hardware_interfacing/magbot_input_interfacing) by extensions ['ros']
[0.420s] Level 1:colcon.colcon_core.package_identification:_identify(src/magbot_hardware_interfacing/magbot_input_interfacing) by extension 'ros'
[0.421s] DEBUG:colcon.colcon_core.package_identification:Package 'src/magbot_hardware_interfacing/magbot_input_interfacing' with type 'ros.ament_python' and name 'magbot_input_interfacing'
[0.421s] Level 1:colcon.colcon_core.package_identification:_identify(src/magbot_hardware_interfacing/magbot_peripheral_interfacing) by extensions ['ignore', 'ignore_ament_install']
[0.421s] Level 1:colcon.colcon_core.package_identification:_identify(src/magbot_hardware_interfacing/magbot_peripheral_interfacing) by extension 'ignore'
[0.421s] Level 1:colcon.colcon_core.package_identification:_identify(src/magbot_hardware_interfacing/magbot_peripheral_interfacing) by extension 'ignore_ament_install'
[0.421s] Level 1:colcon.colcon_core.package_identification:_identify(src/magbot_hardware_interfacing/magbot_peripheral_interfacing) by extensions ['colcon_pkg']
[0.421s] Level 1:colcon.colcon_core.package_identification:_identify(src/magbot_hardware_interfacing/magbot_peripheral_interfacing) by extension 'colcon_pkg'
[0.421s] Level 1:colcon.colcon_core.package_identification:_identify(src/magbot_hardware_interfacing/magbot_peripheral_interfacing) by extensions ['colcon_meta']
[0.421s] Level 1:colcon.colcon_core.package_identification:_identify(src/magbot_hardware_interfacing/magbot_peripheral_interfacing) by extension 'colcon_meta'
[0.421s] Level 1:colcon.colcon_core.package_identification:_identify(src/magbot_hardware_interfacing/magbot_peripheral_interfacing) by extensions ['ros']
[0.421s] Level 1:colcon.colcon_core.package_identification:_identify(src/magbot_hardware_interfacing/magbot_peripheral_interfacing) by extension 'ros'
[0.422s] DEBUG:colcon.colcon_core.package_identification:Package 'src/magbot_hardware_interfacing/magbot_peripheral_interfacing' with type 'ros.ament_python' and name 'magbot_peripheral_interfacing'
[0.422s] Level 1:colcon.colcon_core.package_identification:_identify(src/magbot_hardware_interfacing/magbot_servo_interfacing) by extensions ['ignore', 'ignore_ament_install']
[0.422s] Level 1:colcon.colcon_core.package_identification:_identify(src/magbot_hardware_interfacing/magbot_servo_interfacing) by extension 'ignore'
[0.422s] Level 1:colcon.colcon_core.package_identification:_identify(src/magbot_hardware_interfacing/magbot_servo_interfacing) by extension 'ignore_ament_install'
[0.422s] Level 1:colcon.colcon_core.package_identification:_identify(src/magbot_hardware_interfacing/magbot_servo_interfacing) by extensions ['colcon_pkg']
[0.422s] Level 1:colcon.colcon_core.package_identification:_identify(src/magbot_hardware_interfacing/magbot_servo_interfacing) by extension 'colcon_pkg'
[0.422s] Level 1:colcon.colcon_core.package_identification:_identify(src/magbot_hardware_interfacing/magbot_servo_interfacing) by extensions ['colcon_meta']
[0.422s] Level 1:colcon.colcon_core.package_identification:_identify(src/magbot_hardware_interfacing/magbot_servo_interfacing) by extension 'colcon_meta'
[0.422s] Level 1:colcon.colcon_core.package_identification:_identify(src/magbot_hardware_interfacing/magbot_servo_interfacing) by extensions ['ros']
[0.422s] Level 1:colcon.colcon_core.package_identification:_identify(src/magbot_hardware_interfacing/magbot_servo_interfacing) by extension 'ros'
[0.423s] DEBUG:colcon.colcon_core.package_identification:Package 'src/magbot_hardware_interfacing/magbot_servo_interfacing' with type 'ros.ament_python' and name 'magbot_servo_interfacing'
[0.423s] Level 1:colcon.colcon_core.package_identification:_identify(src/magbot_utilities) by extensions ['ignore', 'ignore_ament_install']
[0.423s] Level 1:colcon.colcon_core.package_identification:_identify(src/magbot_utilities) by extension 'ignore'
[0.423s] Level 1:colcon.colcon_core.package_identification:_identify(src/magbot_utilities) by extension 'ignore_ament_install'
[0.423s] Level 1:colcon.colcon_core.package_identification:_identify(src/magbot_utilities) by extensions ['colcon_pkg']
[0.423s] Level 1:colcon.colcon_core.package_identification:_identify(src/magbot_utilities) by extension 'colcon_pkg'
[0.423s] Level 1:colcon.colcon_core.package_identification:_identify(src/magbot_utilities) by extensions ['colcon_meta']
[0.423s] Level 1:colcon.colcon_core.package_identification:_identify(src/magbot_utilities) by extension 'colcon_meta'
[0.423s] Level 1:colcon.colcon_core.package_identification:_identify(src/magbot_utilities) by extensions ['ros']
[0.423s] Level 1:colcon.colcon_core.package_identification:_identify(src/magbot_utilities) by extension 'ros'
[0.424s] DEBUG:colcon.colcon_core.package_identification:Package 'src/magbot_utilities' with type 'ros.ament_python' and name 'magbot_utilities'
[0.424s] Level 1:colcon.colcon_core.package_discovery:discover_packages(recursive) using defaults
[0.424s] Level 1:colcon.colcon_core.package_discovery:discover_packages(ignore) discover
[0.424s] Level 1:colcon.colcon_core.package_discovery:discover_packages(ignore) using defaults
[0.424s] Level 1:colcon.colcon_core.package_discovery:discover_packages(path) discover
[0.424s] Level 1:colcon.colcon_core.package_discovery:discover_packages(path) using defaults
[0.465s] Level 1:colcon.colcon_core.package_discovery:discover_packages(prefix_path) check parameters
[0.466s] Level 1:colcon.colcon_core.package_discovery:discover_packages(prefix_path) discover
[0.467s] WARNING:colcon.colcon_ros.prefix_path.ament:The path '/home/jarvis/magic/ROS/magbot_ws/install/magbot_utilities' in the environment variable AMENT_PREFIX_PATH doesn't exist
[0.467s] WARNING:colcon.colcon_ros.prefix_path.ament:The path '/home/jarvis/magic/ROS/magbot_ws/install/magbot_servo_interfacing' in the environment variable AMENT_PREFIX_PATH doesn't exist
[0.467s] WARNING:colcon.colcon_ros.prefix_path.ament:The path '/home/jarvis/magic/ROS/magbot_ws/install/magbot_peripheral_interfacing' in the environment variable AMENT_PREFIX_PATH doesn't exist
[0.467s] WARNING:colcon.colcon_ros.prefix_path.ament:The path '/home/jarvis/magic/ROS/magbot_ws/install/magbot_input_interfacing' in the environment variable AMENT_PREFIX_PATH doesn't exist
[0.467s] WARNING:colcon.colcon_ros.prefix_path.ament:The path '/home/jarvis/magic/ROS/magbot_ws/install/magbot_gazebo' in the environment variable AMENT_PREFIX_PATH doesn't exist
[0.467s] WARNING:colcon.colcon_ros.prefix_path.ament:The path '/home/jarvis/magic/ROS/magbot_ws/install/magbot_description' in the environment variable AMENT_PREFIX_PATH doesn't exist
[0.467s] WARNING:colcon.colcon_ros.prefix_path.ament:The path '/home/jarvis/magic/ROS/magbot_ws/install/magbot_control' in the environment variable AMENT_PREFIX_PATH doesn't exist
[0.468s] WARNING:colcon.colcon_ros.prefix_path.ament:The path '/home/jarvis/magic/ROS/magbot_ws/install/magbot' in the environment variable AMENT_PREFIX_PATH doesn't exist
[0.469s] DEBUG:colcon.colcon_installed_package_information.package_discovery:Found 0 installed packages in /home/jarvis/magic/ROS/magbot_ws/install
[0.469s] DEBUG:colcon.colcon_installed_package_information.package_discovery:Found 1 installed packages in /home/jarvis/magic/ROS/ros2_ws/install
[0.470s] DEBUG:colcon.colcon_installed_package_information.package_discovery:Found 270 installed packages in /opt/ros/humble
[0.472s] Level 1:colcon.colcon_core.package_discovery:discover_packages(prefix_path) using defaults
[0.525s] Level 5:colcon.colcon_core.verb:set package 'interfaces_pkg' build argument 'cmake_args' from command line to 'None'
[0.525s] Level 5:colcon.colcon_core.verb:set package 'interfaces_pkg' build argument 'cmake_target' from command line to 'None'
[0.525s] Level 5:colcon.colcon_core.verb:set package 'interfaces_pkg' build argument 'cmake_target_skip_unavailable' from command line to 'False'
[0.525s] Level 5:colcon.colcon_core.verb:set package 'interfaces_pkg' build argument 'cmake_clean_cache' from command line to 'False'
[0.525s] Level 5:colcon.colcon_core.verb:set package 'interfaces_pkg' build argument 'cmake_clean_first' from command line to 'False'
[0.525s] Level 5:colcon.colcon_core.verb:set package 'interfaces_pkg' build argument 'cmake_force_configure' from command line to 'False'
[0.525s] Level 5:colcon.colcon_core.verb:set package 'interfaces_pkg' build argument 'ament_cmake_args' from command line to 'None'
[0.525s] Level 5:colcon.colcon_core.verb:set package 'interfaces_pkg' build argument 'catkin_cmake_args' from command line to 'None'
[0.525s] Level 5:colcon.colcon_core.verb:set package 'interfaces_pkg' build argument 'catkin_skip_building_tests' from command line to 'False'
[0.525s] DEBUG:colcon.colcon_core.verb:Building package 'interfaces_pkg' with the following arguments: {'ament_cmake_args': None, 'build_base': '/home/jarvis/magic/ROS/magbot_ws/build/interfaces_pkg', 'catkin_cmake_args': None, 'catkin_skip_building_tests': False, 'cmake_args': None, 'cmake_clean_cache': False, 'cmake_clean_first': False, 'cmake_force_configure': False, 'cmake_target': None, 'cmake_target_skip_unavailable': False, 'install_base': '/home/jarvis/magic/ROS/magbot_ws/install/interfaces_pkg', 'merge_install': False, 'path': '/home/jarvis/magic/ROS/magbot_ws/src/interfaces_pkg', 'symlink_install': False, 'test_result_base': None}
[0.526s] Level 5:colcon.colcon_core.verb:set package 'magbot' build argument 'cmake_args' from command line to 'None'
[0.526s] Level 5:colcon.colcon_core.verb:set package 'magbot' build argument 'cmake_target' from command line to 'None'
[0.526s] Level 5:colcon.colcon_core.verb:set package 'magbot' build argument 'cmake_target_skip_unavailable' from command line to 'False'
[0.526s] Level 5:colcon.colcon_core.verb:set package 'magbot' build argument 'cmake_clean_cache' from command line to 'False'
[0.526s] Level 5:colcon.colcon_core.verb:set package 'magbot' build argument 'cmake_clean_first' from command line to 'False'
[0.526s] Level 5:colcon.colcon_core.verb:set package 'magbot' build argument 'cmake_force_configure' from command line to 'False'
[0.526s] Level 5:colcon.colcon_core.verb:set package 'magbot' build argument 'ament_cmake_args' from command line to 'None'
[0.526s] Level 5:colcon.colcon_core.verb:set package 'magbot' build argument 'catkin_cmake_args' from command line to 'None'
[0.526s] Level 5:colcon.colcon_core.verb:set package 'magbot' build argument 'catkin_skip_building_tests' from command line to 'False'
[0.526s] DEBUG:colcon.colcon_core.verb:Building package 'magbot' with the following arguments: {'ament_cmake_args': None, 'build_base': '/home/jarvis/magic/ROS/magbot_ws/build/magbot', 'catkin_cmake_args': None, 'catkin_skip_building_tests': False, 'cmake_args': None, 'cmake_clean_cache': False, 'cmake_clean_first': False, 'cmake_force_configure': False, 'cmake_target': None, 'cmake_target_skip_unavailable': False, 'install_base': '/home/jarvis/magic/ROS/magbot_ws/install/magbot', 'merge_install': False, 'path': '/home/jarvis/magic/ROS/magbot_ws/src/magbot', 'symlink_install': False, 'test_result_base': None}
[0.528s] Level 5:colcon.colcon_core.verb:set package 'magbot_control' build argument 'cmake_args' from command line to 'None'
[0.528s] Level 5:colcon.colcon_core.verb:set package 'magbot_control' build argument 'cmake_target' from command line to 'None'
[0.528s] Level 5:colcon.colcon_core.verb:set package 'magbot_control' build argument 'cmake_target_skip_unavailable' from command line to 'False'
[0.528s] Level 5:colcon.colcon_core.verb:set package 'magbot_control' build argument 'cmake_clean_cache' from command line to 'False'
[0.528s] Level 5:colcon.colcon_core.verb:set package 'magbot_control' build argument 'cmake_clean_first' from command line to 'False'
[0.528s] Level 5:colcon.colcon_core.verb:set package 'magbot_control' build argument 'cmake_force_configure' from command line to 'False'
[0.528s] Level 5:colcon.colcon_core.verb:set package 'magbot_control' build argument 'ament_cmake_args' from command line to 'None'
[0.528s] Level 5:colcon.colcon_core.verb:set package 'magbot_control' build argument 'catkin_cmake_args' from command line to 'None'
[0.528s] Level 5:colcon.colcon_core.verb:set package 'magbot_control' build argument 'catkin_skip_building_tests' from command line to 'False'
[0.528s] DEBUG:colcon.colcon_core.verb:Building package 'magbot_control' with the following arguments: {'ament_cmake_args': None, 'build_base': '/home/jarvis/magic/ROS/magbot_ws/build/magbot_control', 'catkin_cmake_args': None, 'catkin_skip_building_tests': False, 'cmake_args': None, 'cmake_clean_cache': False, 'cmake_clean_first': False, 'cmake_force_configure': False, 'cmake_target': None, 'cmake_target_skip_unavailable': False, 'install_base': '/home/jarvis/magic/ROS/magbot_ws/install/magbot_control', 'merge_install': False, 'path': '/home/jarvis/magic/ROS/magbot_ws/src/magbot_control', 'symlink_install': False, 'test_result_base': None}
[0.529s] Level 5:colcon.colcon_core.verb:set package 'magbot_description' build argument 'cmake_args' from command line to 'None'
[0.529s] Level 5:colcon.colcon_core.verb:set package 'magbot_description' build argument 'cmake_target' from command line to 'None'
[0.529s] Level 5:colcon.colcon_core.verb:set package 'magbot_description' build argument 'cmake_target_skip_unavailable' from command line to 'False'
[0.529s] Level 5:colcon.colcon_core.verb:set package 'magbot_description' build argument 'cmake_clean_cache' from command line to 'False'
[0.529s] Level 5:colcon.colcon_core.verb:set package 'magbot_description' build argument 'cmake_clean_first' from command line to 'False'
[0.529s] Level 5:colcon.colcon_core.verb:set package 'magbot_description' build argument 'cmake_force_configure' from command line to 'False'
[0.529s] Level 5:colcon.colcon_core.verb:set package 'magbot_description' build argument 'ament_cmake_args' from command line to 'None'
[0.529s] Level 5:colcon.colcon_core.verb:set package 'magbot_description' build argument 'catkin_cmake_args' from command line to 'None'
[0.529s] Level 5:colcon.colcon_core.verb:set package 'magbot_description' build argument 'catkin_skip_building_tests' from command line to 'False'
[0.529s] DEBUG:colcon.colcon_core.verb:Building package 'magbot_description' with the following arguments: {'ament_cmake_args': None, 'build_base': '/home/jarvis/magic/ROS/magbot_ws/build/magbot_description', 'catkin_cmake_args': None, 'catkin_skip_building_tests': False, 'cmake_args': None, 'cmake_clean_cache': False, 'cmake_clean_first': False, 'cmake_force_configure': False, 'cmake_target': None, 'cmake_target_skip_unavailable': False, 'install_base': '/home/jarvis/magic/ROS/magbot_ws/install/magbot_description', 'merge_install': False, 'path': '/home/jarvis/magic/ROS/magbot_ws/src/magbot_description', 'symlink_install': False, 'test_result_base': None}
[0.529s] Level 5:colcon.colcon_core.verb:set package 'magbot_gazebo' build argument 'cmake_args' from command line to 'None'
[0.529s] Level 5:colcon.colcon_core.verb:set package 'magbot_gazebo' build argument 'cmake_target' from command line to 'None'
[0.529s] Level 5:colcon.colcon_core.verb:set package 'magbot_gazebo' build argument 'cmake_target_skip_unavailable' from command line to 'False'
[0.529s] Level 5:colcon.colcon_core.verb:set package 'magbot_gazebo' build argument 'cmake_clean_cache' from command line to 'False'
[0.529s] Level 5:colcon.colcon_core.verb:set package 'magbot_gazebo' build argument 'cmake_clean_first' from command line to 'False'
[0.529s] Level 5:colcon.colcon_core.verb:set package 'magbot_gazebo' build argument 'cmake_force_configure' from command line to 'False'
[0.529s] Level 5:colcon.colcon_core.verb:set package 'magbot_gazebo' build argument 'ament_cmake_args' from command line to 'None'
[0.529s] Level 5:colcon.colcon_core.verb:set package 'magbot_gazebo' build argument 'catkin_cmake_args' from command line to 'None'
[0.529s] Level 5:colcon.colcon_core.verb:set package 'magbot_gazebo' build argument 'catkin_skip_building_tests' from command line to 'False'
[0.529s] DEBUG:colcon.colcon_core.verb:Building package 'magbot_gazebo' with the following arguments: {'ament_cmake_args': None, 'build_base': '/home/jarvis/magic/ROS/magbot_ws/build/magbot_gazebo', 'catkin_cmake_args': None, 'catkin_skip_building_tests': False, 'cmake_args': None, 'cmake_clean_cache': False, 'cmake_clean_first': False, 'cmake_force_configure': False, 'cmake_target': None, 'cmake_target_skip_unavailable': False, 'install_base': '/home/jarvis/magic/ROS/magbot_ws/install/magbot_gazebo', 'merge_install': False, 'path': '/home/jarvis/magic/ROS/magbot_ws/src/magbot_gazebo', 'symlink_install': False, 'test_result_base': None}
[0.530s] Level 5:colcon.colcon_core.verb:set package 'magbot_input_interfacing' build argument 'cmake_args' from command line to 'None'
[0.530s] Level 5:colcon.colcon_core.verb:set package 'magbot_input_interfacing' build argument 'cmake_target' from command line to 'None'
[0.530s] Level 5:colcon.colcon_core.verb:set package 'magbot_input_interfacing' build argument 'cmake_target_skip_unavailable' from command line to 'False'
[0.530s] Level 5:colcon.colcon_core.verb:set package 'magbot_input_interfacing' build argument 'cmake_clean_cache' from command line to 'False'
[0.530s] Level 5:colcon.colcon_core.verb:set package 'magbot_input_interfacing' build argument 'cmake_clean_first' from command line to 'False'
[0.530s] Level 5:colcon.colcon_core.verb:set package 'magbot_input_interfacing' build argument 'cmake_force_configure' from command line to 'False'
[0.530s] Level 5:colcon.colcon_core.verb:set package 'magbot_input_interfacing' build argument 'ament_cmake_args' from command line to 'None'
[0.530s] Level 5:colcon.colcon_core.verb:set package 'magbot_input_interfacing' build argument 'catkin_cmake_args' from command line to 'None'
[0.530s] Level 5:colcon.colcon_core.verb:set package 'magbot_input_interfacing' build argument 'catkin_skip_building_tests' from command line to 'False'
[0.530s] DEBUG:colcon.colcon_core.verb:Building package 'magbot_input_interfacing' with the following arguments: {'ament_cmake_args': None, 'build_base': '/home/jarvis/magic/ROS/magbot_ws/build/magbot_input_interfacing', 'catkin_cmake_args': None, 'catkin_skip_building_tests': False, 'cmake_args': None, 'cmake_clean_cache': False, 'cmake_clean_first': False, 'cmake_force_configure': False, 'cmake_target': None, 'cmake_target_skip_unavailable': False, 'install_base': '/home/jarvis/magic/ROS/magbot_ws/install/magbot_input_interfacing', 'merge_install': False, 'path': '/home/jarvis/magic/ROS/magbot_ws/src/magbot_hardware_interfacing/magbot_input_interfacing', 'symlink_install': False, 'test_result_base': None}
[0.531s] Level 5:colcon.colcon_core.verb:set package 'magbot_peripheral_interfacing' build argument 'cmake_args' from command line to 'None'
[0.531s] Level 5:colcon.colcon_core.verb:set package 'magbot_peripheral_interfacing' build argument 'cmake_target' from command line to 'None'
[0.531s] Level 5:colcon.colcon_core.verb:set package 'magbot_peripheral_interfacing' build argument 'cmake_target_skip_unavailable' from command line to 'False'
[0.531s] Level 5:colcon.colcon_core.verb:set package 'magbot_peripheral_interfacing' build argument 'cmake_clean_cache' from command line to 'False'
[0.531s] Level 5:colcon.colcon_core.verb:set package 'magbot_peripheral_interfacing' build argument 'cmake_clean_first' from command line to 'False'
[0.531s] Level 5:colcon.colcon_core.verb:set package 'magbot_peripheral_interfacing' build argument 'cmake_force_configure' from command line to 'False'
[0.531s] Level 5:colcon.colcon_core.verb:set package 'magbot_peripheral_interfacing' build argument 'ament_cmake_args' from command line to 'None'
[0.531s] Level 5:colcon.colcon_core.verb:set package 'magbot_peripheral_interfacing' build argument 'catkin_cmake_args' from command line to 'None'
[0.531s] Level 5:colcon.colcon_core.verb:set package 'magbot_peripheral_interfacing' build argument 'catkin_skip_building_tests' from command line to 'False'
[0.531s] DEBUG:colcon.colcon_core.verb:Building package 'magbot_peripheral_interfacing' with the following arguments: {'ament_cmake_args': None, 'build_base': '/home/jarvis/magic/ROS/magbot_ws/build/magbot_peripheral_interfacing', 'catkin_cmake_args': None, 'catkin_skip_building_tests': False, 'cmake_args': None, 'cmake_clean_cache': False, 'cmake_clean_first': False, 'cmake_force_configure': False, 'cmake_target': None, 'cmake_target_skip_unavailable': False, 'install_base': '/home/jarvis/magic/ROS/magbot_ws/install/magbot_peripheral_interfacing', 'merge_install': False, 'path': '/home/jarvis/magic/ROS/magbot_ws/src/magbot_hardware_interfacing/magbot_peripheral_interfacing', 'symlink_install': False, 'test_result_base': None}
[0.531s] Level 5:colcon.colcon_core.verb:set package 'magbot_servo_interfacing' build argument 'cmake_args' from command line to 'None'
[0.531s] Level 5:colcon.colcon_core.verb:set package 'magbot_servo_interfacing' build argument 'cmake_target' from command line to 'None'
[0.531s] Level 5:colcon.colcon_core.verb:set package 'magbot_servo_interfacing' build argument 'cmake_target_skip_unavailable' from command line to 'False'
[0.531s] Level 5:colcon.colcon_core.verb:set package 'magbot_servo_interfacing' build argument 'cmake_clean_cache' from command line to 'False'
[0.531s] Level 5:colcon.colcon_core.verb:set package 'magbot_servo_interfacing' build argument 'cmake_clean_first' from command line to 'False'
[0.531s] Level 5:colcon.colcon_core.verb:set package 'magbot_servo_interfacing' build argument 'cmake_force_configure' from command line to 'False'
[0.531s] Level 5:colcon.colcon_core.verb:set package 'magbot_servo_interfacing' build argument 'ament_cmake_args' from command line to 'None'
[0.531s] Level 5:colcon.colcon_core.verb:set package 'magbot_servo_interfacing' build argument 'catkin_cmake_args' from command line to 'None'
[0.531s] Level 5:colcon.colcon_core.verb:set package 'magbot_servo_interfacing' build argument 'catkin_skip_building_tests' from command line to 'False'
[0.531s] DEBUG:colcon.colcon_core.verb:Building package 'magbot_servo_interfacing' with the following arguments: {'ament_cmake_args': None, 'build_base': '/home/jarvis/magic/ROS/magbot_ws/build/magbot_servo_interfacing', 'catkin_cmake_args': None, 'catkin_skip_building_tests': False, 'cmake_args': None, 'cmake_clean_cache': False, 'cmake_clean_first': False, 'cmake_force_configure': False, 'cmake_target': None, 'cmake_target_skip_unavailable': False, 'install_base': '/home/jarvis/magic/ROS/magbot_ws/install/magbot_servo_interfacing', 'merge_install': False, 'path': '/home/jarvis/magic/ROS/magbot_ws/src/magbot_hardware_interfacing/magbot_servo_interfacing', 'symlink_install': False, 'test_result_base': None}
[0.532s] Level 5:colcon.colcon_core.verb:set package 'magbot_utilities' build argument 'cmake_args' from command line to 'None'
[0.532s] Level 5:colcon.colcon_core.verb:set package 'magbot_utilities' build argument 'cmake_target' from command line to 'None'
[0.532s] Level 5:colcon.colcon_core.verb:set package 'magbot_utilities' build argument 'cmake_target_skip_unavailable' from command line to 'False'
[0.532s] Level 5:colcon.colcon_core.verb:set package 'magbot_utilities' build argument 'cmake_clean_cache' from command line to 'False'
[0.532s] Level 5:colcon.colcon_core.verb:set package 'magbot_utilities' build argument 'cmake_clean_first' from command line to 'False'
[0.532s] Level 5:colcon.colcon_core.verb:set package 'magbot_utilities' build argument 'cmake_force_configure' from command line to 'False'
[0.532s] Level 5:colcon.colcon_core.verb:set package 'magbot_utilities' build argument 'ament_cmake_args' from command line to 'None'
[0.532s] Level 5:colcon.colcon_core.verb:set package 'magbot_utilities' build argument 'catkin_cmake_args' from command line to 'None'
[0.532s] Level 5:colcon.colcon_core.verb:set package 'magbot_utilities' build argument 'catkin_skip_building_tests' from command line to 'False'
[0.532s] DEBUG:colcon.colcon_core.verb:Building package 'magbot_utilities' with the following arguments: {'ament_cmake_args': None, 'build_base': '/home/jarvis/magic/ROS/magbot_ws/build/magbot_utilities', 'catkin_cmake_args': None, 'catkin_skip_building_tests': False, 'cmake_args': None, 'cmake_clean_cache': False, 'cmake_clean_first': False, 'cmake_force_configure': False, 'cmake_target': None, 'cmake_target_skip_unavailable': False, 'install_base': '/home/jarvis/magic/ROS/magbot_ws/install/magbot_utilities', 'merge_install': False, 'path': '/home/jarvis/magic/ROS/magbot_ws/src/magbot_utilities', 'symlink_install': False, 'test_result_base': None}
[0.532s] INFO:colcon.colcon_core.executor:Executing jobs using 'parallel' executor
[0.534s] DEBUG:colcon.colcon_parallel_executor.executor.parallel:run_until_complete
[0.534s] INFO:colcon.colcon_ros.task.ament_cmake.build:Building ROS package in '/home/jarvis/magic/ROS/magbot_ws/src/interfaces_pkg' with build type 'ament_cmake'
[0.534s] INFO:colcon.colcon_cmake.task.cmake.build:Building CMake package in '/home/jarvis/magic/ROS/magbot_ws/src/interfaces_pkg'
[0.539s] INFO:colcon.colcon_core.plugin_system:Skipping extension 'colcon_core.shell.bat': Not used on non-Windows systems
[0.539s] INFO:colcon.colcon_core.shell:Skip shell extension 'powershell' for command environment: Not usable outside of PowerShell
[0.539s] DEBUG:colcon.colcon_core.shell:Skip shell extension 'dsv' for command environment
[0.545s] INFO:colcon.colcon_ros.task.ament_python.build:Building ROS package in '/home/jarvis/magic/ROS/magbot_ws/src/magbot' with build type 'ament_python'
[0.545s] Level 1:colcon.colcon_core.shell:create_environment_hook('magbot', 'ament_prefix_path')
[0.546s] INFO:colcon.colcon_core.shell:Creating environment hook '/home/jarvis/magic/ROS/magbot_ws/install/magbot/share/magbot/hook/ament_prefix_path.ps1'
[0.548s] INFO:colcon.colcon_core.shell:Creating environment descriptor '/home/jarvis/magic/ROS/magbot_ws/install/magbot/share/magbot/hook/ament_prefix_path.dsv'
[0.549s] INFO:colcon.colcon_core.shell:Creating environment hook '/home/jarvis/magic/ROS/magbot_ws/install/magbot/share/magbot/hook/ament_prefix_path.sh'
[0.552s] INFO:colcon.colcon_core.shell:Skip shell extension 'powershell' for command environment: Not usable outside of PowerShell
[0.552s] DEBUG:colcon.colcon_core.shell:Skip shell extension 'dsv' for command environment
[0.557s] INFO:colcon.colcon_ros.task.ament_python.build:Building ROS package in '/home/jarvis/magic/ROS/magbot_ws/src/magbot_control' with build type 'ament_python'
[0.557s] Level 1:colcon.colcon_core.shell:create_environment_hook('magbot_control', 'ament_prefix_path')
[0.557s] INFO:colcon.colcon_core.shell:Creating environment hook '/home/jarvis/magic/ROS/magbot_ws/install/magbot_control/share/magbot_control/hook/ament_prefix_path.ps1'
[0.558s] INFO:colcon.colcon_core.shell:Creating environment descriptor '/home/jarvis/magic/ROS/magbot_ws/install/magbot_control/share/magbot_control/hook/ament_prefix_path.dsv'
[0.558s] INFO:colcon.colcon_core.shell:Creating environment hook '/home/jarvis/magic/ROS/magbot_ws/install/magbot_control/share/magbot_control/hook/ament_prefix_path.sh'
[0.559s] INFO:colcon.colcon_core.shell:Skip shell extension 'powershell' for command environment: Not usable outside of PowerShell
[0.559s] DEBUG:colcon.colcon_core.shell:Skip shell extension 'dsv' for command environment
[0.565s] INFO:colcon.colcon_ros.task.ament_python.build:Building ROS package in '/home/jarvis/magic/ROS/magbot_ws/src/magbot_description' with build type 'ament_python'
[0.566s] Level 1:colcon.colcon_core.shell:create_environment_hook('magbot_description', 'ament_prefix_path')
[0.566s] INFO:colcon.colcon_core.shell:Creating environment hook '/home/jarvis/magic/ROS/magbot_ws/install/magbot_description/share/magbot_description/hook/ament_prefix_path.ps1'
[0.568s] INFO:colcon.colcon_core.shell:Creating environment descriptor '/home/jarvis/magic/ROS/magbot_ws/install/magbot_description/share/magbot_description/hook/ament_prefix_path.dsv'
[0.569s] INFO:colcon.colcon_core.shell:Creating environment hook '/home/jarvis/magic/ROS/magbot_ws/install/magbot_description/share/magbot_description/hook/ament_prefix_path.sh'
[0.570s] INFO:colcon.colcon_core.shell:Skip shell extension 'powershell' for command environment: Not usable outside of PowerShell
[0.571s] DEBUG:colcon.colcon_core.shell:Skip shell extension 'dsv' for command environment
[0.575s] INFO:colcon.colcon_ros.task.ament_python.build:Building ROS package in '/home/jarvis/magic/ROS/magbot_ws/src/magbot_gazebo' with build type 'ament_python'
[0.575s] Level 1:colcon.colcon_core.shell:create_environment_hook('magbot_gazebo', 'ament_prefix_path')
[0.576s] INFO:colcon.colcon_core.shell:Creating environment hook '/home/jarvis/magic/ROS/magbot_ws/install/magbot_gazebo/share/magbot_gazebo/hook/ament_prefix_path.ps1'
[0.579s] INFO:colcon.colcon_core.shell:Creating environment descriptor '/home/jarvis/magic/ROS/magbot_ws/install/magbot_gazebo/share/magbot_gazebo/hook/ament_prefix_path.dsv'
[0.580s] INFO:colcon.colcon_core.shell:Creating environment hook '/home/jarvis/magic/ROS/magbot_ws/install/magbot_gazebo/share/magbot_gazebo/hook/ament_prefix_path.sh'
[0.582s] INFO:colcon.colcon_core.shell:Skip shell extension 'powershell' for command environment: Not usable outside of PowerShell
[0.582s] DEBUG:colcon.colcon_core.shell:Skip shell extension 'dsv' for command environment
[0.589s] INFO:colcon.colcon_ros.task.ament_python.build:Building ROS package in '/home/jarvis/magic/ROS/magbot_ws/src/magbot_hardware_interfacing/magbot_input_interfacing' with build type 'ament_python'
[0.589s] Level 1:colcon.colcon_core.shell:create_environment_hook('magbot_input_interfacing', 'ament_prefix_path')
[0.590s] INFO:colcon.colcon_core.shell:Creating environment hook '/home/jarvis/magic/ROS/magbot_ws/install/magbot_input_interfacing/share/magbot_input_interfacing/hook/ament_prefix_path.ps1'
[0.591s] INFO:colcon.colcon_core.shell:Creating environment descriptor '/home/jarvis/magic/ROS/magbot_ws/install/magbot_input_interfacing/share/magbot_input_interfacing/hook/ament_prefix_path.dsv'
[0.591s] INFO:colcon.colcon_core.shell:Creating environment hook '/home/jarvis/magic/ROS/magbot_ws/install/magbot_input_interfacing/share/magbot_input_interfacing/hook/ament_prefix_path.sh'
[0.591s] INFO:colcon.colcon_core.shell:Skip shell extension 'powershell' for command environment: Not usable outside of PowerShell
[0.591s] DEBUG:colcon.colcon_core.shell:Skip shell extension 'dsv' for command environment
[0.598s] INFO:colcon.colcon_ros.task.ament_python.build:Building ROS package in '/home/jarvis/magic/ROS/magbot_ws/src/magbot_hardware_interfacing/magbot_peripheral_interfacing' with build type 'ament_python'
[0.598s] Level 1:colcon.colcon_core.shell:create_environment_hook('magbot_peripheral_interfacing', 'ament_prefix_path')
[0.599s] INFO:colcon.colcon_core.shell:Creating environment hook '/home/jarvis/magic/ROS/magbot_ws/install/magbot_peripheral_interfacing/share/magbot_peripheral_interfacing/hook/ament_prefix_path.ps1'
[0.601s] INFO:colcon.colcon_core.shell:Creating environment descriptor '/home/jarvis/magic/ROS/magbot_ws/install/magbot_peripheral_interfacing/share/magbot_peripheral_interfacing/hook/ament_prefix_path.dsv'
[0.602s] INFO:colcon.colcon_core.shell:Creating environment hook '/home/jarvis/magic/ROS/magbot_ws/install/magbot_peripheral_interfacing/share/magbot_peripheral_interfacing/hook/ament_prefix_path.sh'
[0.603s] INFO:colcon.colcon_core.shell:Skip shell extension 'powershell' for command environment: Not usable outside of PowerShell
[0.603s] DEBUG:colcon.colcon_core.shell:Skip shell extension 'dsv' for command environment
[0.607s] INFO:colcon.colcon_ros.task.ament_python.build:Building ROS package in '/home/jarvis/magic/ROS/magbot_ws/src/magbot_hardware_interfacing/magbot_servo_interfacing' with build type 'ament_python'
[0.607s] Level 1:colcon.colcon_core.shell:create_environment_hook('magbot_servo_interfacing', 'ament_prefix_path')
[0.608s] INFO:colcon.colcon_core.shell:Creating environment hook '/home/jarvis/magic/ROS/magbot_ws/install/magbot_servo_interfacing/share/magbot_servo_interfacing/hook/ament_prefix_path.ps1'
[0.609s] INFO:colcon.colcon_core.shell:Creating environment descriptor '/home/jarvis/magic/ROS/magbot_ws/install/magbot_servo_interfacing/share/magbot_servo_interfacing/hook/ament_prefix_path.dsv'
[0.610s] INFO:colcon.colcon_core.shell:Creating environment hook '/home/jarvis/magic/ROS/magbot_ws/install/magbot_servo_interfacing/share/magbot_servo_interfacing/hook/ament_prefix_path.sh'
[0.611s] INFO:colcon.colcon_core.shell:Skip shell extension 'powershell' for command environment: Not usable outside of PowerShell
[0.611s] DEBUG:colcon.colcon_core.shell:Skip shell extension 'dsv' for command environment
[0.625s] DEBUG:colcon.colcon_core.event_handler.log_command:Invoking command in '/home/jarvis/magic/ROS/magbot_ws/build/interfaces_pkg': CMAKE_PREFIX_PATH=/home/jarvis/magic/ROS/magbot_ws/install/magbot_utilities:/home/jarvis/magic/ROS/magbot_ws/install/magbot_servo_interfacing:/home/jarvis/magic/ROS/magbot_ws/install/magbot_peripheral_interfacing:/home/jarvis/magic/ROS/magbot_ws/install/magbot_input_interfacing:/home/jarvis/magic/ROS/magbot_ws/install/magbot_gazebo:/home/jarvis/magic/ROS/magbot_ws/install/magbot_description:/home/jarvis/magic/ROS/magbot_ws/install/magbot_control:/home/jarvis/magic/ROS/magbot_ws/install/magbot:/home/jarvis/magic/ROS/ros2_ws/install/my_robot_controller:/opt/ros/humble /usr/bin/cmake /home/jarvis/magic/ROS/magbot_ws/src/interfaces_pkg -DCMAKE_INSTALL_PREFIX=/home/jarvis/magic/ROS/magbot_ws/install/interfaces_pkg
[1.023s] INFO:colcon.colcon_core.task.python.build:Building Python package in '/home/jarvis/magic/ROS/magbot_ws/src/magbot'
[1.024s] INFO:colcon.colcon_core.shell:Skip shell extension 'powershell' for command environment: Not usable outside of PowerShell
[1.024s] DEBUG:colcon.colcon_core.shell:Skip shell extension 'dsv' for command environment
[1.491s] INFO:colcon.colcon_core.task.python.build:Building Python package in '/home/jarvis/magic/ROS/magbot_ws/src/magbot_control'
[1.492s] INFO:colcon.colcon_core.shell:Skip shell extension 'powershell' for command environment: Not usable outside of PowerShell
[1.492s] DEBUG:colcon.colcon_core.shell:Skip shell extension 'dsv' for command environment
[1.863s] INFO:colcon.colcon_core.task.python.build:Building Python package in '/home/jarvis/magic/ROS/magbot_ws/src/magbot_description'
[1.864s] INFO:colcon.colcon_core.shell:Skip shell extension 'powershell' for command environment: Not usable outside of PowerShell
[1.864s] DEBUG:colcon.colcon_core.shell:Skip shell extension 'dsv' for command environment
[2.281s] INFO:colcon.colcon_core.task.python.build:Building Python package in '/home/jarvis/magic/ROS/magbot_ws/src/magbot_gazebo'
[2.282s] INFO:colcon.colcon_core.shell:Skip shell extension 'powershell' for command environment: Not usable outside of PowerShell
[2.282s] DEBUG:colcon.colcon_core.shell:Skip shell extension 'dsv' for command environment
[2.735s] INFO:colcon.colcon_core.task.python.build:Building Python package in '/home/jarvis/magic/ROS/magbot_ws/src/magbot_hardware_interfacing/magbot_input_interfacing'
[2.735s] INFO:colcon.colcon_core.shell:Skip shell extension 'powershell' for command environment: Not usable outside of PowerShell
[2.735s] DEBUG:colcon.colcon_core.shell:Skip shell extension 'dsv' for command environment
[3.144s] INFO:colcon.colcon_core.task.python.build:Building Python package in '/home/jarvis/magic/ROS/magbot_ws/src/magbot_hardware_interfacing/magbot_peripheral_interfacing'
[3.144s] INFO:colcon.colcon_core.shell:Skip shell extension 'powershell' for command environment: Not usable outside of PowerShell
[3.144s] DEBUG:colcon.colcon_core.shell:Skip shell extension 'dsv' for command environment
[3.512s] INFO:colcon.colcon_core.task.python.build:Building Python package in '/home/jarvis/magic/ROS/magbot_ws/src/magbot_hardware_interfacing/magbot_servo_interfacing'
[3.513s] INFO:colcon.colcon_core.shell:Skip shell extension 'powershell' for command environment: Not usable outside of PowerShell
[3.513s] DEBUG:colcon.colcon_core.shell:Skip shell extension 'dsv' for command environment
[3.531s] DEBUG:colcon.colcon_core.event_handler.log_command:Invoked command in '/home/jarvis/magic/ROS/magbot_ws/build/interfaces_pkg' returned '0': CMAKE_PREFIX_PATH=/home/jarvis/magic/ROS/magbot_ws/install/magbot_utilities:/home/jarvis/magic/ROS/magbot_ws/install/magbot_servo_interfacing:/home/jarvis/magic/ROS/magbot_ws/install/magbot_peripheral_interfacing:/home/jarvis/magic/ROS/magbot_ws/install/magbot_input_interfacing:/home/jarvis/magic/ROS/magbot_ws/install/magbot_gazebo:/home/jarvis/magic/ROS/magbot_ws/install/magbot_description:/home/jarvis/magic/ROS/magbot_ws/install/magbot_control:/home/jarvis/magic/ROS/magbot_ws/install/magbot:/home/jarvis/magic/ROS/ros2_ws/install/my_robot_controller:/opt/ros/humble /usr/bin/cmake /home/jarvis/magic/ROS/magbot_ws/src/interfaces_pkg -DCMAKE_INSTALL_PREFIX=/home/jarvis/magic/ROS/magbot_ws/install/interfaces_pkg
[3.531s] DEBUG:colcon.colcon_core.event_handler.log_command:Invoking command in '/home/jarvis/magic/ROS/magbot_ws/build/interfaces_pkg': CMAKE_PREFIX_PATH=/home/jarvis/magic/ROS/magbot_ws/install/magbot_utilities:/home/jarvis/magic/ROS/magbot_ws/install/magbot_servo_interfacing:/home/jarvis/magic/ROS/magbot_ws/install/magbot_peripheral_interfacing:/home/jarvis/magic/ROS/magbot_ws/install/magbot_input_interfacing:/home/jarvis/magic/ROS/magbot_ws/install/magbot_gazebo:/home/jarvis/magic/ROS/magbot_ws/install/magbot_description:/home/jarvis/magic/ROS/magbot_ws/install/magbot_control:/home/jarvis/magic/ROS/magbot_ws/install/magbot:/home/jarvis/magic/ROS/ros2_ws/install/my_robot_controller:/opt/ros/humble /usr/bin/cmake --build /home/jarvis/magic/ROS/magbot_ws/build/interfaces_pkg -- -j8 -l8
[5.735s] DEBUG:colcon.colcon_core.event_handler.log_command:Invoking command in '/home/jarvis/magic/ROS/magbot_ws/src/magbot_hardware_interfacing/magbot_input_interfacing': PYTHONPATH=/home/jarvis/magic/ROS/magbot_ws/build/magbot_input_interfacing/prefix_override:/home/jarvis/magic/ROS/magbot_ws/install/magbot_input_interfacing/lib/python3.10/site-packages:${PYTHONPATH} /usr/bin/python3 -W ignore:setup.py install is deprecated setup.py egg_info --egg-base ../../../build/magbot_input_interfacing build --build-base /home/jarvis/magic/ROS/magbot_ws/build/magbot_input_interfacing/build install --record /home/jarvis/magic/ROS/magbot_ws/build/magbot_input_interfacing/install.log --single-version-externally-managed install_data
[5.768s] DEBUG:colcon.colcon_core.event_handler.log_command:Invoking command in '/home/jarvis/magic/ROS/magbot_ws/src/magbot_gazebo': PYTHONPATH=/home/jarvis/magic/ROS/magbot_ws/build/magbot_gazebo/prefix_override:/home/jarvis/magic/ROS/magbot_ws/install/magbot_gazebo/lib/python3.10/site-packages:${PYTHONPATH} /usr/bin/python3 -W ignore:setup.py install is deprecated setup.py egg_info --egg-base ../../build/magbot_gazebo build --build-base /home/jarvis/magic/ROS/magbot_ws/build/magbot_gazebo/build install --record /home/jarvis/magic/ROS/magbot_ws/build/magbot_gazebo/install.log --single-version-externally-managed install_data
[5.809s] DEBUG:colcon.colcon_core.event_handler.log_command:Invoking command in '/home/jarvis/magic/ROS/magbot_ws/src/magbot_description': PYTHONPATH=/home/jarvis/magic/ROS/magbot_ws/build/magbot_description/prefix_override:/home/jarvis/magic/ROS/magbot_ws/install/magbot_description/lib/python3.10/site-packages:${PYTHONPATH} /usr/bin/python3 -W ignore:setup.py install is deprecated setup.py egg_info --egg-base ../../build/magbot_description build --build-base /home/jarvis/magic/ROS/magbot_ws/build/magbot_description/build install --record /home/jarvis/magic/ROS/magbot_ws/build/magbot_description/install.log --single-version-externally-managed install_data
[5.866s] DEBUG:colcon.colcon_core.event_handler.log_command:Invoking command in '/home/jarvis/magic/ROS/magbot_ws/src/magbot_hardware_interfacing/magbot_peripheral_interfacing': PYTHONPATH=/home/jarvis/magic/ROS/magbot_ws/build/magbot_peripheral_interfacing/prefix_override:/home/jarvis/magic/ROS/magbot_ws/install/magbot_peripheral_interfacing/lib/python3.10/site-packages:${PYTHONPATH} /usr/bin/python3 -W ignore:setup.py install is deprecated setup.py egg_info --egg-base ../../../build/magbot_peripheral_interfacing build --build-base /home/jarvis/magic/ROS/magbot_ws/build/magbot_peripheral_interfacing/build install --record /home/jarvis/magic/ROS/magbot_ws/build/magbot_peripheral_interfacing/install.log --single-version-externally-managed install_data
[6.121s] DEBUG:colcon.colcon_core.event_handler.log_command:Invoking command in '/home/jarvis/magic/ROS/magbot_ws/src/magbot': PYTHONPATH=/home/jarvis/magic/ROS/magbot_ws/build/magbot/prefix_override:/home/jarvis/magic/ROS/magbot_ws/install/magbot/lib/python3.10/site-packages:${PYTHONPATH} /usr/bin/python3 -W ignore:setup.py install is deprecated setup.py egg_info --egg-base ../../build/magbot build --build-base /home/jarvis/magic/ROS/magbot_ws/build/magbot/build install --record /home/jarvis/magic/ROS/magbot_ws/build/magbot/install.log --single-version-externally-managed install_data
[6.177s] DEBUG:colcon.colcon_core.event_handler.log_command:Invoking command in '/home/jarvis/magic/ROS/magbot_ws/src/magbot_hardware_interfacing/magbot_servo_interfacing': PYTHONPATH=/home/jarvis/magic/ROS/magbot_ws/build/magbot_servo_interfacing/prefix_override:/home/jarvis/magic/ROS/magbot_ws/install/magbot_servo_interfacing/lib/python3.10/site-packages:${PYTHONPATH} /usr/bin/python3 -W ignore:setup.py install is deprecated setup.py egg_info --egg-base ../../../build/magbot_servo_interfacing build --build-base /home/jarvis/magic/ROS/magbot_ws/build/magbot_servo_interfacing/build install --record /home/jarvis/magic/ROS/magbot_ws/build/magbot_servo_interfacing/install.log --single-version-externally-managed install_data
[6.267s] DEBUG:colcon.colcon_core.event_handler.log_command:Invoking command in '/home/jarvis/magic/ROS/magbot_ws/src/magbot_control': PYTHONPATH=/home/jarvis/magic/ROS/magbot_ws/build/magbot_control/prefix_override:/home/jarvis/magic/ROS/magbot_ws/install/magbot_control/lib/python3.10/site-packages:${PYTHONPATH} /usr/bin/python3 -W ignore:setup.py install is deprecated setup.py egg_info --egg-base ../../build/magbot_control build --build-base /home/jarvis/magic/ROS/magbot_ws/build/magbot_control/build install --record /home/jarvis/magic/ROS/magbot_ws/build/magbot_control/install.log --single-version-externally-managed install_data
[7.007s] DEBUG:colcon.colcon_core.event_handler.log_command:Invoked command in '/home/jarvis/magic/ROS/magbot_ws/src/magbot' returned '0': PYTHONPATH=/home/jarvis/magic/ROS/magbot_ws/build/magbot/prefix_override:/home/jarvis/magic/ROS/magbot_ws/install/magbot/lib/python3.10/site-packages:${PYTHONPATH} /usr/bin/python3 -W ignore:setup.py install is deprecated setup.py egg_info --egg-base ../../build/magbot build --build-base /home/jarvis/magic/ROS/magbot_ws/build/magbot/build install --record /home/jarvis/magic/ROS/magbot_ws/build/magbot/install.log --single-version-externally-managed install_data
[7.014s] Level 1:colcon.colcon_core.environment:checking '/home/jarvis/magic/ROS/magbot_ws/install/magbot' for CMake module files
[7.014s] Level 1:colcon.colcon_core.environment:checking '/home/jarvis/magic/ROS/magbot_ws/install/magbot' for CMake config files
[7.016s] Level 1:colcon.colcon_core.environment:checking '/home/jarvis/magic/ROS/magbot_ws/install/magbot/lib'
[7.016s] Level 1:colcon.colcon_core.environment:checking '/home/jarvis/magic/ROS/magbot_ws/install/magbot/bin'
[7.016s] Level 1:colcon.colcon_core.environment:checking '/home/jarvis/magic/ROS/magbot_ws/install/magbot/lib/pkgconfig/magbot.pc'
[7.017s] Level 1:colcon.colcon_core.environment:checking '/home/jarvis/magic/ROS/magbot_ws/install/magbot/lib/python3.10/site-packages'
[7.017s] Level 1:colcon.colcon_core.shell:create_environment_hook('magbot', 'pythonpath')
[7.017s] INFO:colcon.colcon_core.shell:Creating environment hook '/home/jarvis/magic/ROS/magbot_ws/install/magbot/share/magbot/hook/pythonpath.ps1'
[7.018s] INFO:colcon.colcon_core.shell:Creating environment descriptor '/home/jarvis/magic/ROS/magbot_ws/install/magbot/share/magbot/hook/pythonpath.dsv'
[7.019s] INFO:colcon.colcon_core.shell:Creating environment hook '/home/jarvis/magic/ROS/magbot_ws/install/magbot/share/magbot/hook/pythonpath.sh'
[7.021s] Level 1:colcon.colcon_core.environment:checking '/home/jarvis/magic/ROS/magbot_ws/install/magbot/bin'
[7.021s] Level 1:colcon.colcon_core.environment:create_environment_scripts_only(magbot)
[7.023s] INFO:colcon.colcon_core.shell:Creating package script '/home/jarvis/magic/ROS/magbot_ws/install/magbot/share/magbot/package.ps1'
[7.033s] INFO:colcon.colcon_core.shell:Creating package descriptor '/home/jarvis/magic/ROS/magbot_ws/install/magbot/share/magbot/package.dsv'
[7.035s] INFO:colcon.colcon_core.shell:Creating package script '/home/jarvis/magic/ROS/magbot_ws/install/magbot/share/magbot/package.sh'
[7.038s] INFO:colcon.colcon_core.shell:Creating package script '/home/jarvis/magic/ROS/magbot_ws/install/magbot/share/magbot/package.bash'
[7.041s] INFO:colcon.colcon_core.shell:Creating package script '/home/jarvis/magic/ROS/magbot_ws/install/magbot/share/magbot/package.zsh'
[7.049s] Level 1:colcon.colcon_core.environment:create_file_with_runtime_dependencies(/home/jarvis/magic/ROS/magbot_ws/install/magbot/share/colcon-core/packages/magbot)
[7.052s] INFO:colcon.colcon_ros.task.ament_python.build:Building ROS package in '/home/jarvis/magic/ROS/magbot_ws/src/magbot_utilities' with build type 'ament_python'
[7.064s] Level 1:colcon.colcon_core.shell:create_environment_hook('magbot_utilities', 'ament_prefix_path')
[7.064s] INFO:colcon.colcon_core.shell:Creating environment hook '/home/jarvis/magic/ROS/magbot_ws/install/magbot_utilities/share/magbot_utilities/hook/ament_prefix_path.ps1'
[7.067s] INFO:colcon.colcon_core.shell:Creating environment descriptor '/home/jarvis/magic/ROS/magbot_ws/install/magbot_utilities/share/magbot_utilities/hook/ament_prefix_path.dsv'
[7.068s] INFO:colcon.colcon_core.shell:Creating environment hook '/home/jarvis/magic/ROS/magbot_ws/install/magbot_utilities/share/magbot_utilities/hook/ament_prefix_path.sh'
[7.070s] INFO:colcon.colcon_core.shell:Skip shell extension 'powershell' for command environment: Not usable outside of PowerShell
[7.070s] DEBUG:colcon.colcon_core.shell:Skip shell extension 'dsv' for command environment
[8.401s] INFO:colcon.colcon_core.task.python.build:Building Python package in '/home/jarvis/magic/ROS/magbot_ws/src/magbot_utilities'
[8.402s] INFO:colcon.colcon_core.shell:Skip shell extension 'powershell' for command environment: Not usable outside of PowerShell
[8.403s] DEBUG:colcon.colcon_core.shell:Skip shell extension 'dsv' for command environment
[8.429s] Level 1:colcon.colcon_core.environment:checking '/home/jarvis/magic/ROS/magbot_ws/install/magbot_peripheral_interfacing' for CMake module files
[8.430s] Level 1:colcon.colcon_core.environment:checking '/home/jarvis/magic/ROS/magbot_ws/install/magbot_peripheral_interfacing' for CMake config files
[8.432s] Level 1:colcon.colcon_core.environment:checking '/home/jarvis/magic/ROS/magbot_ws/install/magbot_peripheral_interfacing/lib'
[8.432s] Level 1:colcon.colcon_core.environment:checking '/home/jarvis/magic/ROS/magbot_ws/install/magbot_peripheral_interfacing/bin'
[8.433s] Level 1:colcon.colcon_core.environment:checking '/home/jarvis/magic/ROS/magbot_ws/install/magbot_peripheral_interfacing/lib/pkgconfig/magbot_peripheral_interfacing.pc'
[8.433s] Level 1:colcon.colcon_core.environment:checking '/home/jarvis/magic/ROS/magbot_ws/install/magbot_peripheral_interfacing/lib/python3.10/site-packages'
[8.434s] Level 1:colcon.colcon_core.shell:create_environment_hook('magbot_peripheral_interfacing', 'pythonpath')
[8.434s] INFO:colcon.colcon_core.shell:Creating environment hook '/home/jarvis/magic/ROS/magbot_ws/install/magbot_peripheral_interfacing/share/magbot_peripheral_interfacing/hook/pythonpath.ps1'
[8.436s] INFO:colcon.colcon_core.shell:Creating environment descriptor '/home/jarvis/magic/ROS/magbot_ws/install/magbot_peripheral_interfacing/share/magbot_peripheral_interfacing/hook/pythonpath.dsv'
[8.436s] INFO:colcon.colcon_core.shell:Creating environment hook '/home/jarvis/magic/ROS/magbot_ws/install/magbot_peripheral_interfacing/share/magbot_peripheral_interfacing/hook/pythonpath.sh'
[8.437s] Level 1:colcon.colcon_core.environment:checking '/home/jarvis/magic/ROS/magbot_ws/install/magbot_peripheral_interfacing/bin'
[8.438s] Level 1:colcon.colcon_core.environment:create_environment_scripts_only(magbot_peripheral_interfacing)
[8.438s] INFO:colcon.colcon_core.shell:Creating package script '/home/jarvis/magic/ROS/magbot_ws/install/magbot_peripheral_interfacing/share/magbot_peripheral_interfacing/package.ps1'
[8.439s] INFO:colcon.colcon_core.shell:Creating package descriptor '/home/jarvis/magic/ROS/magbot_ws/install/magbot_peripheral_interfacing/share/magbot_peripheral_interfacing/package.dsv'
[8.440s] DEBUG:colcon.colcon_core.event_handler.log_command:Invoked command in '/home/jarvis/magic/ROS/magbot_ws/src/magbot_hardware_interfacing/magbot_peripheral_interfacing' returned '0': PYTHONPATH=/home/jarvis/magic/ROS/magbot_ws/build/magbot_peripheral_interfacing/prefix_override:/home/jarvis/magic/ROS/magbot_ws/install/magbot_peripheral_interfacing/lib/python3.10/site-packages:${PYTHONPATH} /usr/bin/python3 -W ignore:setup.py install is deprecated setup.py egg_info --egg-base ../../../build/magbot_peripheral_interfacing build --build-base /home/jarvis/magic/ROS/magbot_ws/build/magbot_peripheral_interfacing/build install --record /home/jarvis/magic/ROS/magbot_ws/build/magbot_peripheral_interfacing/install.log --single-version-externally-managed install_data
[8.441s] INFO:colcon.colcon_core.shell:Creating package script '/home/jarvis/magic/ROS/magbot_ws/install/magbot_peripheral_interfacing/share/magbot_peripheral_interfacing/package.sh'
[8.442s] INFO:colcon.colcon_core.shell:Creating package script '/home/jarvis/magic/ROS/magbot_ws/install/magbot_peripheral_interfacing/share/magbot_peripheral_interfacing/package.bash'
[8.442s] INFO:colcon.colcon_core.shell:Creating package script '/home/jarvis/magic/ROS/magbot_ws/install/magbot_peripheral_interfacing/share/magbot_peripheral_interfacing/package.zsh'
[8.443s] Level 1:colcon.colcon_core.environment:create_file_with_runtime_dependencies(/home/jarvis/magic/ROS/magbot_ws/install/magbot_peripheral_interfacing/share/colcon-core/packages/magbot_peripheral_interfacing)
[8.445s] Level 1:colcon.colcon_core.environment:checking '/home/jarvis/magic/ROS/magbot_ws/install/magbot_gazebo' for CMake module files
[8.447s] DEBUG:colcon.colcon_core.event_handler.log_command:Invoked command in '/home/jarvis/magic/ROS/magbot_ws/src/magbot_gazebo' returned '0': PYTHONPATH=/home/jarvis/magic/ROS/magbot_ws/build/magbot_gazebo/prefix_override:/home/jarvis/magic/ROS/magbot_ws/install/magbot_gazebo/lib/python3.10/site-packages:${PYTHONPATH} /usr/bin/python3 -W ignore:setup.py install is deprecated setup.py egg_info --egg-base ../../build/magbot_gazebo build --build-base /home/jarvis/magic/ROS/magbot_ws/build/magbot_gazebo/build install --record /home/jarvis/magic/ROS/magbot_ws/build/magbot_gazebo/install.log --single-version-externally-managed install_data
[8.450s] Level 1:colcon.colcon_core.environment:checking '/home/jarvis/magic/ROS/magbot_ws/install/magbot_gazebo' for CMake config files
[8.451s] Level 1:colcon.colcon_core.environment:checking '/home/jarvis/magic/ROS/magbot_ws/install/magbot_gazebo/lib'
[8.451s] Level 1:colcon.colcon_core.environment:checking '/home/jarvis/magic/ROS/magbot_ws/install/magbot_gazebo/bin'
[8.451s] Level 1:colcon.colcon_core.environment:checking '/home/jarvis/magic/ROS/magbot_ws/install/magbot_gazebo/lib/pkgconfig/magbot_gazebo.pc'
[8.452s] Level 1:colcon.colcon_core.environment:checking '/home/jarvis/magic/ROS/magbot_ws/install/magbot_gazebo/lib/python3.10/site-packages'
[8.452s] Level 1:colcon.colcon_core.shell:create_environment_hook('magbot_gazebo', 'pythonpath')
[8.453s] INFO:colcon.colcon_core.shell:Creating environment hook '/home/jarvis/magic/ROS/magbot_ws/install/magbot_gazebo/share/magbot_gazebo/hook/pythonpath.ps1'
[8.454s] INFO:colcon.colcon_core.shell:Creating environment descriptor '/home/jarvis/magic/ROS/magbot_ws/install/magbot_gazebo/share/magbot_gazebo/hook/pythonpath.dsv'
[8.455s] INFO:colcon.colcon_core.shell:Creating environment hook '/home/jarvis/magic/ROS/magbot_ws/install/magbot_gazebo/share/magbot_gazebo/hook/pythonpath.sh'
[8.457s] Level 1:colcon.colcon_core.environment:checking '/home/jarvis/magic/ROS/magbot_ws/install/magbot_gazebo/bin'
[8.457s] Level 1:colcon.colcon_core.environment:create_environment_scripts_only(magbot_gazebo)
[8.458s] INFO:colcon.colcon_core.shell:Creating package script '/home/jarvis/magic/ROS/magbot_ws/install/magbot_gazebo/share/magbot_gazebo/package.ps1'
[8.459s] INFO:colcon.colcon_core.shell:Creating package descriptor '/home/jarvis/magic/ROS/magbot_ws/install/magbot_gazebo/share/magbot_gazebo/package.dsv'
[8.462s] INFO:colcon.colcon_core.shell:Creating package script '/home/jarvis/magic/ROS/magbot_ws/install/magbot_gazebo/share/magbot_gazebo/package.sh'
[8.464s] INFO:colcon.colcon_core.shell:Creating package script '/home/jarvis/magic/ROS/magbot_ws/install/magbot_gazebo/share/magbot_gazebo/package.bash'
[8.465s] INFO:colcon.colcon_core.shell:Creating package script '/home/jarvis/magic/ROS/magbot_ws/install/magbot_gazebo/share/magbot_gazebo/package.zsh'
[8.466s] Level 1:colcon.colcon_core.environment:create_file_with_runtime_dependencies(/home/jarvis/magic/ROS/magbot_ws/install/magbot_gazebo/share/colcon-core/packages/magbot_gazebo)
[8.467s] Level 1:colcon.colcon_core.environment:checking '/home/jarvis/magic/ROS/magbot_ws/install/magbot_description' for CMake module files
[8.469s] DEBUG:colcon.colcon_core.event_handler.log_command:Invoked command in '/home/jarvis/magic/ROS/magbot_ws/src/magbot_description' returned '0': PYTHONPATH=/home/jarvis/magic/ROS/magbot_ws/build/magbot_description/prefix_override:/home/jarvis/magic/ROS/magbot_ws/install/magbot_description/lib/python3.10/site-packages:${PYTHONPATH} /usr/bin/python3 -W ignore:setup.py install is deprecated setup.py egg_info --egg-base ../../build/magbot_description build --build-base /home/jarvis/magic/ROS/magbot_ws/build/magbot_description/build install --record /home/jarvis/magic/ROS/magbot_ws/build/magbot_description/install.log --single-version-externally-managed install_data
[8.471s] Level 1:colcon.colcon_core.environment:checking '/home/jarvis/magic/ROS/magbot_ws/install/magbot_description' for CMake config files
[8.472s] Level 1:colcon.colcon_core.environment:checking '/home/jarvis/magic/ROS/magbot_ws/install/magbot_description/lib'
[8.472s] Level 1:colcon.colcon_core.environment:checking '/home/jarvis/magic/ROS/magbot_ws/install/magbot_description/bin'
[8.472s] Level 1:colcon.colcon_core.environment:checking '/home/jarvis/magic/ROS/magbot_ws/install/magbot_description/lib/pkgconfig/magbot_description.pc'
[8.472s] Level 1:colcon.colcon_core.environment:checking '/home/jarvis/magic/ROS/magbot_ws/install/magbot_description/lib/python3.10/site-packages'
[8.473s] Level 1:colcon.colcon_core.shell:create_environment_hook('magbot_description', 'pythonpath')
[8.473s] INFO:colcon.colcon_core.shell:Creating environment hook '/home/jarvis/magic/ROS/magbot_ws/install/magbot_description/share/magbot_description/hook/pythonpath.ps1'
[8.474s] INFO:colcon.colcon_core.shell:Creating environment descriptor '/home/jarvis/magic/ROS/magbot_ws/install/magbot_description/share/magbot_description/hook/pythonpath.dsv'
[8.475s] INFO:colcon.colcon_core.shell:Creating environment hook '/home/jarvis/magic/ROS/magbot_ws/install/magbot_description/share/magbot_description/hook/pythonpath.sh'
[8.476s] Level 1:colcon.colcon_core.environment:checking '/home/jarvis/magic/ROS/magbot_ws/install/magbot_description/bin'
[8.476s] Level 1:colcon.colcon_core.environment:create_environment_scripts_only(magbot_description)
[8.477s] INFO:colcon.colcon_core.shell:Creating package script '/home/jarvis/magic/ROS/magbot_ws/install/magbot_description/share/magbot_description/package.ps1'
[8.479s] INFO:colcon.colcon_core.shell:Creating package descriptor '/home/jarvis/magic/ROS/magbot_ws/install/magbot_description/share/magbot_description/package.dsv'
[8.481s] INFO:colcon.colcon_core.shell:Creating package script '/home/jarvis/magic/ROS/magbot_ws/install/magbot_description/share/magbot_description/package.sh'
[8.483s] INFO:colcon.colcon_core.shell:Creating package script '/home/jarvis/magic/ROS/magbot_ws/install/magbot_description/share/magbot_description/package.bash'
[8.484s] INFO:colcon.colcon_core.shell:Creating package script '/home/jarvis/magic/ROS/magbot_ws/install/magbot_description/share/magbot_description/package.zsh'
[8.484s] Level 1:colcon.colcon_core.environment:create_file_with_runtime_dependencies(/home/jarvis/magic/ROS/magbot_ws/install/magbot_description/share/colcon-core/packages/magbot_description)
[8.486s] Level 1:colcon.colcon_core.environment:checking '/home/jarvis/magic/ROS/magbot_ws/install/magbot_input_interfacing' for CMake module files
[8.487s] DEBUG:colcon.colcon_core.event_handler.log_command:Invoked command in '/home/jarvis/magic/ROS/magbot_ws/src/magbot_hardware_interfacing/magbot_input_interfacing' returned '0': PYTHONPATH=/home/jarvis/magic/ROS/magbot_ws/build/magbot_input_interfacing/prefix_override:/home/jarvis/magic/ROS/magbot_ws/install/magbot_input_interfacing/lib/python3.10/site-packages:${PYTHONPATH} /usr/bin/python3 -W ignore:setup.py install is deprecated setup.py egg_info --egg-base ../../../build/magbot_input_interfacing build --build-base /home/jarvis/magic/ROS/magbot_ws/build/magbot_input_interfacing/build install --record /home/jarvis/magic/ROS/magbot_ws/build/magbot_input_interfacing/install.log --single-version-externally-managed install_data
[8.488s] Level 1:colcon.colcon_core.environment:checking '/home/jarvis/magic/ROS/magbot_ws/install/magbot_input_interfacing' for CMake config files
[8.490s] Level 1:colcon.colcon_core.environment:checking '/home/jarvis/magic/ROS/magbot_ws/install/magbot_input_interfacing/lib'
[8.490s] Level 1:colcon.colcon_core.environment:checking '/home/jarvis/magic/ROS/magbot_ws/install/magbot_input_interfacing/bin'
[8.490s] Level 1:colcon.colcon_core.environment:checking '/home/jarvis/magic/ROS/magbot_ws/install/magbot_input_interfacing/lib/pkgconfig/magbot_input_interfacing.pc'
[8.491s] Level 1:colcon.colcon_core.environment:checking '/home/jarvis/magic/ROS/magbot_ws/install/magbot_input_interfacing/lib/python3.10/site-packages'
[8.491s] Level 1:colcon.colcon_core.shell:create_environment_hook('magbot_input_interfacing', 'pythonpath')
[8.492s] INFO:colcon.colcon_core.shell:Creating environment hook '/home/jarvis/magic/ROS/magbot_ws/install/magbot_input_interfacing/share/magbot_input_interfacing/hook/pythonpath.ps1'
[8.493s] INFO:colcon.colcon_core.shell:Creating environment descriptor '/home/jarvis/magic/ROS/magbot_ws/install/magbot_input_interfacing/share/magbot_input_interfacing/hook/pythonpath.dsv'
[8.493s] INFO:colcon.colcon_core.shell:Creating environment hook '/home/jarvis/magic/ROS/magbot_ws/install/magbot_input_interfacing/share/magbot_input_interfacing/hook/pythonpath.sh'
[8.495s] Level 1:colcon.colcon_core.environment:checking '/home/jarvis/magic/ROS/magbot_ws/install/magbot_input_interfacing/bin'
[8.496s] Level 1:colcon.colcon_core.environment:create_environment_scripts_only(magbot_input_interfacing)
[8.497s] INFO:colcon.colcon_core.shell:Creating package script '/home/jarvis/magic/ROS/magbot_ws/install/magbot_input_interfacing/share/magbot_input_interfacing/package.ps1'
[8.499s] INFO:colcon.colcon_core.shell:Creating package descriptor '/home/jarvis/magic/ROS/magbot_ws/install/magbot_input_interfacing/share/magbot_input_interfacing/package.dsv'
[8.500s] INFO:colcon.colcon_core.shell:Creating package script '/home/jarvis/magic/ROS/magbot_ws/install/magbot_input_interfacing/share/magbot_input_interfacing/package.sh'
[8.501s] INFO:colcon.colcon_core.shell:Creating package script '/home/jarvis/magic/ROS/magbot_ws/install/magbot_input_interfacing/share/magbot_input_interfacing/package.bash'
[8.503s] INFO:colcon.colcon_core.shell:Creating package script '/home/jarvis/magic/ROS/magbot_ws/install/magbot_input_interfacing/share/magbot_input_interfacing/package.zsh'
[8.504s] Level 1:colcon.colcon_core.environment:create_file_with_runtime_dependencies(/home/jarvis/magic/ROS/magbot_ws/install/magbot_input_interfacing/share/colcon-core/packages/magbot_input_interfacing)
[8.505s] Level 1:colcon.colcon_core.environment:checking '/home/jarvis/magic/ROS/magbot_ws/install/magbot_servo_interfacing' for CMake module files
[8.507s] DEBUG:colcon.colcon_core.event_handler.log_command:Invoked command in '/home/jarvis/magic/ROS/magbot_ws/src/magbot_hardware_interfacing/magbot_servo_interfacing' returned '0': PYTHONPATH=/home/jarvis/magic/ROS/magbot_ws/build/magbot_servo_interfacing/prefix_override:/home/jarvis/magic/ROS/magbot_ws/install/magbot_servo_interfacing/lib/python3.10/site-packages:${PYTHONPATH} /usr/bin/python3 -W ignore:setup.py install is deprecated setup.py egg_info --egg-base ../../../build/magbot_servo_interfacing build --build-base /home/jarvis/magic/ROS/magbot_ws/build/magbot_servo_interfacing/build install --record /home/jarvis/magic/ROS/magbot_ws/build/magbot_servo_interfacing/install.log --single-version-externally-managed install_data
[8.508s] Level 1:colcon.colcon_core.environment:checking '/home/jarvis/magic/ROS/magbot_ws/install/magbot_servo_interfacing' for CMake config files
[8.509s] Level 1:colcon.colcon_core.environment:checking '/home/jarvis/magic/ROS/magbot_ws/install/magbot_servo_interfacing/lib'
[8.509s] Level 1:colcon.colcon_core.environment:checking '/home/jarvis/magic/ROS/magbot_ws/install/magbot_servo_interfacing/bin'
[8.509s] Level 1:colcon.colcon_core.environment:checking '/home/jarvis/magic/ROS/magbot_ws/install/magbot_servo_interfacing/lib/pkgconfig/magbot_servo_interfacing.pc'
[8.509s] Level 1:colcon.colcon_core.environment:checking '/home/jarvis/magic/ROS/magbot_ws/install/magbot_servo_interfacing/lib/python3.10/site-packages'
[8.510s] Level 1:colcon.colcon_core.shell:create_environment_hook('magbot_servo_interfacing', 'pythonpath')
[8.511s] INFO:colcon.colcon_core.shell:Creating environment hook '/home/jarvis/magic/ROS/magbot_ws/install/magbot_servo_interfacing/share/magbot_servo_interfacing/hook/pythonpath.ps1'
[8.512s] INFO:colcon.colcon_core.shell:Creating environment descriptor '/home/jarvis/magic/ROS/magbot_ws/install/magbot_servo_interfacing/share/magbot_servo_interfacing/hook/pythonpath.dsv'
[8.512s] INFO:colcon.colcon_core.shell:Creating environment hook '/home/jarvis/magic/ROS/magbot_ws/install/magbot_servo_interfacing/share/magbot_servo_interfacing/hook/pythonpath.sh'
[8.514s] Level 1:colcon.colcon_core.environment:checking '/home/jarvis/magic/ROS/magbot_ws/install/magbot_servo_interfacing/bin'
[8.514s] Level 1:colcon.colcon_core.environment:create_environment_scripts_only(magbot_servo_interfacing)
[8.514s] INFO:colcon.colcon_core.shell:Creating package script '/home/jarvis/magic/ROS/magbot_ws/install/magbot_servo_interfacing/share/magbot_servo_interfacing/package.ps1'
[8.515s] INFO:colcon.colcon_core.shell:Creating package descriptor '/home/jarvis/magic/ROS/magbot_ws/install/magbot_servo_interfacing/share/magbot_servo_interfacing/package.dsv'
[8.517s] INFO:colcon.colcon_core.shell:Creating package script '/home/jarvis/magic/ROS/magbot_ws/install/magbot_servo_interfacing/share/magbot_servo_interfacing/package.sh'
[8.518s] INFO:colcon.colcon_core.shell:Creating package script '/home/jarvis/magic/ROS/magbot_ws/install/magbot_servo_interfacing/share/magbot_servo_interfacing/package.bash'
[8.519s] INFO:colcon.colcon_core.shell:Creating package script '/home/jarvis/magic/ROS/magbot_ws/install/magbot_servo_interfacing/share/magbot_servo_interfacing/package.zsh'
[8.520s] Level 1:colcon.colcon_core.environment:create_file_with_runtime_dependencies(/home/jarvis/magic/ROS/magbot_ws/install/magbot_servo_interfacing/share/colcon-core/packages/magbot_servo_interfacing)
[8.521s] Level 1:colcon.colcon_core.environment:checking '/home/jarvis/magic/ROS/magbot_ws/install/magbot_control' for CMake module files
[8.523s] DEBUG:colcon.colcon_core.event_handler.log_command:Invoked command in '/home/jarvis/magic/ROS/magbot_ws/src/magbot_control' returned '0': PYTHONPATH=/home/jarvis/magic/ROS/magbot_ws/build/magbot_control/prefix_override:/home/jarvis/magic/ROS/magbot_ws/install/magbot_control/lib/python3.10/site-packages:${PYTHONPATH} /usr/bin/python3 -W ignore:setup.py install is deprecated setup.py egg_info --egg-base ../../build/magbot_control build --build-base /home/jarvis/magic/ROS/magbot_ws/build/magbot_control/build install --record /home/jarvis/magic/ROS/magbot_ws/build/magbot_control/install.log --single-version-externally-managed install_data
[8.524s] Level 1:colcon.colcon_core.environment:checking '/home/jarvis/magic/ROS/magbot_ws/install/magbot_control' for CMake config files
[8.525s] Level 1:colcon.colcon_core.environment:checking '/home/jarvis/magic/ROS/magbot_ws/install/magbot_control/lib'
[8.525s] Level 1:colcon.colcon_core.environment:checking '/home/jarvis/magic/ROS/magbot_ws/install/magbot_control/bin'
[8.526s] Level 1:colcon.colcon_core.environment:checking '/home/jarvis/magic/ROS/magbot_ws/install/magbot_control/lib/pkgconfig/magbot_control.pc'
[8.527s] Level 1:colcon.colcon_core.environment:checking '/home/jarvis/magic/ROS/magbot_ws/install/magbot_control/lib/python3.10/site-packages'
[8.527s] Level 1:colcon.colcon_core.shell:create_environment_hook('magbot_control', 'pythonpath')
[8.528s] INFO:colcon.colcon_core.shell:Creating environment hook '/home/jarvis/magic/ROS/magbot_ws/install/magbot_control/share/magbot_control/hook/pythonpath.ps1'
[8.530s] INFO:colcon.colcon_core.shell:Creating environment descriptor '/home/jarvis/magic/ROS/magbot_ws/install/magbot_control/share/magbot_control/hook/pythonpath.dsv'
[8.531s] INFO:colcon.colcon_core.shell:Creating environment hook '/home/jarvis/magic/ROS/magbot_ws/install/magbot_control/share/magbot_control/hook/pythonpath.sh'
[8.534s] Level 1:colcon.colcon_core.environment:checking '/home/jarvis/magic/ROS/magbot_ws/install/magbot_control/bin'
[8.534s] Level 1:colcon.colcon_core.environment:create_environment_scripts_only(magbot_control)
[8.535s] INFO:colcon.colcon_core.shell:Creating package script '/home/jarvis/magic/ROS/magbot_ws/install/magbot_control/share/magbot_control/package.ps1'
[8.537s] INFO:colcon.colcon_core.shell:Creating package descriptor '/home/jarvis/magic/ROS/magbot_ws/install/magbot_control/share/magbot_control/package.dsv'
[8.538s] INFO:colcon.colcon_core.shell:Creating package script '/home/jarvis/magic/ROS/magbot_ws/install/magbot_control/share/magbot_control/package.sh'
[8.539s] INFO:colcon.colcon_core.shell:Creating package script '/home/jarvis/magic/ROS/magbot_ws/install/magbot_control/share/magbot_control/package.bash'
[8.539s] INFO:colcon.colcon_core.shell:Creating package script '/home/jarvis/magic/ROS/magbot_ws/install/magbot_control/share/magbot_control/package.zsh'
[8.540s] Level 1:colcon.colcon_core.environment:create_file_with_runtime_dependencies(/home/jarvis/magic/ROS/magbot_ws/install/magbot_control/share/colcon-core/packages/magbot_control)
[9.751s] DEBUG:colcon.colcon_core.event_handler.log_command:Invoking command in '/home/jarvis/magic/ROS/magbot_ws/src/magbot_utilities': PYTHONPATH=/home/jarvis/magic/ROS/magbot_ws/build/magbot_utilities/prefix_override:/home/jarvis/magic/ROS/magbot_ws/install/magbot_utilities/lib/python3.10/site-packages:${PYTHONPATH} /usr/bin/python3 -W ignore:setup.py install is deprecated setup.py egg_info --egg-base ../../build/magbot_utilities build --build-base /home/jarvis/magic/ROS/magbot_ws/build/magbot_utilities/build install --record /home/jarvis/magic/ROS/magbot_ws/build/magbot_utilities/install.log --single-version-externally-managed install_data
[10.530s] Level 1:colcon.colcon_core.environment:checking '/home/jarvis/magic/ROS/magbot_ws/install/magbot_utilities' for CMake module files
[10.531s] Level 1:colcon.colcon_core.environment:checking '/home/jarvis/magic/ROS/magbot_ws/install/magbot_utilities' for CMake config files
[10.532s] Level 1:colcon.colcon_core.environment:checking '/home/jarvis/magic/ROS/magbot_ws/install/magbot_utilities/lib'
[10.533s] Level 1:colcon.colcon_core.environment:checking '/home/jarvis/magic/ROS/magbot_ws/install/magbot_utilities/bin'
[10.533s] Level 1:colcon.colcon_core.environment:checking '/home/jarvis/magic/ROS/magbot_ws/install/magbot_utilities/lib/pkgconfig/magbot_utilities.pc'
[10.533s] Level 1:colcon.colcon_core.environment:checking '/home/jarvis/magic/ROS/magbot_ws/install/magbot_utilities/lib/python3.10/site-packages'
[10.534s] Level 1:colcon.colcon_core.shell:create_environment_hook('magbot_utilities', 'pythonpath')
[10.534s] INFO:colcon.colcon_core.shell:Creating environment hook '/home/jarvis/magic/ROS/magbot_ws/install/magbot_utilities/share/magbot_utilities/hook/pythonpath.ps1'
[10.536s] DEBUG:colcon.colcon_core.event_handler.log_command:Invoked command in '/home/jarvis/magic/ROS/magbot_ws/src/magbot_utilities' returned '0': PYTHONPATH=/home/jarvis/magic/ROS/magbot_ws/build/magbot_utilities/prefix_override:/home/jarvis/magic/ROS/magbot_ws/install/magbot_utilities/lib/python3.10/site-packages:${PYTHONPATH} /usr/bin/python3 -W ignore:setup.py install is deprecated setup.py egg_info --egg-base ../../build/magbot_utilities build --build-base /home/jarvis/magic/ROS/magbot_ws/build/magbot_utilities/build install --record /home/jarvis/magic/ROS/magbot_ws/build/magbot_utilities/install.log --single-version-externally-managed install_data
[10.537s] INFO:colcon.colcon_core.shell:Creating environment descriptor '/home/jarvis/magic/ROS/magbot_ws/install/magbot_utilities/share/magbot_utilities/hook/pythonpath.dsv'
[10.539s] INFO:colcon.colcon_core.shell:Creating environment hook '/home/jarvis/magic/ROS/magbot_ws/install/magbot_utilities/share/magbot_utilities/hook/pythonpath.sh'
[10.540s] Level 1:colcon.colcon_core.environment:checking '/home/jarvis/magic/ROS/magbot_ws/install/magbot_utilities/bin'
[10.541s] Level 1:colcon.colcon_core.environment:create_environment_scripts_only(magbot_utilities)
[10.541s] INFO:colcon.colcon_core.shell:Creating package script '/home/jarvis/magic/ROS/magbot_ws/install/magbot_utilities/share/magbot_utilities/package.ps1'
[10.544s] INFO:colcon.colcon_core.shell:Creating package descriptor '/home/jarvis/magic/ROS/magbot_ws/install/magbot_utilities/share/magbot_utilities/package.dsv'
[10.546s] INFO:colcon.colcon_core.shell:Creating package script '/home/jarvis/magic/ROS/magbot_ws/install/magbot_utilities/share/magbot_utilities/package.sh'
[10.548s] INFO:colcon.colcon_core.shell:Creating package script '/home/jarvis/magic/ROS/magbot_ws/install/magbot_utilities/share/magbot_utilities/package.bash'
[10.549s] INFO:colcon.colcon_core.shell:Creating package script '/home/jarvis/magic/ROS/magbot_ws/install/magbot_utilities/share/magbot_utilities/package.zsh'
[10.551s] Level 1:colcon.colcon_core.environment:create_file_with_runtime_dependencies(/home/jarvis/magic/ROS/magbot_ws/install/magbot_utilities/share/colcon-core/packages/magbot_utilities)
[10.734s] DEBUG:colcon.colcon_core.event_handler.log_command:Invoked command in '/home/jarvis/magic/ROS/magbot_ws/build/interfaces_pkg' returned '0': CMAKE_PREFIX_PATH=/home/jarvis/magic/ROS/magbot_ws/install/magbot_utilities:/home/jarvis/magic/ROS/magbot_ws/install/magbot_servo_interfacing:/home/jarvis/magic/ROS/magbot_ws/install/magbot_peripheral_interfacing:/home/jarvis/magic/ROS/magbot_ws/install/magbot_input_interfacing:/home/jarvis/magic/ROS/magbot_ws/install/magbot_gazebo:/home/jarvis/magic/ROS/magbot_ws/install/magbot_description:/home/jarvis/magic/ROS/magbot_ws/install/magbot_control:/home/jarvis/magic/ROS/magbot_ws/install/magbot:/home/jarvis/magic/ROS/ros2_ws/install/my_robot_controller:/opt/ros/humble /usr/bin/cmake --build /home/jarvis/magic/ROS/magbot_ws/build/interfaces_pkg -- -j8 -l8
[10.842s] DEBUG:colcon.colcon_core.event_handler.log_command:Invoking command in '/home/jarvis/magic/ROS/magbot_ws/build/interfaces_pkg': CMAKE_PREFIX_PATH=/home/jarvis/magic/ROS/magbot_ws/install/magbot_utilities:/home/jarvis/magic/ROS/magbot_ws/install/magbot_servo_interfacing:/home/jarvis/magic/ROS/magbot_ws/install/magbot_peripheral_interfacing:/home/jarvis/magic/ROS/magbot_ws/install/magbot_input_interfacing:/home/jarvis/magic/ROS/magbot_ws/install/magbot_gazebo:/home/jarvis/magic/ROS/magbot_ws/install/magbot_description:/home/jarvis/magic/ROS/magbot_ws/install/magbot_control:/home/jarvis/magic/ROS/magbot_ws/install/magbot:/home/jarvis/magic/ROS/ros2_ws/install/my_robot_controller:/opt/ros/humble /usr/bin/cmake --install /home/jarvis/magic/ROS/magbot_ws/build/interfaces_pkg
[10.982s] Level 1:colcon.colcon_core.environment:create_environment_scripts_only(interfaces_pkg)
[10.984s] Level 1:colcon.colcon_core.environment:checking '/home/jarvis/magic/ROS/magbot_ws/install/interfaces_pkg' for CMake module files
[10.986s] Level 1:colcon.colcon_core.environment:checking '/home/jarvis/magic/ROS/magbot_ws/install/interfaces_pkg' for CMake config files
[10.987s] Level 1:colcon.colcon_core.shell:create_environment_hook('interfaces_pkg', 'cmake_prefix_path')
[10.987s] INFO:colcon.colcon_core.shell:Creating environment hook '/home/jarvis/magic/ROS/magbot_ws/install/interfaces_pkg/share/interfaces_pkg/hook/cmake_prefix_path.ps1'
[10.988s] INFO:colcon.colcon_core.shell:Creating environment descriptor '/home/jarvis/magic/ROS/magbot_ws/install/interfaces_pkg/share/interfaces_pkg/hook/cmake_prefix_path.dsv'
[10.988s] INFO:colcon.colcon_core.shell:Creating environment hook '/home/jarvis/magic/ROS/magbot_ws/install/interfaces_pkg/share/interfaces_pkg/hook/cmake_prefix_path.sh'
[10.989s] Level 1:colcon.colcon_core.environment:checking '/home/jarvis/magic/ROS/magbot_ws/install/interfaces_pkg/lib'
[10.989s] Level 1:colcon.colcon_core.shell:create_environment_hook('interfaces_pkg', 'ld_library_path_lib')
[10.990s] INFO:colcon.colcon_core.shell:Creating environment hook '/home/jarvis/magic/ROS/magbot_ws/install/interfaces_pkg/share/interfaces_pkg/hook/ld_library_path_lib.ps1'
[10.990s] INFO:colcon.colcon_core.shell:Creating environment descriptor '/home/jarvis/magic/ROS/magbot_ws/install/interfaces_pkg/share/interfaces_pkg/hook/ld_library_path_lib.dsv'
[10.991s] INFO:colcon.colcon_core.shell:Creating environment hook '/home/jarvis/magic/ROS/magbot_ws/install/interfaces_pkg/share/interfaces_pkg/hook/ld_library_path_lib.sh'
[10.991s] Level 1:colcon.colcon_core.environment:checking '/home/jarvis/magic/ROS/magbot_ws/install/interfaces_pkg/bin'
[10.991s] Level 1:colcon.colcon_core.environment:checking '/home/jarvis/magic/ROS/magbot_ws/install/interfaces_pkg/lib/pkgconfig/interfaces_pkg.pc'
[10.992s] Level 1:colcon.colcon_core.environment:checking '/home/jarvis/magic/ROS/magbot_ws/install/interfaces_pkg/lib/python3.10/site-packages'
[10.992s] Level 1:colcon.colcon_core.environment:checking '/home/jarvis/magic/ROS/magbot_ws/install/interfaces_pkg/bin'
[10.993s] INFO:colcon.colcon_core.shell:Creating package script '/home/jarvis/magic/ROS/magbot_ws/install/interfaces_pkg/share/interfaces_pkg/package.ps1'
[10.994s] INFO:colcon.colcon_core.shell:Creating package descriptor '/home/jarvis/magic/ROS/magbot_ws/install/interfaces_pkg/share/interfaces_pkg/package.dsv'
[10.995s] DEBUG:colcon.colcon_core.event_handler.log_command:Invoked command in '/home/jarvis/magic/ROS/magbot_ws/build/interfaces_pkg' returned '0': CMAKE_PREFIX_PATH=/home/jarvis/magic/ROS/magbot_ws/install/magbot_utilities:/home/jarvis/magic/ROS/magbot_ws/install/magbot_servo_interfacing:/home/jarvis/magic/ROS/magbot_ws/install/magbot_peripheral_interfacing:/home/jarvis/magic/ROS/magbot_ws/install/magbot_input_interfacing:/home/jarvis/magic/ROS/magbot_ws/install/magbot_gazebo:/home/jarvis/magic/ROS/magbot_ws/install/magbot_description:/home/jarvis/magic/ROS/magbot_ws/install/magbot_control:/home/jarvis/magic/ROS/magbot_ws/install/magbot:/home/jarvis/magic/ROS/ros2_ws/install/my_robot_controller:/opt/ros/humble /usr/bin/cmake --install /home/jarvis/magic/ROS/magbot_ws/build/interfaces_pkg
[10.996s] INFO:colcon.colcon_core.shell:Creating package script '/home/jarvis/magic/ROS/magbot_ws/install/interfaces_pkg/share/interfaces_pkg/package.sh'
[10.997s] INFO:colcon.colcon_core.shell:Creating package script '/home/jarvis/magic/ROS/magbot_ws/install/interfaces_pkg/share/interfaces_pkg/package.bash'
[10.998s] INFO:colcon.colcon_core.shell:Creating package script '/home/jarvis/magic/ROS/magbot_ws/install/interfaces_pkg/share/interfaces_pkg/package.zsh'
[10.998s] Level 1:colcon.colcon_core.environment:create_file_with_runtime_dependencies(/home/jarvis/magic/ROS/magbot_ws/install/interfaces_pkg/share/colcon-core/packages/interfaces_pkg)
[11.105s] Level 1:colcon.colcon_core.environment:create_environment_scripts_only(interfaces_pkg)
[11.106s] Level 1:colcon.colcon_core.environment:checking '/home/jarvis/magic/ROS/magbot_ws/install/interfaces_pkg' for CMake module files
[11.107s] Level 1:colcon.colcon_core.environment:checking '/home/jarvis/magic/ROS/magbot_ws/install/interfaces_pkg' for CMake config files
[11.108s] Level 1:colcon.colcon_core.shell:create_environment_hook('interfaces_pkg', 'cmake_prefix_path')
[11.108s] INFO:colcon.colcon_core.shell:Creating environment hook '/home/jarvis/magic/ROS/magbot_ws/install/interfaces_pkg/share/interfaces_pkg/hook/cmake_prefix_path.ps1'
[11.108s] INFO:colcon.colcon_core.shell:Creating environment descriptor '/home/jarvis/magic/ROS/magbot_ws/install/interfaces_pkg/share/interfaces_pkg/hook/cmake_prefix_path.dsv'
[11.109s] INFO:colcon.colcon_core.shell:Creating environment hook '/home/jarvis/magic/ROS/magbot_ws/install/interfaces_pkg/share/interfaces_pkg/hook/cmake_prefix_path.sh'
[11.109s] Level 1:colcon.colcon_core.environment:checking '/home/jarvis/magic/ROS/magbot_ws/install/interfaces_pkg/lib'
[11.110s] Level 1:colcon.colcon_core.shell:create_environment_hook('interfaces_pkg', 'ld_library_path_lib')
[11.110s] INFO:colcon.colcon_core.shell:Creating environment hook '/home/jarvis/magic/ROS/magbot_ws/install/interfaces_pkg/share/interfaces_pkg/hook/ld_library_path_lib.ps1'
[11.110s] INFO:colcon.colcon_core.shell:Creating environment descriptor '/home/jarvis/magic/ROS/magbot_ws/install/interfaces_pkg/share/interfaces_pkg/hook/ld_library_path_lib.dsv'
[11.111s] INFO:colcon.colcon_core.shell:Creating environment hook '/home/jarvis/magic/ROS/magbot_ws/install/interfaces_pkg/share/interfaces_pkg/hook/ld_library_path_lib.sh'
[11.111s] Level 1:colcon.colcon_core.environment:checking '/home/jarvis/magic/ROS/magbot_ws/install/interfaces_pkg/bin'
[11.111s] Level 1:colcon.colcon_core.environment:checking '/home/jarvis/magic/ROS/magbot_ws/install/interfaces_pkg/lib/pkgconfig/interfaces_pkg.pc'
[11.112s] Level 1:colcon.colcon_core.environment:checking '/home/jarvis/magic/ROS/magbot_ws/install/interfaces_pkg/lib/python3.10/site-packages'
[11.112s] Level 1:colcon.colcon_core.environment:checking '/home/jarvis/magic/ROS/magbot_ws/install/interfaces_pkg/bin'
[11.114s] INFO:colcon.colcon_core.shell:Creating package script '/home/jarvis/magic/ROS/magbot_ws/install/interfaces_pkg/share/interfaces_pkg/package.ps1'
[11.115s] INFO:colcon.colcon_core.shell:Creating package descriptor '/home/jarvis/magic/ROS/magbot_ws/install/interfaces_pkg/share/interfaces_pkg/package.dsv'
[11.116s] INFO:colcon.colcon_core.shell:Creating package script '/home/jarvis/magic/ROS/magbot_ws/install/interfaces_pkg/share/interfaces_pkg/package.sh'
[11.117s] INFO:colcon.colcon_core.shell:Creating package script '/home/jarvis/magic/ROS/magbot_ws/install/interfaces_pkg/share/interfaces_pkg/package.bash'
[11.118s] INFO:colcon.colcon_core.shell:Creating package script '/home/jarvis/magic/ROS/magbot_ws/install/interfaces_pkg/share/interfaces_pkg/package.zsh'
[11.119s] Level 1:colcon.colcon_core.environment:create_file_with_runtime_dependencies(/home/jarvis/magic/ROS/magbot_ws/install/interfaces_pkg/share/colcon-core/packages/interfaces_pkg)
[11.119s] DEBUG:colcon.colcon_parallel_executor.executor.parallel:closing loop
[11.120s] DEBUG:colcon.colcon_parallel_executor.executor.parallel:loop closed
[11.120s] DEBUG:colcon.colcon_parallel_executor.executor.parallel:run_until_complete finished with '0'
[11.120s] DEBUG:colcon.colcon_core.event_reactor:joining thread
[11.133s] INFO:colcon.colcon_core.plugin_system:Skipping extension 'colcon_notification.desktop_notification.terminal_notifier': Not used on non-Darwin systems
[11.133s] INFO:colcon.colcon_core.plugin_system:Skipping extension 'colcon_notification.desktop_notification.win32': Not used on non-Windows systems
[11.133s] INFO:colcon.colcon_notification.desktop_notification:Sending desktop notification using 'notify2'
[11.154s] DEBUG:colcon.colcon_core.event_reactor:joined thread
[11.155s] INFO:colcon.colcon_core.shell:Creating prefix script '/home/jarvis/magic/ROS/magbot_ws/install/local_setup.ps1'
[11.158s] INFO:colcon.colcon_core.shell:Creating prefix util module '/home/jarvis/magic/ROS/magbot_ws/install/_local_setup_util_ps1.py'
[11.161s] INFO:colcon.colcon_core.shell:Creating prefix chain script '/home/jarvis/magic/ROS/magbot_ws/install/setup.ps1'
[11.164s] INFO:colcon.colcon_core.shell:Creating prefix script '/home/jarvis/magic/ROS/magbot_ws/install/local_setup.sh'
[11.166s] INFO:colcon.colcon_core.shell:Creating prefix util module '/home/jarvis/magic/ROS/magbot_ws/install/_local_setup_util_sh.py'
[11.168s] INFO:colcon.colcon_core.shell:Creating prefix chain script '/home/jarvis/magic/ROS/magbot_ws/install/setup.sh'
[11.170s] INFO:colcon.colcon_core.shell:Creating prefix script '/home/jarvis/magic/ROS/magbot_ws/install/local_setup.bash'
[11.171s] INFO:colcon.colcon_core.shell:Creating prefix chain script '/home/jarvis/magic/ROS/magbot_ws/install/setup.bash'
[11.174s] INFO:colcon.colcon_core.shell:Creating prefix script '/home/jarvis/magic/ROS/magbot_ws/install/local_setup.zsh'
[11.176s] INFO:colcon.colcon_core.shell:Creating prefix chain script '/home/jarvis/magic/ROS/magbot_ws/install/setup.zsh'
