[3.906s] Invoking command in '/home/jarvis/magic/ROS/magbot_ws/src/magbot_utilities': PYTHONPATH=/home/jarvis/magic/ROS/magbot_ws/build/magbot_utilities/prefix_override:/home/jarvis/magic/ROS/magbot_ws/install/magbot_utilities/lib/python3.10/site-packages:${PYTHONPATH} /usr/bin/python3 -W ignore:setup.py install is deprecated setup.py egg_info --egg-base ../../build/magbot_utilities build --build-base /home/jarvis/magic/ROS/magbot_ws/build/magbot_utilities/build install --record /home/jarvis/magic/ROS/magbot_ws/build/magbot_utilities/install.log --single-version-externally-managed install_data
[4.683s] running egg_info
[4.684s] writing ../../build/magbot_utilities/magbot_utilities.egg-info/PKG-INFO
[4.684s] writing dependency_links to ../../build/magbot_utilities/magbot_utilities.egg-info/dependency_links.txt
[4.684s] writing entry points to ../../build/magbot_utilities/magbot_utilities.egg-info/entry_points.txt
[4.684s] writing requirements to ../../build/magbot_utilities/magbot_utilities.egg-info/requires.txt
[4.684s] writing top-level names to ../../build/magbot_utilities/magbot_utilities.egg-info/top_level.txt
[4.684s] reading manifest file '../../build/magbot_utilities/magbot_utilities.egg-info/SOURCES.txt'
[4.684s] writing manifest file '../../build/magbot_utilities/magbot_utilities.egg-info/SOURCES.txt'
[4.684s] running build
[4.684s] running build_py
[4.685s] running install
[4.685s] running install_lib
[4.685s] running install_data
[4.685s] running install_egg_info
[4.685s] removing '/home/jarvis/magic/ROS/magbot_ws/install/magbot_utilities/lib/python3.10/site-packages/magbot_utilities-0.0.0-py3.10.egg-info' (and everything under it)
[4.685s] Copying ../../build/magbot_utilities/magbot_utilities.egg-info to /home/jarvis/magic/ROS/magbot_ws/install/magbot_utilities/lib/python3.10/site-packages/magbot_utilities-0.0.0-py3.10.egg-info
[4.685s] running install_scripts
[4.685s] writing list of installed files to '/home/jarvis/magic/ROS/magbot_ws/build/magbot_utilities/install.log'
[4.783s] Invoked command in '/home/jarvis/magic/ROS/magbot_ws/src/magbot_utilities' returned '0': PYTHONPATH=/home/jarvis/magic/ROS/magbot_ws/build/magbot_utilities/prefix_override:/home/jarvis/magic/ROS/magbot_ws/install/magbot_utilities/lib/python3.10/site-packages:${PYTHONPATH} /usr/bin/python3 -W ignore:setup.py install is deprecated setup.py egg_info --egg-base ../../build/magbot_utilities build --build-base /home/jarvis/magic/ROS/magbot_ws/build/magbot_utilities/build install --record /home/jarvis/magic/ROS/magbot_ws/build/magbot_utilities/install.log --single-version-externally-managed install_data
