[4.764s] Invoking command in '/home/jarvis/magic/ROS/magbot_ws/src/magbot_hardware_interfacing/magbot_input_interfacing': PYTHONPATH=/home/jarvis/magic/ROS/magbot_ws/build/magbot_input_interfacing/prefix_override:/home/jarvis/magic/ROS/magbot_ws/install/magbot_input_interfacing/lib/python3.10/site-packages:${PYTHONPATH} /usr/bin/python3 -W ignore:setup.py install is deprecated setup.py egg_info --egg-base ../../../build/magbot_input_interfacing build --build-base /home/jarvis/magic/ROS/magbot_ws/build/magbot_input_interfacing/build install --record /home/jarvis/magic/ROS/magbot_ws/build/magbot_input_interfacing/install.log --single-version-externally-managed install_data
[5.623s] running egg_info
[5.628s] writing ../../../build/magbot_input_interfacing/magbot_input_interfacing.egg-info/PKG-INFO
[5.628s] writing dependency_links to ../../../build/magbot_input_interfacing/magbot_input_interfacing.egg-info/dependency_links.txt
[5.629s] writing entry points to ../../../build/magbot_input_interfacing/magbot_input_interfacing.egg-info/entry_points.txt
[5.629s] writing requirements to ../../../build/magbot_input_interfacing/magbot_input_interfacing.egg-info/requires.txt
[5.629s] writing top-level names to ../../../build/magbot_input_interfacing/magbot_input_interfacing.egg-info/top_level.txt
[5.634s] reading manifest file '../../../build/magbot_input_interfacing/magbot_input_interfacing.egg-info/SOURCES.txt'
[5.643s] writing manifest file '../../../build/magbot_input_interfacing/magbot_input_interfacing.egg-info/SOURCES.txt'
[5.643s] running build
[5.643s] running build_py
[5.643s] running install
[5.644s] running install_lib
[5.647s] running install_data
[5.648s] running install_egg_info
[5.655s] removing '/home/jarvis/magic/ROS/magbot_ws/install/magbot_input_interfacing/lib/python3.10/site-packages/magbot_input_interfacing-0.0.0-py3.10.egg-info' (and everything under it)
[5.656s] Copying ../../../build/magbot_input_interfacing/magbot_input_interfacing.egg-info to /home/jarvis/magic/ROS/magbot_ws/install/magbot_input_interfacing/lib/python3.10/site-packages/magbot_input_interfacing-0.0.0-py3.10.egg-info
[5.672s] running install_scripts
[5.735s] writing list of installed files to '/home/jarvis/magic/ROS/magbot_ws/build/magbot_input_interfacing/install.log'
[5.934s] Invoked command in '/home/jarvis/magic/ROS/magbot_ws/src/magbot_hardware_interfacing/magbot_input_interfacing' returned '0': PYTHONPATH=/home/jarvis/magic/ROS/magbot_ws/build/magbot_input_interfacing/prefix_override:/home/jarvis/magic/ROS/magbot_ws/install/magbot_input_interfacing/lib/python3.10/site-packages:${PYTHONPATH} /usr/bin/python3 -W ignore:setup.py install is deprecated setup.py egg_info --egg-base ../../../build/magbot_input_interfacing build --build-base /home/jarvis/magic/ROS/magbot_ws/build/magbot_input_interfacing/build install --record /home/jarvis/magic/ROS/magbot_ws/build/magbot_input_interfacing/install.log --single-version-externally-managed install_data
