running egg_info
creating ../../../build/magbot_servo_interfacing/magbot_servo_interfacing.egg-info
writing ../../../build/magbot_servo_interfacing/magbot_servo_interfacing.egg-info/PKG-INFO
writing dependency_links to ../../../build/magbot_servo_interfacing/magbot_servo_interfacing.egg-info/dependency_links.txt
writing entry points to ../../../build/magbot_servo_interfacing/magbot_servo_interfacing.egg-info/entry_points.txt
writing requirements to ../../../build/magbot_servo_interfacing/magbot_servo_interfacing.egg-info/requires.txt
writing top-level names to ../../../build/magbot_servo_interfacing/magbot_servo_interfacing.egg-info/top_level.txt
writing manifest file '../../../build/magbot_servo_interfacing/magbot_servo_interfacing.egg-info/SOURCES.txt'
reading manifest file '../../../build/magbot_servo_interfacing/magbot_servo_interfacing.egg-info/SOURCES.txt'
writing manifest file '../../../build/magbot_servo_interfacing/magbot_servo_interfacing.egg-info/SOURCES.txt'
running build
running build_py
creating /home/jarvis/magic/ROS/magbot_ws/build/magbot_servo_interfacing/build
creating /home/jarvis/magic/ROS/magbot_ws/build/magbot_servo_interfacing/build/lib
creating /home/jarvis/magic/ROS/magbot_ws/build/magbot_servo_interfacing/build/lib/magbot_servo_interfacing
copying magbot_servo_interfacing/__init__.py -> /home/jarvis/magic/ROS/magbot_ws/build/magbot_servo_interfacing/build/lib/magbot_servo_interfacing
running install
running install_lib
creating /home/jarvis/magic/ROS/magbot_ws/install/magbot_servo_interfacing/lib/python3.10/site-packages/magbot_servo_interfacing
copying /home/jarvis/magic/ROS/magbot_ws/build/magbot_servo_interfacing/build/lib/magbot_servo_interfacing/__init__.py -> /home/jarvis/magic/ROS/magbot_ws/install/magbot_servo_interfacing/lib/python3.10/site-packages/magbot_servo_interfacing
byte-compiling /home/jarvis/magic/ROS/magbot_ws/install/magbot_servo_interfacing/lib/python3.10/site-packages/magbot_servo_interfacing/__init__.py to __init__.cpython-310.pyc
running install_data
creating /home/jarvis/magic/ROS/magbot_ws/install/magbot_servo_interfacing/share/ament_index
creating /home/jarvis/magic/ROS/magbot_ws/install/magbot_servo_interfacing/share/ament_index/resource_index
creating /home/jarvis/magic/ROS/magbot_ws/install/magbot_servo_interfacing/share/ament_index/resource_index/packages
copying resource/magbot_servo_interfacing -> /home/jarvis/magic/ROS/magbot_ws/install/magbot_servo_interfacing/share/ament_index/resource_index/packages
copying package.xml -> /home/jarvis/magic/ROS/magbot_ws/install/magbot_servo_interfacing/share/magbot_servo_interfacing
running install_egg_info
Copying ../../../build/magbot_servo_interfacing/magbot_servo_interfacing.egg-info to /home/jarvis/magic/ROS/magbot_ws/install/magbot_servo_interfacing/lib/python3.10/site-packages/magbot_servo_interfacing-0.0.0-py3.10.egg-info
running install_scripts
writing list of installed files to '/home/jarvis/magic/ROS/magbot_ws/build/magbot_servo_interfacing/install.log'
