[0.000000] (-) TimerEvent: {}
[0.003195] (magbot) JobQueued: {'identifier': 'magbot', 'dependencies': OrderedDict()}
[0.003288] (magbot_control) JobQueued: {'identifier': 'magbot_control', 'dependencies': OrderedDict()}
[0.003344] (magbot_description) JobQueued: {'identifier': 'magbot_description', 'dependencies': OrderedDict()}
[0.003642] (magbot_gazebo) JobQueued: {'identifier': 'magbot_gazebo', 'dependencies': OrderedDict()}
[0.004183] (magbot_input_interfacing) JobQueued: {'identifier': 'magbot_input_interfacing', 'dependencies': OrderedDict()}
[0.004259] (magbot_peripheral_interfacing) JobQueued: {'identifier': 'magbot_peripheral_interfacing', 'dependencies': OrderedDict()}
[0.004313] (magbot_servo_interfacing) JobQueued: {'identifier': 'magbot_servo_interfacing', 'dependencies': OrderedDict()}
[0.004364] (magbot_utilities) JobQueued: {'identifier': 'magbot_utilities', 'dependencies': OrderedDict()}
[0.004413] (magbot) JobStarted: {'identifier': 'magbot'}
[0.057770] (magbot_control) JobStarted: {'identifier': 'magbot_control'}
[0.070803] (magbot_description) JobStarted: {'identifier': 'magbot_description'}
[0.093867] (magbot_gazebo) JobStarted: {'identifier': 'magbot_gazebo'}
[0.097335] (-) TimerEvent: {}
[0.124395] (magbot_input_interfacing) JobStarted: {'identifier': 'magbot_input_interfacing'}
[0.139223] (magbot_peripheral_interfacing) JobStarted: {'identifier': 'magbot_peripheral_interfacing'}
[0.168131] (magbot_servo_interfacing) JobStarted: {'identifier': 'magbot_servo_interfacing'}
[0.184214] (magbot_utilities) JobStarted: {'identifier': 'magbot_utilities'}
[0.197946] (-) TimerEvent: {}
[0.301669] (-) TimerEvent: {}
[0.405722] (-) TimerEvent: {}
[0.509641] (-) TimerEvent: {}
[0.612527] (-) TimerEvent: {}
[0.715374] (-) TimerEvent: {}
[0.822987] (-) TimerEvent: {}
[0.929810] (-) TimerEvent: {}
[1.042022] (-) TimerEvent: {}
[1.151596] (-) TimerEvent: {}
[1.260029] (-) TimerEvent: {}
[1.367449] (-) TimerEvent: {}
[1.478137] (-) TimerEvent: {}
[1.585301] (-) TimerEvent: {}
[1.691956] (-) TimerEvent: {}
[1.806346] (-) TimerEvent: {}
[1.919124] (-) TimerEvent: {}
[2.023419] (-) TimerEvent: {}
[2.132479] (-) TimerEvent: {}
[2.247675] (-) TimerEvent: {}
[2.355261] (-) TimerEvent: {}
[2.468176] (-) TimerEvent: {}
[2.574489] (-) TimerEvent: {}
[2.682496] (-) TimerEvent: {}
[2.786425] (-) TimerEvent: {}
[2.888173] (-) TimerEvent: {}
[2.996408] (-) TimerEvent: {}
[3.101450] (-) TimerEvent: {}
[3.207379] (-) TimerEvent: {}
[3.316934] (-) TimerEvent: {}
[3.427142] (-) TimerEvent: {}
[3.540117] (-) TimerEvent: {}
[3.656208] (-) TimerEvent: {}
[3.765589] (-) TimerEvent: {}
[3.871796] (-) TimerEvent: {}
[3.980497] (-) TimerEvent: {}
[4.086338] (-) TimerEvent: {}
[4.195078] (-) TimerEvent: {}
[4.298911] (-) TimerEvent: {}
[4.404465] (-) TimerEvent: {}
[4.509797] (-) TimerEvent: {}
[4.621065] (-) TimerEvent: {}
[4.734568] (-) TimerEvent: {}
[4.850082] (-) TimerEvent: {}
[4.961899] (-) TimerEvent: {}
[5.068665] (-) TimerEvent: {}
[5.175013] (-) TimerEvent: {}
[5.278566] (-) TimerEvent: {}
[5.383605] (-) TimerEvent: {}
[5.488635] (-) TimerEvent: {}
[5.596366] (-) TimerEvent: {}
[5.708544] (-) TimerEvent: {}
[5.821954] (-) TimerEvent: {}
[5.929379] (-) TimerEvent: {}
[6.040091] (-) TimerEvent: {}
[6.148023] (-) TimerEvent: {}
[6.254129] (-) TimerEvent: {}
[6.368223] (-) TimerEvent: {}
[6.476602] (-) TimerEvent: {}
[6.581861] (-) TimerEvent: {}
[6.694605] (-) TimerEvent: {}
[6.808893] (-) TimerEvent: {}
[6.924549] (-) TimerEvent: {}
[7.036946] (-) TimerEvent: {}
[7.146064] (-) TimerEvent: {}
[7.251276] (-) TimerEvent: {}
[7.365122] (-) TimerEvent: {}
[7.473384] (-) TimerEvent: {}
[7.580377] (-) TimerEvent: {}
[7.684096] (-) TimerEvent: {}
[7.788992] (-) TimerEvent: {}
[7.899225] (-) TimerEvent: {}
[8.001697] (-) TimerEvent: {}
[8.106150] (-) TimerEvent: {}
[8.209924] (-) TimerEvent: {}
[8.317549] (-) TimerEvent: {}
[8.426522] (-) TimerEvent: {}
[8.531604] (-) TimerEvent: {}
[8.643179] (-) TimerEvent: {}
[8.752049] (-) TimerEvent: {}
[8.857864] (-) TimerEvent: {}
[8.963496] (-) TimerEvent: {}
[9.073802] (-) TimerEvent: {}
[9.178745] (-) TimerEvent: {}
[9.291128] (-) TimerEvent: {}
[9.394391] (-) TimerEvent: {}
[9.496238] (-) TimerEvent: {}
[9.597453] (-) TimerEvent: {}
[9.698756] (-) TimerEvent: {}
[9.802027] (-) TimerEvent: {}
[9.910608] (-) TimerEvent: {}
[10.024742] (-) TimerEvent: {}
[10.126439] (-) TimerEvent: {}
[10.228042] (-) TimerEvent: {}
[10.332206] (-) TimerEvent: {}
[10.437087] (-) TimerEvent: {}
[10.545498] (-) TimerEvent: {}
[10.656266] (-) TimerEvent: {}
[10.765718] (-) TimerEvent: {}
[10.870497] (-) TimerEvent: {}
[10.984334] (-) TimerEvent: {}
[11.088471] (-) TimerEvent: {}
[11.198081] (-) TimerEvent: {}
[11.306757] (-) TimerEvent: {}
[11.409374] (-) TimerEvent: {}
[11.515455] (-) TimerEvent: {}
[11.618647] (-) TimerEvent: {}
[11.722512] (-) TimerEvent: {}
[11.826338] (-) TimerEvent: {}
[11.929498] (-) TimerEvent: {}
[12.039480] (-) TimerEvent: {}
[12.144187] (-) TimerEvent: {}
[12.248513] (-) TimerEvent: {}
[12.351693] (-) TimerEvent: {}
[12.457513] (-) TimerEvent: {}
[12.564537] (-) TimerEvent: {}
[12.680181] (-) TimerEvent: {}
[12.794796] (-) TimerEvent: {}
[12.904787] (-) TimerEvent: {}
[13.009195] (-) TimerEvent: {}
[13.111491] (-) TimerEvent: {}
[13.215605] (-) TimerEvent: {}
[13.319516] (-) TimerEvent: {}
[13.428813] (-) TimerEvent: {}
[13.532021] (-) TimerEvent: {}
[13.642726] (-) TimerEvent: {}
[13.755547] (-) TimerEvent: {}
[13.863594] (-) TimerEvent: {}
[13.967377] (-) TimerEvent: {}
[14.068273] (-) TimerEvent: {}
[14.168701] (-) TimerEvent: {}
[14.270513] (-) TimerEvent: {}
[14.371031] (-) TimerEvent: {}
[14.477913] (-) TimerEvent: {}
[14.591140] (-) TimerEvent: {}
[14.698910] (-) TimerEvent: {}
[14.815062] (-) TimerEvent: {}
[14.927902] (-) TimerEvent: {}
[15.036844] (-) TimerEvent: {}
[15.145348] (-) TimerEvent: {}
[15.253940] (-) TimerEvent: {}
[15.359826] (-) TimerEvent: {}
[15.468854] (-) TimerEvent: {}
[15.576492] (-) TimerEvent: {}
[15.678692] (-) TimerEvent: {}
[15.783075] (-) TimerEvent: {}
[15.888038] (-) TimerEvent: {}
[15.991014] (-) TimerEvent: {}
[16.093688] (-) TimerEvent: {}
[16.197725] (-) TimerEvent: {}
[16.305029] (-) TimerEvent: {}
[16.415294] (-) TimerEvent: {}
[16.522174] (-) TimerEvent: {}
[16.624177] (-) TimerEvent: {}
[16.724966] (-) TimerEvent: {}
[16.825309] (-) TimerEvent: {}
[16.925619] (-) TimerEvent: {}
[17.025917] (-) TimerEvent: {}
[17.126201] (-) TimerEvent: {}
[17.226704] (-) TimerEvent: {}
[17.327127] (-) TimerEvent: {}
[17.427617] (-) TimerEvent: {}
[17.531881] (-) TimerEvent: {}
[17.649154] (-) TimerEvent: {}
[17.758402] (-) TimerEvent: {}
[17.870909] (-) TimerEvent: {}
[17.987042] (-) TimerEvent: {}
[18.114110] (-) TimerEvent: {}
[18.230953] (-) TimerEvent: {}
[18.341620] (-) TimerEvent: {}
[18.451589] (-) TimerEvent: {}
[18.564305] (-) TimerEvent: {}
[18.675222] (-) TimerEvent: {}
[18.789113] (-) TimerEvent: {}
[18.904691] (-) TimerEvent: {}
[19.017703] (-) TimerEvent: {}
[19.129552] (-) TimerEvent: {}
[19.242367] (-) TimerEvent: {}
[19.361440] (-) TimerEvent: {}
[19.480251] (-) TimerEvent: {}
[19.607812] (-) TimerEvent: {}
[19.728949] (-) TimerEvent: {}
[19.849148] (-) TimerEvent: {}
[19.966509] (-) TimerEvent: {}
[20.082815] (-) TimerEvent: {}
[20.198784] (-) TimerEvent: {}
[20.312750] (-) TimerEvent: {}
[20.464956] (-) TimerEvent: {}
[20.583367] (-) TimerEvent: {}
[20.708553] (-) TimerEvent: {}
[20.852959] (-) TimerEvent: {}
[21.712131] (-) TimerEvent: {}
[21.854482] (-) TimerEvent: {}
[21.984957] (-) TimerEvent: {}
[22.174557] (-) TimerEvent: {}
[22.705355] (-) TimerEvent: {}
[22.886288] (-) TimerEvent: {}
[24.128060] (-) TimerEvent: {}
[75.612035] (-) TimerEvent: {}
