[3.565s] Invoking command in '/home/jarvis/magic/ROS/magbot_ws/src/magbot': PYTHONPATH=/home/jarvis/magic/ROS/magbot_ws/build/magbot/prefix_override:/home/jarvis/magic/ROS/magbot_ws/install/magbot/lib/python3.10/site-packages:${PYTHONPATH} /usr/bin/python3 -W ignore:setup.py install is deprecated setup.py egg_info --egg-base ../../build/magbot build --build-base /home/jarvis/magic/ROS/magbot_ws/build/magbot/build install --record /home/jarvis/magic/ROS/magbot_ws/build/magbot/install.log --single-version-externally-managed install_data
[4.317s] running egg_info
[4.318s] creating ../../build/magbot/magbot.egg-info
[4.319s] writing ../../build/magbot/magbot.egg-info/PKG-INFO
[4.319s] writing dependency_links to ../../build/magbot/magbot.egg-info/dependency_links.txt
[4.320s] writing entry points to ../../build/magbot/magbot.egg-info/entry_points.txt
[4.320s] writing requirements to ../../build/magbot/magbot.egg-info/requires.txt
[4.321s] writing top-level names to ../../build/magbot/magbot.egg-info/top_level.txt
[4.322s] writing manifest file '../../build/magbot/magbot.egg-info/SOURCES.txt'
[4.340s] reading manifest file '../../build/magbot/magbot.egg-info/SOURCES.txt'
[4.342s] writing manifest file '../../build/magbot/magbot.egg-info/SOURCES.txt'
[4.343s] running build
[4.343s] running build_py
[4.344s] creating /home/jarvis/magic/ROS/magbot_ws/build/magbot/build
[4.345s] creating /home/jarvis/magic/ROS/magbot_ws/build/magbot/build/lib
[4.345s] creating /home/jarvis/magic/ROS/magbot_ws/build/magbot/build/lib/magbot
[4.345s] copying magbot/__init__.py -> /home/jarvis/magic/ROS/magbot_ws/build/magbot/build/lib/magbot
[4.346s] running install
[4.347s] running install_lib
[4.348s] creating /home/jarvis/magic/ROS/magbot_ws/install/magbot/lib/python3.10/site-packages/magbot
[4.349s] copying /home/jarvis/magic/ROS/magbot_ws/build/magbot/build/lib/magbot/__init__.py -> /home/jarvis/magic/ROS/magbot_ws/install/magbot/lib/python3.10/site-packages/magbot
[4.350s] byte-compiling /home/jarvis/magic/ROS/magbot_ws/install/magbot/lib/python3.10/site-packages/magbot/__init__.py to __init__.cpython-310.pyc
[4.351s] running install_data
[4.351s] creating /home/jarvis/magic/ROS/magbot_ws/install/magbot/share/ament_index
[4.351s] creating /home/jarvis/magic/ROS/magbot_ws/install/magbot/share/ament_index/resource_index
[4.352s] creating /home/jarvis/magic/ROS/magbot_ws/install/magbot/share/ament_index/resource_index/packages
[4.352s] copying resource/magbot -> /home/jarvis/magic/ROS/magbot_ws/install/magbot/share/ament_index/resource_index/packages
[4.352s] copying package.xml -> /home/jarvis/magic/ROS/magbot_ws/install/magbot/share/magbot
[4.352s] running install_egg_info
[4.357s] Copying ../../build/magbot/magbot.egg-info to /home/jarvis/magic/ROS/magbot_ws/install/magbot/lib/python3.10/site-packages/magbot-0.0.0-py3.10.egg-info
[4.359s] running install_scripts
[4.443s] writing list of installed files to '/home/jarvis/magic/ROS/magbot_ws/build/magbot/install.log'
[4.586s] Invoked command in '/home/jarvis/magic/ROS/magbot_ws/src/magbot' returned '0': PYTHONPATH=/home/jarvis/magic/ROS/magbot_ws/build/magbot/prefix_override:/home/jarvis/magic/ROS/magbot_ws/install/magbot/lib/python3.10/site-packages:${PYTHONPATH} /usr/bin/python3 -W ignore:setup.py install is deprecated setup.py egg_info --egg-base ../../build/magbot build --build-base /home/jarvis/magic/ROS/magbot_ws/build/magbot/build install --record /home/jarvis/magic/ROS/magbot_ws/build/magbot/install.log --single-version-externally-managed install_data
