[0.128s] DEBUG:colcon:Command line arguments: ['/usr/bin/colcon', 'build']
[0.128s] DEBUG:colcon:Parsed command line arguments: Namespace(log_base=None, log_level=None, verb_name='build', build_base='build', install_base='install', merge_install=False, symlink_install=False, test_result_base=None, continue_on_error=False, executor='parallel', parallel_workers=8, event_handlers=None, ignore_user_meta=False, metas=['./colcon.meta'], base_paths=['.'], packages_ignore=None, packages_ignore_regex=None, paths=None, packages_up_to=None, packages_up_to_regex=None, packages_above=None, packages_above_and_dependencies=None, packages_above_depth=None, packages_select_by_dep=None, packages_skip_by_dep=None, packages_skip_up_to=None, packages_select_build_failed=False, packages_skip_build_finished=False, packages_select_test_failures=False, packages_skip_test_passed=False, packages_select=None, packages_skip=None, packages_select_regex=None, packages_skip_regex=None, packages_start=None, packages_end=None, allow_overriding=[], cmake_args=None, cmake_target=None, cmake_target_skip_unavailable=False, cmake_clean_cache=False, cmake_clean_first=False, cmake_force_configure=False, ament_cmake_args=None, catkin_cmake_args=None, catkin_skip_building_tests=False, verb_parser=<colcon_defaults.argument_parser.defaults.DefaultArgumentsDecorator object at 0x7c3e23d3f340>, verb_extension=<colcon_core.verb.build.BuildVerb object at 0x7c3e23d3ee60>, main=<bound method BuildVerb.main of <colcon_core.verb.build.BuildVerb object at 0x7c3e23d3ee60>>)
[0.322s] Level 1:colcon.colcon_core.package_discovery:discover_packages(colcon_meta) check parameters
[0.322s] Level 1:colcon.colcon_core.package_discovery:discover_packages(recursive) check parameters
[0.322s] Level 1:colcon.colcon_core.package_discovery:discover_packages(ignore) check parameters
[0.322s] Level 1:colcon.colcon_core.package_discovery:discover_packages(path) check parameters
[0.322s] Level 1:colcon.colcon_core.package_discovery:discover_packages(colcon_meta) discover
[0.322s] Level 1:colcon.colcon_core.package_discovery:discover_packages(recursive) discover
[0.322s] INFO:colcon.colcon_core.package_discovery:Crawling recursively for packages in '/home/jarvis/magic/ROS/magbot_ws'
[0.322s] Level 1:colcon.colcon_core.package_identification:_identify(.) by extensions ['ignore', 'ignore_ament_install']
[0.322s] Level 1:colcon.colcon_core.package_identification:_identify(.) by extension 'ignore'
[0.322s] Level 1:colcon.colcon_core.package_identification:_identify(.) by extension 'ignore_ament_install'
[0.322s] Level 1:colcon.colcon_core.package_identification:_identify(.) by extensions ['colcon_pkg']
[0.323s] Level 1:colcon.colcon_core.package_identification:_identify(.) by extension 'colcon_pkg'
[0.323s] Level 1:colcon.colcon_core.package_identification:_identify(.) by extensions ['colcon_meta']
[0.323s] Level 1:colcon.colcon_core.package_identification:_identify(.) by extension 'colcon_meta'
[0.323s] Level 1:colcon.colcon_core.package_identification:_identify(.) by extensions ['ros']
[0.323s] Level 1:colcon.colcon_core.package_identification:_identify(.) by extension 'ros'
[0.333s] Level 1:colcon.colcon_core.package_identification:_identify(.) by extensions ['cmake', 'python']
[0.334s] Level 1:colcon.colcon_core.package_identification:_identify(.) by extension 'cmake'
[0.334s] Level 1:colcon.colcon_core.package_identification:_identify(.) by extension 'python'
[0.334s] Level 1:colcon.colcon_core.package_identification:_identify(.) by extensions ['python_setup_py']
[0.334s] Level 1:colcon.colcon_core.package_identification:_identify(.) by extension 'python_setup_py'
[0.334s] Level 1:colcon.colcon_core.package_identification:_identify(build) by extensions ['ignore', 'ignore_ament_install']
[0.334s] Level 1:colcon.colcon_core.package_identification:_identify(build) by extension 'ignore'
[0.334s] Level 1:colcon.colcon_core.package_identification:_identify(build) ignored
[0.334s] Level 1:colcon.colcon_core.package_identification:_identify(install) by extensions ['ignore', 'ignore_ament_install']
[0.334s] Level 1:colcon.colcon_core.package_identification:_identify(install) by extension 'ignore'
[0.334s] Level 1:colcon.colcon_core.package_identification:_identify(install) ignored
[0.334s] Level 1:colcon.colcon_core.package_identification:_identify(log) by extensions ['ignore', 'ignore_ament_install']
[0.334s] Level 1:colcon.colcon_core.package_identification:_identify(log) by extension 'ignore'
[0.334s] Level 1:colcon.colcon_core.package_identification:_identify(log) ignored
[0.335s] Level 1:colcon.colcon_core.package_identification:_identify(src) by extensions ['ignore', 'ignore_ament_install']
[0.335s] Level 1:colcon.colcon_core.package_identification:_identify(src) by extension 'ignore'
[0.335s] Level 1:colcon.colcon_core.package_identification:_identify(src) by extension 'ignore_ament_install'
[0.335s] Level 1:colcon.colcon_core.package_identification:_identify(src) by extensions ['colcon_pkg']
[0.335s] Level 1:colcon.colcon_core.package_identification:_identify(src) by extension 'colcon_pkg'
[0.335s] Level 1:colcon.colcon_core.package_identification:_identify(src) by extensions ['colcon_meta']
[0.335s] Level 1:colcon.colcon_core.package_identification:_identify(src) by extension 'colcon_meta'
[0.335s] Level 1:colcon.colcon_core.package_identification:_identify(src) by extensions ['ros']
[0.335s] Level 1:colcon.colcon_core.package_identification:_identify(src) by extension 'ros'
[0.335s] Level 1:colcon.colcon_core.package_identification:_identify(src) by extensions ['cmake', 'python']
[0.335s] Level 1:colcon.colcon_core.package_identification:_identify(src) by extension 'cmake'
[0.335s] Level 1:colcon.colcon_core.package_identification:_identify(src) by extension 'python'
[0.335s] Level 1:colcon.colcon_core.package_identification:_identify(src) by extensions ['python_setup_py']
[0.335s] Level 1:colcon.colcon_core.package_identification:_identify(src) by extension 'python_setup_py'
[0.335s] Level 1:colcon.colcon_core.package_identification:_identify(src/magbot) by extensions ['ignore', 'ignore_ament_install']
[0.335s] Level 1:colcon.colcon_core.package_identification:_identify(src/magbot) by extension 'ignore'
[0.335s] Level 1:colcon.colcon_core.package_identification:_identify(src/magbot) by extension 'ignore_ament_install'
[0.335s] Level 1:colcon.colcon_core.package_identification:_identify(src/magbot) by extensions ['colcon_pkg']
[0.335s] Level 1:colcon.colcon_core.package_identification:_identify(src/magbot) by extension 'colcon_pkg'
[0.336s] Level 1:colcon.colcon_core.package_identification:_identify(src/magbot) by extensions ['colcon_meta']
[0.336s] Level 1:colcon.colcon_core.package_identification:_identify(src/magbot) by extension 'colcon_meta'
[0.336s] Level 1:colcon.colcon_core.package_identification:_identify(src/magbot) by extensions ['ros']
[0.336s] Level 1:colcon.colcon_core.package_identification:_identify(src/magbot) by extension 'ros'
[0.338s] DEBUG:colcon.colcon_core.package_identification:Package 'src/magbot' with type 'ros.ament_python' and name 'magbot'
[0.338s] Level 1:colcon.colcon_core.package_identification:_identify(src/magbot_control) by extensions ['ignore', 'ignore_ament_install']
[0.338s] Level 1:colcon.colcon_core.package_identification:_identify(src/magbot_control) by extension 'ignore'
[0.338s] Level 1:colcon.colcon_core.package_identification:_identify(src/magbot_control) by extension 'ignore_ament_install'
[0.338s] Level 1:colcon.colcon_core.package_identification:_identify(src/magbot_control) by extensions ['colcon_pkg']
[0.338s] Level 1:colcon.colcon_core.package_identification:_identify(src/magbot_control) by extension 'colcon_pkg'
[0.338s] Level 1:colcon.colcon_core.package_identification:_identify(src/magbot_control) by extensions ['colcon_meta']
[0.338s] Level 1:colcon.colcon_core.package_identification:_identify(src/magbot_control) by extension 'colcon_meta'
[0.338s] Level 1:colcon.colcon_core.package_identification:_identify(src/magbot_control) by extensions ['ros']
[0.338s] Level 1:colcon.colcon_core.package_identification:_identify(src/magbot_control) by extension 'ros'
[0.339s] DEBUG:colcon.colcon_core.package_identification:Package 'src/magbot_control' with type 'ros.ament_python' and name 'magbot_control'
[0.339s] Level 1:colcon.colcon_core.package_identification:_identify(src/magbot_description) by extensions ['ignore', 'ignore_ament_install']
[0.339s] Level 1:colcon.colcon_core.package_identification:_identify(src/magbot_description) by extension 'ignore'
[0.339s] Level 1:colcon.colcon_core.package_identification:_identify(src/magbot_description) by extension 'ignore_ament_install'
[0.339s] Level 1:colcon.colcon_core.package_identification:_identify(src/magbot_description) by extensions ['colcon_pkg']
[0.339s] Level 1:colcon.colcon_core.package_identification:_identify(src/magbot_description) by extension 'colcon_pkg'
[0.339s] Level 1:colcon.colcon_core.package_identification:_identify(src/magbot_description) by extensions ['colcon_meta']
[0.339s] Level 1:colcon.colcon_core.package_identification:_identify(src/magbot_description) by extension 'colcon_meta'
[0.339s] Level 1:colcon.colcon_core.package_identification:_identify(src/magbot_description) by extensions ['ros']
[0.339s] Level 1:colcon.colcon_core.package_identification:_identify(src/magbot_description) by extension 'ros'
[0.340s] DEBUG:colcon.colcon_core.package_identification:Package 'src/magbot_description' with type 'ros.ament_python' and name 'magbot_description'
[0.340s] Level 1:colcon.colcon_core.package_identification:_identify(src/magbot_gazebo) by extensions ['ignore', 'ignore_ament_install']
[0.340s] Level 1:colcon.colcon_core.package_identification:_identify(src/magbot_gazebo) by extension 'ignore'
[0.340s] Level 1:colcon.colcon_core.package_identification:_identify(src/magbot_gazebo) by extension 'ignore_ament_install'
[0.340s] Level 1:colcon.colcon_core.package_identification:_identify(src/magbot_gazebo) by extensions ['colcon_pkg']
[0.340s] Level 1:colcon.colcon_core.package_identification:_identify(src/magbot_gazebo) by extension 'colcon_pkg'
[0.340s] Level 1:colcon.colcon_core.package_identification:_identify(src/magbot_gazebo) by extensions ['colcon_meta']
[0.340s] Level 1:colcon.colcon_core.package_identification:_identify(src/magbot_gazebo) by extension 'colcon_meta'
[0.340s] Level 1:colcon.colcon_core.package_identification:_identify(src/magbot_gazebo) by extensions ['ros']
[0.340s] Level 1:colcon.colcon_core.package_identification:_identify(src/magbot_gazebo) by extension 'ros'
[0.341s] DEBUG:colcon.colcon_core.package_identification:Package 'src/magbot_gazebo' with type 'ros.ament_python' and name 'magbot_gazebo'
[0.341s] Level 1:colcon.colcon_core.package_identification:_identify(src/magbot_hardware_interfacing) by extensions ['ignore', 'ignore_ament_install']
[0.341s] Level 1:colcon.colcon_core.package_identification:_identify(src/magbot_hardware_interfacing) by extension 'ignore'
[0.341s] Level 1:colcon.colcon_core.package_identification:_identify(src/magbot_hardware_interfacing) by extension 'ignore_ament_install'
[0.341s] Level 1:colcon.colcon_core.package_identification:_identify(src/magbot_hardware_interfacing) by extensions ['colcon_pkg']
[0.341s] Level 1:colcon.colcon_core.package_identification:_identify(src/magbot_hardware_interfacing) by extension 'colcon_pkg'
[0.341s] Level 1:colcon.colcon_core.package_identification:_identify(src/magbot_hardware_interfacing) by extensions ['colcon_meta']
[0.341s] Level 1:colcon.colcon_core.package_identification:_identify(src/magbot_hardware_interfacing) by extension 'colcon_meta'
[0.341s] Level 1:colcon.colcon_core.package_identification:_identify(src/magbot_hardware_interfacing) by extensions ['ros']
[0.341s] Level 1:colcon.colcon_core.package_identification:_identify(src/magbot_hardware_interfacing) by extension 'ros'
[0.341s] Level 1:colcon.colcon_core.package_identification:_identify(src/magbot_hardware_interfacing) by extensions ['cmake', 'python']
[0.341s] Level 1:colcon.colcon_core.package_identification:_identify(src/magbot_hardware_interfacing) by extension 'cmake'
[0.341s] Level 1:colcon.colcon_core.package_identification:_identify(src/magbot_hardware_interfacing) by extension 'python'
[0.341s] Level 1:colcon.colcon_core.package_identification:_identify(src/magbot_hardware_interfacing) by extensions ['python_setup_py']
[0.341s] Level 1:colcon.colcon_core.package_identification:_identify(src/magbot_hardware_interfacing) by extension 'python_setup_py'
[0.342s] Level 1:colcon.colcon_core.package_identification:_identify(src/magbot_hardware_interfacing/magbot_input_interfacing) by extensions ['ignore', 'ignore_ament_install']
[0.342s] Level 1:colcon.colcon_core.package_identification:_identify(src/magbot_hardware_interfacing/magbot_input_interfacing) by extension 'ignore'
[0.342s] Level 1:colcon.colcon_core.package_identification:_identify(src/magbot_hardware_interfacing/magbot_input_interfacing) by extension 'ignore_ament_install'
[0.342s] Level 1:colcon.colcon_core.package_identification:_identify(src/magbot_hardware_interfacing/magbot_input_interfacing) by extensions ['colcon_pkg']
[0.342s] Level 1:colcon.colcon_core.package_identification:_identify(src/magbot_hardware_interfacing/magbot_input_interfacing) by extension 'colcon_pkg'
[0.342s] Level 1:colcon.colcon_core.package_identification:_identify(src/magbot_hardware_interfacing/magbot_input_interfacing) by extensions ['colcon_meta']
[0.342s] Level 1:colcon.colcon_core.package_identification:_identify(src/magbot_hardware_interfacing/magbot_input_interfacing) by extension 'colcon_meta'
[0.342s] Level 1:colcon.colcon_core.package_identification:_identify(src/magbot_hardware_interfacing/magbot_input_interfacing) by extensions ['ros']
[0.342s] Level 1:colcon.colcon_core.package_identification:_identify(src/magbot_hardware_interfacing/magbot_input_interfacing) by extension 'ros'
[0.342s] DEBUG:colcon.colcon_core.package_identification:Package 'src/magbot_hardware_interfacing/magbot_input_interfacing' with type 'ros.ament_python' and name 'magbot_input_interfacing'
[0.342s] Level 1:colcon.colcon_core.package_identification:_identify(src/magbot_hardware_interfacing/magbot_peripheral_interfacing) by extensions ['ignore', 'ignore_ament_install']
[0.343s] Level 1:colcon.colcon_core.package_identification:_identify(src/magbot_hardware_interfacing/magbot_peripheral_interfacing) by extension 'ignore'
[0.343s] Level 1:colcon.colcon_core.package_identification:_identify(src/magbot_hardware_interfacing/magbot_peripheral_interfacing) by extension 'ignore_ament_install'
[0.343s] Level 1:colcon.colcon_core.package_identification:_identify(src/magbot_hardware_interfacing/magbot_peripheral_interfacing) by extensions ['colcon_pkg']
[0.343s] Level 1:colcon.colcon_core.package_identification:_identify(src/magbot_hardware_interfacing/magbot_peripheral_interfacing) by extension 'colcon_pkg'
[0.343s] Level 1:colcon.colcon_core.package_identification:_identify(src/magbot_hardware_interfacing/magbot_peripheral_interfacing) by extensions ['colcon_meta']
[0.343s] Level 1:colcon.colcon_core.package_identification:_identify(src/magbot_hardware_interfacing/magbot_peripheral_interfacing) by extension 'colcon_meta'
[0.343s] Level 1:colcon.colcon_core.package_identification:_identify(src/magbot_hardware_interfacing/magbot_peripheral_interfacing) by extensions ['ros']
[0.343s] Level 1:colcon.colcon_core.package_identification:_identify(src/magbot_hardware_interfacing/magbot_peripheral_interfacing) by extension 'ros'
[0.343s] DEBUG:colcon.colcon_core.package_identification:Package 'src/magbot_hardware_interfacing/magbot_peripheral_interfacing' with type 'ros.ament_python' and name 'magbot_peripheral_interfacing'
[0.344s] Level 1:colcon.colcon_core.package_identification:_identify(src/magbot_hardware_interfacing/magbot_servo_interfacing) by extensions ['ignore', 'ignore_ament_install']
[0.344s] Level 1:colcon.colcon_core.package_identification:_identify(src/magbot_hardware_interfacing/magbot_servo_interfacing) by extension 'ignore'
[0.344s] Level 1:colcon.colcon_core.package_identification:_identify(src/magbot_hardware_interfacing/magbot_servo_interfacing) by extension 'ignore_ament_install'
[0.344s] Level 1:colcon.colcon_core.package_identification:_identify(src/magbot_hardware_interfacing/magbot_servo_interfacing) by extensions ['colcon_pkg']
[0.344s] Level 1:colcon.colcon_core.package_identification:_identify(src/magbot_hardware_interfacing/magbot_servo_interfacing) by extension 'colcon_pkg'
[0.344s] Level 1:colcon.colcon_core.package_identification:_identify(src/magbot_hardware_interfacing/magbot_servo_interfacing) by extensions ['colcon_meta']
[0.344s] Level 1:colcon.colcon_core.package_identification:_identify(src/magbot_hardware_interfacing/magbot_servo_interfacing) by extension 'colcon_meta'
[0.344s] Level 1:colcon.colcon_core.package_identification:_identify(src/magbot_hardware_interfacing/magbot_servo_interfacing) by extensions ['ros']
[0.344s] Level 1:colcon.colcon_core.package_identification:_identify(src/magbot_hardware_interfacing/magbot_servo_interfacing) by extension 'ros'
[0.344s] DEBUG:colcon.colcon_core.package_identification:Package 'src/magbot_hardware_interfacing/magbot_servo_interfacing' with type 'ros.ament_python' and name 'magbot_servo_interfacing'
[0.345s] Level 1:colcon.colcon_core.package_identification:_identify(src/magbot_utilities) by extensions ['ignore', 'ignore_ament_install']
[0.345s] Level 1:colcon.colcon_core.package_identification:_identify(src/magbot_utilities) by extension 'ignore'
[0.345s] Level 1:colcon.colcon_core.package_identification:_identify(src/magbot_utilities) by extension 'ignore_ament_install'
[0.345s] Level 1:colcon.colcon_core.package_identification:_identify(src/magbot_utilities) by extensions ['colcon_pkg']
[0.345s] Level 1:colcon.colcon_core.package_identification:_identify(src/magbot_utilities) by extension 'colcon_pkg'
[0.345s] Level 1:colcon.colcon_core.package_identification:_identify(src/magbot_utilities) by extensions ['colcon_meta']
[0.345s] Level 1:colcon.colcon_core.package_identification:_identify(src/magbot_utilities) by extension 'colcon_meta'
[0.345s] Level 1:colcon.colcon_core.package_identification:_identify(src/magbot_utilities) by extensions ['ros']
[0.345s] Level 1:colcon.colcon_core.package_identification:_identify(src/magbot_utilities) by extension 'ros'
[0.345s] DEBUG:colcon.colcon_core.package_identification:Package 'src/magbot_utilities' with type 'ros.ament_python' and name 'magbot_utilities'
[0.345s] Level 1:colcon.colcon_core.package_discovery:discover_packages(recursive) using defaults
[0.345s] Level 1:colcon.colcon_core.package_discovery:discover_packages(ignore) discover
[0.346s] Level 1:colcon.colcon_core.package_discovery:discover_packages(ignore) using defaults
[0.346s] Level 1:colcon.colcon_core.package_discovery:discover_packages(path) discover
[0.346s] Level 1:colcon.colcon_core.package_discovery:discover_packages(path) using defaults
[0.376s] Level 1:colcon.colcon_core.package_discovery:discover_packages(prefix_path) check parameters
[0.376s] Level 1:colcon.colcon_core.package_discovery:discover_packages(prefix_path) discover
[0.378s] DEBUG:colcon.colcon_installed_package_information.package_discovery:Found 8 installed packages in /home/jarvis/magic/ROS/magbot_ws/install
[0.379s] DEBUG:colcon.colcon_installed_package_information.package_discovery:Found 1 installed packages in /home/jarvis/magic/ROS/ros2_ws/install
[0.380s] DEBUG:colcon.colcon_installed_package_information.package_discovery:Found 270 installed packages in /opt/ros/humble
[0.381s] Level 1:colcon.colcon_core.package_discovery:discover_packages(prefix_path) using defaults
[0.421s] Level 5:colcon.colcon_core.verb:set package 'magbot' build argument 'cmake_args' from command line to 'None'
[0.421s] Level 5:colcon.colcon_core.verb:set package 'magbot' build argument 'cmake_target' from command line to 'None'
[0.421s] Level 5:colcon.colcon_core.verb:set package 'magbot' build argument 'cmake_target_skip_unavailable' from command line to 'False'
[0.421s] Level 5:colcon.colcon_core.verb:set package 'magbot' build argument 'cmake_clean_cache' from command line to 'False'
[0.421s] Level 5:colcon.colcon_core.verb:set package 'magbot' build argument 'cmake_clean_first' from command line to 'False'
[0.421s] Level 5:colcon.colcon_core.verb:set package 'magbot' build argument 'cmake_force_configure' from command line to 'False'
[0.421s] Level 5:colcon.colcon_core.verb:set package 'magbot' build argument 'ament_cmake_args' from command line to 'None'
[0.421s] Level 5:colcon.colcon_core.verb:set package 'magbot' build argument 'catkin_cmake_args' from command line to 'None'
[0.421s] Level 5:colcon.colcon_core.verb:set package 'magbot' build argument 'catkin_skip_building_tests' from command line to 'False'
[0.421s] DEBUG:colcon.colcon_core.verb:Building package 'magbot' with the following arguments: {'ament_cmake_args': None, 'build_base': '/home/jarvis/magic/ROS/magbot_ws/build/magbot', 'catkin_cmake_args': None, 'catkin_skip_building_tests': False, 'cmake_args': None, 'cmake_clean_cache': False, 'cmake_clean_first': False, 'cmake_force_configure': False, 'cmake_target': None, 'cmake_target_skip_unavailable': False, 'install_base': '/home/jarvis/magic/ROS/magbot_ws/install/magbot', 'merge_install': False, 'path': '/home/jarvis/magic/ROS/magbot_ws/src/magbot', 'symlink_install': False, 'test_result_base': None}
[0.422s] Level 5:colcon.colcon_core.verb:set package 'magbot_control' build argument 'cmake_args' from command line to 'None'
[0.422s] Level 5:colcon.colcon_core.verb:set package 'magbot_control' build argument 'cmake_target' from command line to 'None'
[0.422s] Level 5:colcon.colcon_core.verb:set package 'magbot_control' build argument 'cmake_target_skip_unavailable' from command line to 'False'
[0.422s] Level 5:colcon.colcon_core.verb:set package 'magbot_control' build argument 'cmake_clean_cache' from command line to 'False'
[0.422s] Level 5:colcon.colcon_core.verb:set package 'magbot_control' build argument 'cmake_clean_first' from command line to 'False'
[0.422s] Level 5:colcon.colcon_core.verb:set package 'magbot_control' build argument 'cmake_force_configure' from command line to 'False'
[0.422s] Level 5:colcon.colcon_core.verb:set package 'magbot_control' build argument 'ament_cmake_args' from command line to 'None'
[0.422s] Level 5:colcon.colcon_core.verb:set package 'magbot_control' build argument 'catkin_cmake_args' from command line to 'None'
[0.422s] Level 5:colcon.colcon_core.verb:set package 'magbot_control' build argument 'catkin_skip_building_tests' from command line to 'False'
[0.422s] DEBUG:colcon.colcon_core.verb:Building package 'magbot_control' with the following arguments: {'ament_cmake_args': None, 'build_base': '/home/jarvis/magic/ROS/magbot_ws/build/magbot_control', 'catkin_cmake_args': None, 'catkin_skip_building_tests': False, 'cmake_args': None, 'cmake_clean_cache': False, 'cmake_clean_first': False, 'cmake_force_configure': False, 'cmake_target': None, 'cmake_target_skip_unavailable': False, 'install_base': '/home/jarvis/magic/ROS/magbot_ws/install/magbot_control', 'merge_install': False, 'path': '/home/jarvis/magic/ROS/magbot_ws/src/magbot_control', 'symlink_install': False, 'test_result_base': None}
[0.422s] Level 5:colcon.colcon_core.verb:set package 'magbot_description' build argument 'cmake_args' from command line to 'None'
[0.422s] Level 5:colcon.colcon_core.verb:set package 'magbot_description' build argument 'cmake_target' from command line to 'None'
[0.422s] Level 5:colcon.colcon_core.verb:set package 'magbot_description' build argument 'cmake_target_skip_unavailable' from command line to 'False'
[0.422s] Level 5:colcon.colcon_core.verb:set package 'magbot_description' build argument 'cmake_clean_cache' from command line to 'False'
[0.422s] Level 5:colcon.colcon_core.verb:set package 'magbot_description' build argument 'cmake_clean_first' from command line to 'False'
[0.422s] Level 5:colcon.colcon_core.verb:set package 'magbot_description' build argument 'cmake_force_configure' from command line to 'False'
[0.422s] Level 5:colcon.colcon_core.verb:set package 'magbot_description' build argument 'ament_cmake_args' from command line to 'None'
[0.422s] Level 5:colcon.colcon_core.verb:set package 'magbot_description' build argument 'catkin_cmake_args' from command line to 'None'
[0.422s] Level 5:colcon.colcon_core.verb:set package 'magbot_description' build argument 'catkin_skip_building_tests' from command line to 'False'
[0.422s] DEBUG:colcon.colcon_core.verb:Building package 'magbot_description' with the following arguments: {'ament_cmake_args': None, 'build_base': '/home/jarvis/magic/ROS/magbot_ws/build/magbot_description', 'catkin_cmake_args': None, 'catkin_skip_building_tests': False, 'cmake_args': None, 'cmake_clean_cache': False, 'cmake_clean_first': False, 'cmake_force_configure': False, 'cmake_target': None, 'cmake_target_skip_unavailable': False, 'install_base': '/home/jarvis/magic/ROS/magbot_ws/install/magbot_description', 'merge_install': False, 'path': '/home/jarvis/magic/ROS/magbot_ws/src/magbot_description', 'symlink_install': False, 'test_result_base': None}
[0.423s] Level 5:colcon.colcon_core.verb:set package 'magbot_gazebo' build argument 'cmake_args' from command line to 'None'
[0.423s] Level 5:colcon.colcon_core.verb:set package 'magbot_gazebo' build argument 'cmake_target' from command line to 'None'
[0.423s] Level 5:colcon.colcon_core.verb:set package 'magbot_gazebo' build argument 'cmake_target_skip_unavailable' from command line to 'False'
[0.423s] Level 5:colcon.colcon_core.verb:set package 'magbot_gazebo' build argument 'cmake_clean_cache' from command line to 'False'
[0.423s] Level 5:colcon.colcon_core.verb:set package 'magbot_gazebo' build argument 'cmake_clean_first' from command line to 'False'
[0.423s] Level 5:colcon.colcon_core.verb:set package 'magbot_gazebo' build argument 'cmake_force_configure' from command line to 'False'
[0.423s] Level 5:colcon.colcon_core.verb:set package 'magbot_gazebo' build argument 'ament_cmake_args' from command line to 'None'
[0.423s] Level 5:colcon.colcon_core.verb:set package 'magbot_gazebo' build argument 'catkin_cmake_args' from command line to 'None'
[0.423s] Level 5:colcon.colcon_core.verb:set package 'magbot_gazebo' build argument 'catkin_skip_building_tests' from command line to 'False'
[0.423s] DEBUG:colcon.colcon_core.verb:Building package 'magbot_gazebo' with the following arguments: {'ament_cmake_args': None, 'build_base': '/home/jarvis/magic/ROS/magbot_ws/build/magbot_gazebo', 'catkin_cmake_args': None, 'catkin_skip_building_tests': False, 'cmake_args': None, 'cmake_clean_cache': False, 'cmake_clean_first': False, 'cmake_force_configure': False, 'cmake_target': None, 'cmake_target_skip_unavailable': False, 'install_base': '/home/jarvis/magic/ROS/magbot_ws/install/magbot_gazebo', 'merge_install': False, 'path': '/home/jarvis/magic/ROS/magbot_ws/src/magbot_gazebo', 'symlink_install': False, 'test_result_base': None}
[0.423s] Level 5:colcon.colcon_core.verb:set package 'magbot_input_interfacing' build argument 'cmake_args' from command line to 'None'
[0.423s] Level 5:colcon.colcon_core.verb:set package 'magbot_input_interfacing' build argument 'cmake_target' from command line to 'None'
[0.423s] Level 5:colcon.colcon_core.verb:set package 'magbot_input_interfacing' build argument 'cmake_target_skip_unavailable' from command line to 'False'
[0.423s] Level 5:colcon.colcon_core.verb:set package 'magbot_input_interfacing' build argument 'cmake_clean_cache' from command line to 'False'
[0.423s] Level 5:colcon.colcon_core.verb:set package 'magbot_input_interfacing' build argument 'cmake_clean_first' from command line to 'False'
[0.423s] Level 5:colcon.colcon_core.verb:set package 'magbot_input_interfacing' build argument 'cmake_force_configure' from command line to 'False'
[0.424s] Level 5:colcon.colcon_core.verb:set package 'magbot_input_interfacing' build argument 'ament_cmake_args' from command line to 'None'
[0.424s] Level 5:colcon.colcon_core.verb:set package 'magbot_input_interfacing' build argument 'catkin_cmake_args' from command line to 'None'
[0.424s] Level 5:colcon.colcon_core.verb:set package 'magbot_input_interfacing' build argument 'catkin_skip_building_tests' from command line to 'False'
[0.424s] DEBUG:colcon.colcon_core.verb:Building package 'magbot_input_interfacing' with the following arguments: {'ament_cmake_args': None, 'build_base': '/home/jarvis/magic/ROS/magbot_ws/build/magbot_input_interfacing', 'catkin_cmake_args': None, 'catkin_skip_building_tests': False, 'cmake_args': None, 'cmake_clean_cache': False, 'cmake_clean_first': False, 'cmake_force_configure': False, 'cmake_target': None, 'cmake_target_skip_unavailable': False, 'install_base': '/home/jarvis/magic/ROS/magbot_ws/install/magbot_input_interfacing', 'merge_install': False, 'path': '/home/jarvis/magic/ROS/magbot_ws/src/magbot_hardware_interfacing/magbot_input_interfacing', 'symlink_install': False, 'test_result_base': None}
[0.424s] Level 5:colcon.colcon_core.verb:set package 'magbot_peripheral_interfacing' build argument 'cmake_args' from command line to 'None'
[0.424s] Level 5:colcon.colcon_core.verb:set package 'magbot_peripheral_interfacing' build argument 'cmake_target' from command line to 'None'
[0.424s] Level 5:colcon.colcon_core.verb:set package 'magbot_peripheral_interfacing' build argument 'cmake_target_skip_unavailable' from command line to 'False'
[0.424s] Level 5:colcon.colcon_core.verb:set package 'magbot_peripheral_interfacing' build argument 'cmake_clean_cache' from command line to 'False'
[0.424s] Level 5:colcon.colcon_core.verb:set package 'magbot_peripheral_interfacing' build argument 'cmake_clean_first' from command line to 'False'
[0.424s] Level 5:colcon.colcon_core.verb:set package 'magbot_peripheral_interfacing' build argument 'cmake_force_configure' from command line to 'False'
[0.424s] Level 5:colcon.colcon_core.verb:set package 'magbot_peripheral_interfacing' build argument 'ament_cmake_args' from command line to 'None'
[0.424s] Level 5:colcon.colcon_core.verb:set package 'magbot_peripheral_interfacing' build argument 'catkin_cmake_args' from command line to 'None'
[0.424s] Level 5:colcon.colcon_core.verb:set package 'magbot_peripheral_interfacing' build argument 'catkin_skip_building_tests' from command line to 'False'
[0.424s] DEBUG:colcon.colcon_core.verb:Building package 'magbot_peripheral_interfacing' with the following arguments: {'ament_cmake_args': None, 'build_base': '/home/jarvis/magic/ROS/magbot_ws/build/magbot_peripheral_interfacing', 'catkin_cmake_args': None, 'catkin_skip_building_tests': False, 'cmake_args': None, 'cmake_clean_cache': False, 'cmake_clean_first': False, 'cmake_force_configure': False, 'cmake_target': None, 'cmake_target_skip_unavailable': False, 'install_base': '/home/jarvis/magic/ROS/magbot_ws/install/magbot_peripheral_interfacing', 'merge_install': False, 'path': '/home/jarvis/magic/ROS/magbot_ws/src/magbot_hardware_interfacing/magbot_peripheral_interfacing', 'symlink_install': False, 'test_result_base': None}
[0.425s] Level 5:colcon.colcon_core.verb:set package 'magbot_servo_interfacing' build argument 'cmake_args' from command line to 'None'
[0.425s] Level 5:colcon.colcon_core.verb:set package 'magbot_servo_interfacing' build argument 'cmake_target' from command line to 'None'
[0.425s] Level 5:colcon.colcon_core.verb:set package 'magbot_servo_interfacing' build argument 'cmake_target_skip_unavailable' from command line to 'False'
[0.425s] Level 5:colcon.colcon_core.verb:set package 'magbot_servo_interfacing' build argument 'cmake_clean_cache' from command line to 'False'
[0.425s] Level 5:colcon.colcon_core.verb:set package 'magbot_servo_interfacing' build argument 'cmake_clean_first' from command line to 'False'
[0.425s] Level 5:colcon.colcon_core.verb:set package 'magbot_servo_interfacing' build argument 'cmake_force_configure' from command line to 'False'
[0.425s] Level 5:colcon.colcon_core.verb:set package 'magbot_servo_interfacing' build argument 'ament_cmake_args' from command line to 'None'
[0.425s] Level 5:colcon.colcon_core.verb:set package 'magbot_servo_interfacing' build argument 'catkin_cmake_args' from command line to 'None'
[0.425s] Level 5:colcon.colcon_core.verb:set package 'magbot_servo_interfacing' build argument 'catkin_skip_building_tests' from command line to 'False'
[0.425s] DEBUG:colcon.colcon_core.verb:Building package 'magbot_servo_interfacing' with the following arguments: {'ament_cmake_args': None, 'build_base': '/home/jarvis/magic/ROS/magbot_ws/build/magbot_servo_interfacing', 'catkin_cmake_args': None, 'catkin_skip_building_tests': False, 'cmake_args': None, 'cmake_clean_cache': False, 'cmake_clean_first': False, 'cmake_force_configure': False, 'cmake_target': None, 'cmake_target_skip_unavailable': False, 'install_base': '/home/jarvis/magic/ROS/magbot_ws/install/magbot_servo_interfacing', 'merge_install': False, 'path': '/home/jarvis/magic/ROS/magbot_ws/src/magbot_hardware_interfacing/magbot_servo_interfacing', 'symlink_install': False, 'test_result_base': None}
[0.425s] Level 5:colcon.colcon_core.verb:set package 'magbot_utilities' build argument 'cmake_args' from command line to 'None'
[0.425s] Level 5:colcon.colcon_core.verb:set package 'magbot_utilities' build argument 'cmake_target' from command line to 'None'
[0.425s] Level 5:colcon.colcon_core.verb:set package 'magbot_utilities' build argument 'cmake_target_skip_unavailable' from command line to 'False'
[0.425s] Level 5:colcon.colcon_core.verb:set package 'magbot_utilities' build argument 'cmake_clean_cache' from command line to 'False'
[0.425s] Level 5:colcon.colcon_core.verb:set package 'magbot_utilities' build argument 'cmake_clean_first' from command line to 'False'
[0.425s] Level 5:colcon.colcon_core.verb:set package 'magbot_utilities' build argument 'cmake_force_configure' from command line to 'False'
[0.425s] Level 5:colcon.colcon_core.verb:set package 'magbot_utilities' build argument 'ament_cmake_args' from command line to 'None'
[0.425s] Level 5:colcon.colcon_core.verb:set package 'magbot_utilities' build argument 'catkin_cmake_args' from command line to 'None'
[0.425s] Level 5:colcon.colcon_core.verb:set package 'magbot_utilities' build argument 'catkin_skip_building_tests' from command line to 'False'
[0.426s] DEBUG:colcon.colcon_core.verb:Building package 'magbot_utilities' with the following arguments: {'ament_cmake_args': None, 'build_base': '/home/jarvis/magic/ROS/magbot_ws/build/magbot_utilities', 'catkin_cmake_args': None, 'catkin_skip_building_tests': False, 'cmake_args': None, 'cmake_clean_cache': False, 'cmake_clean_first': False, 'cmake_force_configure': False, 'cmake_target': None, 'cmake_target_skip_unavailable': False, 'install_base': '/home/jarvis/magic/ROS/magbot_ws/install/magbot_utilities', 'merge_install': False, 'path': '/home/jarvis/magic/ROS/magbot_ws/src/magbot_utilities', 'symlink_install': False, 'test_result_base': None}
[0.426s] INFO:colcon.colcon_core.executor:Executing jobs using 'parallel' executor
[0.427s] DEBUG:colcon.colcon_parallel_executor.executor.parallel:run_until_complete
[0.427s] INFO:colcon.colcon_ros.task.ament_python.build:Building ROS package in '/home/jarvis/magic/ROS/magbot_ws/src/magbot' with build type 'ament_python'
[0.427s] Level 1:colcon.colcon_core.shell:create_environment_hook('magbot', 'ament_prefix_path')
[0.430s] INFO:colcon.colcon_core.plugin_system:Skipping extension 'colcon_core.shell.bat': Not used on non-Windows systems
[0.430s] INFO:colcon.colcon_core.shell:Creating environment hook '/home/jarvis/magic/ROS/magbot_ws/install/magbot/share/magbot/hook/ament_prefix_path.ps1'
[0.430s] INFO:colcon.colcon_core.shell:Creating environment descriptor '/home/jarvis/magic/ROS/magbot_ws/install/magbot/share/magbot/hook/ament_prefix_path.dsv'
[0.431s] INFO:colcon.colcon_core.shell:Creating environment hook '/home/jarvis/magic/ROS/magbot_ws/install/magbot/share/magbot/hook/ament_prefix_path.sh'
[0.431s] INFO:colcon.colcon_core.shell:Skip shell extension 'powershell' for command environment: Not usable outside of PowerShell
[0.431s] DEBUG:colcon.colcon_core.shell:Skip shell extension 'dsv' for command environment
[0.436s] INFO:colcon.colcon_ros.task.ament_python.build:Building ROS package in '/home/jarvis/magic/ROS/magbot_ws/src/magbot_control' with build type 'ament_python'
[0.436s] Level 1:colcon.colcon_core.shell:create_environment_hook('magbot_control', 'ament_prefix_path')
[0.436s] INFO:colcon.colcon_core.shell:Creating environment hook '/home/jarvis/magic/ROS/magbot_ws/install/magbot_control/share/magbot_control/hook/ament_prefix_path.ps1'
[0.437s] INFO:colcon.colcon_core.shell:Creating environment descriptor '/home/jarvis/magic/ROS/magbot_ws/install/magbot_control/share/magbot_control/hook/ament_prefix_path.dsv'
[0.437s] INFO:colcon.colcon_core.shell:Creating environment hook '/home/jarvis/magic/ROS/magbot_ws/install/magbot_control/share/magbot_control/hook/ament_prefix_path.sh'
[0.438s] INFO:colcon.colcon_core.shell:Skip shell extension 'powershell' for command environment: Not usable outside of PowerShell
[0.438s] DEBUG:colcon.colcon_core.shell:Skip shell extension 'dsv' for command environment
[0.447s] INFO:colcon.colcon_ros.task.ament_python.build:Building ROS package in '/home/jarvis/magic/ROS/magbot_ws/src/magbot_description' with build type 'ament_python'
[0.447s] Level 1:colcon.colcon_core.shell:create_environment_hook('magbot_description', 'ament_prefix_path')
[0.448s] INFO:colcon.colcon_core.shell:Creating environment hook '/home/jarvis/magic/ROS/magbot_ws/install/magbot_description/share/magbot_description/hook/ament_prefix_path.ps1'
[0.449s] INFO:colcon.colcon_core.shell:Creating environment descriptor '/home/jarvis/magic/ROS/magbot_ws/install/magbot_description/share/magbot_description/hook/ament_prefix_path.dsv'
[0.449s] INFO:colcon.colcon_core.shell:Creating environment hook '/home/jarvis/magic/ROS/magbot_ws/install/magbot_description/share/magbot_description/hook/ament_prefix_path.sh'
[0.450s] INFO:colcon.colcon_core.shell:Skip shell extension 'powershell' for command environment: Not usable outside of PowerShell
[0.450s] DEBUG:colcon.colcon_core.shell:Skip shell extension 'dsv' for command environment
[0.454s] INFO:colcon.colcon_ros.task.ament_python.build:Building ROS package in '/home/jarvis/magic/ROS/magbot_ws/src/magbot_gazebo' with build type 'ament_python'
[0.455s] Level 1:colcon.colcon_core.shell:create_environment_hook('magbot_gazebo', 'ament_prefix_path')
[0.455s] INFO:colcon.colcon_core.shell:Creating environment hook '/home/jarvis/magic/ROS/magbot_ws/install/magbot_gazebo/share/magbot_gazebo/hook/ament_prefix_path.ps1'
[0.456s] INFO:colcon.colcon_core.shell:Creating environment descriptor '/home/jarvis/magic/ROS/magbot_ws/install/magbot_gazebo/share/magbot_gazebo/hook/ament_prefix_path.dsv'
[0.456s] INFO:colcon.colcon_core.shell:Creating environment hook '/home/jarvis/magic/ROS/magbot_ws/install/magbot_gazebo/share/magbot_gazebo/hook/ament_prefix_path.sh'
[0.457s] INFO:colcon.colcon_core.shell:Skip shell extension 'powershell' for command environment: Not usable outside of PowerShell
[0.457s] DEBUG:colcon.colcon_core.shell:Skip shell extension 'dsv' for command environment
[0.466s] INFO:colcon.colcon_ros.task.ament_python.build:Building ROS package in '/home/jarvis/magic/ROS/magbot_ws/src/magbot_hardware_interfacing/magbot_input_interfacing' with build type 'ament_python'
[0.466s] Level 1:colcon.colcon_core.shell:create_environment_hook('magbot_input_interfacing', 'ament_prefix_path')
[0.467s] INFO:colcon.colcon_core.shell:Creating environment hook '/home/jarvis/magic/ROS/magbot_ws/install/magbot_input_interfacing/share/magbot_input_interfacing/hook/ament_prefix_path.ps1'
[0.468s] INFO:colcon.colcon_core.shell:Creating environment descriptor '/home/jarvis/magic/ROS/magbot_ws/install/magbot_input_interfacing/share/magbot_input_interfacing/hook/ament_prefix_path.dsv'
[0.468s] INFO:colcon.colcon_core.shell:Creating environment hook '/home/jarvis/magic/ROS/magbot_ws/install/magbot_input_interfacing/share/magbot_input_interfacing/hook/ament_prefix_path.sh'
[0.469s] INFO:colcon.colcon_core.shell:Skip shell extension 'powershell' for command environment: Not usable outside of PowerShell
[0.469s] DEBUG:colcon.colcon_core.shell:Skip shell extension 'dsv' for command environment
[0.475s] INFO:colcon.colcon_ros.task.ament_python.build:Building ROS package in '/home/jarvis/magic/ROS/magbot_ws/src/magbot_hardware_interfacing/magbot_peripheral_interfacing' with build type 'ament_python'
[0.475s] Level 1:colcon.colcon_core.shell:create_environment_hook('magbot_peripheral_interfacing', 'ament_prefix_path')
[0.475s] INFO:colcon.colcon_core.shell:Creating environment hook '/home/jarvis/magic/ROS/magbot_ws/install/magbot_peripheral_interfacing/share/magbot_peripheral_interfacing/hook/ament_prefix_path.ps1'
[0.476s] INFO:colcon.colcon_core.shell:Creating environment descriptor '/home/jarvis/magic/ROS/magbot_ws/install/magbot_peripheral_interfacing/share/magbot_peripheral_interfacing/hook/ament_prefix_path.dsv'
[0.477s] INFO:colcon.colcon_core.shell:Creating environment hook '/home/jarvis/magic/ROS/magbot_ws/install/magbot_peripheral_interfacing/share/magbot_peripheral_interfacing/hook/ament_prefix_path.sh'
[0.478s] INFO:colcon.colcon_core.shell:Skip shell extension 'powershell' for command environment: Not usable outside of PowerShell
[0.478s] DEBUG:colcon.colcon_core.shell:Skip shell extension 'dsv' for command environment
[0.484s] INFO:colcon.colcon_ros.task.ament_python.build:Building ROS package in '/home/jarvis/magic/ROS/magbot_ws/src/magbot_hardware_interfacing/magbot_servo_interfacing' with build type 'ament_python'
[0.484s] Level 1:colcon.colcon_core.shell:create_environment_hook('magbot_servo_interfacing', 'ament_prefix_path')
[0.484s] INFO:colcon.colcon_core.shell:Creating environment hook '/home/jarvis/magic/ROS/magbot_ws/install/magbot_servo_interfacing/share/magbot_servo_interfacing/hook/ament_prefix_path.ps1'
[0.485s] INFO:colcon.colcon_core.shell:Creating environment descriptor '/home/jarvis/magic/ROS/magbot_ws/install/magbot_servo_interfacing/share/magbot_servo_interfacing/hook/ament_prefix_path.dsv'
[0.486s] INFO:colcon.colcon_core.shell:Creating environment hook '/home/jarvis/magic/ROS/magbot_ws/install/magbot_servo_interfacing/share/magbot_servo_interfacing/hook/ament_prefix_path.sh'
[0.487s] INFO:colcon.colcon_core.shell:Skip shell extension 'powershell' for command environment: Not usable outside of PowerShell
[0.487s] DEBUG:colcon.colcon_core.shell:Skip shell extension 'dsv' for command environment
[0.493s] INFO:colcon.colcon_ros.task.ament_python.build:Building ROS package in '/home/jarvis/magic/ROS/magbot_ws/src/magbot_utilities' with build type 'ament_python'
[0.493s] Level 1:colcon.colcon_core.shell:create_environment_hook('magbot_utilities', 'ament_prefix_path')
[0.494s] INFO:colcon.colcon_core.shell:Creating environment hook '/home/jarvis/magic/ROS/magbot_ws/install/magbot_utilities/share/magbot_utilities/hook/ament_prefix_path.ps1'
[0.495s] INFO:colcon.colcon_core.shell:Creating environment descriptor '/home/jarvis/magic/ROS/magbot_ws/install/magbot_utilities/share/magbot_utilities/hook/ament_prefix_path.dsv'
[0.495s] INFO:colcon.colcon_core.shell:Creating environment hook '/home/jarvis/magic/ROS/magbot_ws/install/magbot_utilities/share/magbot_utilities/hook/ament_prefix_path.sh'
[0.496s] INFO:colcon.colcon_core.shell:Skip shell extension 'powershell' for command environment: Not usable outside of PowerShell
[0.496s] DEBUG:colcon.colcon_core.shell:Skip shell extension 'dsv' for command environment
[0.816s] INFO:colcon.colcon_core.task.python.build:Building Python package in '/home/jarvis/magic/ROS/magbot_ws/src/magbot'
[0.816s] INFO:colcon.colcon_core.shell:Skip shell extension 'powershell' for command environment: Not usable outside of PowerShell
[0.816s] DEBUG:colcon.colcon_core.shell:Skip shell extension 'dsv' for command environment
[1.122s] INFO:colcon.colcon_core.task.python.build:Building Python package in '/home/jarvis/magic/ROS/magbot_ws/src/magbot_control'
[1.122s] INFO:colcon.colcon_core.shell:Skip shell extension 'powershell' for command environment: Not usable outside of PowerShell
[1.122s] DEBUG:colcon.colcon_core.shell:Skip shell extension 'dsv' for command environment
[1.426s] INFO:colcon.colcon_core.task.python.build:Building Python package in '/home/jarvis/magic/ROS/magbot_ws/src/magbot_description'
[1.426s] INFO:colcon.colcon_core.shell:Skip shell extension 'powershell' for command environment: Not usable outside of PowerShell
[1.426s] DEBUG:colcon.colcon_core.shell:Skip shell extension 'dsv' for command environment
[1.719s] INFO:colcon.colcon_core.task.python.build:Building Python package in '/home/jarvis/magic/ROS/magbot_ws/src/magbot_gazebo'
[1.719s] INFO:colcon.colcon_core.shell:Skip shell extension 'powershell' for command environment: Not usable outside of PowerShell
[1.719s] DEBUG:colcon.colcon_core.shell:Skip shell extension 'dsv' for command environment
[2.011s] INFO:colcon.colcon_core.task.python.build:Building Python package in '/home/jarvis/magic/ROS/magbot_ws/src/magbot_hardware_interfacing/magbot_input_interfacing'
[2.012s] INFO:colcon.colcon_core.shell:Skip shell extension 'powershell' for command environment: Not usable outside of PowerShell
[2.012s] DEBUG:colcon.colcon_core.shell:Skip shell extension 'dsv' for command environment
[2.314s] INFO:colcon.colcon_core.task.python.build:Building Python package in '/home/jarvis/magic/ROS/magbot_ws/src/magbot_hardware_interfacing/magbot_peripheral_interfacing'
[2.315s] INFO:colcon.colcon_core.shell:Skip shell extension 'powershell' for command environment: Not usable outside of PowerShell
[2.315s] DEBUG:colcon.colcon_core.shell:Skip shell extension 'dsv' for command environment
[2.611s] INFO:colcon.colcon_core.task.python.build:Building Python package in '/home/jarvis/magic/ROS/magbot_ws/src/magbot_hardware_interfacing/magbot_servo_interfacing'
[2.612s] INFO:colcon.colcon_core.shell:Skip shell extension 'powershell' for command environment: Not usable outside of PowerShell
[2.612s] DEBUG:colcon.colcon_core.shell:Skip shell extension 'dsv' for command environment
[2.929s] INFO:colcon.colcon_core.task.python.build:Building Python package in '/home/jarvis/magic/ROS/magbot_ws/src/magbot_utilities'
[2.929s] INFO:colcon.colcon_core.shell:Skip shell extension 'powershell' for command environment: Not usable outside of PowerShell
[2.929s] DEBUG:colcon.colcon_core.shell:Skip shell extension 'dsv' for command environment
[4.330s] DEBUG:colcon.colcon_core.event_handler.log_command:Invoking command in '/home/jarvis/magic/ROS/magbot_ws/src/magbot_control': PYTHONPATH=/home/jarvis/magic/ROS/magbot_ws/build/magbot_control/prefix_override:/home/jarvis/magic/ROS/magbot_ws/install/magbot_control/lib/python3.10/site-packages:${PYTHONPATH} /usr/bin/python3 -W ignore:setup.py install is deprecated setup.py egg_info --egg-base ../../build/magbot_control build --build-base /home/jarvis/magic/ROS/magbot_ws/build/magbot_control/build install --record /home/jarvis/magic/ROS/magbot_ws/build/magbot_control/install.log --single-version-externally-managed install_data
[4.345s] DEBUG:colcon.colcon_core.event_handler.log_command:Invoking command in '/home/jarvis/magic/ROS/magbot_ws/src/magbot': PYTHONPATH=/home/jarvis/magic/ROS/magbot_ws/build/magbot/prefix_override:/home/jarvis/magic/ROS/magbot_ws/install/magbot/lib/python3.10/site-packages:${PYTHONPATH} /usr/bin/python3 -W ignore:setup.py install is deprecated setup.py egg_info --egg-base ../../build/magbot build --build-base /home/jarvis/magic/ROS/magbot_ws/build/magbot/build install --record /home/jarvis/magic/ROS/magbot_ws/build/magbot/install.log --single-version-externally-managed install_data
[4.354s] DEBUG:colcon.colcon_core.event_handler.log_command:Invoking command in '/home/jarvis/magic/ROS/magbot_ws/src/magbot_hardware_interfacing/magbot_servo_interfacing': PYTHONPATH=/home/jarvis/magic/ROS/magbot_ws/build/magbot_servo_interfacing/prefix_override:/home/jarvis/magic/ROS/magbot_ws/install/magbot_servo_interfacing/lib/python3.10/site-packages:${PYTHONPATH} /usr/bin/python3 -W ignore:setup.py install is deprecated setup.py egg_info --egg-base ../../../build/magbot_servo_interfacing build --build-base /home/jarvis/magic/ROS/magbot_ws/build/magbot_servo_interfacing/build install --record /home/jarvis/magic/ROS/magbot_ws/build/magbot_servo_interfacing/install.log --single-version-externally-managed install_data
[4.367s] DEBUG:colcon.colcon_core.event_handler.log_command:Invoking command in '/home/jarvis/magic/ROS/magbot_ws/src/magbot_gazebo': PYTHONPATH=/home/jarvis/magic/ROS/magbot_ws/build/magbot_gazebo/prefix_override:/home/jarvis/magic/ROS/magbot_ws/install/magbot_gazebo/lib/python3.10/site-packages:${PYTHONPATH} /usr/bin/python3 -W ignore:setup.py install is deprecated setup.py egg_info --egg-base ../../build/magbot_gazebo build --build-base /home/jarvis/magic/ROS/magbot_ws/build/magbot_gazebo/build install --record /home/jarvis/magic/ROS/magbot_ws/build/magbot_gazebo/install.log --single-version-externally-managed install_data
[4.385s] DEBUG:colcon.colcon_core.event_handler.log_command:Invoking command in '/home/jarvis/magic/ROS/magbot_ws/src/magbot_hardware_interfacing/magbot_peripheral_interfacing': PYTHONPATH=/home/jarvis/magic/ROS/magbot_ws/build/magbot_peripheral_interfacing/prefix_override:/home/jarvis/magic/ROS/magbot_ws/install/magbot_peripheral_interfacing/lib/python3.10/site-packages:${PYTHONPATH} /usr/bin/python3 -W ignore:setup.py install is deprecated setup.py egg_info --egg-base ../../../build/magbot_peripheral_interfacing build --build-base /home/jarvis/magic/ROS/magbot_ws/build/magbot_peripheral_interfacing/build install --record /home/jarvis/magic/ROS/magbot_ws/build/magbot_peripheral_interfacing/install.log --single-version-externally-managed install_data
[4.396s] DEBUG:colcon.colcon_core.event_handler.log_command:Invoking command in '/home/jarvis/magic/ROS/magbot_ws/src/magbot_description': PYTHONPATH=/home/jarvis/magic/ROS/magbot_ws/build/magbot_description/prefix_override:/home/jarvis/magic/ROS/magbot_ws/install/magbot_description/lib/python3.10/site-packages:${PYTHONPATH} /usr/bin/python3 -W ignore:setup.py install is deprecated setup.py egg_info --egg-base ../../build/magbot_description build --build-base /home/jarvis/magic/ROS/magbot_ws/build/magbot_description/build install --record /home/jarvis/magic/ROS/magbot_ws/build/magbot_description/install.log --single-version-externally-managed install_data
[4.400s] DEBUG:colcon.colcon_core.event_handler.log_command:Invoking command in '/home/jarvis/magic/ROS/magbot_ws/src/magbot_utilities': PYTHONPATH=/home/jarvis/magic/ROS/magbot_ws/build/magbot_utilities/prefix_override:/home/jarvis/magic/ROS/magbot_ws/install/magbot_utilities/lib/python3.10/site-packages:${PYTHONPATH} /usr/bin/python3 -W ignore:setup.py install is deprecated setup.py egg_info --egg-base ../../build/magbot_utilities build --build-base /home/jarvis/magic/ROS/magbot_ws/build/magbot_utilities/build install --record /home/jarvis/magic/ROS/magbot_ws/build/magbot_utilities/install.log --single-version-externally-managed install_data
[4.413s] DEBUG:colcon.colcon_core.event_handler.log_command:Invoking command in '/home/jarvis/magic/ROS/magbot_ws/src/magbot_hardware_interfacing/magbot_input_interfacing': PYTHONPATH=/home/jarvis/magic/ROS/magbot_ws/build/magbot_input_interfacing/prefix_override:/home/jarvis/magic/ROS/magbot_ws/install/magbot_input_interfacing/lib/python3.10/site-packages:${PYTHONPATH} /usr/bin/python3 -W ignore:setup.py install is deprecated setup.py egg_info --egg-base ../../../build/magbot_input_interfacing build --build-base /home/jarvis/magic/ROS/magbot_ws/build/magbot_input_interfacing/build install --record /home/jarvis/magic/ROS/magbot_ws/build/magbot_input_interfacing/install.log --single-version-externally-managed install_data
[5.182s] DEBUG:colcon.colcon_core.event_handler.log_command:Invoked command in '/home/jarvis/magic/ROS/magbot_ws/src/magbot_control' returned '0': PYTHONPATH=/home/jarvis/magic/ROS/magbot_ws/build/magbot_control/prefix_override:/home/jarvis/magic/ROS/magbot_ws/install/magbot_control/lib/python3.10/site-packages:${PYTHONPATH} /usr/bin/python3 -W ignore:setup.py install is deprecated setup.py egg_info --egg-base ../../build/magbot_control build --build-base /home/jarvis/magic/ROS/magbot_ws/build/magbot_control/build install --record /home/jarvis/magic/ROS/magbot_ws/build/magbot_control/install.log --single-version-externally-managed install_data
[5.192s] Level 1:colcon.colcon_core.environment:checking '/home/jarvis/magic/ROS/magbot_ws/install/magbot_control' for CMake module files
[5.195s] Level 1:colcon.colcon_core.environment:checking '/home/jarvis/magic/ROS/magbot_ws/install/magbot_control' for CMake config files
[5.204s] Level 1:colcon.colcon_core.environment:checking '/home/jarvis/magic/ROS/magbot_ws/install/magbot_control/lib'
[5.206s] Level 1:colcon.colcon_core.environment:checking '/home/jarvis/magic/ROS/magbot_ws/install/magbot_control/bin'
[5.206s] Level 1:colcon.colcon_core.environment:checking '/home/jarvis/magic/ROS/magbot_ws/install/magbot_control/lib/pkgconfig/magbot_control.pc'
[5.206s] Level 1:colcon.colcon_core.environment:checking '/home/jarvis/magic/ROS/magbot_ws/install/magbot_control/lib/python3.10/site-packages'
[5.207s] Level 1:colcon.colcon_core.shell:create_environment_hook('magbot_control', 'pythonpath')
[5.207s] INFO:colcon.colcon_core.shell:Creating environment hook '/home/jarvis/magic/ROS/magbot_ws/install/magbot_control/share/magbot_control/hook/pythonpath.ps1'
[5.209s] INFO:colcon.colcon_core.shell:Creating environment descriptor '/home/jarvis/magic/ROS/magbot_ws/install/magbot_control/share/magbot_control/hook/pythonpath.dsv'
[5.210s] INFO:colcon.colcon_core.shell:Creating environment hook '/home/jarvis/magic/ROS/magbot_ws/install/magbot_control/share/magbot_control/hook/pythonpath.sh'
[5.212s] Level 1:colcon.colcon_core.environment:checking '/home/jarvis/magic/ROS/magbot_ws/install/magbot_control/bin'
[5.212s] Level 1:colcon.colcon_core.environment:create_environment_scripts_only(magbot_control)
[5.213s] INFO:colcon.colcon_core.shell:Creating package script '/home/jarvis/magic/ROS/magbot_ws/install/magbot_control/share/magbot_control/package.ps1'
[5.216s] INFO:colcon.colcon_core.shell:Creating package descriptor '/home/jarvis/magic/ROS/magbot_ws/install/magbot_control/share/magbot_control/package.dsv'
[5.217s] INFO:colcon.colcon_core.shell:Creating package script '/home/jarvis/magic/ROS/magbot_ws/install/magbot_control/share/magbot_control/package.sh'
[5.220s] INFO:colcon.colcon_core.shell:Creating package script '/home/jarvis/magic/ROS/magbot_ws/install/magbot_control/share/magbot_control/package.bash'
[5.222s] INFO:colcon.colcon_core.shell:Creating package script '/home/jarvis/magic/ROS/magbot_ws/install/magbot_control/share/magbot_control/package.zsh'
[5.224s] Level 1:colcon.colcon_core.environment:create_file_with_runtime_dependencies(/home/jarvis/magic/ROS/magbot_ws/install/magbot_control/share/colcon-core/packages/magbot_control)
[5.227s] Level 1:colcon.colcon_core.environment:checking '/home/jarvis/magic/ROS/magbot_ws/install/magbot_peripheral_interfacing' for CMake module files
[5.229s] Level 1:colcon.colcon_core.environment:checking '/home/jarvis/magic/ROS/magbot_ws/install/magbot_peripheral_interfacing' for CMake config files
[5.231s] DEBUG:colcon.colcon_core.event_handler.log_command:Invoked command in '/home/jarvis/magic/ROS/magbot_ws/src/magbot_hardware_interfacing/magbot_peripheral_interfacing' returned '0': PYTHONPATH=/home/jarvis/magic/ROS/magbot_ws/build/magbot_peripheral_interfacing/prefix_override:/home/jarvis/magic/ROS/magbot_ws/install/magbot_peripheral_interfacing/lib/python3.10/site-packages:${PYTHONPATH} /usr/bin/python3 -W ignore:setup.py install is deprecated setup.py egg_info --egg-base ../../../build/magbot_peripheral_interfacing build --build-base /home/jarvis/magic/ROS/magbot_ws/build/magbot_peripheral_interfacing/build install --record /home/jarvis/magic/ROS/magbot_ws/build/magbot_peripheral_interfacing/install.log --single-version-externally-managed install_data
[5.233s] Level 1:colcon.colcon_core.environment:checking '/home/jarvis/magic/ROS/magbot_ws/install/magbot_peripheral_interfacing/lib'
[5.233s] Level 1:colcon.colcon_core.environment:checking '/home/jarvis/magic/ROS/magbot_ws/install/magbot_peripheral_interfacing/bin'
[5.233s] Level 1:colcon.colcon_core.environment:checking '/home/jarvis/magic/ROS/magbot_ws/install/magbot_peripheral_interfacing/lib/pkgconfig/magbot_peripheral_interfacing.pc'
[5.233s] Level 1:colcon.colcon_core.environment:checking '/home/jarvis/magic/ROS/magbot_ws/install/magbot_peripheral_interfacing/lib/python3.10/site-packages'
[5.233s] Level 1:colcon.colcon_core.shell:create_environment_hook('magbot_peripheral_interfacing', 'pythonpath')
[5.234s] INFO:colcon.colcon_core.shell:Creating environment hook '/home/jarvis/magic/ROS/magbot_ws/install/magbot_peripheral_interfacing/share/magbot_peripheral_interfacing/hook/pythonpath.ps1'
[5.234s] INFO:colcon.colcon_core.shell:Creating environment descriptor '/home/jarvis/magic/ROS/magbot_ws/install/magbot_peripheral_interfacing/share/magbot_peripheral_interfacing/hook/pythonpath.dsv'
[5.235s] INFO:colcon.colcon_core.shell:Creating environment hook '/home/jarvis/magic/ROS/magbot_ws/install/magbot_peripheral_interfacing/share/magbot_peripheral_interfacing/hook/pythonpath.sh'
[5.236s] Level 1:colcon.colcon_core.environment:checking '/home/jarvis/magic/ROS/magbot_ws/install/magbot_peripheral_interfacing/bin'
[5.236s] Level 1:colcon.colcon_core.environment:create_environment_scripts_only(magbot_peripheral_interfacing)
[5.236s] INFO:colcon.colcon_core.shell:Creating package script '/home/jarvis/magic/ROS/magbot_ws/install/magbot_peripheral_interfacing/share/magbot_peripheral_interfacing/package.ps1'
[5.237s] INFO:colcon.colcon_core.shell:Creating package descriptor '/home/jarvis/magic/ROS/magbot_ws/install/magbot_peripheral_interfacing/share/magbot_peripheral_interfacing/package.dsv'
[5.238s] INFO:colcon.colcon_core.shell:Creating package script '/home/jarvis/magic/ROS/magbot_ws/install/magbot_peripheral_interfacing/share/magbot_peripheral_interfacing/package.sh'
[5.238s] INFO:colcon.colcon_core.shell:Creating package script '/home/jarvis/magic/ROS/magbot_ws/install/magbot_peripheral_interfacing/share/magbot_peripheral_interfacing/package.bash'
[5.239s] INFO:colcon.colcon_core.shell:Creating package script '/home/jarvis/magic/ROS/magbot_ws/install/magbot_peripheral_interfacing/share/magbot_peripheral_interfacing/package.zsh'
[5.239s] Level 1:colcon.colcon_core.environment:create_file_with_runtime_dependencies(/home/jarvis/magic/ROS/magbot_ws/install/magbot_peripheral_interfacing/share/colcon-core/packages/magbot_peripheral_interfacing)
[5.240s] Level 1:colcon.colcon_core.environment:checking '/home/jarvis/magic/ROS/magbot_ws/install/magbot' for CMake module files
[5.242s] DEBUG:colcon.colcon_core.event_handler.log_command:Invoked command in '/home/jarvis/magic/ROS/magbot_ws/src/magbot' returned '0': PYTHONPATH=/home/jarvis/magic/ROS/magbot_ws/build/magbot/prefix_override:/home/jarvis/magic/ROS/magbot_ws/install/magbot/lib/python3.10/site-packages:${PYTHONPATH} /usr/bin/python3 -W ignore:setup.py install is deprecated setup.py egg_info --egg-base ../../build/magbot build --build-base /home/jarvis/magic/ROS/magbot_ws/build/magbot/build install --record /home/jarvis/magic/ROS/magbot_ws/build/magbot/install.log --single-version-externally-managed install_data
[5.242s] Level 1:colcon.colcon_core.environment:checking '/home/jarvis/magic/ROS/magbot_ws/install/magbot' for CMake config files
[5.243s] Level 1:colcon.colcon_core.environment:checking '/home/jarvis/magic/ROS/magbot_ws/install/magbot/lib'
[5.244s] Level 1:colcon.colcon_core.environment:checking '/home/jarvis/magic/ROS/magbot_ws/install/magbot/bin'
[5.244s] Level 1:colcon.colcon_core.environment:checking '/home/jarvis/magic/ROS/magbot_ws/install/magbot/lib/pkgconfig/magbot.pc'
[5.244s] Level 1:colcon.colcon_core.environment:checking '/home/jarvis/magic/ROS/magbot_ws/install/magbot/lib/python3.10/site-packages'
[5.244s] Level 1:colcon.colcon_core.shell:create_environment_hook('magbot', 'pythonpath')
[5.245s] INFO:colcon.colcon_core.shell:Creating environment hook '/home/jarvis/magic/ROS/magbot_ws/install/magbot/share/magbot/hook/pythonpath.ps1'
[5.246s] INFO:colcon.colcon_core.shell:Creating environment descriptor '/home/jarvis/magic/ROS/magbot_ws/install/magbot/share/magbot/hook/pythonpath.dsv'
[5.246s] INFO:colcon.colcon_core.shell:Creating environment hook '/home/jarvis/magic/ROS/magbot_ws/install/magbot/share/magbot/hook/pythonpath.sh'
[5.248s] Level 1:colcon.colcon_core.environment:checking '/home/jarvis/magic/ROS/magbot_ws/install/magbot/bin'
[5.248s] Level 1:colcon.colcon_core.environment:create_environment_scripts_only(magbot)
[5.249s] INFO:colcon.colcon_core.shell:Creating package script '/home/jarvis/magic/ROS/magbot_ws/install/magbot/share/magbot/package.ps1'
[5.249s] INFO:colcon.colcon_core.shell:Creating package descriptor '/home/jarvis/magic/ROS/magbot_ws/install/magbot/share/magbot/package.dsv'
[5.250s] INFO:colcon.colcon_core.shell:Creating package script '/home/jarvis/magic/ROS/magbot_ws/install/magbot/share/magbot/package.sh'
[5.251s] INFO:colcon.colcon_core.shell:Creating package script '/home/jarvis/magic/ROS/magbot_ws/install/magbot/share/magbot/package.bash'
[5.252s] INFO:colcon.colcon_core.shell:Creating package script '/home/jarvis/magic/ROS/magbot_ws/install/magbot/share/magbot/package.zsh'
[5.253s] Level 1:colcon.colcon_core.environment:create_file_with_runtime_dependencies(/home/jarvis/magic/ROS/magbot_ws/install/magbot/share/colcon-core/packages/magbot)
[5.255s] Level 1:colcon.colcon_core.environment:checking '/home/jarvis/magic/ROS/magbot_ws/install/magbot_gazebo' for CMake module files
[5.256s] DEBUG:colcon.colcon_core.event_handler.log_command:Invoked command in '/home/jarvis/magic/ROS/magbot_ws/src/magbot_gazebo' returned '0': PYTHONPATH=/home/jarvis/magic/ROS/magbot_ws/build/magbot_gazebo/prefix_override:/home/jarvis/magic/ROS/magbot_ws/install/magbot_gazebo/lib/python3.10/site-packages:${PYTHONPATH} /usr/bin/python3 -W ignore:setup.py install is deprecated setup.py egg_info --egg-base ../../build/magbot_gazebo build --build-base /home/jarvis/magic/ROS/magbot_ws/build/magbot_gazebo/build install --record /home/jarvis/magic/ROS/magbot_ws/build/magbot_gazebo/install.log --single-version-externally-managed install_data
[5.257s] Level 1:colcon.colcon_core.environment:checking '/home/jarvis/magic/ROS/magbot_ws/install/magbot_gazebo' for CMake config files
[5.258s] Level 1:colcon.colcon_core.environment:checking '/home/jarvis/magic/ROS/magbot_ws/install/magbot_gazebo/lib'
[5.259s] Level 1:colcon.colcon_core.environment:checking '/home/jarvis/magic/ROS/magbot_ws/install/magbot_gazebo/bin'
[5.259s] Level 1:colcon.colcon_core.environment:checking '/home/jarvis/magic/ROS/magbot_ws/install/magbot_gazebo/lib/pkgconfig/magbot_gazebo.pc'
[5.259s] Level 1:colcon.colcon_core.environment:checking '/home/jarvis/magic/ROS/magbot_ws/install/magbot_gazebo/lib/python3.10/site-packages'
[5.260s] Level 1:colcon.colcon_core.shell:create_environment_hook('magbot_gazebo', 'pythonpath')
[5.260s] INFO:colcon.colcon_core.shell:Creating environment hook '/home/jarvis/magic/ROS/magbot_ws/install/magbot_gazebo/share/magbot_gazebo/hook/pythonpath.ps1'
[5.263s] INFO:colcon.colcon_core.shell:Creating environment descriptor '/home/jarvis/magic/ROS/magbot_ws/install/magbot_gazebo/share/magbot_gazebo/hook/pythonpath.dsv'
[5.264s] INFO:colcon.colcon_core.shell:Creating environment hook '/home/jarvis/magic/ROS/magbot_ws/install/magbot_gazebo/share/magbot_gazebo/hook/pythonpath.sh'
[5.266s] Level 1:colcon.colcon_core.environment:checking '/home/jarvis/magic/ROS/magbot_ws/install/magbot_gazebo/bin'
[5.267s] Level 1:colcon.colcon_core.environment:create_environment_scripts_only(magbot_gazebo)
[5.269s] INFO:colcon.colcon_core.shell:Creating package script '/home/jarvis/magic/ROS/magbot_ws/install/magbot_gazebo/share/magbot_gazebo/package.ps1'
[5.270s] INFO:colcon.colcon_core.shell:Creating package descriptor '/home/jarvis/magic/ROS/magbot_ws/install/magbot_gazebo/share/magbot_gazebo/package.dsv'
[5.271s] INFO:colcon.colcon_core.shell:Creating package script '/home/jarvis/magic/ROS/magbot_ws/install/magbot_gazebo/share/magbot_gazebo/package.sh'
[5.272s] INFO:colcon.colcon_core.shell:Creating package script '/home/jarvis/magic/ROS/magbot_ws/install/magbot_gazebo/share/magbot_gazebo/package.bash'
[5.273s] INFO:colcon.colcon_core.shell:Creating package script '/home/jarvis/magic/ROS/magbot_ws/install/magbot_gazebo/share/magbot_gazebo/package.zsh'
[5.273s] Level 1:colcon.colcon_core.environment:create_file_with_runtime_dependencies(/home/jarvis/magic/ROS/magbot_ws/install/magbot_gazebo/share/colcon-core/packages/magbot_gazebo)
[5.277s] Level 1:colcon.colcon_core.environment:checking '/home/jarvis/magic/ROS/magbot_ws/install/magbot_utilities' for CMake module files
[5.278s] DEBUG:colcon.colcon_core.event_handler.log_command:Invoked command in '/home/jarvis/magic/ROS/magbot_ws/src/magbot_utilities' returned '0': PYTHONPATH=/home/jarvis/magic/ROS/magbot_ws/build/magbot_utilities/prefix_override:/home/jarvis/magic/ROS/magbot_ws/install/magbot_utilities/lib/python3.10/site-packages:${PYTHONPATH} /usr/bin/python3 -W ignore:setup.py install is deprecated setup.py egg_info --egg-base ../../build/magbot_utilities build --build-base /home/jarvis/magic/ROS/magbot_ws/build/magbot_utilities/build install --record /home/jarvis/magic/ROS/magbot_ws/build/magbot_utilities/install.log --single-version-externally-managed install_data
[5.279s] Level 1:colcon.colcon_core.environment:checking '/home/jarvis/magic/ROS/magbot_ws/install/magbot_utilities' for CMake config files
[5.281s] Level 1:colcon.colcon_core.environment:checking '/home/jarvis/magic/ROS/magbot_ws/install/magbot_utilities/lib'
[5.281s] Level 1:colcon.colcon_core.environment:checking '/home/jarvis/magic/ROS/magbot_ws/install/magbot_utilities/bin'
[5.281s] Level 1:colcon.colcon_core.environment:checking '/home/jarvis/magic/ROS/magbot_ws/install/magbot_utilities/lib/pkgconfig/magbot_utilities.pc'
[5.282s] Level 1:colcon.colcon_core.environment:checking '/home/jarvis/magic/ROS/magbot_ws/install/magbot_utilities/lib/python3.10/site-packages'
[5.282s] Level 1:colcon.colcon_core.shell:create_environment_hook('magbot_utilities', 'pythonpath')
[5.282s] INFO:colcon.colcon_core.shell:Creating environment hook '/home/jarvis/magic/ROS/magbot_ws/install/magbot_utilities/share/magbot_utilities/hook/pythonpath.ps1'
[5.283s] INFO:colcon.colcon_core.shell:Creating environment descriptor '/home/jarvis/magic/ROS/magbot_ws/install/magbot_utilities/share/magbot_utilities/hook/pythonpath.dsv'
[5.284s] INFO:colcon.colcon_core.shell:Creating environment hook '/home/jarvis/magic/ROS/magbot_ws/install/magbot_utilities/share/magbot_utilities/hook/pythonpath.sh'
[5.286s] Level 1:colcon.colcon_core.environment:checking '/home/jarvis/magic/ROS/magbot_ws/install/magbot_utilities/bin'
[5.287s] Level 1:colcon.colcon_core.environment:create_environment_scripts_only(magbot_utilities)
[5.289s] INFO:colcon.colcon_core.shell:Creating package script '/home/jarvis/magic/ROS/magbot_ws/install/magbot_utilities/share/magbot_utilities/package.ps1'
[5.292s] INFO:colcon.colcon_core.shell:Creating package descriptor '/home/jarvis/magic/ROS/magbot_ws/install/magbot_utilities/share/magbot_utilities/package.dsv'
[5.294s] INFO:colcon.colcon_core.shell:Creating package script '/home/jarvis/magic/ROS/magbot_ws/install/magbot_utilities/share/magbot_utilities/package.sh'
[5.295s] INFO:colcon.colcon_core.shell:Creating package script '/home/jarvis/magic/ROS/magbot_ws/install/magbot_utilities/share/magbot_utilities/package.bash'
[5.295s] INFO:colcon.colcon_core.shell:Creating package script '/home/jarvis/magic/ROS/magbot_ws/install/magbot_utilities/share/magbot_utilities/package.zsh'
[5.296s] Level 1:colcon.colcon_core.environment:create_file_with_runtime_dependencies(/home/jarvis/magic/ROS/magbot_ws/install/magbot_utilities/share/colcon-core/packages/magbot_utilities)
[5.371s] Level 1:colcon.colcon_core.environment:checking '/home/jarvis/magic/ROS/magbot_ws/install/magbot_servo_interfacing' for CMake module files
[5.373s] Level 1:colcon.colcon_core.environment:checking '/home/jarvis/magic/ROS/magbot_ws/install/magbot_servo_interfacing' for CMake config files
[5.375s] DEBUG:colcon.colcon_core.event_handler.log_command:Invoked command in '/home/jarvis/magic/ROS/magbot_ws/src/magbot_hardware_interfacing/magbot_servo_interfacing' returned '0': PYTHONPATH=/home/jarvis/magic/ROS/magbot_ws/build/magbot_servo_interfacing/prefix_override:/home/jarvis/magic/ROS/magbot_ws/install/magbot_servo_interfacing/lib/python3.10/site-packages:${PYTHONPATH} /usr/bin/python3 -W ignore:setup.py install is deprecated setup.py egg_info --egg-base ../../../build/magbot_servo_interfacing build --build-base /home/jarvis/magic/ROS/magbot_ws/build/magbot_servo_interfacing/build install --record /home/jarvis/magic/ROS/magbot_ws/build/magbot_servo_interfacing/install.log --single-version-externally-managed install_data
[5.380s] Level 1:colcon.colcon_core.environment:checking '/home/jarvis/magic/ROS/magbot_ws/install/magbot_servo_interfacing/lib'
[5.381s] Level 1:colcon.colcon_core.environment:checking '/home/jarvis/magic/ROS/magbot_ws/install/magbot_servo_interfacing/bin'
[5.381s] Level 1:colcon.colcon_core.environment:checking '/home/jarvis/magic/ROS/magbot_ws/install/magbot_servo_interfacing/lib/pkgconfig/magbot_servo_interfacing.pc'
[5.382s] Level 1:colcon.colcon_core.environment:checking '/home/jarvis/magic/ROS/magbot_ws/install/magbot_servo_interfacing/lib/python3.10/site-packages'
[5.384s] Level 1:colcon.colcon_core.shell:create_environment_hook('magbot_servo_interfacing', 'pythonpath')
[5.385s] INFO:colcon.colcon_core.shell:Creating environment hook '/home/jarvis/magic/ROS/magbot_ws/install/magbot_servo_interfacing/share/magbot_servo_interfacing/hook/pythonpath.ps1'
[5.390s] INFO:colcon.colcon_core.shell:Creating environment descriptor '/home/jarvis/magic/ROS/magbot_ws/install/magbot_servo_interfacing/share/magbot_servo_interfacing/hook/pythonpath.dsv'
[5.392s] INFO:colcon.colcon_core.shell:Creating environment hook '/home/jarvis/magic/ROS/magbot_ws/install/magbot_servo_interfacing/share/magbot_servo_interfacing/hook/pythonpath.sh'
[5.395s] Level 1:colcon.colcon_core.environment:checking '/home/jarvis/magic/ROS/magbot_ws/install/magbot_servo_interfacing/bin'
[5.396s] Level 1:colcon.colcon_core.environment:create_environment_scripts_only(magbot_servo_interfacing)
[5.397s] INFO:colcon.colcon_core.shell:Creating package script '/home/jarvis/magic/ROS/magbot_ws/install/magbot_servo_interfacing/share/magbot_servo_interfacing/package.ps1'
[5.399s] INFO:colcon.colcon_core.shell:Creating package descriptor '/home/jarvis/magic/ROS/magbot_ws/install/magbot_servo_interfacing/share/magbot_servo_interfacing/package.dsv'
[5.401s] INFO:colcon.colcon_core.shell:Creating package script '/home/jarvis/magic/ROS/magbot_ws/install/magbot_servo_interfacing/share/magbot_servo_interfacing/package.sh'
[5.402s] INFO:colcon.colcon_core.shell:Creating package script '/home/jarvis/magic/ROS/magbot_ws/install/magbot_servo_interfacing/share/magbot_servo_interfacing/package.bash'
[5.404s] INFO:colcon.colcon_core.shell:Creating package script '/home/jarvis/magic/ROS/magbot_ws/install/magbot_servo_interfacing/share/magbot_servo_interfacing/package.zsh'
[5.405s] Level 1:colcon.colcon_core.environment:create_file_with_runtime_dependencies(/home/jarvis/magic/ROS/magbot_ws/install/magbot_servo_interfacing/share/colcon-core/packages/magbot_servo_interfacing)
[5.412s] Level 1:colcon.colcon_core.environment:checking '/home/jarvis/magic/ROS/magbot_ws/install/magbot_description' for CMake module files
[5.414s] DEBUG:colcon.colcon_core.event_handler.log_command:Invoked command in '/home/jarvis/magic/ROS/magbot_ws/src/magbot_description' returned '0': PYTHONPATH=/home/jarvis/magic/ROS/magbot_ws/build/magbot_description/prefix_override:/home/jarvis/magic/ROS/magbot_ws/install/magbot_description/lib/python3.10/site-packages:${PYTHONPATH} /usr/bin/python3 -W ignore:setup.py install is deprecated setup.py egg_info --egg-base ../../build/magbot_description build --build-base /home/jarvis/magic/ROS/magbot_ws/build/magbot_description/build install --record /home/jarvis/magic/ROS/magbot_ws/build/magbot_description/install.log --single-version-externally-managed install_data
[5.415s] Level 1:colcon.colcon_core.environment:checking '/home/jarvis/magic/ROS/magbot_ws/install/magbot_description' for CMake config files
[5.417s] Level 1:colcon.colcon_core.environment:checking '/home/jarvis/magic/ROS/magbot_ws/install/magbot_description/lib'
[5.417s] Level 1:colcon.colcon_core.environment:checking '/home/jarvis/magic/ROS/magbot_ws/install/magbot_description/bin'
[5.417s] Level 1:colcon.colcon_core.environment:checking '/home/jarvis/magic/ROS/magbot_ws/install/magbot_description/lib/pkgconfig/magbot_description.pc'
[5.417s] Level 1:colcon.colcon_core.environment:checking '/home/jarvis/magic/ROS/magbot_ws/install/magbot_description/lib/python3.10/site-packages'
[5.417s] Level 1:colcon.colcon_core.shell:create_environment_hook('magbot_description', 'pythonpath')
[5.418s] INFO:colcon.colcon_core.shell:Creating environment hook '/home/jarvis/magic/ROS/magbot_ws/install/magbot_description/share/magbot_description/hook/pythonpath.ps1'
[5.419s] INFO:colcon.colcon_core.shell:Creating environment descriptor '/home/jarvis/magic/ROS/magbot_ws/install/magbot_description/share/magbot_description/hook/pythonpath.dsv'
[5.420s] INFO:colcon.colcon_core.shell:Creating environment hook '/home/jarvis/magic/ROS/magbot_ws/install/magbot_description/share/magbot_description/hook/pythonpath.sh'
[5.421s] Level 1:colcon.colcon_core.environment:checking '/home/jarvis/magic/ROS/magbot_ws/install/magbot_description/bin'
[5.421s] Level 1:colcon.colcon_core.environment:create_environment_scripts_only(magbot_description)
[5.422s] INFO:colcon.colcon_core.shell:Creating package script '/home/jarvis/magic/ROS/magbot_ws/install/magbot_description/share/magbot_description/package.ps1'
[5.422s] INFO:colcon.colcon_core.shell:Creating package descriptor '/home/jarvis/magic/ROS/magbot_ws/install/magbot_description/share/magbot_description/package.dsv'
[5.424s] INFO:colcon.colcon_core.shell:Creating package script '/home/jarvis/magic/ROS/magbot_ws/install/magbot_description/share/magbot_description/package.sh'
[5.425s] INFO:colcon.colcon_core.shell:Creating package script '/home/jarvis/magic/ROS/magbot_ws/install/magbot_description/share/magbot_description/package.bash'
[5.425s] INFO:colcon.colcon_core.shell:Creating package script '/home/jarvis/magic/ROS/magbot_ws/install/magbot_description/share/magbot_description/package.zsh'
[5.426s] Level 1:colcon.colcon_core.environment:create_file_with_runtime_dependencies(/home/jarvis/magic/ROS/magbot_ws/install/magbot_description/share/colcon-core/packages/magbot_description)
[5.429s] Level 1:colcon.colcon_core.environment:checking '/home/jarvis/magic/ROS/magbot_ws/install/magbot_input_interfacing' for CMake module files
[5.430s] DEBUG:colcon.colcon_core.event_handler.log_command:Invoked command in '/home/jarvis/magic/ROS/magbot_ws/src/magbot_hardware_interfacing/magbot_input_interfacing' returned '0': PYTHONPATH=/home/jarvis/magic/ROS/magbot_ws/build/magbot_input_interfacing/prefix_override:/home/jarvis/magic/ROS/magbot_ws/install/magbot_input_interfacing/lib/python3.10/site-packages:${PYTHONPATH} /usr/bin/python3 -W ignore:setup.py install is deprecated setup.py egg_info --egg-base ../../../build/magbot_input_interfacing build --build-base /home/jarvis/magic/ROS/magbot_ws/build/magbot_input_interfacing/build install --record /home/jarvis/magic/ROS/magbot_ws/build/magbot_input_interfacing/install.log --single-version-externally-managed install_data
[5.430s] Level 1:colcon.colcon_core.environment:checking '/home/jarvis/magic/ROS/magbot_ws/install/magbot_input_interfacing' for CMake config files
[5.431s] Level 1:colcon.colcon_core.environment:checking '/home/jarvis/magic/ROS/magbot_ws/install/magbot_input_interfacing/lib'
[5.432s] Level 1:colcon.colcon_core.environment:checking '/home/jarvis/magic/ROS/magbot_ws/install/magbot_input_interfacing/bin'
[5.432s] Level 1:colcon.colcon_core.environment:checking '/home/jarvis/magic/ROS/magbot_ws/install/magbot_input_interfacing/lib/pkgconfig/magbot_input_interfacing.pc'
[5.432s] Level 1:colcon.colcon_core.environment:checking '/home/jarvis/magic/ROS/magbot_ws/install/magbot_input_interfacing/lib/python3.10/site-packages'
[5.432s] Level 1:colcon.colcon_core.shell:create_environment_hook('magbot_input_interfacing', 'pythonpath')
[5.433s] INFO:colcon.colcon_core.shell:Creating environment hook '/home/jarvis/magic/ROS/magbot_ws/install/magbot_input_interfacing/share/magbot_input_interfacing/hook/pythonpath.ps1'
[5.433s] INFO:colcon.colcon_core.shell:Creating environment descriptor '/home/jarvis/magic/ROS/magbot_ws/install/magbot_input_interfacing/share/magbot_input_interfacing/hook/pythonpath.dsv'
[5.434s] INFO:colcon.colcon_core.shell:Creating environment hook '/home/jarvis/magic/ROS/magbot_ws/install/magbot_input_interfacing/share/magbot_input_interfacing/hook/pythonpath.sh'
[5.435s] Level 1:colcon.colcon_core.environment:checking '/home/jarvis/magic/ROS/magbot_ws/install/magbot_input_interfacing/bin'
[5.435s] Level 1:colcon.colcon_core.environment:create_environment_scripts_only(magbot_input_interfacing)
[5.435s] INFO:colcon.colcon_core.shell:Creating package script '/home/jarvis/magic/ROS/magbot_ws/install/magbot_input_interfacing/share/magbot_input_interfacing/package.ps1'
[5.436s] INFO:colcon.colcon_core.shell:Creating package descriptor '/home/jarvis/magic/ROS/magbot_ws/install/magbot_input_interfacing/share/magbot_input_interfacing/package.dsv'
[5.438s] INFO:colcon.colcon_core.shell:Creating package script '/home/jarvis/magic/ROS/magbot_ws/install/magbot_input_interfacing/share/magbot_input_interfacing/package.sh'
[5.439s] INFO:colcon.colcon_core.shell:Creating package script '/home/jarvis/magic/ROS/magbot_ws/install/magbot_input_interfacing/share/magbot_input_interfacing/package.bash'
[5.439s] INFO:colcon.colcon_core.shell:Creating package script '/home/jarvis/magic/ROS/magbot_ws/install/magbot_input_interfacing/share/magbot_input_interfacing/package.zsh'
[5.440s] Level 1:colcon.colcon_core.environment:create_file_with_runtime_dependencies(/home/jarvis/magic/ROS/magbot_ws/install/magbot_input_interfacing/share/colcon-core/packages/magbot_input_interfacing)
[5.440s] DEBUG:colcon.colcon_parallel_executor.executor.parallel:closing loop
[5.441s] DEBUG:colcon.colcon_parallel_executor.executor.parallel:loop closed
[5.441s] DEBUG:colcon.colcon_parallel_executor.executor.parallel:run_until_complete finished with '0'
[5.441s] DEBUG:colcon.colcon_core.event_reactor:joining thread
[5.451s] INFO:colcon.colcon_core.plugin_system:Skipping extension 'colcon_notification.desktop_notification.terminal_notifier': Not used on non-Darwin systems
[5.451s] INFO:colcon.colcon_core.plugin_system:Skipping extension 'colcon_notification.desktop_notification.win32': Not used on non-Windows systems
[5.451s] INFO:colcon.colcon_notification.desktop_notification:Sending desktop notification using 'notify2'
[5.466s] DEBUG:colcon.colcon_core.event_reactor:joined thread
[5.466s] INFO:colcon.colcon_core.shell:Creating prefix script '/home/jarvis/magic/ROS/magbot_ws/install/local_setup.ps1'
[5.467s] INFO:colcon.colcon_core.shell:Creating prefix util module '/home/jarvis/magic/ROS/magbot_ws/install/_local_setup_util_ps1.py'
[5.468s] INFO:colcon.colcon_core.shell:Creating prefix chain script '/home/jarvis/magic/ROS/magbot_ws/install/setup.ps1'
[5.469s] INFO:colcon.colcon_core.shell:Creating prefix script '/home/jarvis/magic/ROS/magbot_ws/install/local_setup.sh'
[5.471s] INFO:colcon.colcon_core.shell:Creating prefix util module '/home/jarvis/magic/ROS/magbot_ws/install/_local_setup_util_sh.py'
[5.472s] INFO:colcon.colcon_core.shell:Creating prefix chain script '/home/jarvis/magic/ROS/magbot_ws/install/setup.sh'
[5.474s] INFO:colcon.colcon_core.shell:Creating prefix script '/home/jarvis/magic/ROS/magbot_ws/install/local_setup.bash'
[5.474s] INFO:colcon.colcon_core.shell:Creating prefix chain script '/home/jarvis/magic/ROS/magbot_ws/install/setup.bash'
[5.476s] INFO:colcon.colcon_core.shell:Creating prefix script '/home/jarvis/magic/ROS/magbot_ws/install/local_setup.zsh'
[5.476s] INFO:colcon.colcon_core.shell:Creating prefix chain script '/home/jarvis/magic/ROS/magbot_ws/install/setup.zsh'
