[3.894s] Invoking command in '/home/jarvis/magic/ROS/magbot_ws/src/magbot_control': PYTHONPATH=/home/jarvis/magic/ROS/magbot_ws/build/magbot_control/prefix_override:/home/jarvis/magic/ROS/magbot_ws/install/magbot_control/lib/python3.10/site-packages:${PYTHONPATH} /usr/bin/python3 -W ignore:setup.py install is deprecated setup.py egg_info --egg-base ../../build/magbot_control build --build-base /home/jarvis/magic/ROS/magbot_ws/build/magbot_control/build install --record /home/jarvis/magic/ROS/magbot_ws/build/magbot_control/install.log --single-version-externally-managed install_data
[4.571s] running egg_info
[4.573s] writing ../../build/magbot_control/magbot_control.egg-info/PKG-INFO
[4.575s] writing dependency_links to ../../build/magbot_control/magbot_control.egg-info/dependency_links.txt
[4.575s] writing entry points to ../../build/magbot_control/magbot_control.egg-info/entry_points.txt
[4.576s] writing requirements to ../../build/magbot_control/magbot_control.egg-info/requires.txt
[4.576s] writing top-level names to ../../build/magbot_control/magbot_control.egg-info/top_level.txt
[4.579s] reading manifest file '../../build/magbot_control/magbot_control.egg-info/SOURCES.txt'
[4.585s] writing manifest file '../../build/magbot_control/magbot_control.egg-info/SOURCES.txt'
[4.585s] running build
[4.585s] running build_py
[4.586s] running install
[4.588s] running install_lib
[4.592s] running install_data
[4.593s] running install_egg_info
[4.600s] removing '/home/jarvis/magic/ROS/magbot_ws/install/magbot_control/lib/python3.10/site-packages/magbot_control-0.0.0-py3.10.egg-info' (and everything under it)
[4.601s] Copying ../../build/magbot_control/magbot_control.egg-info to /home/jarvis/magic/ROS/magbot_ws/install/magbot_control/lib/python3.10/site-packages/magbot_control-0.0.0-py3.10.egg-info
[4.604s] running install_scripts
[4.649s] writing list of installed files to '/home/jarvis/magic/ROS/magbot_ws/build/magbot_control/install.log'
[4.746s] Invoked command in '/home/jarvis/magic/ROS/magbot_ws/src/magbot_control' returned '0': PYTHONPATH=/home/jarvis/magic/ROS/magbot_ws/build/magbot_control/prefix_override:/home/jarvis/magic/ROS/magbot_ws/install/magbot_control/lib/python3.10/site-packages:${PYTHONPATH} /usr/bin/python3 -W ignore:setup.py install is deprecated setup.py egg_info --egg-base ../../build/magbot_control build --build-base /home/jarvis/magic/ROS/magbot_ws/build/magbot_control/build install --record /home/jarvis/magic/ROS/magbot_ws/build/magbot_control/install.log --single-version-externally-managed install_data
