[3.868s] Invoking command in '/home/jarvis/magic/ROS/magbot_ws/src/magbot_hardware_interfacing/magbot_servo_interfacing': PYTHONPATH=/home/jarvis/magic/ROS/magbot_ws/build/magbot_servo_interfacing/prefix_override:/home/jarvis/magic/ROS/magbot_ws/install/magbot_servo_interfacing/lib/python3.10/site-packages:${PYTHONPATH} /usr/bin/python3 -W ignore:setup.py install is deprecated setup.py egg_info --egg-base ../../../build/magbot_servo_interfacing build --build-base /home/jarvis/magic/ROS/magbot_ws/build/magbot_servo_interfacing/build install --record /home/jarvis/magic/ROS/magbot_ws/build/magbot_servo_interfacing/install.log --single-version-externally-managed install_data
[4.618s] running egg_info
[4.619s] writing ../../../build/magbot_servo_interfacing/magbot_servo_interfacing.egg-info/PKG-INFO
[4.631s] writing dependency_links to ../../../build/magbot_servo_interfacing/magbot_servo_interfacing.egg-info/dependency_links.txt
[4.632s] writing entry points to ../../../build/magbot_servo_interfacing/magbot_servo_interfacing.egg-info/entry_points.txt
[4.632s] writing requirements to ../../../build/magbot_servo_interfacing/magbot_servo_interfacing.egg-info/requires.txt
[4.632s] writing top-level names to ../../../build/magbot_servo_interfacing/magbot_servo_interfacing.egg-info/top_level.txt
[4.635s] reading manifest file '../../../build/magbot_servo_interfacing/magbot_servo_interfacing.egg-info/SOURCES.txt'
[4.637s] writing manifest file '../../../build/magbot_servo_interfacing/magbot_servo_interfacing.egg-info/SOURCES.txt'
[4.638s] running build
[4.638s] running build_py
[4.643s] running install
[4.644s] running install_lib
[4.658s] running install_data
[4.659s] running install_egg_info
[4.666s] removing '/home/jarvis/magic/ROS/magbot_ws/install/magbot_servo_interfacing/lib/python3.10/site-packages/magbot_servo_interfacing-0.0.0-py3.10.egg-info' (and everything under it)
[4.667s] Copying ../../../build/magbot_servo_interfacing/magbot_servo_interfacing.egg-info to /home/jarvis/magic/ROS/magbot_ws/install/magbot_servo_interfacing/lib/python3.10/site-packages/magbot_servo_interfacing-0.0.0-py3.10.egg-info
[4.678s] running install_scripts
[4.758s] writing list of installed files to '/home/jarvis/magic/ROS/magbot_ws/build/magbot_servo_interfacing/install.log'
[4.890s] Invoked command in '/home/jarvis/magic/ROS/magbot_ws/src/magbot_hardware_interfacing/magbot_servo_interfacing' returned '0': PYTHONPATH=/home/jarvis/magic/ROS/magbot_ws/build/magbot_servo_interfacing/prefix_override:/home/jarvis/magic/ROS/magbot_ws/install/magbot_servo_interfacing/lib/python3.10/site-packages:${PYTHONPATH} /usr/bin/python3 -W ignore:setup.py install is deprecated setup.py egg_info --egg-base ../../../build/magbot_servo_interfacing build --build-base /home/jarvis/magic/ROS/magbot_ws/build/magbot_servo_interfacing/build install --record /home/jarvis/magic/ROS/magbot_ws/build/magbot_servo_interfacing/install.log --single-version-externally-managed install_data
